#
# There is insufficient memory for the Java Runtime Environment to continue.
# Native memory allocation (malloc) failed to allocate 32752 bytes. Error detail: Chunk::new
# Possible reasons:
#   The system is out of physical RAM or swap space
#   This process is running with CompressedOops enabled, and the Java Heap may be blocking the growth of the native heap
# Possible solutions:
#   Reduce memory load on the system
#   Increase physical memory or swap space
#   Check if swap backing store is full
#   Decrease Java heap size (-Xmx/-Xms)
#   Decrease number of Java threads
#   Decrease Java thread stack sizes (-Xss)
#   Set larger code cache with -XX:ReservedCodeCacheSize=
#   JVM is running with Unscaled Compressed Oops mode in which the Java heap is
#     placed in the first 4GB address space. The Java Heap base address is the
#     maximum limit for the native heap growth. Please use -XX:HeapBaseMinAddress
#     to set the Java Heap base and to place the Java Heap above 4GB virtual address.
# This output file may be truncated or incomplete.
#
#  Out of Memory Error (arena.cpp:186), pid=19352, tid=21428
#
# JRE version: OpenJDK Runtime Environment Temurin-25.0.2+10 (25.0.2+10) (build 25.0.2+10-LTS)
# Java VM: OpenJDK 64-Bit Server VM Temurin-25.0.2+10 (25.0.2+10-LTS, mixed mode, sharing, tiered, compressed oops, compressed class ptrs, g1 gc, windows-amd64)
# No core dump will be written. Minidumps are not enabled by default on client versions of Windows
#

---------------  S U M M A R Y ------------

Command Line: --enable-native-access=ALL-UNNAMED -Dclassworlds.conf=C:\Program Files\Apache NetBeans\java\maven\bin\m2.conf -Dmaven.home=C:\Program Files\Apache NetBeans\java\maven -Dlibrary.jansi.path=C:\Program Files\Apache NetBeans\java\maven\lib\jansi-native -Dmaven.multiModuleProjectDirectory=C:\Users\ndhla\Desktop\MLUNGISI ROSEBANK\prog5121part1 org.codehaus.plexus.classworlds.launcher.Launcher -Dmaven.ext.class.path=C:\Program Files\Apache NetBeans\java\maven-nblib\netbeans-eventspy.jar --no-transfer-progress clean install

Host: Intel(R) Celeron(R) N4020 CPU @ 1.10GHz, 2 cores, 3G,  Windows 11 , 64 bit Build 22621 (10.0.22621.4391)
Time: Fri May  1 17:43:19 2026 South Africa Standard Time elapsed time: 1.577680 seconds (0d 0h 0m 1s)

---------------  T H R E A D  ---------------

Current thread (0x0000028db00ec9c0):  JavaThread "C1 CompilerThread0" daemon [_thread_in_native, id=21428, stack(0x0000009a55800000,0x0000009a55900000) (1024K)]


Current CompileTask:
C1:1577  458       3       jdk.internal.classfile.impl.StackMapGenerator::processBlock (2767 bytes)

Stack: [0x0000009a55800000,0x0000009a55900000]
Native frames: (J=compiled Java code, j=interpreted, Vv=VM code, C=native code)
V  [jvm.dll+0x7a8bc9]  (no source info available)
V  [jvm.dll+0x77310d]  (no source info available)
V  [jvm.dll+0x9f55f3]  (no source info available)
V  [jvm.dll+0x9f7be1]  (no source info available)
V  [jvm.dll+0x9f82f3]  (no source info available)
V  [jvm.dll+0x2fce26]  (no source info available)
V  [jvm.dll+0x111076]  (no source info available)
V  [jvm.dll+0x11139e]  (no source info available)
V  [jvm.dll+0x1e790e]  (no source info available)
V  [jvm.dll+0x1d5b50]  (no source info available)
V  [jvm.dll+0x1be50f]  (no source info available)
V  [jvm.dll+0x1bddaf]  (no source info available)
V  [jvm.dll+0x1be070]  (no source info available)
V  [jvm.dll+0x1bd3b1]  (no source info available)
V  [jvm.dll+0x1bf1fd]  (no source info available)
V  [jvm.dll+0x2cf4c6]  (no source info available)
V  [jvm.dll+0x2cd74a]  (no source info available)
V  [jvm.dll+0x48fbee]  (no source info available)
V  [jvm.dll+0x996b0d]  (no source info available)
V  [jvm.dll+0x7a71a5]  (no source info available)
C  [ucrtbase.dll+0x29333]  (no source info available)
C  [KERNEL32.DLL+0x1259d]  (no source info available)
C  [ntdll.dll+0x5af38]  (no source info available)

Lock stack of current Java thread (top to bottom):


---------------  P R O C E S S  ---------------

Threads class SMR info:
_java_thread_list=0x0000028db0513b50, length=12, elements={
0x0000028d953a85c0, 0x0000028db00de790, 0x0000028db00e1600, 0x0000028db00e5330,
0x0000028db00e5ef0, 0x0000028db00e6ab0, 0x0000028db00e9680, 0x0000028db00ea570,
0x0000028db00ec9c0, 0x0000028db021b900, 0x0000028db022ad60, 0x0000028db056a560
}

Java Threads: ( => current thread )
  0x0000028d953a85c0 JavaThread "main"                              [_thread_in_native, id=15012, stack(0x0000009a54900000,0x0000009a54a00000) (1024K)]
  0x0000028db00de790 JavaThread "Reference Handler"          daemon [_thread_blocked, id=20720, stack(0x0000009a55100000,0x0000009a55200000) (1024K)]
  0x0000028db00e1600 JavaThread "Finalizer"                  daemon [_thread_blocked, id=17668, stack(0x0000009a55200000,0x0000009a55300000) (1024K)]
  0x0000028db00e5330 JavaThread "Signal Dispatcher"          daemon [_thread_blocked, id=3176, stack(0x0000009a55300000,0x0000009a55400000) (1024K)]
  0x0000028db00e5ef0 JavaThread "Attach Listener"            daemon [_thread_blocked, id=18760, stack(0x0000009a55400000,0x0000009a55500000) (1024K)]
  0x0000028db00e6ab0 JavaThread "Service Thread"             daemon [_thread_blocked, id=14156, stack(0x0000009a55500000,0x0000009a55600000) (1024K)]
  0x0000028db00e9680 JavaThread "Monitor Deflation Thread"   daemon [_thread_blocked, id=7812, stack(0x0000009a55600000,0x0000009a55700000) (1024K)]
  0x0000028db00ea570 JavaThread "C2 CompilerThread0"         daemon [_thread_blocked, id=4188, stack(0x0000009a55700000,0x0000009a55800000) (1024K)]
=>0x0000028db00ec9c0 JavaThread "C1 CompilerThread0"         daemon [_thread_in_native, id=21428, stack(0x0000009a55800000,0x0000009a55900000) (1024K)]
  0x0000028db021b900 JavaThread "Notification Thread"        daemon [_thread_blocked, id=5304, stack(0x0000009a55900000,0x0000009a55a00000) (1024K)]
  0x0000028db022ad60 JavaThread "Common-Cleaner"             daemon [_thread_blocked, id=604, stack(0x0000009a55a00000,0x0000009a55b00000) (1024K)]
  0x0000028db056a560 JavaThread "cleanup"                    daemon [_thread_new, id=20796, stack(0x0000000000000000,0x0000000000000000) (0B)]
Total: 12

Other Threads:
  0x0000028d9541e650 VMThread "VM Thread"                           [id=5536, stack(0x0000009a55000000,0x0000009a55100000) (1024K)]
  0x0000028d95415790 WatcherThread "VM Periodic Task Thread"        [id=600, stack(0x0000009a54f00000,0x0000009a55000000) (1024K)]
  0x0000028d953db370 WorkerThread "GC Thread#0"                     [id=4340, stack(0x0000009a54a00000,0x0000009a54b00000) (1024K)]
  0x0000028d953e7b40 ConcurrentGCThread "G1 Main Marker"            [id=13440, stack(0x0000009a54b00000,0x0000009a54c00000) (1024K)]
  0x0000028d953e86e0 WorkerThread "G1 Conc#0"                       [id=15608, stack(0x0000009a54c00000,0x0000009a54d00000) (1024K)]
  0x0000028d95401a70 ConcurrentGCThread "G1 Refine#0"               [id=5756, stack(0x0000009a54d00000,0x0000009a54e00000) (1024K)]
  0x0000028d954046a0 ConcurrentGCThread "G1 Service"                [id=20624, stack(0x0000009a54e00000,0x0000009a54f00000) (1024K)]
Total: 7

Threads with active compile tasks:
C1 CompilerThread0  1801  458       3       jdk.internal.classfile.impl.StackMapGenerator::processBlock (2767 bytes)
Total: 1

VM state: not at safepoint (normal execution)

VM Mutex/Monitor currently owned by a thread: None

Heap address: 0x00000000c3000000, size: 976 MB, Compressed Oops mode: 32-bit

CDS archive(s) mapped at: [0x0000000027000000-0x0000000027dd0000-0x0000000027dd0000), size 14483456, SharedBaseAddress: 0x0000000027000000, ArchiveRelocationMode: 1.
Compressed class space mapped at: 0x0000000028000000-0x0000000068000000, reserved size: 1073741824
UseCompressedClassPointers 1, UseCompactObjectHeaders 0
Narrow klass pointer bits 32, Max shift 3
Narrow klass base: 0x0000000027000000, Narrow klass shift: 0
Encoding Range: [0x0000000027000000 - 0x0000000127000000), (4294967296 bytes)
Klass Range:    [0x0000000027010000 - 0x0000000068000000), (1090453504 bytes)
Klass ID Range:  [65536 - 1090519033) (1090453497)
Protection zone: [0x0000000027000000 - 0x0000000027010000), (65536 bytes)

GC Precious Log:
 CardTable entry size: 512
 Card Set container configuration: InlinePtr #cards 5 size 8 Array Of Cards #cards 10 size 36 Howl #buckets 4 coarsen threshold 1843 Howl Bitmap #cards 512 size 80 coarsen threshold 460 Card regions per heap region 1 cards per card region 2048
 CPUs: 2 total, 2 available
 Memory: 3902M
 Large Page Support: Disabled
 NUMA Support: Disabled
 Compressed Oops: Enabled (32-bit)
 Heap Region Size: 1M
 Heap Min Capacity: 8M
 Heap Initial Capacity: 62M
 Heap Max Capacity: 976M
 Pre-touch: Disabled
 Parallel Workers: 2
 Concurrent Workers: 1
 Concurrent Refinement Workers: 2
 Periodic GC: Disabled

Heap:
 garbage-first heap   total reserved 999424K, committed 65536K, used 4243K [0x00000000c3000000, 0x0000000100000000)
  region size 1024K, 5 young (5120K), 0 survivors (0K)

Heap Regions: E=young(eden), S=young(survivor), O=old, HS=humongous(starts), HC=humongous(continues), CS=collection set, F=free, TAMS=top-at-mark-start, PB=parsable bottom
|   0|0x00000000c3000000, 0x00000000c3000000, 0x00000000c3100000|  0%| F|  |TAMS 0x00000000c3000000| PB 0x00000000c3000000| Untracked |  0
|   1|0x00000000c3100000, 0x00000000c3100000, 0x00000000c3200000|  0%| F|  |TAMS 0x00000000c3100000| PB 0x00000000c3100000| Untracked |  0
|   2|0x00000000c3200000, 0x00000000c3200000, 0x00000000c3300000|  0%| F|  |TAMS 0x00000000c3200000| PB 0x00000000c3200000| Untracked |  0
|   3|0x00000000c3300000, 0x00000000c3300000, 0x00000000c3400000|  0%| F|  |TAMS 0x00000000c3300000| PB 0x00000000c3300000| Untracked |  0
|   4|0x00000000c3400000, 0x00000000c3400000, 0x00000000c3500000|  0%| F|  |TAMS 0x00000000c3400000| PB 0x00000000c3400000| Untracked |  0
|   5|0x00000000c3500000, 0x00000000c3500000, 0x00000000c3600000|  0%| F|  |TAMS 0x00000000c3500000| PB 0x00000000c3500000| Untracked |  0
|   6|0x00000000c3600000, 0x00000000c3600000, 0x00000000c3700000|  0%| F|  |TAMS 0x00000000c3600000| PB 0x00000000c3600000| Untracked |  0
|   7|0x00000000c3700000, 0x00000000c3700000, 0x00000000c3800000|  0%| F|  |TAMS 0x00000000c3700000| PB 0x00000000c3700000| Untracked |  0
|   8|0x00000000c3800000, 0x00000000c3800000, 0x00000000c3900000|  0%| F|  |TAMS 0x00000000c3800000| PB 0x00000000c3800000| Untracked |  0
|   9|0x00000000c3900000, 0x00000000c3900000, 0x00000000c3a00000|  0%| F|  |TAMS 0x00000000c3900000| PB 0x00000000c3900000| Untracked |  0
|  10|0x00000000c3a00000, 0x00000000c3a00000, 0x00000000c3b00000|  0%| F|  |TAMS 0x00000000c3a00000| PB 0x00000000c3a00000| Untracked |  0
|  11|0x00000000c3b00000, 0x00000000c3b00000, 0x00000000c3c00000|  0%| F|  |TAMS 0x00000000c3b00000| PB 0x00000000c3b00000| Untracked |  0
|  12|0x00000000c3c00000, 0x00000000c3c00000, 0x00000000c3d00000|  0%| F|  |TAMS 0x00000000c3c00000| PB 0x00000000c3c00000| Untracked |  0
|  13|0x00000000c3d00000, 0x00000000c3d00000, 0x00000000c3e00000|  0%| F|  |TAMS 0x00000000c3d00000| PB 0x00000000c3d00000| Untracked |  0
|  14|0x00000000c3e00000, 0x00000000c3e00000, 0x00000000c3f00000|  0%| F|  |TAMS 0x00000000c3e00000| PB 0x00000000c3e00000| Untracked |  0
|  15|0x00000000c3f00000, 0x00000000c3f00000, 0x00000000c4000000|  0%| F|  |TAMS 0x00000000c3f00000| PB 0x00000000c3f00000| Untracked |  0
|  16|0x00000000c4000000, 0x00000000c4000000, 0x00000000c4100000|  0%| F|  |TAMS 0x00000000c4000000| PB 0x00000000c4000000| Untracked |  0
|  17|0x00000000c4100000, 0x00000000c4100000, 0x00000000c4200000|  0%| F|  |TAMS 0x00000000c4100000| PB 0x00000000c4100000| Untracked |  0
|  18|0x00000000c4200000, 0x00000000c4200000, 0x00000000c4300000|  0%| F|  |TAMS 0x00000000c4200000| PB 0x00000000c4200000| Untracked |  0
|  19|0x00000000c4300000, 0x00000000c4300000, 0x00000000c4400000|  0%| F|  |TAMS 0x00000000c4300000| PB 0x00000000c4300000| Untracked |  0
|  20|0x00000000c4400000, 0x00000000c4400000, 0x00000000c4500000|  0%| F|  |TAMS 0x00000000c4400000| PB 0x00000000c4400000| Untracked |  0
|  21|0x00000000c4500000, 0x00000000c4500000, 0x00000000c4600000|  0%| F|  |TAMS 0x00000000c4500000| PB 0x00000000c4500000| Untracked |  0
|  22|0x00000000c4600000, 0x00000000c4600000, 0x00000000c4700000|  0%| F|  |TAMS 0x00000000c4600000| PB 0x00000000c4600000| Untracked |  0
|  23|0x00000000c4700000, 0x00000000c4700000, 0x00000000c4800000|  0%| F|  |TAMS 0x00000000c4700000| PB 0x00000000c4700000| Untracked |  0
|  24|0x00000000c4800000, 0x00000000c4800000, 0x00000000c4900000|  0%| F|  |TAMS 0x00000000c4800000| PB 0x00000000c4800000| Untracked |  0
|  25|0x00000000c4900000, 0x00000000c4900000, 0x00000000c4a00000|  0%| F|  |TAMS 0x00000000c4900000| PB 0x00000000c4900000| Untracked |  0
|  26|0x00000000c4a00000, 0x00000000c4a00000, 0x00000000c4b00000|  0%| F|  |TAMS 0x00000000c4a00000| PB 0x00000000c4a00000| Untracked |  0
|  27|0x00000000c4b00000, 0x00000000c4b00000, 0x00000000c4c00000|  0%| F|  |TAMS 0x00000000c4b00000| PB 0x00000000c4b00000| Untracked |  0
|  28|0x00000000c4c00000, 0x00000000c4c00000, 0x00000000c4d00000|  0%| F|  |TAMS 0x00000000c4c00000| PB 0x00000000c4c00000| Untracked |  0
|  29|0x00000000c4d00000, 0x00000000c4d00000, 0x00000000c4e00000|  0%| F|  |TAMS 0x00000000c4d00000| PB 0x00000000c4d00000| Untracked |  0
|  30|0x00000000c4e00000, 0x00000000c4e00000, 0x00000000c4f00000|  0%| F|  |TAMS 0x00000000c4e00000| PB 0x00000000c4e00000| Untracked |  0
|  31|0x00000000c4f00000, 0x00000000c4f00000, 0x00000000c5000000|  0%| F|  |TAMS 0x00000000c4f00000| PB 0x00000000c4f00000| Untracked |  0
|  32|0x00000000c5000000, 0x00000000c5000000, 0x00000000c5100000|  0%| F|  |TAMS 0x00000000c5000000| PB 0x00000000c5000000| Untracked |  0
|  33|0x00000000c5100000, 0x00000000c5100000, 0x00000000c5200000|  0%| F|  |TAMS 0x00000000c5100000| PB 0x00000000c5100000| Untracked |  0
|  34|0x00000000c5200000, 0x00000000c5200000, 0x00000000c5300000|  0%| F|  |TAMS 0x00000000c5200000| PB 0x00000000c5200000| Untracked |  0
|  35|0x00000000c5300000, 0x00000000c5300000, 0x00000000c5400000|  0%| F|  |TAMS 0x00000000c5300000| PB 0x00000000c5300000| Untracked |  0
|  36|0x00000000c5400000, 0x00000000c5400000, 0x00000000c5500000|  0%| F|  |TAMS 0x00000000c5400000| PB 0x00000000c5400000| Untracked |  0
|  37|0x00000000c5500000, 0x00000000c5500000, 0x00000000c5600000|  0%| F|  |TAMS 0x00000000c5500000| PB 0x00000000c5500000| Untracked |  0
|  38|0x00000000c5600000, 0x00000000c5600000, 0x00000000c5700000|  0%| F|  |TAMS 0x00000000c5600000| PB 0x00000000c5600000| Untracked |  0
|  39|0x00000000c5700000, 0x00000000c5700000, 0x00000000c5800000|  0%| F|  |TAMS 0x00000000c5700000| PB 0x00000000c5700000| Untracked |  0
|  40|0x00000000c5800000, 0x00000000c5800000, 0x00000000c5900000|  0%| F|  |TAMS 0x00000000c5800000| PB 0x00000000c5800000| Untracked |  0
|  41|0x00000000c5900000, 0x00000000c5900000, 0x00000000c5a00000|  0%| F|  |TAMS 0x00000000c5900000| PB 0x00000000c5900000| Untracked |  0
|  42|0x00000000c5a00000, 0x00000000c5a00000, 0x00000000c5b00000|  0%| F|  |TAMS 0x00000000c5a00000| PB 0x00000000c5a00000| Untracked |  0
|  43|0x00000000c5b00000, 0x00000000c5b00000, 0x00000000c5c00000|  0%| F|  |TAMS 0x00000000c5b00000| PB 0x00000000c5b00000| Untracked |  0
|  44|0x00000000c5c00000, 0x00000000c5c00000, 0x00000000c5d00000|  0%| F|  |TAMS 0x00000000c5c00000| PB 0x00000000c5c00000| Untracked |  0
|  45|0x00000000c5d00000, 0x00000000c5d00000, 0x00000000c5e00000|  0%| F|  |TAMS 0x00000000c5d00000| PB 0x00000000c5d00000| Untracked |  0
|  46|0x00000000c5e00000, 0x00000000c5e00000, 0x00000000c5f00000|  0%| F|  |TAMS 0x00000000c5e00000| PB 0x00000000c5e00000| Untracked |  0
|  47|0x00000000c5f00000, 0x00000000c5f00000, 0x00000000c6000000|  0%| F|  |TAMS 0x00000000c5f00000| PB 0x00000000c5f00000| Untracked |  0
|  48|0x00000000c6000000, 0x00000000c6000000, 0x00000000c6100000|  0%| F|  |TAMS 0x00000000c6000000| PB 0x00000000c6000000| Untracked |  0
|  49|0x00000000c6100000, 0x00000000c6100000, 0x00000000c6200000|  0%| F|  |TAMS 0x00000000c6100000| PB 0x00000000c6100000| Untracked |  0
|  50|0x00000000c6200000, 0x00000000c6200000, 0x00000000c6300000|  0%| F|  |TAMS 0x00000000c6200000| PB 0x00000000c6200000| Untracked |  0
|  51|0x00000000c6300000, 0x00000000c6300000, 0x00000000c6400000|  0%| F|  |TAMS 0x00000000c6300000| PB 0x00000000c6300000| Untracked |  0
|  52|0x00000000c6400000, 0x00000000c6400000, 0x00000000c6500000|  0%| F|  |TAMS 0x00000000c6400000| PB 0x00000000c6400000| Untracked |  0
|  53|0x00000000c6500000, 0x00000000c6500000, 0x00000000c6600000|  0%| F|  |TAMS 0x00000000c6500000| PB 0x00000000c6500000| Untracked |  0
|  54|0x00000000c6600000, 0x00000000c6600000, 0x00000000c6700000|  0%| F|  |TAMS 0x00000000c6600000| PB 0x00000000c6600000| Untracked |  0
|  55|0x00000000c6700000, 0x00000000c6700000, 0x00000000c6800000|  0%| F|  |TAMS 0x00000000c6700000| PB 0x00000000c6700000| Untracked |  0
|  56|0x00000000c6800000, 0x00000000c6800000, 0x00000000c6900000|  0%| F|  |TAMS 0x00000000c6800000| PB 0x00000000c6800000| Untracked |  0
|  57|0x00000000c6900000, 0x00000000c6a00000, 0x00000000c6a00000|100%| E|  |TAMS 0x00000000c6900000| PB 0x00000000c6900000| Complete |  0
|  58|0x00000000c6a00000, 0x00000000c6b00000, 0x00000000c6b00000|100%| E|CS|TAMS 0x00000000c6a00000| PB 0x00000000c6a00000| Complete |  0
|  59|0x00000000c6b00000, 0x00000000c6c00000, 0x00000000c6c00000|100%| E|CS|TAMS 0x00000000c6b00000| PB 0x00000000c6b00000| Complete |  0
|  60|0x00000000c6c00000, 0x00000000c6d00000, 0x00000000c6d00000|100%| E|  |TAMS 0x00000000c6c00000| PB 0x00000000c6c00000| Complete |  0
|  61|0x00000000c6d00000, 0x00000000c6e00000, 0x00000000c6e00000|100%| E|CS|TAMS 0x00000000c6d00000| PB 0x00000000c6d00000| Complete |  0
| 974|0x00000000ffe00000, 0x00000000fff00000, 0x00000000fff00000|100%| O|  |TAMS 0x00000000ffe00000| PB 0x00000000ffe00000| Untracked |  0
| 975|0x00000000fff00000, 0x00000000fff24ea8, 0x0000000100000000| 14%| O|  |TAMS 0x00000000fff00000| PB 0x00000000fff00000| Untracked |  0

Card table byte_map: [0x0000028d95110000,0x0000028d95300000] _byte_map_base: 0x0000028d94af8000

Marking Bits: (CMBitMap*) 0x0000028d953dbb00
 Bits: [0x0000028dace50000, 0x0000028dadd90000)

Polling page: 0x0000028d932f0000

Metaspace:
Metaspace        used 1300K, committed 1472K, reserved 1114112K
 class space     used 103K, committed 192K, reserved 1048576K

Usage:
  Non-class:      1.17 MB used.
      Class:    103.57 KB used.
       Both:      1.27 MB used.

Virtual space:
  Non-class space:       64.00 MB reserved,       1.25 MB (  2%) committed,  1 nodes.
      Class space:        1.00 GB reserved,     192.00 KB ( <1%) committed,  1 nodes.
             Both:        1.06 GB reserved,       1.44 MB ( <1%) committed. 

Chunk freelists:
   Non-Class:  11.47 MB
       Class:  15.67 MB
        Both:  27.14 MB

MaxMetaspaceSize: unlimited
CompressedClassSpaceSize: 1.00 GB
Initial GC threshold: 21.00 MB
Current GC threshold: 21.00 MB
CDS: on
 - commit_granule_bytes: 65536.
 - commit_granule_words: 8192.
 - virtual_space_node_default_size: 8388608.
 - enlarge_chunks_in_place: 1.
UseCompressedClassPointers 1, UseCompactObjectHeaders 0
Narrow klass pointer bits 32, Max shift 3
Narrow klass base: 0x0000000027000000, Narrow klass shift: 0
Encoding Range: [0x0000000027000000 - 0x0000000127000000), (4294967296 bytes)
Klass Range:    [0x0000000027010000 - 0x0000000068000000), (1090453504 bytes)
Klass ID Range:  [65536 - 1090519033) (1090453497)
Protection zone: [0x0000000027000000 - 0x0000000027010000), (65536 bytes)


Internal statistics:

num_allocs_failed_limit: 0.
num_arena_births: 28.
num_arena_deaths: 0.
num_vsnodes_births: 2.
num_vsnodes_deaths: 0.
num_space_committed: 23.
num_space_uncommitted: 0.
num_chunks_returned_to_freelist: 0.
num_chunks_taken_from_freelist: 61.
num_chunk_merges: 0.
num_chunk_splits: 40.
num_chunks_enlarged: 31.
num_inconsistent_stats: 0.

CodeHeap 'non-profiled nmethods': size=120128Kb used=138Kb max_used=138Kb free=119989Kb
 bounds [0x0000028da5900000, 0x0000028da5b70000, 0x0000028dace50000]
CodeHeap 'profiled nmethods': size=120000Kb used=437Kb max_used=437Kb free=119562Kb
 bounds [0x0000028d9de50000, 0x0000028d9e0c0000, 0x0000028da5380000]
CodeHeap 'non-nmethods': size=5632Kb used=1272Kb max_used=1286Kb free=4359Kb
 bounds [0x0000028da5380000, 0x0000028da55f0000, 0x0000028da5900000]
CodeCache: size=245760Kb, used=1847Kb, max_used=1861Kb, free=243910Kb
 total_blobs=860, nmethods=458, adapters=307, full_count=0
Compilation: enabled, stopped_count=0, restarted_count=0

Compilation events (20 events):
Event: 1.528 Thread 0x0000028db00ec9c0 nmethod 446 0x0000028da5921088 code [0x0000028da5921180, 0x0000028da5921248]
Event: 1.530 Thread 0x0000028db00ec9c0  447       3       java.lang.StringLatin1::regionMatchesCI (45 bytes)
Event: 1.530 Thread 0x0000028db00ec9c0 nmethod 447 0x0000028d9debbd08 code [0x0000028d9debbe00, 0x0000028d9debc0a8]
Event: 1.533 Thread 0x0000028db00ec9c0  449       3       jdk.internal.classfile.impl.SplitConstantPool::utf8Entry (45 bytes)
Event: 1.533 Thread 0x0000028db00ec9c0 nmethod 449 0x0000028d9debc108 code [0x0000028d9debc200, 0x0000028d9debc930]
Event: 1.534 Thread 0x0000028db00ec9c0  451       3       jdk.internal.misc.Unsafe::makeShort (26 bytes)
Event: 1.534 Thread 0x0000028db00ec9c0 nmethod 451 0x0000028d9debc988 code [0x0000028d9debca80, 0x0000028d9debcd18]
Event: 1.534 Thread 0x0000028db00ec9c0  450       1       jdk.internal.constant.ClassOrInterfaceDescImpl::isClassOrInterface (2 bytes)
Event: 1.534 Thread 0x0000028db00ec9c0 nmethod 450 0x0000028da5921688 code [0x0000028da5921780, 0x0000028da5921848]
Event: 1.534 Thread 0x0000028db00ec9c0  452       3       jdk.internal.classfile.impl.AbstractPoolEntry::hash2 (15 bytes)
Event: 1.534 Thread 0x0000028db00ec9c0 nmethod 452 0x0000028d9debcd88 code [0x0000028d9debce80, 0x0000028d9debcf88]
Event: 1.534 Thread 0x0000028db00ec9c0  453       1       jdk.internal.classfile.impl.AbstractPoolEntry$ClassEntryImpl::tag (3 bytes)
Event: 1.534 Thread 0x0000028db00ec9c0 nmethod 453 0x0000028da5921988 code [0x0000028da5921a80, 0x0000028da5921b48]
Event: 1.550 Thread 0x0000028db00ec9c0  454       1       java.lang.Class::getModule (5 bytes)
Event: 1.550 Thread 0x0000028db00ec9c0 nmethod 454 0x0000028da5921c88 code [0x0000028da5921d80, 0x0000028da5921e48]
Event: 1.552 Thread 0x0000028db00ec9c0  456       1       jdk.internal.classfile.impl.AbstractPoolEntry::hashCode (5 bytes)
Event: 1.553 Thread 0x0000028db00ec9c0 nmethod 456 0x0000028da5922288 code [0x0000028da5922380, 0x0000028da5922448]
Event: 1.561 Thread 0x0000028db00ec9c0  457       3       jdk.internal.classfile.impl.BufWriterImpl::writeU2 (38 bytes)
Event: 1.561 Thread 0x0000028db00ec9c0 nmethod 457 0x0000028d9debd088 code [0x0000028d9debd180, 0x0000028d9debd450]
Event: 1.561 Thread 0x0000028db00ec9c0  458       3       jdk.internal.classfile.impl.StackMapGenerator::processBlock (2767 bytes)

GC Heap Usage History (0 events):
No events

Metaspace Usage History (0 events):
No events

Dll operation events (6 events):
Event: 0.024 Loaded shared library C:\Program Files\Apache NetBeans\jdk\bin\java.dll
Event: 0.168 Loaded shared library C:\Program Files\Apache NetBeans\jdk\bin\net.dll
Event: 0.172 Loaded shared library C:\Program Files\Apache NetBeans\jdk\bin\nio.dll
Event: 0.188 Loaded shared library C:\Program Files\Apache NetBeans\jdk\bin\zip.dll
Event: 1.262 Loaded shared library C:\Program Files\Apache NetBeans\java\maven\lib\jansi-native\Windows\x86_64\jansi.dll
Event: 1.410 Loaded shared library C:\Program Files\Apache NetBeans\jdk\bin\verify.dll

Deoptimization events (12 events):
Event: 0.515 Thread 0x0000028d953a85c0 DEOPT PACKING pc=0x0000028d9de5f578 sp=0x0000009a549fea50
Event: 0.516 Thread 0x0000028d953a85c0 DEOPT UNPACKING pc=0x0000028da53d1063 sp=0x0000009a549fdec0 mode 0
Event: 0.516 Thread 0x0000028d953a85c0 DEOPT PACKING pc=0x0000028d9de5f578 sp=0x0000009a549fea50
Event: 0.516 Thread 0x0000028d953a85c0 DEOPT UNPACKING pc=0x0000028da53d1063 sp=0x0000009a549fdec0 mode 0
Event: 0.827 Thread 0x0000028d953a85c0 Uncommon trap: trap_request=0xffffff45 fr.pc=0x0000028da590e034 relative=0x0000000000000134
Event: 0.827 Thread 0x0000028d953a85c0 Uncommon trap: reason=unstable_if action=reinterpret pc=0x0000028da590e034 method=java.lang.StringCoding.countPositives([BII)I @ 17 c2
Event: 0.827 Thread 0x0000028d953a85c0 DEOPT PACKING pc=0x0000028da590e034 sp=0x0000009a549fab00
Event: 0.827 Thread 0x0000028d953a85c0 DEOPT UNPACKING pc=0x0000028da540857c sp=0x0000009a549faa88 mode 2
Event: 1.012 Thread 0x0000028d953a85c0 DEOPT PACKING pc=0x0000028d9de796d8 sp=0x0000009a549fd6e0
Event: 1.012 Thread 0x0000028d953a85c0 DEOPT UNPACKING pc=0x0000028da53d1063 sp=0x0000009a549fcb70 mode 0
Event: 1.283 Thread 0x0000028d953a85c0 DEOPT PACKING pc=0x0000028d9de8c9f8 sp=0x0000009a549fe060
Event: 1.283 Thread 0x0000028d953a85c0 DEOPT UNPACKING pc=0x0000028da53d1063 sp=0x0000009a549fd4e8 mode 0

Classes loaded (20 events):
Event: 1.244 Loading class java/lang/AssertionError
Event: 1.244 Loading class java/lang/AssertionError done
Event: 1.249 Loading class java/util/LinkedList
Event: 1.249 Loading class java/util/AbstractSequentialList
Event: 1.250 Loading class java/util/AbstractSequentialList done
Event: 1.250 Loading class java/util/LinkedList done
Event: 1.263 Loading class jdk/internal/loader/NativeLibraries$Unloader
Event: 1.263 Loading class jdk/internal/loader/NativeLibraries$Unloader done
Event: 1.310 Loading class java/lang/Thread$ThreadNumbering
Event: 1.311 Loading class java/lang/Thread$ThreadNumbering done
Event: 1.400 Loading class sun/nio/fs/WindowsPath$1
Event: 1.400 Loading class sun/nio/fs/WindowsPath$1 done
Event: 1.442 Loading class java/lang/CloneNotSupportedException
Event: 1.442 Loading class java/lang/CloneNotSupportedException done
Event: 1.442 Loading class java/lang/UnsupportedOperationException
Event: 1.442 Loading class java/lang/UnsupportedOperationException done
Event: 1.531 Loading class java/util/LinkedHashMap$LinkedValues
Event: 1.531 Loading class java/util/LinkedHashMap$LinkedValues done
Event: 1.535 Loading class java/util/LinkedHashMap$LinkedValueIterator
Event: 1.535 Loading class java/util/LinkedHashMap$LinkedValueIterator done

Classes unloaded (0 events):
No events

Classes redefined (0 events):
No events

Internal exceptions (20 events):
Event: 0.967 Thread 0x0000028d953a85c0 Exception <a 'java/lang/NoSuchMethodError'{0x00000000c6ac83d8}: 'java.lang.Object java.lang.invoke.Invokers$Holder.invokeExact_MT(java.lang.Object, java.lang.Object, java.lang.Object, java.lang.Object, java.lang.Object)'> (0x00000000c6ac83d8) 
thrown [s\src\hotspot\share\interpreter\linkResolver.cpp, line 804]
Event: 1.042 Thread 0x0000028d953a85c0 Exception <a 'java/lang/NoSuchMethodError'{0x00000000c6af3f40}: 'java.lang.Object java.lang.invoke.DirectMethodHandle$Holder.invokeStaticInit(java.lang.Object)'> (0x00000000c6af3f40) 
thrown [s\src\hotspot\share\interpreter\linkResolver.cpp, line 804]
Event: 1.236 Thread 0x0000028d953a85c0 Exception <a 'java/lang/NullPointerException'{0x00000000c6926338}> (0x00000000c6926338) 
thrown [s\src\hotspot\share\interpreter\linkResolver.cpp, line 1416]
Event: 1.287 Thread 0x0000028d953a85c0 Exception <a 'java/lang/NullPointerException'{0x00000000c6944e68}> (0x00000000c6944e68) 
thrown [s\src\hotspot\share\interpreter\linkResolver.cpp, line 1416]
Event: 1.287 Thread 0x0000028d953a85c0 Exception <a 'java/lang/NullPointerException'{0x00000000c6945148}> (0x00000000c6945148) 
thrown [s\src\hotspot\share\interpreter\linkResolver.cpp, line 1416]
Event: 1.287 Thread 0x0000028d953a85c0 Exception <a 'java/lang/NullPointerException'{0x00000000c6945428}> (0x00000000c6945428) 
thrown [s\src\hotspot\share\interpreter\linkResolver.cpp, line 1416]
Event: 1.293 Thread 0x0000028d953a85c0 Exception <a 'java/lang/NullPointerException'{0x00000000c6949d80}> (0x00000000c6949d80) 
thrown [s\src\hotspot\share\interpreter\linkResolver.cpp, line 1416]
Event: 1.309 Thread 0x0000028d953a85c0 Exception <a 'java/lang/NullPointerException'{0x00000000c695c450}> (0x00000000c695c450) 
thrown [s\src\hotspot\share\interpreter\linkResolver.cpp, line 1416]
Event: 1.309 Thread 0x0000028d953a85c0 Exception <a 'java/lang/NullPointerException'{0x00000000c695c730}> (0x00000000c695c730) 
thrown [s\src\hotspot\share\interpreter\linkResolver.cpp, line 1416]
Event: 1.309 Thread 0x0000028d953a85c0 Exception <a 'java/lang/NullPointerException'{0x00000000c695ca10}> (0x00000000c695ca10) 
thrown [s\src\hotspot\share\interpreter\linkResolver.cpp, line 1416]
Event: 1.309 Thread 0x0000028d953a85c0 Exception <a 'java/lang/NullPointerException'{0x00000000c695ccf0}> (0x00000000c695ccf0) 
thrown [s\src\hotspot\share\interpreter\linkResolver.cpp, line 1416]
Event: 1.401 Thread 0x0000028d953a85c0 Exception <a 'sun/nio/fs/WindowsException'{0x00000000c697e288}> (0x00000000c697e288) 
thrown [s\src\hotspot\share\prims\jni.cpp, line 516]
Event: 1.401 Thread 0x0000028d953a85c0 Exception <a 'sun/nio/fs/WindowsException'{0x00000000c697e8b8}> (0x00000000c697e8b8) 
thrown [s\src\hotspot\share\prims\jni.cpp, line 516]
Event: 1.401 Thread 0x0000028d953a85c0 Exception <a 'sun/nio/fs/WindowsException'{0x00000000c697ee18}> (0x00000000c697ee18) 
thrown [s\src\hotspot\share\prims\jni.cpp, line 516]
Event: 1.401 Thread 0x0000028d953a85c0 Exception <a 'sun/nio/fs/WindowsException'{0x00000000c697f358}> (0x00000000c697f358) 
thrown [s\src\hotspot\share\prims\jni.cpp, line 516]
Event: 1.401 Thread 0x0000028d953a85c0 Exception <a 'sun/nio/fs/WindowsException'{0x00000000c697f848}> (0x00000000c697f848) 
thrown [s\src\hotspot\share\prims\jni.cpp, line 516]
Event: 1.401 Thread 0x0000028d953a85c0 Exception <a 'sun/nio/fs/WindowsException'{0x00000000c697fcf0}> (0x00000000c697fcf0) 
thrown [s\src\hotspot\share\prims\jni.cpp, line 516]
Event: 1.532 Thread 0x0000028d953a85c0 Exception <a 'java/lang/NoSuchMethodError'{0x00000000c69b8528}: 'void java.lang.invoke.DirectMethodHandle$Holder.invokeVirtual(java.lang.Object, java.lang.Object)'> (0x00000000c69b8528) 
thrown [s\src\hotspot\share\interpreter\linkResolver.cpp, line 804]
Event: 1.551 Thread 0x0000028d953a85c0 Exception <a 'java/lang/NoSuchMethodError'{0x00000000c69d9820}: 'void java.lang.invoke.DirectMethodHandle$Holder.invokeStatic(java.lang.Object, java.lang.Object)'> (0x00000000c69d9820) 
thrown [s\src\hotspot\share\interpreter\linkResolver.cpp, line 804]
Event: 1.562 Thread 0x0000028d953a85c0 Exception <a 'java/lang/NoSuchMethodError'{0x00000000c69dd5b8}: 'void java.lang.invoke.DirectMethodHandle$Holder.invokeStaticInit(java.lang.Object, java.lang.Object)'> (0x00000000c69dd5b8) 
thrown [s\src\hotspot\share\interpreter\linkResolver.cpp, line 804]

VM Operations (4 events):
Event: 0.191 Executing non-safepoint VM operation: HandshakeAllThreads (Deoptimize)
Event: 0.191 Executing non-safepoint VM operation: HandshakeAllThreads (Deoptimize) done
Event: 1.219 Executing non-safepoint VM operation: HandshakeAllThreads (Deoptimize)
Event: 1.219 Executing non-safepoint VM operation: HandshakeAllThreads (Deoptimize) done

Memory protections (0 events):
No events

Nmethod flushes (0 events):
No events

Events (12 events):
Event: 0.053 Thread 0x0000028d953a85c0 Thread added: 0x0000028d953a85c0
Event: 0.119 Thread 0x0000028d953a85c0 Thread added: 0x0000028db00de790
Event: 0.119 Thread 0x0000028d953a85c0 Thread added: 0x0000028db00e1600
Event: 0.120 Thread 0x0000028d953a85c0 Thread added: 0x0000028db00e5330
Event: 0.120 Thread 0x0000028d953a85c0 Thread added: 0x0000028db00e5ef0
Event: 0.120 Thread 0x0000028d953a85c0 Thread added: 0x0000028db00e6ab0
Event: 0.120 Thread 0x0000028d953a85c0 Thread added: 0x0000028db00e9680
Event: 0.120 Thread 0x0000028d953a85c0 Thread added: 0x0000028db00ea570
Event: 0.121 Thread 0x0000028d953a85c0 Thread added: 0x0000028db00ec9c0
Event: 0.159 Thread 0x0000028d953a85c0 Thread added: 0x0000028db021b900
Event: 0.163 Thread 0x0000028d953a85c0 Thread added: 0x0000028db022ad60
Event: 1.248 Thread 0x0000028d953a85c0 Thread added: 0x0000028db056a560


Dynamic libraries:
0x00007ff765270000 - 0x00007ff76527e000 	C:\Program Files\Apache NetBeans\jdk\bin\java.exe
0x00007ff948050000 - 0x00007ff948267000 	C:\WINDOWS\SYSTEM32\ntdll.dll
0x00007ff9128c0000 - 0x00007ff9128e1000 	C:\Program Files\Norton\Suite\aswhook.dll
0x00007ff946220000 - 0x00007ff9462e4000 	C:\WINDOWS\System32\KERNEL32.DLL
0x00007ff945320000 - 0x00007ff9456da000 	C:\WINDOWS\System32\KERNELBASE.dll
0x00007ff9456e0000 - 0x00007ff9457f1000 	C:\WINDOWS\System32\ucrtbase.dll
0x00007ff9276e0000 - 0x00007ff9276fe000 	C:\Program Files\Apache NetBeans\jdk\bin\VCRUNTIME140.dll
0x00007ff91e940000 - 0x00007ff91e956000 	C:\Program Files\Apache NetBeans\jdk\bin\jli.dll
0x00007ff947b00000 - 0x00007ff947cae000 	C:\WINDOWS\System32\USER32.dll
0x00007ff945bb0000 - 0x00007ff945bd6000 	C:\WINDOWS\System32\win32u.dll
0x00007ff946de0000 - 0x00007ff946e09000 	C:\WINDOWS\System32\GDI32.dll
0x00007ff91e3d0000 - 0x00007ff91e662000 	C:\WINDOWS\WinSxS\amd64_microsoft.windows.common-controls_6595b64144ccf1df_6.0.22621.4541_none_2710d1c57384c085\COMCTL32.dll
0x00007ff9459e0000 - 0x00007ff945afb000 	C:\WINDOWS\System32\gdi32full.dll
0x00007ff945940000 - 0x00007ff9459da000 	C:\WINDOWS\System32\msvcp_win.dll
0x00007ff945d50000 - 0x00007ff945df7000 	C:\WINDOWS\System32\msvcrt.dll
0x00007ff946e30000 - 0x00007ff946e61000 	C:\WINDOWS\System32\IMM32.DLL
0x00007ff93fb50000 - 0x00007ff93fb5c000 	C:\Program Files\Apache NetBeans\jdk\bin\vcruntime140_1.dll
0x00007ff90b9f0000 - 0x00007ff90ba7d000 	C:\Program Files\Apache NetBeans\jdk\bin\msvcp140.dll
0x00007ff8a1cb0000 - 0x00007ff8a2bd6000 	C:\Program Files\Apache NetBeans\jdk\bin\server\jvm.dll
0x00007ff946f20000 - 0x00007ff946fd2000 	C:\WINDOWS\System32\ADVAPI32.dll
0x00007ff9460b0000 - 0x00007ff946157000 	C:\WINDOWS\System32\sechost.dll
0x00007ff945b00000 - 0x00007ff945b28000 	C:\WINDOWS\System32\bcrypt.dll
0x00007ff947ef0000 - 0x00007ff948004000 	C:\WINDOWS\System32\RPCRT4.dll
0x00007ff947a30000 - 0x00007ff947aa1000 	C:\WINDOWS\System32\WS2_32.dll
0x00007ff9451f0000 - 0x00007ff94523d000 	C:\WINDOWS\SYSTEM32\POWRPROF.dll
0x00007ff93f590000 - 0x00007ff93f5c4000 	C:\WINDOWS\SYSTEM32\WINMM.dll
0x00007ff93ce80000 - 0x00007ff93ce8a000 	C:\WINDOWS\SYSTEM32\VERSION.dll
0x00007ff945120000 - 0x00007ff945133000 	C:\WINDOWS\SYSTEM32\UMPDC.dll
0x00007ff944320000 - 0x00007ff944338000 	C:\WINDOWS\SYSTEM32\kernel.appcore.dll
0x00007ff934de0000 - 0x00007ff934dea000 	C:\Program Files\Apache NetBeans\jdk\bin\jimage.dll
0x00007ff942c20000 - 0x00007ff942e52000 	C:\WINDOWS\SYSTEM32\DBGHELP.DLL
0x00007ff946a50000 - 0x00007ff946ddf000 	C:\WINDOWS\System32\combase.dll
0x00007ff9463f0000 - 0x00007ff9464c7000 	C:\WINDOWS\System32\OLEAUT32.dll
0x00007ff93b8d0000 - 0x00007ff93b902000 	C:\WINDOWS\SYSTEM32\dbgcore.DLL
0x00007ff945b30000 - 0x00007ff945bab000 	C:\WINDOWS\System32\bcryptPrimitives.dll
0x00007ff91eb20000 - 0x00007ff91eb3e000 	C:\Program Files\Apache NetBeans\jdk\bin\java.dll
0x00007ff946fe0000 - 0x00007ff947185000 	C:\WINDOWS\System32\ole32.dll
0x00007ff9471b0000 - 0x00007ff947a28000 	C:\WINDOWS\System32\SHELL32.dll
0x00007ff9430b0000 - 0x00007ff9439b8000 	C:\WINDOWS\SYSTEM32\windows.storage.dll
0x00007ff942e60000 - 0x00007ff942f9f000 	C:\WINDOWS\SYSTEM32\wintypes.dll
0x00007ff9464d0000 - 0x00007ff9465ca000 	C:\WINDOWS\System32\SHCORE.dll
0x00007ff947cb0000 - 0x00007ff947d0e000 	C:\WINDOWS\System32\shlwapi.dll
0x00007ff945250000 - 0x00007ff94527b000 	C:\WINDOWS\SYSTEM32\profapi.dll
0x00007ff91c240000 - 0x00007ff91c251000 	C:\Program Files\Apache NetBeans\jdk\bin\net.dll
0x00007ff944790000 - 0x00007ff9447f9000 	C:\WINDOWS\system32\mswsock.dll
0x00007ff91c0c0000 - 0x00007ff91c0d6000 	C:\Program Files\Apache NetBeans\jdk\bin\nio.dll
0x00007ff91e710000 - 0x00007ff91e727000 	C:\Program Files\Apache NetBeans\jdk\bin\zip.dll
0x00007ff927710000 - 0x00007ff927734000 	C:\Program Files\Apache NetBeans\java\maven\lib\jansi-native\Windows\x86_64\jansi.dll
0x00007ff9276d0000 - 0x00007ff9276e0000 	C:\Program Files\Apache NetBeans\jdk\bin\verify.dll

JVMTI agents: none

dbghelp: loaded successfully - version: 4.0.5 - missing functions: none
symbol engine: initialized successfully - sym options: 0x614 - pdb path: .;C:\Program Files\Apache NetBeans\jdk\bin;C:\WINDOWS\SYSTEM32;C:\Program Files\Norton\Suite;C:\WINDOWS\WinSxS\amd64_microsoft.windows.common-controls_6595b64144ccf1df_6.0.22621.4541_none_2710d1c57384c085;C:\Program Files\Apache NetBeans\jdk\bin\server;C:\Program Files\Apache NetBeans\java\maven\lib\jansi-native\Windows\x86_64

VM Arguments:
jvm_args: --enable-native-access=ALL-UNNAMED -Dclassworlds.conf=C:\Program Files\Apache NetBeans\java\maven\bin\m2.conf -Dmaven.home=C:\Program Files\Apache NetBeans\java\maven -Dlibrary.jansi.path=C:\Program Files\Apache NetBeans\java\maven\lib\jansi-native -Dmaven.multiModuleProjectDirectory=C:\Users\ndhla\Desktop\MLUNGISI ROSEBANK\prog5121part1 
java_command: org.codehaus.plexus.classworlds.launcher.Launcher -Dmaven.ext.class.path=C:\Program Files\Apache NetBeans\java\maven-nblib\netbeans-eventspy.jar --no-transfer-progress clean install
java_class_path (initial): C:\Program Files\Apache NetBeans\java\maven\boot\plexus-classworlds-2.9.0.jar
Launcher Type: SUN_STANDARD

[Global flags]
     intx CICompilerCount                          = 2                                         {product} {ergonomic}
     uint ConcGCThreads                            = 1                                         {product} {ergonomic}
     uint G1ConcRefinementThreads                  = 2                                         {product} {ergonomic}
   size_t G1HeapRegionSize                         = 1048576                                   {product} {ergonomic}
   size_t InitialHeapSize                          = 65011712                                  {product} {ergonomic}
   size_t MarkStackSize                            = 4194304                                   {product} {ergonomic}
   size_t MarkStackSizeMax                         = 536870912                                 {product} {ergonomic}
   size_t MaxHeapSize                              = 1023410176                                {product} {ergonomic}
   size_t MaxNewSize                               = 613416960                                 {product} {ergonomic}
   size_t MinHeapDeltaBytes                        = 1048576                                   {product} {ergonomic}
   size_t MinHeapSize                              = 8388608                                   {product} {ergonomic}
    uintx NonNMethodCodeHeapSize                   = 5767168                                {pd product} {ergonomic}
    uintx NonProfiledCodeHeapSize                  = 123011072                              {pd product} {ergonomic}
    uintx ProfiledCodeHeapSize                     = 122880000                              {pd product} {ergonomic}
    uintx ReservedCodeCacheSize                    = 251658240                              {pd product} {ergonomic}
     bool SegmentedCodeCache                       = true                                      {product} {ergonomic}
   size_t SoftMaxHeapSize                          = 1023410176                             {manageable} {ergonomic}
     bool UseCompressedOops                        = true                           {product lp64_product} {ergonomic}
     bool UseG1GC                                  = true                                      {product} {ergonomic}
     bool UseLargePagesIndividualAllocation        = false                                  {pd product} {ergonomic}

Logging:
Log output configuration:
 #0: stdout all=warning uptime,level,tags foldmultilines=false
 #1: stderr all=off uptime,level,tags foldmultilines=false

Release file:
IMPLEMENTOR="Eclipse Adoptium" 
IMPLEMENTOR_VERSION="Temurin-25.0.2+10" 
JAVA_RUNTIME_VERSION="25.0.2+10-LTS" 
JAVA_VERSION="25.0.2" 
JAVA_VERSION_DATE="2026-01-20" 
LIBC="default" 
MODULES="java.base java.compiler java.datatransfer java.xml java.prefs java.desktop java.instrument java.logging java.management java.security.sasl java.naming java.rmi java.management.rmi java.net.http java.scripting java.security.jgss java.transaction.xa java.sql java.sql.rowset java.xml.crypto java.se java.smartcardio jdk.accessibility jdk.internal.jvmstat jdk.attach jdk.charsets jdk.internal.opt jdk.zipfs jdk.compiler jdk.crypto.cryptoki jdk.crypto.ec jdk.crypto.mscapi jdk.dynalink jdk.internal.ed jdk.editpad jdk.internal.vm.ci jdk.graal.compiler jdk.graal.compiler.management jdk.hotspot.agent jdk.httpserver jdk.incubator.vector jdk.internal.le jdk.internal.md jdk.jartool jdk.javadoc jdk.jcmd jdk.management jdk.management.agent jdk.jconsole jdk.jdeps jdk.jdwp.agent jdk.jdi jdk.jfr jdk.jlink jdk.jpackage jdk.jshell jdk.jsobject jdk.jstatd jdk.localedata jdk.management.jfr jdk.naming.dns jdk.naming.rmi jdk.net jdk.nio.mapmode jdk.sctp jdk.security.auth jdk.security.jgss jdk.unsupported jdk.unsupported.desktop jdk.xml.dom" 
OS_ARCH="x86_64" 
OS_NAME="Windows" 
SOURCE=".:git:9e3c947043a4" 
BUILD_SOURCE="git:458965074606f027bd5afce2cfd5c1055dea0438"
BUILD_SOURCE_REPO="https://github.com/adoptium/temurin-build.git"
SOURCE_REPO="https://github.com/adoptium/jdk25u.git"
FULL_VERSION="25.0.2+10-LTS"
SEMANTIC_VERSION="25.0.2+10"
BUILD_INFO="OS: Windows Server 2022 Version: 10.0"
JVM_VARIANT="Hotspot"
JVM_VERSION="25.0.2+10-LTS"
IMAGE_TYPE="JDK"

Environment Variables:
JAVA_HOME=C:\Program Files\Apache NetBeans\jdk
PATH=C:\Program Files\Common Files\Oracle\Java\javapath;C:\WINDOWS\system32;C:\WINDOWS;C:\WINDOWS\System32\Wbem;C:\WINDOWS\System32\WindowsPowerShell\v1.0\;C:\WINDOWS\System32\OpenSSH\;C:\Users\ndhla\AppData\Local\Microsoft\WindowsApps;;C:\Program Files\Apache NetBeans\bin\
USERNAME=ndhla
OS=Windows_NT
PROCESSOR_IDENTIFIER=Intel64 Family 6 Model 122 Stepping 8, GenuineIntel
TMP=C:\Users\ndhla\AppData\Local\Temp
TEMP=C:\Users\ndhla\AppData\Local\Temp




Compilation memory statistics disabled.

Periodic native trim disabled

---------------  S Y S T E M  ---------------

OS:
 Windows 11 , 64 bit Build 22621 (10.0.22621.4391)
OS uptime: 2 days 22:10 hours
Hyper-V role detected

CPU: total 2 (initial active 2) (2 cores per cpu, 1 threads per core) family 6 model 122 stepping 8 microcode 0x18, cx8, cmov, fxsr, mmx, 3dnowpref, sse, sse2, sse3, ssse3, sse4.1, sse4.2, popcnt, tsc, tscinvbit, aes, erms, clmul, sha, clflush, clflushopt, hv, rdtscp, rdpid
Processor Information for the first 2 processors :
  Max Mhz: 1101, Current Mhz: 1101, Mhz Limit: 1101

Memory: 4k page, system-wide physical 3902M (235M free)
TotalPageFile size 15678M (AvailPageFile size 3M)
current process WorkingSet (physical memory assigned to process): 48M, peak: 48M
current process commit charge ("private bytes"): 138M, peak: 138M

vm_info: OpenJDK 64-Bit Server VM (25.0.2+10-LTS) for windows-amd64 JRE (25.0.2+10-LTS), built on 2026-01-20T00:00:00Z with MS VC++ 17.12 (VS2022)

END.
