#
# There is insufficient memory for the Java Runtime Environment to continue.
# Native memory allocation (malloc) failed to allocate 13703896 bytes. Error detail: Chunk::new
# Possible reasons:
#   The system is out of physical RAM or swap space
#   This process is running with CompressedOops enabled, and the Java Heap may be blocking the growth of the native heap
# Possible solutions:
#   Reduce memory load on the system
#   Increase physical memory or swap space
#   Check if swap backing store is full
#   Decrease Java heap size (-Xmx/-Xms)
#   Decrease number of Java threads
#   Decrease Java thread stack sizes (-Xss)
#   Set larger code cache with -XX:ReservedCodeCacheSize=
#   JVM is running with Unscaled Compressed Oops mode in which the Java heap is
#     placed in the first 4GB address space. The Java Heap base address is the
#     maximum limit for the native heap growth. Please use -XX:HeapBaseMinAddress
#     to set the Java Heap base and to place the Java Heap above 4GB virtual address.
# This output file may be truncated or incomplete.
#
#  Out of Memory Error (arena.cpp:186), pid=18220, tid=11676
#
# JRE version: OpenJDK Runtime Environment Temurin-25.0.2+10 (25.0.2+10) (build 25.0.2+10-LTS)
# Java VM: OpenJDK 64-Bit Server VM Temurin-25.0.2+10 (25.0.2+10-LTS, mixed mode, sharing, tiered, compressed oops, compressed class ptrs, g1 gc, windows-amd64)
# No core dump will be written. Minidumps are not enabled by default on client versions of Windows
#

---------------  S U M M A R Y ------------

Command Line: --enable-native-access=ALL-UNNAMED -Dclassworlds.conf=C:\Program Files\Apache NetBeans\java\maven\bin\m2.conf -Dmaven.home=C:\Program Files\Apache NetBeans\java\maven -Dlibrary.jansi.path=C:\Program Files\Apache NetBeans\java\maven\lib\jansi-native -Dmaven.multiModuleProjectDirectory=C:\Users\ndhla\Desktop\MLUNGISI ROSEBANK\prog5121part1 org.codehaus.plexus.classworlds.launcher.Launcher -Dexec.vmArgs= -Dexec.args=${exec.vmArgs} -classpath %classpath ${exec.mainClass} ${exec.appArgs} -Dexec.appArgs= -Dexec.mainClass=com.mycompany.prog5121part1.Prog5121part1 -Dexec.executable=C:\Program Files\Apache NetBeans\jdk\bin\java.exe -Dmaven.ext.class.path=C:\Program Files\Apache NetBeans\java\maven-nblib\netbeans-eventspy.jar --no-transfer-progress process-classes org.codehaus.mojo:exec-maven-plugin:3.5.1:exec

Host: Intel(R) Celeron(R) N4020 CPU @ 1.10GHz, 2 cores, 3G,  Windows 11 , 64 bit Build 22621 (10.0.22621.4391)
Time: Sun Apr 12 19:59:28 2026 South Africa Standard Time elapsed time: 7.406214 seconds (0d 0h 0m 7s)

---------------  T H R E A D  ---------------

Current thread (0x00000192c21d7b90):  JavaThread "C2 CompilerThread0" daemon [_thread_in_native, id=11676, stack(0x0000002719600000,0x0000002719700000) (1024K)]


Current CompileTask:
C2:7406 4298   !   4       jdk.internal.loader.BuiltinClassLoader::loadClassOrNull (143 bytes)

Stack: [0x0000002719600000,0x0000002719700000]
Native frames: (J=compiled Java code, j=interpreted, Vv=VM code, C=native code)
V  [jvm.dll+0x7a8bc9]  (no source info available)
V  [jvm.dll+0x77310d]  (no source info available)
V  [jvm.dll+0x9f55f3]  (no source info available)
V  [jvm.dll+0x9f7be1]  (no source info available)
V  [jvm.dll+0x9f82f3]  (no source info available)
V  [jvm.dll+0x2fce26]  (no source info available)
V  [jvm.dll+0x111076]  (no source info available)
V  [jvm.dll+0x11139e]  (no source info available)
V  [jvm.dll+0x19fff2]  (no source info available)
V  [jvm.dll+0x3b5f62]  (no source info available)
V  [jvm.dll+0x7ae53c]  (no source info available)
V  [jvm.dll+0x2c0407]  (no source info available)
V  [jvm.dll+0x2bf3cf]  (no source info available)
V  [jvm.dll+0x237140]  (no source info available)
V  [jvm.dll+0x2cf4c6]  (no source info available)
V  [jvm.dll+0x2cd74a]  (no source info available)
V  [jvm.dll+0x48fbee]  (no source info available)
V  [jvm.dll+0x996b0d]  (no source info available)
V  [jvm.dll+0x7a71a5]  (no source info available)
C  [ucrtbase.dll+0x29333]  (no source info available)
C  [KERNEL32.DLL+0x1259d]  (no source info available)
C  [ntdll.dll+0x5af38]  (no source info available)

Lock stack of current Java thread (top to bottom):


---------------  P R O C E S S  ---------------

Threads class SMR info:
_java_thread_list=0x00000192c71ff8e0, length=11, elements={
0x00000192a5113cb0, 0x00000192c21c6f30, 0x00000192c21c7f10, 0x00000192c21cfe80,
0x00000192c21d4780, 0x00000192c21d4f40, 0x00000192c21d5880, 0x00000192c21d7b90,
0x00000192c21df3e0, 0x00000192c2321020, 0x00000192c2327c50
}

Java Threads: ( => current thread )
  0x00000192a5113cb0 JavaThread "main"                              [_thread_in_vm, id=19364, stack(0x0000002718800000,0x0000002718900000) (1024K)]
  0x00000192c21c6f30 JavaThread "Reference Handler"          daemon [_thread_blocked, id=16752, stack(0x0000002719000000,0x0000002719100000) (1024K)]
  0x00000192c21c7f10 JavaThread "Finalizer"                  daemon [_thread_blocked, id=9516, stack(0x0000002719100000,0x0000002719200000) (1024K)]
  0x00000192c21cfe80 JavaThread "Signal Dispatcher"          daemon [_thread_blocked, id=12676, stack(0x0000002719200000,0x0000002719300000) (1024K)]
  0x00000192c21d4780 JavaThread "Attach Listener"            daemon [_thread_blocked, id=11904, stack(0x0000002719300000,0x0000002719400000) (1024K)]
  0x00000192c21d4f40 JavaThread "Service Thread"             daemon [_thread_blocked, id=16584, stack(0x0000002719400000,0x0000002719500000) (1024K)]
  0x00000192c21d5880 JavaThread "Monitor Deflation Thread"   daemon [_thread_blocked, id=18928, stack(0x0000002719500000,0x0000002719600000) (1024K)]
=>0x00000192c21d7b90 JavaThread "C2 CompilerThread0"         daemon [_thread_in_native, id=11676, stack(0x0000002719600000,0x0000002719700000) (1024K)]
  0x00000192c21df3e0 JavaThread "C1 CompilerThread0"         daemon [_thread_blocked, id=3332, stack(0x0000002719700000,0x0000002719800000) (1024K)]
  0x00000192c2321020 JavaThread "Notification Thread"        daemon [_thread_blocked, id=10548, stack(0x0000002719800000,0x0000002719900000) (1024K)]
  0x00000192c2327c50 JavaThread "Common-Cleaner"             daemon [_thread_blocked, id=12992, stack(0x0000002719900000,0x0000002719a00000) (1024K)]
Total: 11

Other Threads:
  0x00000192c21b88a0 VMThread "VM Thread"                           [id=14248, stack(0x0000002718f00000,0x0000002719000000) (1024K)]
  0x00000192c21ac850 WatcherThread "VM Periodic Task Thread"        [id=18724, stack(0x0000002718e00000,0x0000002718f00000) (1024K)]
  0x00000192a747ee40 WorkerThread "GC Thread#0"                     [id=8688, stack(0x0000002718900000,0x0000002718a00000) (1024K)]
  0x00000192c7636370 WorkerThread "GC Thread#1"                     [id=16436, stack(0x0000002719a00000,0x0000002719b00000) (1024K)]
  0x00000192a748b860 ConcurrentGCThread "G1 Main Marker"            [id=17588, stack(0x0000002718a00000,0x0000002718b00000) (1024K)]
  0x00000192a748cba0 WorkerThread "G1 Conc#0"                       [id=6592, stack(0x0000002718b00000,0x0000002718c00000) (1024K)]
  0x00000192a74a87a0 ConcurrentGCThread "G1 Refine#0"               [id=18112, stack(0x0000002718c00000,0x0000002718d00000) (1024K)]
  0x00000192a74aa410 ConcurrentGCThread "G1 Service"                [id=2404, stack(0x0000002718d00000,0x0000002718e00000) (1024K)]
Total: 8

Threads with active compile tasks:
C2 CompilerThread0  7597 4298   !   4       jdk.internal.loader.BuiltinClassLoader::loadClassOrNull (143 bytes)
Total: 1

VM state: not at safepoint (normal execution)

VM Mutex/Monitor currently owned by a thread: None

Heap address: 0x00000000c3000000, size: 976 MB, Compressed Oops mode: 32-bit

CDS archive(s) mapped at: [0x0000000020000000-0x0000000020dd0000-0x0000000020dd0000), size 14483456, SharedBaseAddress: 0x0000000020000000, ArchiveRelocationMode: 1.
Compressed class space mapped at: 0x0000000021000000-0x0000000061000000, reserved size: 1073741824
UseCompressedClassPointers 1, UseCompactObjectHeaders 0
Narrow klass pointer bits 32, Max shift 3
Narrow klass base: 0x0000000020000000, Narrow klass shift: 0
Encoding Range: [0x0000000020000000 - 0x0000000120000000), (4294967296 bytes)
Klass Range:    [0x0000000020010000 - 0x0000000061000000), (1090453504 bytes)
Klass ID Range:  [65536 - 1090519033) (1090453497)
Protection zone: [0x0000000020000000 - 0x0000000020010000), (65536 bytes)

GC Precious Log:
 CardTable entry size: 512
 Card Set container configuration: InlinePtr #cards 5 size 8 Array Of Cards #cards 10 size 36 Howl #buckets 4 coarsen threshold 1843 Howl Bitmap #cards 512 size 80 coarsen threshold 460 Card regions per heap region 1 cards per card region 2048
 CPUs: 2 total, 2 available
 Memory: 3902M
 Large Page Support: Disabled
 NUMA Support: Disabled
 Compressed Oops: Enabled (32-bit)
 Heap Region Size: 1M
 Heap Min Capacity: 8M
 Heap Initial Capacity: 62M
 Heap Max Capacity: 976M
 Pre-touch: Disabled
 Parallel Workers: 2
 Concurrent Workers: 1
 Concurrent Refinement Workers: 2
 Periodic GC: Disabled

Heap:
 garbage-first heap   total reserved 999424K, committed 65536K, used 19600K [0x00000000c3000000, 0x0000000100000000)
  region size 1024K, 6 young (6144K), 5 survivors (5120K)

Heap Regions: E=young(eden), S=young(survivor), O=old, HS=humongous(starts), HC=humongous(continues), CS=collection set, F=free, TAMS=top-at-mark-start, PB=parsable bottom
|   0|0x00000000c3000000, 0x00000000c3100000, 0x00000000c3100000|100%| O|  |TAMS 0x00000000c3000000| PB 0x00000000c3000000| Untracked |  0
|   1|0x00000000c3100000, 0x00000000c3200000, 0x00000000c3200000|100%| O|  |TAMS 0x00000000c3100000| PB 0x00000000c3100000| Untracked |  0
|   2|0x00000000c3200000, 0x00000000c3300000, 0x00000000c3300000|100%| O|  |TAMS 0x00000000c3200000| PB 0x00000000c3200000| Untracked |  0
|   3|0x00000000c3300000, 0x00000000c3400000, 0x00000000c3400000|100%| O|  |TAMS 0x00000000c3300000| PB 0x00000000c3300000| Untracked |  0
|   4|0x00000000c3400000, 0x00000000c3500000, 0x00000000c3500000|100%| O|  |TAMS 0x00000000c3400000| PB 0x00000000c3400000| Untracked |  0
|   5|0x00000000c3500000, 0x00000000c3600000, 0x00000000c3600000|100%| O|  |TAMS 0x00000000c3500000| PB 0x00000000c3500000| Untracked |  0
|   6|0x00000000c3600000, 0x00000000c3700000, 0x00000000c3700000|100%| O|  |TAMS 0x00000000c3600000| PB 0x00000000c3600000| Untracked |  0
|   7|0x00000000c3700000, 0x00000000c3800000, 0x00000000c3800000|100%|HS|  |TAMS 0x00000000c3700000| PB 0x00000000c3700000| Complete |  0
|   8|0x00000000c3800000, 0x00000000c3900000, 0x00000000c3900000|100%|HC|  |TAMS 0x00000000c3800000| PB 0x00000000c3800000| Complete |  0
|   9|0x00000000c3900000, 0x00000000c3a00000, 0x00000000c3a00000|100%|HS|  |TAMS 0x00000000c3900000| PB 0x00000000c3900000| Complete |  0
|  10|0x00000000c3a00000, 0x00000000c3b00000, 0x00000000c3b00000|100%|HC|  |TAMS 0x00000000c3a00000| PB 0x00000000c3a00000| Complete |  0
|  11|0x00000000c3b00000, 0x00000000c3c00000, 0x00000000c3c00000|100%| O|  |TAMS 0x00000000c3b00000| PB 0x00000000c3b00000| Untracked |  0
|  12|0x00000000c3c00000, 0x00000000c3cff4f8, 0x00000000c3d00000| 99%| O|  |TAMS 0x00000000c3c00000| PB 0x00000000c3c00000| Untracked |  0
|  13|0x00000000c3d00000, 0x00000000c3d00000, 0x00000000c3e00000|  0%| F|  |TAMS 0x00000000c3d00000| PB 0x00000000c3d00000| Untracked |  0
|  14|0x00000000c3e00000, 0x00000000c3e00000, 0x00000000c3f00000|  0%| F|  |TAMS 0x00000000c3e00000| PB 0x00000000c3e00000| Untracked |  0
|  15|0x00000000c3f00000, 0x00000000c3f00000, 0x00000000c4000000|  0%| F|  |TAMS 0x00000000c3f00000| PB 0x00000000c3f00000| Untracked |  0
|  16|0x00000000c4000000, 0x00000000c4000000, 0x00000000c4100000|  0%| F|  |TAMS 0x00000000c4000000| PB 0x00000000c4000000| Untracked |  0
|  17|0x00000000c4100000, 0x00000000c4100000, 0x00000000c4200000|  0%| F|  |TAMS 0x00000000c4100000| PB 0x00000000c4100000| Untracked |  0
|  18|0x00000000c4200000, 0x00000000c4200000, 0x00000000c4300000|  0%| F|  |TAMS 0x00000000c4200000| PB 0x00000000c4200000| Untracked |  0
|  19|0x00000000c4300000, 0x00000000c4300000, 0x00000000c4400000|  0%| F|  |TAMS 0x00000000c4300000| PB 0x00000000c4300000| Untracked |  0
|  20|0x00000000c4400000, 0x00000000c4400000, 0x00000000c4500000|  0%| F|  |TAMS 0x00000000c4400000| PB 0x00000000c4400000| Untracked |  0
|  21|0x00000000c4500000, 0x00000000c4500000, 0x00000000c4600000|  0%| F|  |TAMS 0x00000000c4500000| PB 0x00000000c4500000| Untracked |  0
|  22|0x00000000c4600000, 0x00000000c4600000, 0x00000000c4700000|  0%| F|  |TAMS 0x00000000c4600000| PB 0x00000000c4600000| Untracked |  0
|  23|0x00000000c4700000, 0x00000000c4700000, 0x00000000c4800000|  0%| F|  |TAMS 0x00000000c4700000| PB 0x00000000c4700000| Untracked |  0
|  24|0x00000000c4800000, 0x00000000c4800000, 0x00000000c4900000|  0%| F|  |TAMS 0x00000000c4800000| PB 0x00000000c4800000| Untracked |  0
|  25|0x00000000c4900000, 0x00000000c4900000, 0x00000000c4a00000|  0%| F|  |TAMS 0x00000000c4900000| PB 0x00000000c4900000| Untracked |  0
|  26|0x00000000c4a00000, 0x00000000c4a00000, 0x00000000c4b00000|  0%| F|  |TAMS 0x00000000c4a00000| PB 0x00000000c4a00000| Untracked |  0
|  27|0x00000000c4b00000, 0x00000000c4b00000, 0x00000000c4c00000|  0%| F|  |TAMS 0x00000000c4b00000| PB 0x00000000c4b00000| Untracked |  0
|  28|0x00000000c4c00000, 0x00000000c4c00000, 0x00000000c4d00000|  0%| F|  |TAMS 0x00000000c4c00000| PB 0x00000000c4c00000| Untracked |  0
|  29|0x00000000c4d00000, 0x00000000c4d00000, 0x00000000c4e00000|  0%| F|  |TAMS 0x00000000c4d00000| PB 0x00000000c4d00000| Untracked |  0
|  30|0x00000000c4e00000, 0x00000000c4e00000, 0x00000000c4f00000|  0%| F|  |TAMS 0x00000000c4e00000| PB 0x00000000c4e00000| Untracked |  0
|  31|0x00000000c4f00000, 0x00000000c4f00000, 0x00000000c5000000|  0%| F|  |TAMS 0x00000000c4f00000| PB 0x00000000c4f00000| Untracked |  0
|  32|0x00000000c5000000, 0x00000000c5000000, 0x00000000c5100000|  0%| F|  |TAMS 0x00000000c5000000| PB 0x00000000c5000000| Untracked |  0
|  33|0x00000000c5100000, 0x00000000c5100000, 0x00000000c5200000|  0%| F|  |TAMS 0x00000000c5100000| PB 0x00000000c5100000| Untracked |  0
|  34|0x00000000c5200000, 0x00000000c5200000, 0x00000000c5300000|  0%| F|  |TAMS 0x00000000c5200000| PB 0x00000000c5200000| Untracked |  0
|  35|0x00000000c5300000, 0x00000000c5300000, 0x00000000c5400000|  0%| F|  |TAMS 0x00000000c5300000| PB 0x00000000c5300000| Untracked |  0
|  36|0x00000000c5400000, 0x00000000c5400000, 0x00000000c5500000|  0%| F|  |TAMS 0x00000000c5400000| PB 0x00000000c5400000| Untracked |  0
|  37|0x00000000c5500000, 0x00000000c5500000, 0x00000000c5600000|  0%| F|  |TAMS 0x00000000c5500000| PB 0x00000000c5500000| Untracked |  0
|  38|0x00000000c5600000, 0x00000000c5600000, 0x00000000c5700000|  0%| F|  |TAMS 0x00000000c5600000| PB 0x00000000c5600000| Untracked |  0
|  39|0x00000000c5700000, 0x00000000c5700000, 0x00000000c5800000|  0%| F|  |TAMS 0x00000000c5700000| PB 0x00000000c5700000| Untracked |  0
|  40|0x00000000c5800000, 0x00000000c5800000, 0x00000000c5900000|  0%| F|  |TAMS 0x00000000c5800000| PB 0x00000000c5800000| Untracked |  0
|  41|0x00000000c5900000, 0x00000000c5a00000, 0x00000000c5a00000|100%| S|CS|TAMS 0x00000000c5900000| PB 0x00000000c5900000| Complete |  0
|  42|0x00000000c5a00000, 0x00000000c5b00000, 0x00000000c5b00000|100%| S|CS|TAMS 0x00000000c5a00000| PB 0x00000000c5a00000| Complete |  0
|  43|0x00000000c5b00000, 0x00000000c5c00000, 0x00000000c5c00000|100%| S|CS|TAMS 0x00000000c5b00000| PB 0x00000000c5b00000| Complete |  0
|  44|0x00000000c5c00000, 0x00000000c5d00000, 0x00000000c5d00000|100%| S|CS|TAMS 0x00000000c5c00000| PB 0x00000000c5c00000| Complete |  0
|  45|0x00000000c5d00000, 0x00000000c5e00000, 0x00000000c5e00000|100%| S|CS|TAMS 0x00000000c5d00000| PB 0x00000000c5d00000| Complete |  0
|  46|0x00000000c5e00000, 0x00000000c5e00000, 0x00000000c5f00000|  0%| F|  |TAMS 0x00000000c5e00000| PB 0x00000000c5e00000| Untracked |  0
|  47|0x00000000c5f00000, 0x00000000c5f00000, 0x00000000c6000000|  0%| F|  |TAMS 0x00000000c5f00000| PB 0x00000000c5f00000| Untracked |  0
|  48|0x00000000c6000000, 0x00000000c6000000, 0x00000000c6100000|  0%| F|  |TAMS 0x00000000c6000000| PB 0x00000000c6000000| Untracked |  0
|  49|0x00000000c6100000, 0x00000000c6100000, 0x00000000c6200000|  0%| F|  |TAMS 0x00000000c6100000| PB 0x00000000c6100000| Untracked |  0
|  50|0x00000000c6200000, 0x00000000c6200000, 0x00000000c6300000|  0%| F|  |TAMS 0x00000000c6200000| PB 0x00000000c6200000| Untracked |  0
|  51|0x00000000c6300000, 0x00000000c6300000, 0x00000000c6400000|  0%| F|  |TAMS 0x00000000c6300000| PB 0x00000000c6300000| Untracked |  0
|  52|0x00000000c6400000, 0x00000000c6400000, 0x00000000c6500000|  0%| F|  |TAMS 0x00000000c6400000| PB 0x00000000c6400000| Untracked |  0
|  53|0x00000000c6500000, 0x00000000c6500000, 0x00000000c6600000|  0%| F|  |TAMS 0x00000000c6500000| PB 0x00000000c6500000| Untracked |  0
|  54|0x00000000c6600000, 0x00000000c6600000, 0x00000000c6700000|  0%| F|  |TAMS 0x00000000c6600000| PB 0x00000000c6600000| Untracked |  0
|  55|0x00000000c6700000, 0x00000000c6700000, 0x00000000c6800000|  0%| F|  |TAMS 0x00000000c6700000| PB 0x00000000c6700000| Untracked |  0
|  56|0x00000000c6800000, 0x00000000c6800000, 0x00000000c6900000|  0%| F|  |TAMS 0x00000000c6800000| PB 0x00000000c6800000| Untracked |  0
|  57|0x00000000c6900000, 0x00000000c6900000, 0x00000000c6a00000|  0%| F|  |TAMS 0x00000000c6900000| PB 0x00000000c6900000| Untracked |  0
|  58|0x00000000c6a00000, 0x00000000c6a00000, 0x00000000c6b00000|  0%| F|  |TAMS 0x00000000c6a00000| PB 0x00000000c6a00000| Untracked |  0
|  59|0x00000000c6b00000, 0x00000000c6b00000, 0x00000000c6c00000|  0%| F|  |TAMS 0x00000000c6b00000| PB 0x00000000c6b00000| Untracked |  0
|  60|0x00000000c6c00000, 0x00000000c6c00000, 0x00000000c6d00000|  0%| F|  |TAMS 0x00000000c6c00000| PB 0x00000000c6c00000| Untracked |  0
|  61|0x00000000c6d00000, 0x00000000c6e00000, 0x00000000c6e00000|100%| E|  |TAMS 0x00000000c6d00000| PB 0x00000000c6d00000| Complete |  0
| 974|0x00000000ffe00000, 0x00000000fff00000, 0x00000000fff00000|100%| O|  |TAMS 0x00000000ffe00000| PB 0x00000000ffe00000| Untracked |  0
| 975|0x00000000fff00000, 0x00000000fff24ea8, 0x0000000100000000| 14%| O|Cm|TAMS 0x00000000fff00000| PB 0x00000000fff00000| Complete |  0

Card table byte_map: [0x00000192a71f0000,0x00000192a73e0000] _byte_map_base: 0x00000192a6bd8000

Marking Bits: (CMBitMap*) 0x00000192a747f5d0
 Bits: [0x00000192bef30000, 0x00000192bfe70000)

Polling page: 0x00000192a5320000

Metaspace:
Metaspace        used 22550K, committed 22848K, reserved 1114112K
 class space     used 2795K, committed 2944K, reserved 1048576K

Usage:
  Non-class:     19.29 MB used.
      Class:      2.73 MB used.
       Both:     22.02 MB used.

Virtual space:
  Non-class space:       64.00 MB reserved,      19.44 MB ( 30%) committed,  1 nodes.
      Class space:        1.00 GB reserved,       2.88 MB ( <1%) committed,  1 nodes.
             Both:        1.06 GB reserved,      22.31 MB (  2%) committed. 

Chunk freelists:
   Non-Class:  12.58 MB
       Class:  13.05 MB
        Both:  25.62 MB

MaxMetaspaceSize: unlimited
CompressedClassSpaceSize: 1.00 GB
Initial GC threshold: 21.00 MB
Current GC threshold: 35.12 MB
CDS: on
 - commit_granule_bytes: 65536.
 - commit_granule_words: 8192.
 - virtual_space_node_default_size: 8388608.
 - enlarge_chunks_in_place: 1.
UseCompressedClassPointers 1, UseCompactObjectHeaders 0
Narrow klass pointer bits 32, Max shift 3
Narrow klass base: 0x0000000020000000, Narrow klass shift: 0
Encoding Range: [0x0000000020000000 - 0x0000000120000000), (4294967296 bytes)
Klass Range:    [0x0000000020010000 - 0x0000000061000000), (1090453504 bytes)
Klass ID Range:  [65536 - 1090519033) (1090453497)
Protection zone: [0x0000000020000000 - 0x0000000020010000), (65536 bytes)


Internal statistics:

num_allocs_failed_limit: 3.
num_arena_births: 158.
num_arena_deaths: 0.
num_vsnodes_births: 2.
num_vsnodes_deaths: 0.
num_space_committed: 357.
num_space_uncommitted: 0.
num_chunks_returned_to_freelist: 3.
num_chunks_taken_from_freelist: 980.
num_chunk_merges: 3.
num_chunk_splits: 674.
num_chunks_enlarged: 543.
num_inconsistent_stats: 0.

CodeHeap 'non-profiled nmethods': size=120128Kb used=1349Kb max_used=1349Kb free=118778Kb
 bounds [0x00000192b79e0000, 0x00000192b7c50000, 0x00000192bef30000]
CodeHeap 'profiled nmethods': size=120000Kb used=6908Kb max_used=6908Kb free=113091Kb
 bounds [0x00000192aff30000, 0x00000192b05f0000, 0x00000192b7460000]
CodeHeap 'non-nmethods': size=5632Kb used=1428Kb max_used=1452Kb free=4203Kb
 bounds [0x00000192b7460000, 0x00000192b76d0000, 0x00000192b79e0000]
CodeCache: size=245760Kb, used=9685Kb, max_used=9709Kb, free=236072Kb
 total_blobs=4881, nmethods=4329, adapters=454, full_count=0
Compilation: enabled, stopped_count=0, restarted_count=0

Compilation events (20 events):
Event: 7.110 Thread 0x00000192c21df3e0 4314   !   3       java.lang.invoke.MethodHandles$Lookup::revealDirect (190 bytes)
Event: 7.111 Thread 0x00000192c21df3e0 nmethod 4314 0x00000192b05dd108 code [0x00000192b05dd200, 0x00000192b05deac8]
Event: 7.112 Thread 0x00000192c21df3e0 4315       3       java.lang.invoke.AbstractValidatingLambdaMetafactory::validateMetafactoryArgs (607 bytes)
Event: 7.118 Thread 0x00000192c21df3e0 nmethod 4315 0x00000192b05deb08 code [0x00000192b05dec00, 0x00000192b05e7078]
Event: 7.119 Thread 0x00000192c21df3e0 4316       3       java.lang.invoke.AbstractValidatingLambdaMetafactory::isAdaptableToAsReturnStrict (34 bytes)
Event: 7.119 Thread 0x00000192c21df3e0 nmethod 4316 0x00000192b05e7108 code [0x00000192b05e7200, 0x00000192b05e7750]
Event: 7.119 Thread 0x00000192c21df3e0 4317   !   3       java.lang.invoke.InnerClassLambdaMetafactory::buildCallSite (144 bytes)
Event: 7.120 Thread 0x00000192c21df3e0 nmethod 4317 0x00000192b05e7788 code [0x00000192b05e7880, 0x00000192b05e8b48]
Event: 7.121 Thread 0x00000192c21df3e0 4318       3       java.lang.invoke.LambdaProxyClassArchive::find (47 bytes)
Event: 7.121 Thread 0x00000192c21df3e0 nmethod 4318 0x00000192b05e8b88 code [0x00000192b05e8c80, 0x00000192b05e9268]
Event: 7.121 Thread 0x00000192c21df3e0 4319       3       java.lang.classfile.ClassBuilder::withInterfaces (14 bytes)
Event: 7.122 Thread 0x00000192c21df3e0 nmethod 4319 0x00000192b05e9288 code [0x00000192b05e9380, 0x00000192b05e9990]
Event: 7.122 Thread 0x00000192c21df3e0 4320       3       jdk.internal.classfile.impl.InterfacesImpl::writeTo (9 bytes)
Event: 7.122 Thread 0x00000192c21df3e0 nmethod 4320 0x00000192b05e9a08 code [0x00000192b05e9b00, 0x00000192b05e9cf0]
Event: 7.122 Thread 0x00000192c21df3e0 4321       3       jdk.internal.classfile.impl.DirectClassBuilder::buildInterfaceEnties (46 bytes)
Event: 7.123 Thread 0x00000192c21df3e0 nmethod 4321 0x00000192b05e9d08 code [0x00000192b05e9e00, 0x00000192b05ea9e8]
Event: 7.150 Thread 0x00000192c21df3e0 4322       3       java.lang.invoke.DirectMethodHandle$Holder::invokeStatic (24 bytes)
Event: 7.150 Thread 0x00000192c21df3e0 nmethod 4322 0x00000192b05eaa08 code [0x00000192b05eab00, 0x00000192b05eb030]
Event: 7.172 Thread 0x00000192c21df3e0 4323       3       java.lang.invoke.LambdaMetafactory::metafactory (71 bytes)
Event: 7.173 Thread 0x00000192c21df3e0 nmethod 4323 0x00000192b05eb088 code [0x00000192b05eb180, 0x00000192b05ebc60]

GC Heap Usage History (10 events):
Event: 1.263 {heap Before GC invocations=0 (full 0):
 garbage-first heap   total reserved 999424K, committed 65536K, used 14483K [0x00000000c3000000, 0x0000000100000000)
  region size 1024K, 14 young (14336K), 0 survivors (0K)
}
Event: 1.273 {heap After GC invocations=1 (full 0):
 garbage-first heap   total reserved 999424K, committed 65536K, used 3856K [0x00000000c3000000, 0x0000000100000000)
  region size 1024K, 2 young (2048K), 2 survivors (2048K)
}
Event: 2.583 {heap Before GC invocations=1 (full 0):
 garbage-first heap   total reserved 999424K, committed 65536K, used 28432K [0x00000000c3000000, 0x0000000100000000)
  region size 1024K, 27 young (27648K), 2 survivors (2048K)
}
Event: 2.594 {heap After GC invocations=2 (full 0):
 garbage-first heap   total reserved 999424K, committed 65536K, used 5203K [0x00000000c3000000, 0x0000000100000000)
  region size 1024K, 4 young (4096K), 4 survivors (4096K)
}
Event: 4.955 {heap Before GC invocations=2 (full 0):
 garbage-first heap   total reserved 999424K, committed 65536K, used 38995K [0x00000000c3000000, 0x0000000100000000)
  region size 1024K, 37 young (37888K), 4 survivors (4096K)
}
Event: 4.978 {heap After GC invocations=3 (full 0):
 garbage-first heap   total reserved 999424K, committed 65536K, used 8939K [0x00000000c3000000, 0x0000000100000000)
  region size 1024K, 5 young (5120K), 5 survivors (5120K)
}
Event: 6.427 {heap Before GC invocations=3 (full 0):
 garbage-first heap   total reserved 999424K, committed 65536K, used 41707K [0x00000000c3000000, 0x0000000100000000)
  region size 1024K, 37 young (37888K), 5 survivors (5120K)
}
Event: 6.444 {heap After GC invocations=4 (full 0):
 garbage-first heap   total reserved 999424K, committed 65536K, used 11036K [0x00000000c3000000, 0x0000000100000000)
  region size 1024K, 3 young (3072K), 3 survivors (3072K)
}
Event: 7.176 {heap Before GC invocations=4 (full 0):
 garbage-first heap   total reserved 999424K, committed 65536K, used 30492K [0x00000000c3000000, 0x0000000100000000)
  region size 1024K, 19 young (19456K), 3 survivors (3072K)
}
Event: 7.193 {heap After GC invocations=5 (full 0):
 garbage-first heap   total reserved 999424K, committed 65536K, used 19600K [0x00000000c3000000, 0x0000000100000000)
  region size 1024K, 5 young (5120K), 5 survivors (5120K)
}

Metaspace Usage History (10 events):
Event: 1.263 {metaspace Before GC invocations=0 (full 0):
 Metaspace       used 4332K, committed 4544K, reserved 1114112K
  class space    used 483K, committed 576K, reserved 1048576K
}
Event: 1.273 {metaspace After GC invocations=1 (full 0):
 Metaspace       used 4332K, committed 4544K, reserved 1114112K
  class space    used 483K, committed 576K, reserved 1048576K
}
Event: 2.583 {metaspace Before GC invocations=1 (full 0):
 Metaspace       used 7603K, committed 7808K, reserved 1114112K
  class space    used 914K, committed 1024K, reserved 1048576K
}
Event: 2.594 {metaspace After GC invocations=2 (full 0):
 Metaspace       used 7603K, committed 7808K, reserved 1114112K
  class space    used 914K, committed 1024K, reserved 1048576K
}
Event: 4.955 {metaspace Before GC invocations=2 (full 0):
 Metaspace       used 14631K, committed 14848K, reserved 1114112K
  class space    used 1834K, committed 1920K, reserved 1048576K
}
Event: 4.978 {metaspace After GC invocations=3 (full 0):
 Metaspace       used 14631K, committed 14848K, reserved 1114112K
  class space    used 1834K, committed 1920K, reserved 1048576K
}
Event: 6.427 {metaspace Before GC invocations=3 (full 0):
 Metaspace       used 16547K, committed 16768K, reserved 1114112K
  class space    used 2036K, committed 2112K, reserved 1048576K
}
Event: 6.444 {metaspace After GC invocations=4 (full 0):
 Metaspace       used 16547K, committed 16768K, reserved 1114112K
  class space    used 2036K, committed 2112K, reserved 1048576K
}
Event: 7.176 {metaspace Before GC invocations=4 (full 0):
 Metaspace       used 21219K, committed 21504K, reserved 1114112K
  class space    used 2660K, committed 2752K, reserved 1048576K
}
Event: 7.193 {metaspace After GC invocations=5 (full 0):
 Metaspace       used 21219K, committed 21504K, reserved 1114112K
  class space    used 2660K, committed 2752K, reserved 1048576K
}

Dll operation events (7 events):
Event: 0.024 Loaded shared library C:\Program Files\Apache NetBeans\jdk\bin\java.dll
Event: 0.121 Loaded shared library C:\Program Files\Apache NetBeans\jdk\bin\net.dll
Event: 0.126 Loaded shared library C:\Program Files\Apache NetBeans\jdk\bin\nio.dll
Event: 0.134 Loaded shared library C:\Program Files\Apache NetBeans\jdk\bin\zip.dll
Event: 0.461 Loaded shared library C:\Program Files\Apache NetBeans\java\maven\lib\jansi-native\Windows\x86_64\jansi.dll
Event: 0.472 Loaded shared library C:\Program Files\Apache NetBeans\jdk\bin\jimage.dll
Event: 0.480 Loaded shared library C:\Program Files\Apache NetBeans\jdk\bin\verify.dll

Deoptimization events (20 events):
Event: 6.768 Thread 0x00000192a5113cb0 Uncommon trap: trap_request=0xffffff45 fr.pc=0x00000192b79f1988 relative=0x0000000000000188
Event: 6.768 Thread 0x00000192a5113cb0 Uncommon trap: reason=unstable_if action=reinterpret pc=0x00000192b79f1988 method=jdk.internal.util.ArraysSupport.vectorizedHashCode(Ljava/lang/Object;IIII)I @ 2 c2
Event: 6.768 Thread 0x00000192a5113cb0 DEOPT PACKING pc=0x00000192b79f1988 sp=0x00000027188fc860
Event: 6.768 Thread 0x00000192a5113cb0 DEOPT UNPACKING pc=0x00000192b74e857c sp=0x00000027188fc810 mode 2
Event: 6.792 Thread 0x00000192a5113cb0 Uncommon trap: trap_request=0xffffff45 fr.pc=0x00000192b7b24b90 relative=0x0000000000000210
Event: 6.792 Thread 0x00000192a5113cb0 Uncommon trap: reason=unstable_if action=reinterpret pc=0x00000192b7b24b90 method=jdk.nio.zipfs.ZipFileSystem$IndexNode.normalize([B)[B @ 66 c2
Event: 6.792 Thread 0x00000192a5113cb0 DEOPT PACKING pc=0x00000192b7b24b90 sp=0x00000027188fc9a0
Event: 6.792 Thread 0x00000192a5113cb0 DEOPT UNPACKING pc=0x00000192b74e857c sp=0x00000027188fc908 mode 2
Event: 6.822 Thread 0x00000192a5113cb0 DEOPT PACKING pc=0x00000192b05abe7e sp=0x00000027188fc8d0
Event: 6.822 Thread 0x00000192a5113cb0 DEOPT UNPACKING pc=0x00000192b74b1063 sp=0x00000027188fbd50 mode 0
Event: 6.822 Thread 0x00000192a5113cb0 DEOPT PACKING pc=0x00000192b05abb26 sp=0x00000027188fc8e0
Event: 6.822 Thread 0x00000192a5113cb0 DEOPT UNPACKING pc=0x00000192b74b1063 sp=0x00000027188fbd68 mode 0
Event: 6.842 Thread 0x00000192a5113cb0 Uncommon trap: trap_request=0xffffffc6 fr.pc=0x00000192b7a9da54 relative=0x00000000000001d4
Event: 6.842 Thread 0x00000192a5113cb0 Uncommon trap: reason=bimorphic_or_optimized_type_check action=maybe_recompile pc=0x00000192b7a9da54 method=jdk.internal.classfile.impl.AbstractPoolEntry.maybeClone(Ljava/lang/classfile/constantpool/ConstantPoolBuilder;Ljava/lang/classfile/constantpool/Po
Event: 6.842 Thread 0x00000192a5113cb0 DEOPT PACKING pc=0x00000192b7a9da54 sp=0x00000027188fb4f0
Event: 6.842 Thread 0x00000192a5113cb0 DEOPT UNPACKING pc=0x00000192b74e857c sp=0x00000027188fb428 mode 2
Event: 6.871 Thread 0x00000192a5113cb0 Uncommon trap: trap_request=0xffffff45 fr.pc=0x00000192b7b25ef0 relative=0x00000000000000f0
Event: 6.871 Thread 0x00000192a5113cb0 Uncommon trap: reason=unstable_if action=reinterpret pc=0x00000192b7b25ef0 method=jdk.nio.zipfs.ZipConstants.pkSigAt([BIII)Z @ 5 c2
Event: 6.871 Thread 0x00000192a5113cb0 DEOPT PACKING pc=0x00000192b7b25ef0 sp=0x00000027188fd710
Event: 6.871 Thread 0x00000192a5113cb0 DEOPT UNPACKING pc=0x00000192b74e857c sp=0x00000027188fd6b8 mode 2

Classes loaded (20 events):
Event: 6.841 Loading class java/nio/file/attribute/FileOwnerAttributeView done
Event: 6.841 Loading class java/nio/file/attribute/PosixFileAttributeView done
Event: 6.843 Loading class sun/nio/fs/WindowsAclFileAttributeView
Event: 6.844 Loading class sun/nio/fs/AbstractAclFileAttributeView
Event: 6.844 Loading class java/nio/file/attribute/AclFileAttributeView
Event: 6.844 Loading class java/nio/file/attribute/AclFileAttributeView done
Event: 6.844 Loading class sun/nio/fs/AbstractAclFileAttributeView done
Event: 6.844 Loading class sun/nio/fs/WindowsAclFileAttributeView done
Event: 6.845 Loading class sun/nio/fs/WindowsSecurity
Event: 6.845 Loading class sun/nio/fs/WindowsSecurity done
Event: 6.847 Loading class java/nio/file/ClosedDirectoryStreamException
Event: 6.847 Loading class java/nio/file/ClosedDirectoryStreamException done
Event: 6.847 Loading class java/nio/file/DirectoryIteratorException
Event: 6.847 Loading class java/nio/file/DirectoryIteratorException done
Event: 6.862 Loading class java/util/TreeMap$KeySpliterator
Event: 6.863 Loading class java/util/TreeMap$TreeMapSpliterator
Event: 6.863 Loading class java/util/TreeMap$TreeMapSpliterator done
Event: 6.863 Loading class java/util/TreeMap$KeySpliterator done
Event: 6.939 Loading class java/util/regex/PatternSyntaxException
Event: 6.940 Loading class java/util/regex/PatternSyntaxException done

Classes unloaded (0 events):
No events

Classes redefined (0 events):
No events

Internal exceptions (20 events):
Event: 5.384 Thread 0x00000192a5113cb0 Implicit null exception at 0x00000192b7a723c8 to 0x00000192b7a725a0
Event: 5.384 Thread 0x00000192a5113cb0 Implicit null exception at 0x00000192b7abed39 to 0x00000192b7abf390
Event: 5.388 Thread 0x00000192a5113cb0 Exception <a 'java/lang/NoSuchMethodError'{0x00000000c67c2908}: 'void java.lang.invoke.DirectMethodHandle$Holder.invokeStatic(java.lang.Object, java.lang.Object, java.lang.Object, java.lang.Object)'> (0x00000000c67c2908) 
thrown [s\src\hotspot\share\interpreter\linkResolver.cpp, line 804]
Event: 5.511 Thread 0x00000192a5113cb0 Exception <a 'java/lang/NoSuchMethodError'{0x00000000c645d430}: 'java.lang.Object java.lang.invoke.DirectMethodHandle$Holder.newInvokeSpecial(java.lang.Object, java.lang.Object, java.lang.Object, java.lang.Object, java.lang.Object, java.lang.Object, java.lang.Object)'> (0x00000000c645d430) 
thrown [s\src\hotspot\share\interpreter\linkResolver.cpp, line 804]
Event: 5.979 Thread 0x00000192a5113cb0 Exception <a 'java/lang/NoSuchMethodError'{0x00000000c5a45b68}: 'int java.lang.invoke.DirectMethodHandle$Holder.invokeVirtual(java.lang.Object, java.lang.Object)'> (0x00000000c5a45b68) 
thrown [s\src\hotspot\share\interpreter\linkResolver.cpp, line 804]
Event: 6.022 Thread 0x00000192a5113cb0 Exception <a 'java/lang/NoSuchMethodError'{0x00000000c5972ed8}: 'void java.lang.invoke.Invokers$Holder.invokeExact_MT(java.lang.Object, java.lang.Object, int, java.lang.Object)'> (0x00000000c5972ed8) 
thrown [s\src\hotspot\share\interpreter\linkResolver.cpp, line 804]
Event: 6.523 Thread 0x00000192a5113cb0 Exception <a 'java/io/IOException'{0x00000000c6c4ba90}> (0x00000000c6c4ba90) 
thrown [s\src\hotspot\share\prims\jni.cpp, line 516]
Event: 6.524 Thread 0x00000192a5113cb0 Exception <a 'java/io/IOException'{0x00000000c6c4c1a0}> (0x00000000c6c4c1a0) 
thrown [s\src\hotspot\share\prims\jni.cpp, line 516]
Event: 6.543 Thread 0x00000192a5113cb0 Exception <a 'sun/nio/fs/WindowsException'{0x00000000c6cad800}> (0x00000000c6cad800) 
thrown [s\src\hotspot\share\prims\jni.cpp, line 516]
Event: 6.543 Thread 0x00000192a5113cb0 Exception <a 'sun/nio/fs/WindowsException'{0x00000000c6cade88}> (0x00000000c6cade88) 
thrown [s\src\hotspot\share\prims\jni.cpp, line 516]
Event: 6.549 Thread 0x00000192a5113cb0 Exception <a 'java/io/IOException'{0x00000000c6cbfac0}> (0x00000000c6cbfac0) 
thrown [s\src\hotspot\share\prims\jni.cpp, line 516]
Event: 6.550 Thread 0x00000192a5113cb0 Exception <a 'java/io/IOException'{0x00000000c6cc0200}> (0x00000000c6cc0200) 
thrown [s\src\hotspot\share\prims\jni.cpp, line 516]
Event: 6.551 Thread 0x00000192a5113cb0 Exception <a 'java/io/IOException'{0x00000000c6cc0930}> (0x00000000c6cc0930) 
thrown [s\src\hotspot\share\prims\jni.cpp, line 516]
Event: 6.555 Thread 0x00000192a5113cb0 Exception <a 'sun/nio/fs/WindowsException'{0x00000000c6cc1630}> (0x00000000c6cc1630) 
thrown [s\src\hotspot\share\prims\jni.cpp, line 516]
Event: 6.571 Thread 0x00000192a5113cb0 Exception <a 'java/lang/IncompatibleClassChangeError'{0x00000000c6b06348}: Found class java.lang.Object, but interface was expected> (0x00000000c6b06348) 
thrown [s\src\hotspot\share\interpreter\linkResolver.cpp, line 871]
Event: 6.573 Thread 0x00000192a5113cb0 Exception <a 'java/lang/NoSuchMethodError'{0x00000000c6b158e0}: 'void java.lang.invoke.DirectMethodHandle$Holder.invokeInterface(java.lang.Object, java.lang.Object, java.lang.Object)'> (0x00000000c6b158e0) 
thrown [s\src\hotspot\share\interpreter\linkResolver.cpp, line 804]
Event: 6.711 Thread 0x00000192a5113cb0 Exception <a 'java/lang/NoSuchMethodError'{0x00000000c6a8dda8}: 'int java.lang.invoke.DirectMethodHandle$Holder.invokeInterface(java.lang.Object, java.lang.Object)'> (0x00000000c6a8dda8) 
thrown [s\src\hotspot\share\interpreter\linkResolver.cpp, line 804]
Event: 6.722 Thread 0x00000192a5113cb0 Exception <a 'java/lang/NoSuchMethodError'{0x00000000c6ae4050}: 'int java.lang.invoke.DirectMethodHandle$Holder.invokeVirtual(java.lang.Object, java.lang.Object, java.lang.Object)'> (0x00000000c6ae4050) 
thrown [s\src\hotspot\share\interpreter\linkResolver.cpp, line 804]
Event: 6.978 Thread 0x00000192a5113cb0 Exception <a 'sun/nio/fs/WindowsException'{0x00000000c60ebf98}> (0x00000000c60ebf98) 
thrown [s\src\hotspot\share\prims\jni.cpp, line 516]
Event: 7.176 Thread 0x00000192a5113cb0 Exception <a 'java/lang/NoSuchMethodError'{0x00000000c5e1ef20}: 'java.lang.Object java.lang.invoke.DirectMethodHandle$Holder.newInvokeSpecial(java.lang.Object, java.lang.Object, int)'> (0x00000000c5e1ef20) 
thrown [s\src\hotspot\share\interpreter\linkResolver.cpp, line 804]

VM Operations (20 events):
Event: 4.955 Executing safepoint VM operation: G1CollectForAllocation (G1 Evacuation Pause)
Event: 4.978 Executing safepoint VM operation: G1CollectForAllocation (G1 Evacuation Pause) done
Event: 6.020 Executing non-safepoint VM operation: HandshakeAllThreads (Deoptimize)
Event: 6.021 Executing non-safepoint VM operation: HandshakeAllThreads (Deoptimize) done
Event: 6.427 Executing safepoint VM operation: G1CollectForAllocation (G1 Evacuation Pause)
Event: 6.444 Executing safepoint VM operation: G1CollectForAllocation (G1 Evacuation Pause) done
Event: 6.630 Executing non-safepoint VM operation: HandshakeAllThreads (Deoptimize)
Event: 6.630 Executing non-safepoint VM operation: HandshakeAllThreads (Deoptimize) done
Event: 6.708 Executing non-safepoint VM operation: HandshakeAllThreads (Deoptimize)
Event: 6.708 Executing non-safepoint VM operation: HandshakeAllThreads (Deoptimize) done
Event: 6.741 Executing non-safepoint VM operation: HandshakeAllThreads (Deoptimize)
Event: 6.741 Executing non-safepoint VM operation: HandshakeAllThreads (Deoptimize) done
Event: 6.838 Executing non-safepoint VM operation: HandshakeAllThreads (Deoptimize)
Event: 6.838 Executing non-safepoint VM operation: HandshakeAllThreads (Deoptimize) done
Event: 6.840 Executing non-safepoint VM operation: HandshakeAllThreads (Deoptimize)
Event: 6.840 Executing non-safepoint VM operation: HandshakeAllThreads (Deoptimize) done
Event: 7.176 Executing safepoint VM operation: CollectForMetadataAllocation (Metadata GC Threshold)
Event: 7.193 Executing safepoint VM operation: CollectForMetadataAllocation (Metadata GC Threshold) done
Event: 7.375 Executing safepoint VM operation: G1PauseRemark
Event: 7.397 Executing safepoint VM operation: G1PauseRemark done

Memory protections (0 events):
No events

Nmethod flushes (0 events):
No events

Events (13 events):
Event: 0.054 Thread 0x00000192a5113cb0 Thread added: 0x00000192a5113cb0
Event: 0.081 Thread 0x00000192a5113cb0 Thread added: 0x00000192c21c6f30
Event: 0.081 Thread 0x00000192a5113cb0 Thread added: 0x00000192c21c7f10
Event: 0.082 Thread 0x00000192a5113cb0 Thread added: 0x00000192c21cfe80
Event: 0.082 Thread 0x00000192a5113cb0 Thread added: 0x00000192c21d4780
Event: 0.082 Thread 0x00000192a5113cb0 Thread added: 0x00000192c21d4f40
Event: 0.082 Thread 0x00000192a5113cb0 Thread added: 0x00000192c21d5880
Event: 0.083 Thread 0x00000192a5113cb0 Thread added: 0x00000192c21d7b90
Event: 0.083 Thread 0x00000192a5113cb0 Thread added: 0x00000192c21df3e0
Event: 0.110 Thread 0x00000192a5113cb0 Thread added: 0x00000192c2321020
Event: 0.114 Thread 0x00000192a5113cb0 Thread added: 0x00000192c2327c50
Event: 0.456 Thread 0x00000192a5113cb0 Thread added: 0x00000192c2649af0
Event: 0.568 Thread 0x00000192c2649af0 Thread exited: 0x00000192c2649af0


Dynamic libraries:
0x00007ff62c310000 - 0x00007ff62c31e000 	C:\Program Files\Apache NetBeans\jdk\bin\java.exe
0x00007ffea5cb0000 - 0x00007ffea5ec7000 	C:\WINDOWS\SYSTEM32\ntdll.dll
0x00007ffe7d820000 - 0x00007ffe7d841000 	C:\Program Files\Norton\Suite\aswhook.dll
0x00007ffea4730000 - 0x00007ffea47f4000 	C:\WINDOWS\System32\KERNEL32.DLL
0x00007ffea3570000 - 0x00007ffea392a000 	C:\WINDOWS\System32\KERNELBASE.dll
0x00007ffea3450000 - 0x00007ffea3561000 	C:\WINDOWS\System32\ucrtbase.dll
0x00007ffe9d2d0000 - 0x00007ffe9d2e6000 	C:\Program Files\Apache NetBeans\jdk\bin\jli.dll
0x00007ffe9d8b0000 - 0x00007ffe9d8ce000 	C:\Program Files\Apache NetBeans\jdk\bin\VCRUNTIME140.dll
0x00007ffea50d0000 - 0x00007ffea527e000 	C:\WINDOWS\System32\USER32.dll
0x00007ffea3170000 - 0x00007ffea3196000 	C:\WINDOWS\System32\win32u.dll
0x00007ffea3b90000 - 0x00007ffea3bb9000 	C:\WINDOWS\System32\GDI32.dll
0x00007ffea31a0000 - 0x00007ffea32bb000 	C:\WINDOWS\System32\gdi32full.dll
0x00007ffea32c0000 - 0x00007ffea335a000 	C:\WINDOWS\System32\msvcp_win.dll
0x00007ffe8fc40000 - 0x00007ffe8fed2000 	C:\WINDOWS\WinSxS\amd64_microsoft.windows.common-controls_6595b64144ccf1df_6.0.22621.4541_none_2710d1c57384c085\COMCTL32.dll
0x00007ffea4ac0000 - 0x00007ffea4b67000 	C:\WINDOWS\System32\msvcrt.dll
0x00007ffea4a80000 - 0x00007ffea4ab1000 	C:\WINDOWS\System32\IMM32.DLL
0x00007ffe9dc20000 - 0x00007ffe9dc2c000 	C:\Program Files\Apache NetBeans\jdk\bin\vcruntime140_1.dll
0x00007ffe71620000 - 0x00007ffe716ad000 	C:\Program Files\Apache NetBeans\jdk\bin\msvcp140.dll
0x00007ffe46b10000 - 0x00007ffe47a36000 	C:\Program Files\Apache NetBeans\jdk\bin\server\jvm.dll
0x00007ffea4910000 - 0x00007ffea49c2000 	C:\WINDOWS\System32\ADVAPI32.dll
0x00007ffea3f60000 - 0x00007ffea4007000 	C:\WINDOWS\System32\sechost.dll
0x00007ffea3420000 - 0x00007ffea3448000 	C:\WINDOWS\System32\bcrypt.dll
0x00007ffea4510000 - 0x00007ffea4624000 	C:\WINDOWS\System32\RPCRT4.dll
0x00007ffea4010000 - 0x00007ffea4081000 	C:\WINDOWS\System32\WS2_32.dll
0x00007ffea2ca0000 - 0x00007ffea2ced000 	C:\WINDOWS\SYSTEM32\POWRPROF.dll
0x00007ffe7d790000 - 0x00007ffe7d7c4000 	C:\WINDOWS\SYSTEM32\WINMM.dll
0x00007ffe9a790000 - 0x00007ffe9a79a000 	C:\WINDOWS\SYSTEM32\VERSION.dll
0x00007ffea2bd0000 - 0x00007ffea2be3000 	C:\WINDOWS\SYSTEM32\UMPDC.dll
0x00007ffea1f80000 - 0x00007ffea1f98000 	C:\WINDOWS\SYSTEM32\kernel.appcore.dll
0x00007ffe9dc10000 - 0x00007ffe9dc1a000 	C:\Program Files\Apache NetBeans\jdk\bin\jimage.dll
0x00007ffea0980000 - 0x00007ffea0bb2000 	C:\WINDOWS\SYSTEM32\DBGHELP.DLL
0x00007ffea4090000 - 0x00007ffea441f000 	C:\WINDOWS\System32\combase.dll
0x00007ffea4420000 - 0x00007ffea44f7000 	C:\WINDOWS\System32\OLEAUT32.dll
0x00007ffe986e0000 - 0x00007ffe98712000 	C:\WINDOWS\SYSTEM32\dbgcore.DLL
0x00007ffea30f0000 - 0x00007ffea316b000 	C:\WINDOWS\System32\bcryptPrimitives.dll
0x00007ffe9d580000 - 0x00007ffe9d59e000 	C:\Program Files\Apache NetBeans\jdk\bin\java.dll
0x00007ffea3db0000 - 0x00007ffea3f55000 	C:\WINDOWS\System32\ole32.dll
0x00007ffea5280000 - 0x00007ffea5af8000 	C:\WINDOWS\System32\SHELL32.dll
0x00007ffea0e70000 - 0x00007ffea1778000 	C:\WINDOWS\SYSTEM32\windows.storage.dll
0x00007ffea0d30000 - 0x00007ffea0e6f000 	C:\WINDOWS\SYSTEM32\wintypes.dll
0x00007ffea4630000 - 0x00007ffea472a000 	C:\WINDOWS\System32\SHCORE.dll
0x00007ffea3d50000 - 0x00007ffea3dae000 	C:\WINDOWS\System32\shlwapi.dll
0x00007ffea2eb0000 - 0x00007ffea2edb000 	C:\WINDOWS\SYSTEM32\profapi.dll
0x00007ffe98100000 - 0x00007ffe98111000 	C:\Program Files\Apache NetBeans\jdk\bin\net.dll
0x00007ffea23f0000 - 0x00007ffea2459000 	C:\WINDOWS\system32\mswsock.dll
0x00007ffe98030000 - 0x00007ffe98046000 	C:\Program Files\Apache NetBeans\jdk\bin\nio.dll
0x00007ffe9b680000 - 0x00007ffe9b697000 	C:\Program Files\Apache NetBeans\jdk\bin\zip.dll
0x00007ffe8ef30000 - 0x00007ffe8ef54000 	C:\Program Files\Apache NetBeans\java\maven\lib\jansi-native\Windows\x86_64\jansi.dll
0x00007ffe9d5d0000 - 0x00007ffe9d5e0000 	C:\Program Files\Apache NetBeans\jdk\bin\verify.dll

JVMTI agents: none

dbghelp: loaded successfully - version: 4.0.5 - missing functions: none
symbol engine: initialized successfully - sym options: 0x614 - pdb path: .;C:\Program Files\Apache NetBeans\jdk\bin;C:\WINDOWS\SYSTEM32;C:\Program Files\Norton\Suite;C:\WINDOWS\WinSxS\amd64_microsoft.windows.common-controls_6595b64144ccf1df_6.0.22621.4541_none_2710d1c57384c085;C:\Program Files\Apache NetBeans\jdk\bin\server;C:\Program Files\Apache NetBeans\java\maven\lib\jansi-native\Windows\x86_64

VM Arguments:
jvm_args: --enable-native-access=ALL-UNNAMED -Dclassworlds.conf=C:\Program Files\Apache NetBeans\java\maven\bin\m2.conf -Dmaven.home=C:\Program Files\Apache NetBeans\java\maven -Dlibrary.jansi.path=C:\Program Files\Apache NetBeans\java\maven\lib\jansi-native -Dmaven.multiModuleProjectDirectory=C:\Users\ndhla\Desktop\MLUNGISI ROSEBANK\prog5121part1 
java_command: org.codehaus.plexus.classworlds.launcher.Launcher -Dexec.vmArgs= -Dexec.args=${exec.vmArgs} -classpath %classpath ${exec.mainClass} ${exec.appArgs} -Dexec.appArgs= -Dexec.mainClass=com.mycompany.prog5121part1.Prog5121part1 -Dexec.executable=C:\Program Files\Apache NetBeans\jdk\bin\java.exe -Dmaven.ext.class.path=C:\Program Files\Apache NetBeans\java\maven-nblib\netbeans-eventspy.jar --no-transfer-progress process-classes org.codehaus.mojo:exec-maven-plugin:3.5.1:exec
java_class_path (initial): C:\Program Files\Apache NetBeans\java\maven\boot\plexus-classworlds-2.9.0.jar
Launcher Type: SUN_STANDARD

[Global flags]
     intx CICompilerCount                          = 2                                         {product} {ergonomic}
     uint ConcGCThreads                            = 1                                         {product} {ergonomic}
     uint G1ConcRefinementThreads                  = 2                                         {product} {ergonomic}
   size_t G1HeapRegionSize                         = 1048576                                   {product} {ergonomic}
   size_t InitialHeapSize                          = 65011712                                  {product} {ergonomic}
   size_t MarkStackSize                            = 4194304                                   {product} {ergonomic}
   size_t MarkStackSizeMax                         = 536870912                                 {product} {ergonomic}
   size_t MaxHeapSize                              = 1023410176                                {product} {ergonomic}
   size_t MaxNewSize                               = 613416960                                 {product} {ergonomic}
   size_t MinHeapDeltaBytes                        = 1048576                                   {product} {ergonomic}
   size_t MinHeapSize                              = 8388608                                   {product} {ergonomic}
    uintx NonNMethodCodeHeapSize                   = 5767168                                {pd product} {ergonomic}
    uintx NonProfiledCodeHeapSize                  = 123011072                              {pd product} {ergonomic}
    uintx ProfiledCodeHeapSize                     = 122880000                              {pd product} {ergonomic}
    uintx ReservedCodeCacheSize                    = 251658240                              {pd product} {ergonomic}
     bool SegmentedCodeCache                       = true                                      {product} {ergonomic}
   size_t SoftMaxHeapSize                          = 1023410176                             {manageable} {ergonomic}
     bool UseCompressedOops                        = true                           {product lp64_product} {ergonomic}
     bool UseG1GC                                  = true                                      {product} {ergonomic}
     bool UseLargePagesIndividualAllocation        = false                                  {pd product} {ergonomic}

Logging:
Log output configuration:
 #0: stdout all=warning uptime,level,tags foldmultilines=false
 #1: stderr all=off uptime,level,tags foldmultilines=false

Release file:
IMPLEMENTOR="Eclipse Adoptium" 
IMPLEMENTOR_VERSION="Temurin-25.0.2+10" 
JAVA_RUNTIME_VERSION="25.0.2+10-LTS" 
JAVA_VERSION="25.0.2" 
JAVA_VERSION_DATE="2026-01-20" 
LIBC="default" 
MODULES="java.base java.compiler java.datatransfer java.xml java.prefs java.desktop java.instrument java.logging java.management java.security.sasl java.naming java.rmi java.management.rmi java.net.http java.scripting java.security.jgss java.transaction.xa java.sql java.sql.rowset java.xml.crypto java.se java.smartcardio jdk.accessibility jdk.internal.jvmstat jdk.attach jdk.charsets jdk.internal.opt jdk.zipfs jdk.compiler jdk.crypto.cryptoki jdk.crypto.ec jdk.crypto.mscapi jdk.dynalink jdk.internal.ed jdk.editpad jdk.internal.vm.ci jdk.graal.compiler jdk.graal.compiler.management jdk.hotspot.agent jdk.httpserver jdk.incubator.vector jdk.internal.le jdk.internal.md jdk.jartool jdk.javadoc jdk.jcmd jdk.management jdk.management.agent jdk.jconsole jdk.jdeps jdk.jdwp.agent jdk.jdi jdk.jfr jdk.jlink jdk.jpackage jdk.jshell jdk.jsobject jdk.jstatd jdk.localedata jdk.management.jfr jdk.naming.dns jdk.naming.rmi jdk.net jdk.nio.mapmode jdk.sctp jdk.security.auth jdk.security.jgss jdk.unsupported jdk.unsupported.desktop jdk.xml.dom" 
OS_ARCH="x86_64" 
OS_NAME="Windows" 
SOURCE=".:git:9e3c947043a4" 
BUILD_SOURCE="git:458965074606f027bd5afce2cfd5c1055dea0438"
BUILD_SOURCE_REPO="https://github.com/adoptium/temurin-build.git"
SOURCE_REPO="https://github.com/adoptium/jdk25u.git"
FULL_VERSION="25.0.2+10-LTS"
SEMANTIC_VERSION="25.0.2+10"
BUILD_INFO="OS: Windows Server 2022 Version: 10.0"
JVM_VARIANT="Hotspot"
JVM_VERSION="25.0.2+10-LTS"
IMAGE_TYPE="JDK"

Environment Variables:
JAVA_HOME=C:\Program Files\Apache NetBeans\jdk
PATH=C:\Program Files\Common Files\Oracle\Java\javapath;C:\WINDOWS\system32;C:\WINDOWS;C:\WINDOWS\System32\Wbem;C:\WINDOWS\System32\WindowsPowerShell\v1.0\;C:\WINDOWS\System32\OpenSSH\;C:\Users\ndhla\AppData\Local\Microsoft\WindowsApps;;C:\Program Files\Apache NetBeans\bin\
USERNAME=ndhla
OS=Windows_NT
PROCESSOR_IDENTIFIER=Intel64 Family 6 Model 122 Stepping 8, GenuineIntel
TMP=C:\Users\ndhla\AppData\Local\Temp
TEMP=C:\Users\ndhla\AppData\Local\Temp




Compilation memory statistics disabled.

Periodic native trim disabled

---------------  S Y S T E M  ---------------

OS:
 Windows 11 , 64 bit Build 22621 (10.0.22621.4391)
OS uptime: 4 days 1:27 hours
Hyper-V role detected

CPU: total 2 (initial active 2) (2 cores per cpu, 1 threads per core) family 6 model 122 stepping 8 microcode 0x18, cx8, cmov, fxsr, mmx, 3dnowpref, sse, sse2, sse3, ssse3, sse4.1, sse4.2, popcnt, tsc, tscinvbit, aes, erms, clmul, sha, clflush, clflushopt, hv, rdtscp, rdpid
Processor Information for the first 2 processors :
  Max Mhz: 1101, Current Mhz: 1101, Mhz Limit: 1101

Memory: 4k page, system-wide physical 3902M (284M free)
TotalPageFile size 9845M (AvailPageFile size 9M)
current process WorkingSet (physical memory assigned to process): 161M, peak: 161M
current process commit charge ("private bytes"): 189M, peak: 201M

vm_info: OpenJDK 64-Bit Server VM (25.0.2+10-LTS) for windows-amd64 JRE (25.0.2+10-LTS), built on 2026-01-20T00:00:00Z with MS VC++ 17.12 (VS2022)

END.
