#
# There is insufficient memory for the Java Runtime Environment to continue.
# Native memory allocation (malloc) failed to allocate 1568344 bytes. Error detail: Chunk::new
# Possible reasons:
#   The system is out of physical RAM or swap space
#   This process is running with CompressedOops enabled, and the Java Heap may be blocking the growth of the native heap
# Possible solutions:
#   Reduce memory load on the system
#   Increase physical memory or swap space
#   Check if swap backing store is full
#   Decrease Java heap size (-Xmx/-Xms)
#   Decrease number of Java threads
#   Decrease Java thread stack sizes (-Xss)
#   Set larger code cache with -XX:ReservedCodeCacheSize=
#   JVM is running with Unscaled Compressed Oops mode in which the Java heap is
#     placed in the first 4GB address space. The Java Heap base address is the
#     maximum limit for the native heap growth. Please use -XX:HeapBaseMinAddress
#     to set the Java Heap base and to place the Java Heap above 4GB virtual address.
# This output file may be truncated or incomplete.
#
#  Out of Memory Error (arena.cpp:186), pid=11416, tid=3976
#
# JRE version: OpenJDK Runtime Environment Temurin-25.0.2+10 (25.0.2+10) (build 25.0.2+10-LTS)
# Java VM: OpenJDK 64-Bit Server VM Temurin-25.0.2+10 (25.0.2+10-LTS, mixed mode, sharing, tiered, compressed oops, compressed class ptrs, g1 gc, windows-amd64)
# No core dump will be written. Minidumps are not enabled by default on client versions of Windows
#

---------------  S U M M A R Y ------------

Command Line: --enable-native-access=ALL-UNNAMED -Dclassworlds.conf=C:\Program Files\Apache NetBeans\java\maven\bin\m2.conf -Dmaven.home=C:\Program Files\Apache NetBeans\java\maven -Dlibrary.jansi.path=C:\Program Files\Apache NetBeans\java\maven\lib\jansi-native -Dmaven.multiModuleProjectDirectory=C:\Users\ndhla\Desktop\MLUNGISI ROSEBANK\prog5121part1 org.codehaus.plexus.classworlds.launcher.Launcher -Dexec.vmArgs= -Dexec.args=${exec.vmArgs} -classpath %classpath ${exec.mainClass} ${exec.appArgs} -Dexec.appArgs= -Dexec.mainClass=com.mycompany.prog5121part1.Prog5121part1 -Dexec.executable=C:\Program Files\Apache NetBeans\jdk\bin\java.exe -Dmaven.ext.class.path=C:\Program Files\Apache NetBeans\java\maven-nblib\netbeans-eventspy.jar --no-transfer-progress process-classes org.codehaus.mojo:exec-maven-plugin:3.5.1:exec

Host: Intel(R) Celeron(R) N4020 CPU @ 1.10GHz, 2 cores, 3G,  Windows 11 , 64 bit Build 22621 (10.0.22621.4391)
Time: Fri May  1 17:41:38 2026 South Africa Standard Time elapsed time: 9.273177 seconds (0d 0h 0m 9s)

---------------  T H R E A D  ---------------

Current thread (0x0000025946b7d220):  JavaThread "C2 CompilerThread0" daemon [_thread_in_native, id=3976, stack(0x0000007b4dd00000,0x0000007b4de00000) (1024K)]


Current CompileTask:
C2:9273 2765       4       com.google.inject.internal.MoreTypes::canonicalize (143 bytes)

Stack: [0x0000007b4dd00000,0x0000007b4de00000]
Native frames: (J=compiled Java code, j=interpreted, Vv=VM code, C=native code)
V  [jvm.dll+0x7a8bc9]  (no source info available)
V  [jvm.dll+0x77310d]  (no source info available)
V  [jvm.dll+0x9f55f3]  (no source info available)
V  [jvm.dll+0x9f7be1]  (no source info available)
V  [jvm.dll+0x9f82f3]  (no source info available)
V  [jvm.dll+0x2fce26]  (no source info available)
V  [jvm.dll+0x111076]  (no source info available)
V  [jvm.dll+0x11139e]  (no source info available)
V  [jvm.dll+0x19fff2]  (no source info available)
V  [jvm.dll+0x3b5f62]  (no source info available)
V  [jvm.dll+0x7ae53c]  (no source info available)
V  [jvm.dll+0x2c0407]  (no source info available)
V  [jvm.dll+0x2bf3cf]  (no source info available)
V  [jvm.dll+0x237140]  (no source info available)
V  [jvm.dll+0x2cf4c6]  (no source info available)
V  [jvm.dll+0x2cd74a]  (no source info available)
V  [jvm.dll+0x48fbee]  (no source info available)
V  [jvm.dll+0x996b0d]  (no source info available)
V  [jvm.dll+0x7a71a5]  (no source info available)
C  [ucrtbase.dll+0x29333]  (no source info available)
C  [KERNEL32.DLL+0x1259d]  (no source info available)
C  [ntdll.dll+0x5af38]  (no source info available)

Lock stack of current Java thread (top to bottom):


---------------  P R O C E S S  ---------------

Threads class SMR info:
_java_thread_list=0x000002594b8a8580, length=11, elements={
0x0000025929b00d20, 0x0000025946b73540, 0x0000025946b74d30, 0x0000025946b76a50,
0x0000025946b77610, 0x0000025946b781d0, 0x0000025946b7b320, 0x0000025946b7d220,
0x0000025946b85e60, 0x000002594b039db0, 0x000002594b03c9d0
}

Java Threads: ( => current thread )
  0x0000025929b00d20 JavaThread "main"                              [_thread_in_vm, id=10760, stack(0x0000007b4cf00000,0x0000007b4d000000) (1024K)]
  0x0000025946b73540 JavaThread "Reference Handler"          daemon [_thread_blocked, id=9000, stack(0x0000007b4d700000,0x0000007b4d800000) (1024K)]
  0x0000025946b74d30 JavaThread "Finalizer"                  daemon [_thread_blocked, id=17824, stack(0x0000007b4d800000,0x0000007b4d900000) (1024K)]
  0x0000025946b76a50 JavaThread "Signal Dispatcher"          daemon [_thread_blocked, id=6276, stack(0x0000007b4d900000,0x0000007b4da00000) (1024K)]
  0x0000025946b77610 JavaThread "Attach Listener"            daemon [_thread_blocked, id=12604, stack(0x0000007b4da00000,0x0000007b4db00000) (1024K)]
  0x0000025946b781d0 JavaThread "Service Thread"             daemon [_thread_blocked, id=8052, stack(0x0000007b4db00000,0x0000007b4dc00000) (1024K)]
  0x0000025946b7b320 JavaThread "Monitor Deflation Thread"   daemon [_thread_blocked, id=3964, stack(0x0000007b4dc00000,0x0000007b4dd00000) (1024K)]
=>0x0000025946b7d220 JavaThread "C2 CompilerThread0"         daemon [_thread_in_native, id=3976, stack(0x0000007b4dd00000,0x0000007b4de00000) (1024K)]
  0x0000025946b85e60 JavaThread "C1 CompilerThread0"         daemon [_thread_blocked, id=21324, stack(0x0000007b4de00000,0x0000007b4df00000) (1024K)]
  0x000002594b039db0 JavaThread "Notification Thread"        daemon [_thread_blocked, id=14624, stack(0x0000007b4df00000,0x0000007b4e000000) (1024K)]
  0x000002594b03c9d0 JavaThread "Common-Cleaner"             daemon [_thread_blocked, id=10756, stack(0x0000007b4e000000,0x0000007b4e100000) (1024K)]
Total: 11

Other Threads:
  0x0000025946b66fb0 VMThread "VM Thread"                           [id=11696, stack(0x0000007b4d600000,0x0000007b4d700000) (1024K)]
  0x0000025946b5c180 WatcherThread "VM Periodic Task Thread"        [id=9700, stack(0x0000007b4d500000,0x0000007b4d600000) (1024K)]
  0x000002592be3eaf0 WorkerThread "GC Thread#0"                     [id=5580, stack(0x0000007b4d000000,0x0000007b4d100000) (1024K)]
  0x000002594baf16b0 WorkerThread "GC Thread#1"                     [id=14772, stack(0x0000007b4e200000,0x0000007b4e300000) (1024K)]
  0x000002592be4b2c0 ConcurrentGCThread "G1 Main Marker"            [id=16156, stack(0x0000007b4d100000,0x0000007b4d200000) (1024K)]
  0x000002592be4be60 WorkerThread "G1 Conc#0"                       [id=14028, stack(0x0000007b4d200000,0x0000007b4d300000) (1024K)]
  0x000002592be67810 ConcurrentGCThread "G1 Refine#0"               [id=14720, stack(0x0000007b4d300000,0x0000007b4d400000) (1024K)]
  0x000002592be69230 ConcurrentGCThread "G1 Service"                [id=1336, stack(0x0000007b4d400000,0x0000007b4d500000) (1024K)]
Total: 8

Threads with active compile tasks:
C2 CompilerThread0  9509 2765       4       com.google.inject.internal.MoreTypes::canonicalize (143 bytes)
Total: 1

VM state: not at safepoint (normal execution)

VM Mutex/Monitor currently owned by a thread: None

Heap address: 0x00000000c3000000, size: 976 MB, Compressed Oops mode: 32-bit

CDS archive(s) mapped at: [0x000000002a000000-0x000000002add0000-0x000000002add0000), size 14483456, SharedBaseAddress: 0x000000002a000000, ArchiveRelocationMode: 1.
Compressed class space mapped at: 0x000000002b000000-0x000000006b000000, reserved size: 1073741824
UseCompressedClassPointers 1, UseCompactObjectHeaders 0
Narrow klass pointer bits 32, Max shift 3
Narrow klass base: 0x000000002a000000, Narrow klass shift: 0
Encoding Range: [0x000000002a000000 - 0x000000012a000000), (4294967296 bytes)
Klass Range:    [0x000000002a010000 - 0x000000006b000000), (1090453504 bytes)
Klass ID Range:  [65536 - 1090519033) (1090453497)
Protection zone: [0x000000002a000000 - 0x000000002a010000), (65536 bytes)

GC Precious Log:
 CardTable entry size: 512
 Card Set container configuration: InlinePtr #cards 5 size 8 Array Of Cards #cards 10 size 36 Howl #buckets 4 coarsen threshold 1843 Howl Bitmap #cards 512 size 80 coarsen threshold 460 Card regions per heap region 1 cards per card region 2048
 CPUs: 2 total, 2 available
 Memory: 3902M
 Large Page Support: Disabled
 NUMA Support: Disabled
 Compressed Oops: Enabled (32-bit)
 Heap Region Size: 1M
 Heap Min Capacity: 8M
 Heap Initial Capacity: 62M
 Heap Max Capacity: 976M
 Pre-touch: Disabled
 Parallel Workers: 2
 Concurrent Workers: 1
 Concurrent Refinement Workers: 2
 Periodic GC: Disabled

Heap:
 garbage-first heap   total reserved 999424K, committed 65536K, used 29819K [0x00000000c3000000, 0x0000000100000000)
  region size 1024K, 29 young (29696K), 4 survivors (4096K)

Heap Regions: E=young(eden), S=young(survivor), O=old, HS=humongous(starts), HC=humongous(continues), CS=collection set, F=free, TAMS=top-at-mark-start, PB=parsable bottom
|   0|0x00000000c3000000, 0x00000000c30a5430, 0x00000000c3100000| 64%| O|  |TAMS 0x00000000c3000000| PB 0x00000000c3000000| Untracked |  0
|   1|0x00000000c3100000, 0x00000000c3100000, 0x00000000c3200000|  0%| F|  |TAMS 0x00000000c3100000| PB 0x00000000c3100000| Untracked |  0
|   2|0x00000000c3200000, 0x00000000c3200000, 0x00000000c3300000|  0%| F|  |TAMS 0x00000000c3200000| PB 0x00000000c3200000| Untracked |  0
|   3|0x00000000c3300000, 0x00000000c3300000, 0x00000000c3400000|  0%| F|  |TAMS 0x00000000c3300000| PB 0x00000000c3300000| Untracked |  0
|   4|0x00000000c3400000, 0x00000000c3400000, 0x00000000c3500000|  0%| F|  |TAMS 0x00000000c3400000| PB 0x00000000c3400000| Untracked |  0
|   5|0x00000000c3500000, 0x00000000c3500000, 0x00000000c3600000|  0%| F|  |TAMS 0x00000000c3500000| PB 0x00000000c3500000| Untracked |  0
|   6|0x00000000c3600000, 0x00000000c3600000, 0x00000000c3700000|  0%| F|  |TAMS 0x00000000c3600000| PB 0x00000000c3600000| Untracked |  0
|   7|0x00000000c3700000, 0x00000000c3700000, 0x00000000c3800000|  0%| F|  |TAMS 0x00000000c3700000| PB 0x00000000c3700000| Untracked |  0
|   8|0x00000000c3800000, 0x00000000c3800000, 0x00000000c3900000|  0%| F|  |TAMS 0x00000000c3800000| PB 0x00000000c3800000| Untracked |  0
|   9|0x00000000c3900000, 0x00000000c3900000, 0x00000000c3a00000|  0%| F|  |TAMS 0x00000000c3900000| PB 0x00000000c3900000| Untracked |  0
|  10|0x00000000c3a00000, 0x00000000c3a00000, 0x00000000c3b00000|  0%| F|  |TAMS 0x00000000c3a00000| PB 0x00000000c3a00000| Untracked |  0
|  11|0x00000000c3b00000, 0x00000000c3b00000, 0x00000000c3c00000|  0%| F|  |TAMS 0x00000000c3b00000| PB 0x00000000c3b00000| Untracked |  0
|  12|0x00000000c3c00000, 0x00000000c3c00000, 0x00000000c3d00000|  0%| F|  |TAMS 0x00000000c3c00000| PB 0x00000000c3c00000| Untracked |  0
|  13|0x00000000c3d00000, 0x00000000c3d00000, 0x00000000c3e00000|  0%| F|  |TAMS 0x00000000c3d00000| PB 0x00000000c3d00000| Untracked |  0
|  14|0x00000000c3e00000, 0x00000000c3e00000, 0x00000000c3f00000|  0%| F|  |TAMS 0x00000000c3e00000| PB 0x00000000c3e00000| Untracked |  0
|  15|0x00000000c3f00000, 0x00000000c3f00000, 0x00000000c4000000|  0%| F|  |TAMS 0x00000000c3f00000| PB 0x00000000c3f00000| Untracked |  0
|  16|0x00000000c4000000, 0x00000000c4000000, 0x00000000c4100000|  0%| F|  |TAMS 0x00000000c4000000| PB 0x00000000c4000000| Untracked |  0
|  17|0x00000000c4100000, 0x00000000c4100000, 0x00000000c4200000|  0%| F|  |TAMS 0x00000000c4100000| PB 0x00000000c4100000| Untracked |  0
|  18|0x00000000c4200000, 0x00000000c4200000, 0x00000000c4300000|  0%| F|  |TAMS 0x00000000c4200000| PB 0x00000000c4200000| Untracked |  0
|  19|0x00000000c4300000, 0x00000000c4300000, 0x00000000c4400000|  0%| F|  |TAMS 0x00000000c4300000| PB 0x00000000c4300000| Untracked |  0
|  20|0x00000000c4400000, 0x00000000c4400000, 0x00000000c4500000|  0%| F|  |TAMS 0x00000000c4400000| PB 0x00000000c4400000| Untracked |  0
|  21|0x00000000c4500000, 0x00000000c4500000, 0x00000000c4600000|  0%| F|  |TAMS 0x00000000c4500000| PB 0x00000000c4500000| Untracked |  0
|  22|0x00000000c4600000, 0x00000000c4600000, 0x00000000c4700000|  0%| F|  |TAMS 0x00000000c4600000| PB 0x00000000c4600000| Untracked |  0
|  23|0x00000000c4700000, 0x00000000c4700000, 0x00000000c4800000|  0%| F|  |TAMS 0x00000000c4700000| PB 0x00000000c4700000| Untracked |  0
|  24|0x00000000c4800000, 0x00000000c4800000, 0x00000000c4900000|  0%| F|  |TAMS 0x00000000c4800000| PB 0x00000000c4800000| Untracked |  0
|  25|0x00000000c4900000, 0x00000000c4900000, 0x00000000c4a00000|  0%| F|  |TAMS 0x00000000c4900000| PB 0x00000000c4900000| Untracked |  0
|  26|0x00000000c4a00000, 0x00000000c4a00000, 0x00000000c4b00000|  0%| F|  |TAMS 0x00000000c4a00000| PB 0x00000000c4a00000| Untracked |  0
|  27|0x00000000c4b00000, 0x00000000c4b00000, 0x00000000c4c00000|  0%| F|  |TAMS 0x00000000c4b00000| PB 0x00000000c4b00000| Untracked |  0
|  28|0x00000000c4c00000, 0x00000000c4c00000, 0x00000000c4d00000|  0%| F|  |TAMS 0x00000000c4c00000| PB 0x00000000c4c00000| Untracked |  0
|  29|0x00000000c4d00000, 0x00000000c4d00000, 0x00000000c4e00000|  0%| F|  |TAMS 0x00000000c4d00000| PB 0x00000000c4d00000| Untracked |  0
|  30|0x00000000c4e00000, 0x00000000c4e00000, 0x00000000c4f00000|  0%| F|  |TAMS 0x00000000c4e00000| PB 0x00000000c4e00000| Untracked |  0
|  31|0x00000000c4f00000, 0x00000000c4f54960, 0x00000000c5000000| 33%| S|CS|TAMS 0x00000000c4f00000| PB 0x00000000c4f00000| Complete |  0
|  32|0x00000000c5000000, 0x00000000c5100000, 0x00000000c5100000|100%| S|CS|TAMS 0x00000000c5000000| PB 0x00000000c5000000| Complete |  0
|  33|0x00000000c5100000, 0x00000000c5200000, 0x00000000c5200000|100%| S|CS|TAMS 0x00000000c5100000| PB 0x00000000c5100000| Complete |  0
|  34|0x00000000c5200000, 0x00000000c5300000, 0x00000000c5300000|100%| S|CS|TAMS 0x00000000c5200000| PB 0x00000000c5200000| Complete |  0
|  35|0x00000000c5300000, 0x00000000c5300000, 0x00000000c5400000|  0%| F|  |TAMS 0x00000000c5300000| PB 0x00000000c5300000| Untracked |  0
|  36|0x00000000c5400000, 0x00000000c5400000, 0x00000000c5500000|  0%| F|  |TAMS 0x00000000c5400000| PB 0x00000000c5400000| Untracked |  0
|  37|0x00000000c5500000, 0x00000000c55e50f0, 0x00000000c5600000| 89%| E|  |TAMS 0x00000000c5500000| PB 0x00000000c5500000| Complete |  0
|  38|0x00000000c5600000, 0x00000000c5700000, 0x00000000c5700000|100%| E|CS|TAMS 0x00000000c5600000| PB 0x00000000c5600000| Complete |  0
|  39|0x00000000c5700000, 0x00000000c5800000, 0x00000000c5800000|100%| E|CS|TAMS 0x00000000c5700000| PB 0x00000000c5700000| Complete |  0
|  40|0x00000000c5800000, 0x00000000c5900000, 0x00000000c5900000|100%| E|CS|TAMS 0x00000000c5800000| PB 0x00000000c5800000| Complete |  0
|  41|0x00000000c5900000, 0x00000000c5a00000, 0x00000000c5a00000|100%| E|CS|TAMS 0x00000000c5900000| PB 0x00000000c5900000| Complete |  0
|  42|0x00000000c5a00000, 0x00000000c5b00000, 0x00000000c5b00000|100%| E|CS|TAMS 0x00000000c5a00000| PB 0x00000000c5a00000| Complete |  0
|  43|0x00000000c5b00000, 0x00000000c5c00000, 0x00000000c5c00000|100%| E|CS|TAMS 0x00000000c5b00000| PB 0x00000000c5b00000| Complete |  0
|  44|0x00000000c5c00000, 0x00000000c5d00000, 0x00000000c5d00000|100%| E|CS|TAMS 0x00000000c5c00000| PB 0x00000000c5c00000| Complete |  0
|  45|0x00000000c5d00000, 0x00000000c5e00000, 0x00000000c5e00000|100%| E|CS|TAMS 0x00000000c5d00000| PB 0x00000000c5d00000| Complete |  0
|  46|0x00000000c5e00000, 0x00000000c5f00000, 0x00000000c5f00000|100%| E|CS|TAMS 0x00000000c5e00000| PB 0x00000000c5e00000| Complete |  0
|  47|0x00000000c5f00000, 0x00000000c6000000, 0x00000000c6000000|100%| E|CS|TAMS 0x00000000c5f00000| PB 0x00000000c5f00000| Complete |  0
|  48|0x00000000c6000000, 0x00000000c6100000, 0x00000000c6100000|100%| E|CS|TAMS 0x00000000c6000000| PB 0x00000000c6000000| Complete |  0
|  49|0x00000000c6100000, 0x00000000c6200000, 0x00000000c6200000|100%| E|CS|TAMS 0x00000000c6100000| PB 0x00000000c6100000| Complete |  0
|  50|0x00000000c6200000, 0x00000000c6300000, 0x00000000c6300000|100%| E|CS|TAMS 0x00000000c6200000| PB 0x00000000c6200000| Complete |  0
|  51|0x00000000c6300000, 0x00000000c6400000, 0x00000000c6400000|100%| E|CS|TAMS 0x00000000c6300000| PB 0x00000000c6300000| Complete |  0
|  52|0x00000000c6400000, 0x00000000c6500000, 0x00000000c6500000|100%| E|CS|TAMS 0x00000000c6400000| PB 0x00000000c6400000| Complete |  0
|  53|0x00000000c6500000, 0x00000000c6600000, 0x00000000c6600000|100%| E|CS|TAMS 0x00000000c6500000| PB 0x00000000c6500000| Complete |  0
|  54|0x00000000c6600000, 0x00000000c6700000, 0x00000000c6700000|100%| E|CS|TAMS 0x00000000c6600000| PB 0x00000000c6600000| Complete |  0
|  55|0x00000000c6700000, 0x00000000c6800000, 0x00000000c6800000|100%| E|CS|TAMS 0x00000000c6700000| PB 0x00000000c6700000| Complete |  0
|  56|0x00000000c6800000, 0x00000000c6900000, 0x00000000c6900000|100%| E|CS|TAMS 0x00000000c6800000| PB 0x00000000c6800000| Complete |  0
|  57|0x00000000c6900000, 0x00000000c6a00000, 0x00000000c6a00000|100%| E|CS|TAMS 0x00000000c6900000| PB 0x00000000c6900000| Complete |  0
|  58|0x00000000c6a00000, 0x00000000c6b00000, 0x00000000c6b00000|100%| E|CS|TAMS 0x00000000c6a00000| PB 0x00000000c6a00000| Complete |  0
|  59|0x00000000c6b00000, 0x00000000c6c00000, 0x00000000c6c00000|100%| E|CS|TAMS 0x00000000c6b00000| PB 0x00000000c6b00000| Complete |  0
|  60|0x00000000c6c00000, 0x00000000c6d00000, 0x00000000c6d00000|100%| E|CS|TAMS 0x00000000c6c00000| PB 0x00000000c6c00000| Complete |  0
|  61|0x00000000c6d00000, 0x00000000c6e00000, 0x00000000c6e00000|100%| E|CS|TAMS 0x00000000c6d00000| PB 0x00000000c6d00000| Complete |  0
| 974|0x00000000ffe00000, 0x00000000fff00000, 0x00000000fff00000|100%| O|  |TAMS 0x00000000ffe00000| PB 0x00000000ffe00000| Untracked |  0
| 975|0x00000000fff00000, 0x00000000fff24ea8, 0x0000000100000000| 14%| O|  |TAMS 0x00000000fff00000| PB 0x00000000fff00000| Untracked |  0

Card table byte_map: [0x000002592bbb0000,0x000002592bda0000] _byte_map_base: 0x000002592b598000

Marking Bits: (CMBitMap*) 0x000002592be3f280
 Bits: [0x00000259438f0000, 0x0000025944830000)

Polling page: 0x0000025929ce0000

Metaspace:
Metaspace        used 12450K, committed 12608K, reserved 1114112K
 class space     used 1580K, committed 1664K, reserved 1048576K

Usage:
  Non-class:     10.62 MB used.
      Class:      1.54 MB used.
       Both:     12.16 MB used.

Virtual space:
  Non-class space:       64.00 MB reserved,      10.69 MB ( 17%) committed,  1 nodes.
      Class space:        1.00 GB reserved,       1.62 MB ( <1%) committed,  1 nodes.
             Both:        1.06 GB reserved,      12.31 MB (  1%) committed. 

Chunk freelists:
   Non-Class:  4.00 MB
       Class:  14.38 MB
        Both:  18.38 MB

MaxMetaspaceSize: unlimited
CompressedClassSpaceSize: 1.00 GB
Initial GC threshold: 21.00 MB
Current GC threshold: 21.00 MB
CDS: on
 - commit_granule_bytes: 65536.
 - commit_granule_words: 8192.
 - virtual_space_node_default_size: 8388608.
 - enlarge_chunks_in_place: 1.
UseCompressedClassPointers 1, UseCompactObjectHeaders 0
Narrow klass pointer bits 32, Max shift 3
Narrow klass base: 0x000000002a000000, Narrow klass shift: 0
Encoding Range: [0x000000002a000000 - 0x000000012a000000), (4294967296 bytes)
Klass Range:    [0x000000002a010000 - 0x000000006b000000), (1090453504 bytes)
Klass ID Range:  [65536 - 1090519033) (1090453497)
Protection zone: [0x000000002a000000 - 0x000000002a010000), (65536 bytes)


Internal statistics:

num_allocs_failed_limit: 0.
num_arena_births: 82.
num_arena_deaths: 0.
num_vsnodes_births: 2.
num_vsnodes_deaths: 0.
num_space_committed: 197.
num_space_uncommitted: 0.
num_chunks_returned_to_freelist: 0.
num_chunks_taken_from_freelist: 522.
num_chunk_merges: 0.
num_chunk_splits: 356.
num_chunks_enlarged: 285.
num_inconsistent_stats: 0.

CodeHeap 'non-profiled nmethods': size=120128Kb used=749Kb max_used=749Kb free=119378Kb
 bounds [0x000002593c3a0000, 0x000002593c610000, 0x00000259438f0000]
CodeHeap 'profiled nmethods': size=120000Kb used=4410Kb max_used=4410Kb free=115589Kb
 bounds [0x00000259348f0000, 0x0000025934d40000, 0x000002593be20000]
CodeHeap 'non-nmethods': size=5632Kb used=1372Kb max_used=1394Kb free=4259Kb
 bounds [0x000002593be20000, 0x000002593c090000, 0x000002593c3a0000]
CodeCache: size=245760Kb, used=6531Kb, max_used=6553Kb, free=239226Kb
 total_blobs=3339, nmethods=2844, adapters=397, full_count=0
Compilation: enabled, stopped_count=0, restarted_count=0

Compilation events (20 events):
Event: 9.225 Thread 0x0000025946b85e60 2763       3       sun.reflect.generics.parser.SignatureParser::parseClassTypeSignature (95 bytes)
Event: 9.226 Thread 0x0000025946b85e60 nmethod 2763 0x0000025934d12808 code [0x0000025934d12900, 0x0000025934d13f60]
Event: 9.228 Thread 0x0000025946b85e60 2764       3       org.eclipse.sisu.bean.BeanPropertyField::getName (8 bytes)
Event: 9.229 Thread 0x0000025946b85e60 nmethod 2764 0x0000025934d13f88 code [0x0000025934d14080, 0x0000025934d14228]
Event: 9.246 Thread 0x0000025946b7d220 2765       4       com.google.inject.internal.MoreTypes::canonicalize (143 bytes)
Event: 9.251 Thread 0x0000025946b85e60 2766       3       java.lang.invoke.DirectMethodHandle::make (21 bytes)
Event: 9.251 Thread 0x0000025946b85e60 nmethod 2766 0x0000025934d14288 code [0x0000025934d14380, 0x0000025934d145d0]
Event: 9.252 Thread 0x0000025946b85e60 2768       3       java.lang.invoke.MethodHandleImpl$1::unreflectField (22 bytes)
Event: 9.253 Thread 0x0000025946b85e60 nmethod 2768 0x0000025934d14608 code [0x0000025934d14700, 0x0000025934d14a98]
Event: 9.253 Thread 0x0000025946b85e60 2769       3       java.lang.invoke.MemberName::<init> (108 bytes)
Event: 9.253 Thread 0x0000025946b85e60 nmethod 2769 0x0000025934d14b08 code [0x0000025934d14c00, 0x0000025934d15270]
Event: 9.254 Thread 0x0000025946b85e60 2770       3       java.lang.invoke.DirectMethodHandle::preparedFieldLambdaForm (174 bytes)
Event: 9.254 Thread 0x0000025946b85e60 nmethod 2770 0x0000025934d15288 code [0x0000025934d15380, 0x0000025934d15b10]
Event: 9.255 Thread 0x0000025946b85e60 2771       3       com.google.common.cache.LocalCache$Segment::drainKeyReferenceQueue (43 bytes)
Event: 9.256 Thread 0x0000025946b85e60 nmethod 2771 0x0000025934d15b88 code [0x0000025934d15c80, 0x0000025934d163c0]
Event: 9.258 Thread 0x0000025946b85e60 2772       3       java.util.LinkedHashMap::keysToArray (80 bytes)
Event: 9.259 Thread 0x0000025946b85e60 nmethod 2772 0x0000025934d16408 code [0x0000025934d16500, 0x0000025934d16ab8]
Event: 9.259 Thread 0x0000025946b85e60 2773       3       com.google.inject.internal.InjectorJitBindingData::banKeyInParent (27 bytes)
Event: 9.259 Thread 0x0000025946b85e60 nmethod 2773 0x0000025934d16b08 code [0x0000025934d16c00, 0x0000025934d17a60]
Event: 9.263 Thread 0x0000025946b85e60 2774       3       com.google.inject.spi.InjectionPoint::hierarchyFor (44 bytes)

GC Heap Usage History (4 events):
Event: 5.026 {heap Before GC invocations=0 (full 0):
 garbage-first heap   total reserved 999424K, committed 65536K, used 14483K [0x00000000c3000000, 0x0000000100000000)
  region size 1024K, 14 young (14336K), 0 survivors (0K)
}
Event: 5.049 {heap After GC invocations=1 (full 0):
 garbage-first heap   total reserved 999424K, committed 65536K, used 3880K [0x00000000c3000000, 0x0000000100000000)
  region size 1024K, 2 young (2048K), 2 survivors (2048K)
}
Event: 6.746 {heap Before GC invocations=1 (full 0):
 garbage-first heap   total reserved 999424K, committed 65536K, used 28456K [0x00000000c3000000, 0x0000000100000000)
  region size 1024K, 27 young (27648K), 2 survivors (2048K)
}
Event: 6.756 {heap After GC invocations=2 (full 0):
 garbage-first heap   total reserved 999424K, committed 65536K, used 5243K [0x00000000c3000000, 0x0000000100000000)
  region size 1024K, 4 young (4096K), 4 survivors (4096K)
}

Metaspace Usage History (4 events):
Event: 5.026 {metaspace Before GC invocations=0 (full 0):
 Metaspace       used 4346K, committed 4544K, reserved 1114112K
  class space    used 487K, committed 576K, reserved 1048576K
}
Event: 5.049 {metaspace After GC invocations=1 (full 0):
 Metaspace       used 4346K, committed 4544K, reserved 1114112K
  class space    used 487K, committed 576K, reserved 1048576K
}
Event: 6.746 {metaspace Before GC invocations=1 (full 0):
 Metaspace       used 7466K, committed 7680K, reserved 1114112K
  class space    used 904K, committed 1024K, reserved 1048576K
}
Event: 6.756 {metaspace After GC invocations=2 (full 0):
 Metaspace       used 7466K, committed 7680K, reserved 1114112K
  class space    used 904K, committed 1024K, reserved 1048576K
}

Dll operation events (7 events):
Event: 0.030 Loaded shared library C:\Program Files\Apache NetBeans\jdk\bin\java.dll
Event: 0.351 Loaded shared library C:\Program Files\Apache NetBeans\jdk\bin\net.dll
Event: 0.358 Loaded shared library C:\Program Files\Apache NetBeans\jdk\bin\nio.dll
Event: 0.368 Loaded shared library C:\Program Files\Apache NetBeans\jdk\bin\zip.dll
Event: 1.113 Loaded shared library C:\Program Files\Apache NetBeans\java\maven\lib\jansi-native\Windows\x86_64\jansi.dll
Event: 1.231 Loaded shared library C:\Program Files\Apache NetBeans\jdk\bin\verify.dll
Event: 1.400 Loaded shared library C:\Program Files\Apache NetBeans\jdk\bin\jimage.dll

Deoptimization events (20 events):
Event: 9.082 Thread 0x0000025929b00d20 Uncommon trap: trap_request=0xffffff45 fr.pc=0x000002593c43adf4 relative=0x00000000000001f4
Event: 9.082 Thread 0x0000025929b00d20 Uncommon trap: reason=unstable_if action=reinterpret pc=0x000002593c43adf4 method=java.util.WeakHashMap.expungeStaleEntries()V @ 9 c2
Event: 9.082 Thread 0x0000025929b00d20 DEOPT PACKING pc=0x000002593c43adf4 sp=0x0000007b4cffee90
Event: 9.082 Thread 0x0000025929b00d20 DEOPT UNPACKING pc=0x000002593bea857c sp=0x0000007b4cffede0 mode 2
Event: 9.216 Thread 0x0000025929b00d20 Uncommon trap: trap_request=0xffffffd6 fr.pc=0x000002593c457668 relative=0x0000000000000868
Event: 9.216 Thread 0x0000025929b00d20 Uncommon trap: reason=array_check action=maybe_recompile pc=0x000002593c457668 method=com.google.inject.internal.MoreTypes$ParameterizedTypeImpl.<init>(Ljava/lang/reflect/Type;Ljava/lang/reflect/Type;[Ljava/lang/reflect/Type;)V @ 200 c2
Event: 9.216 Thread 0x0000025929b00d20 DEOPT PACKING pc=0x000002593c457668 sp=0x0000007b4cff9b30
Event: 9.216 Thread 0x0000025929b00d20 DEOPT UNPACKING pc=0x000002593bea857c sp=0x0000007b4cff9a48 mode 2
Event: 9.216 Thread 0x0000025929b00d20 Uncommon trap: trap_request=0xffffffd6 fr.pc=0x000002593c457668 relative=0x0000000000000868
Event: 9.216 Thread 0x0000025929b00d20 Uncommon trap: reason=array_check action=maybe_recompile pc=0x000002593c457668 method=com.google.inject.internal.MoreTypes$ParameterizedTypeImpl.<init>(Ljava/lang/reflect/Type;Ljava/lang/reflect/Type;[Ljava/lang/reflect/Type;)V @ 200 c2
Event: 9.216 Thread 0x0000025929b00d20 DEOPT PACKING pc=0x000002593c457668 sp=0x0000007b4cff9b30
Event: 9.216 Thread 0x0000025929b00d20 DEOPT UNPACKING pc=0x000002593bea857c sp=0x0000007b4cff9a48 mode 2
Event: 9.216 Thread 0x0000025929b00d20 Uncommon trap: trap_request=0xffffffd6 fr.pc=0x000002593c457668 relative=0x0000000000000868
Event: 9.216 Thread 0x0000025929b00d20 Uncommon trap: reason=array_check action=maybe_recompile pc=0x000002593c457668 method=com.google.inject.internal.MoreTypes$ParameterizedTypeImpl.<init>(Ljava/lang/reflect/Type;Ljava/lang/reflect/Type;[Ljava/lang/reflect/Type;)V @ 200 c2
Event: 9.216 Thread 0x0000025929b00d20 DEOPT PACKING pc=0x000002593c457668 sp=0x0000007b4cff9b10
Event: 9.216 Thread 0x0000025929b00d20 DEOPT UNPACKING pc=0x000002593bea857c sp=0x0000007b4cff9a28 mode 2
Event: 9.224 Thread 0x0000025929b00d20 Uncommon trap: trap_request=0xffffffd6 fr.pc=0x000002593c457668 relative=0x0000000000000868
Event: 9.224 Thread 0x0000025929b00d20 Uncommon trap: reason=array_check action=maybe_recompile pc=0x000002593c457668 method=com.google.inject.internal.MoreTypes$ParameterizedTypeImpl.<init>(Ljava/lang/reflect/Type;Ljava/lang/reflect/Type;[Ljava/lang/reflect/Type;)V @ 200 c2
Event: 9.225 Thread 0x0000025929b00d20 DEOPT PACKING pc=0x000002593c457668 sp=0x0000007b4cffa410
Event: 9.225 Thread 0x0000025929b00d20 DEOPT UNPACKING pc=0x000002593bea857c sp=0x0000007b4cffa328 mode 2

Classes loaded (20 events):
Event: 8.172 Loading class java/util/TreeMap$Values
Event: 8.174 Loading class java/util/TreeMap$Values done
Event: 8.183 Loading class java/util/TreeMap$ValueIterator
Event: 8.183 Loading class java/util/TreeMap$ValueIterator done
Event: 8.190 Loading class java/lang/invoke/DirectMethodHandle$StaticAccessor
Event: 8.191 Loading class java/lang/invoke/DirectMethodHandle$StaticAccessor done
Event: 8.199 Loading class java/lang/ClassValue$RemovalToken
Event: 8.199 Loading class java/lang/ClassValue$RemovalToken done
Event: 8.551 Loading class sun/reflect/generics/scope/MethodScope
Event: 8.551 Loading class sun/reflect/generics/scope/MethodScope done
Event: 8.551 Loading class sun/reflect/generics/repository/MethodRepository
Event: 8.551 Loading class sun/reflect/generics/repository/MethodRepository done
Event: 8.920 Loading class java/util/ConcurrentModificationException
Event: 8.921 Loading class java/util/ConcurrentModificationException done
Event: 9.046 Loading class java/lang/ClassFormatError
Event: 9.046 Loading class java/lang/ClassFormatError done
Event: 9.075 Loading class java/lang/invoke/VarHandleInts$FieldInstanceReadWrite
Event: 9.076 Loading class java/lang/invoke/VarHandleInts$FieldInstanceReadOnly
Event: 9.077 Loading class java/lang/invoke/VarHandleInts$FieldInstanceReadOnly done
Event: 9.077 Loading class java/lang/invoke/VarHandleInts$FieldInstanceReadWrite done

Classes unloaded (0 events):
No events

Classes redefined (0 events):
No events

Internal exceptions (20 events):
Event: 1.227 Thread 0x0000025929b00d20 Exception <a 'sun/nio/fs/WindowsException'{0x00000000c697f848}> (0x00000000c697f848) 
thrown [s\src\hotspot\share\prims\jni.cpp, line 516]
Event: 1.227 Thread 0x0000025929b00d20 Exception <a 'sun/nio/fs/WindowsException'{0x00000000c697fcf0}> (0x00000000c697fcf0) 
thrown [s\src\hotspot\share\prims\jni.cpp, line 516]
Event: 1.282 Thread 0x0000025929b00d20 Exception <a 'java/lang/NoSuchMethodError'{0x00000000c69b8540}: 'void java.lang.invoke.DirectMethodHandle$Holder.invokeVirtual(java.lang.Object, java.lang.Object)'> (0x00000000c69b8540) 
thrown [s\src\hotspot\share\interpreter\linkResolver.cpp, line 804]
Event: 1.287 Thread 0x0000025929b00d20 Exception <a 'java/lang/NoSuchMethodError'{0x00000000c69d9838}: 'void java.lang.invoke.DirectMethodHandle$Holder.invokeStatic(java.lang.Object, java.lang.Object)'> (0x00000000c69d9838) 
thrown [s\src\hotspot\share\interpreter\linkResolver.cpp, line 804]
Event: 1.289 Thread 0x0000025929b00d20 Exception <a 'java/lang/NoSuchMethodError'{0x00000000c69dd5d0}: 'void java.lang.invoke.DirectMethodHandle$Holder.invokeStaticInit(java.lang.Object, java.lang.Object)'> (0x00000000c69dd5d0) 
thrown [s\src\hotspot\share\interpreter\linkResolver.cpp, line 804]
Event: 1.308 Thread 0x0000025929b00d20 Exception <a 'java/lang/NoSuchMethodError'{0x00000000c681da28}: 'void java.lang.invoke.DirectMethodHandle$Holder.invokeSpecial(java.lang.Object, java.lang.Object, java.lang.Object, java.lang.Object, java.lang.Object)'> (0x00000000c681da28) 
thrown [s\src\hotspot\share\interpreter\linkResolver.cpp, line 804]
Event: 1.417 Thread 0x0000025929b00d20 Exception <a 'java/lang/NoSuchMethodError'{0x00000000c6859db8}: 'void java.lang.invoke.DirectMethodHandle$Holder.invokeStatic(java.lang.Object, java.lang.Object, java.lang.Object)'> (0x00000000c6859db8) 
thrown [s\src\hotspot\share\interpreter\linkResolver.cpp, line 804]
Event: 3.276 Thread 0x0000025929b00d20 Exception <a 'java/lang/NoSuchMethodError'{0x00000000c661e068}: 'java.lang.Object java.lang.invoke.DirectMethodHandle$Holder.invokeSpecialIFC(java.lang.Object, java.lang.Object, java.lang.Object, java.lang.Object)'> (0x00000000c661e068) 
thrown [s\src\hotspot\share\interpreter\linkResolver.cpp, line 804]
Event: 4.721 Thread 0x0000025929b00d20 Exception <a 'java/lang/NoSuchMethodError'{0x00000000c6110148}: 'void java.lang.invoke.DirectMethodHandle$Holder.invokeSpecial(java.lang.Object, java.lang.Object, java.lang.Object)'> (0x00000000c6110148) 
thrown [s\src\hotspot\share\interpreter\linkResolver.cpp, line 804]
Event: 4.908 Thread 0x0000025929b00d20 Exception <a 'java/lang/NoSuchMethodError'{0x00000000c602b9d0}: 'java.lang.Object java.lang.invoke.DirectMethodHandle$Holder.invokeInterface(java.lang.Object, java.lang.Object)'> (0x00000000c602b9d0) 
thrown [s\src\hotspot\share\interpreter\linkResolver.cpp, line 804]
Event: 4.966 Thread 0x0000025929b00d20 Exception <a 'java/lang/NoSuchMethodError'{0x00000000c60d6820}: 'int java.lang.invoke.DirectMethodHandle$Holder.invokeStatic(java.lang.Object, java.lang.Object, java.lang.Object, java.lang.Object)'> (0x00000000c60d6820) 
thrown [s\src\hotspot\share\interpreter\linkResolver.cpp, line 804]
Event: 5.052 Thread 0x0000025929b00d20 Exception <a 'java/lang/NoSuchMethodError'{0x00000000c6d00c48}: 'int java.lang.invoke.DirectMethodHandle$Holder.invokeSpecialIFC(java.lang.Object, java.lang.Object, java.lang.Object, java.lang.Object, java.lang.Object)'> (0x00000000c6d00c48) 
thrown [s\src\hotspot\share\interpreter\linkResolver.cpp, line 804]
Event: 5.349 Thread 0x0000025929b00d20 Exception <a 'java/lang/NoSuchMethodError'{0x00000000c6cce908}: 'java.lang.Object java.lang.invoke.DirectMethodHandle$Holder.newInvokeSpecial(java.lang.Object, java.lang.Object, java.lang.Object, java.lang.Object, java.lang.Object)'> (0x00000000c6cce908) 
thrown [s\src\hotspot\share\interpreter\linkResolver.cpp, line 804]
Event: 5.481 Thread 0x0000025929b00d20 Exception <a 'java/lang/NoSuchMethodError'{0x00000000c6be7e80}: 'int java.lang.invoke.DirectMethodHandle$Holder.invokeStaticInit(java.lang.Object, java.lang.Object)'> (0x00000000c6be7e80) 
thrown [s\src\hotspot\share\interpreter\linkResolver.cpp, line 804]
Event: 5.495 Thread 0x0000025929b00d20 Exception <a 'java/lang/NoClassDefFoundError'{0x00000000c6a228f8}: javax/enterprise/inject/Typed> (0x00000000c6a228f8) 
thrown [s\src\hotspot\share\classfile\systemDictionary.cpp, line 316]
Event: 8.149 Thread 0x0000025929b00d20 Exception <a 'java/lang/NoSuchMethodError'{0x00000000c61d0f78}: 'void java.lang.invoke.DirectMethodHandle$Holder.invokeStaticInit(java.lang.Object, java.lang.Object, java.lang.Object)'> (0x00000000c61d0f78) 
thrown [s\src\hotspot\share\interpreter\linkResolver.cpp, line 804]
Event: 8.189 Thread 0x0000025929b00d20 Implicit null exception at 0x000002593c401d1d to 0x000002593c401e50
Event: 8.200 Thread 0x0000025929b00d20 Exception <a 'java/lang/NoSuchMethodError'{0x00000000c605b568}: 'java.lang.Object java.lang.invoke.Invokers$Holder.invokeExact_MT(java.lang.Object, int, java.lang.Object)'> (0x00000000c605b568) 
thrown [s\src\hotspot\share\interpreter\linkResolver.cpp, line 804]
Event: 8.950 Thread 0x0000025929b00d20 Exception <a 'java/lang/NoSuchMethodError'{0x00000000c587ecd0}: 'void java.lang.invoke.Invokers$Holder.invokeExact_MT(java.lang.Object, java.lang.Object, java.lang.Object, java.lang.Object)'> (0x00000000c587ecd0) 
thrown [s\src\hotspot\share\interpreter\linkResolver.cpp, line 804]
Event: 9.046 Thread 0x0000025929b00d20 Exception <a 'java/lang/NoClassDefFoundError'{0x00000000c570f878}: com/google/inject/servlet/ServletModuleTargetVisitor> (0x00000000c570f878) 
thrown [s\src\hotspot\share\classfile\systemDictionary.cpp, line 316]

VM Operations (20 events):
Event: 1.500 Executing non-safepoint VM operation: HandshakeAllThreads (Deoptimize)
Event: 2.671 Executing non-safepoint VM operation: HandshakeAllThreads (Deoptimize) done
Event: 5.026 Executing safepoint VM operation: G1CollectForAllocation (G1 Evacuation Pause)
Event: 5.049 Executing safepoint VM operation: G1CollectForAllocation (G1 Evacuation Pause) done
Event: 6.746 Executing safepoint VM operation: G1CollectForAllocation (G1 Evacuation Pause)
Event: 6.756 Executing safepoint VM operation: G1CollectForAllocation (G1 Evacuation Pause) done
Event: 6.905 Executing non-safepoint VM operation: HandshakeAllThreads (Deoptimize)
Event: 6.905 Executing non-safepoint VM operation: HandshakeAllThreads (Deoptimize) done
Event: 7.476 Executing non-safepoint VM operation: HandshakeAllThreads (Deoptimize)
Event: 7.476 Executing non-safepoint VM operation: HandshakeAllThreads (Deoptimize) done
Event: 8.157 Executing non-safepoint VM operation: HandshakeAllThreads (Deoptimize)
Event: 8.157 Executing non-safepoint VM operation: HandshakeAllThreads (Deoptimize) done
Event: 8.361 Executing non-safepoint VM operation: HandshakeAllThreads (Deoptimize)
Event: 8.362 Executing non-safepoint VM operation: HandshakeAllThreads (Deoptimize) done
Event: 8.365 Executing non-safepoint VM operation: HandshakeAllThreads (Deoptimize)
Event: 8.365 Executing non-safepoint VM operation: HandshakeAllThreads (Deoptimize) done
Event: 8.551 Executing non-safepoint VM operation: HandshakeAllThreads (Deoptimize)
Event: 8.551 Executing non-safepoint VM operation: HandshakeAllThreads (Deoptimize) done
Event: 8.918 Executing non-safepoint VM operation: HandshakeAllThreads (Deoptimize)
Event: 8.918 Executing non-safepoint VM operation: HandshakeAllThreads (Deoptimize) done

Memory protections (0 events):
No events

Nmethod flushes (0 events):
No events

Events (13 events):
Event: 0.171 Thread 0x0000025929b00d20 Thread added: 0x0000025929b00d20
Event: 0.246 Thread 0x0000025929b00d20 Thread added: 0x0000025946b73540
Event: 0.246 Thread 0x0000025929b00d20 Thread added: 0x0000025946b74d30
Event: 0.247 Thread 0x0000025929b00d20 Thread added: 0x0000025946b76a50
Event: 0.247 Thread 0x0000025929b00d20 Thread added: 0x0000025946b77610
Event: 0.247 Thread 0x0000025929b00d20 Thread added: 0x0000025946b781d0
Event: 0.247 Thread 0x0000025929b00d20 Thread added: 0x0000025946b7b320
Event: 0.247 Thread 0x0000025929b00d20 Thread added: 0x0000025946b7d220
Event: 0.289 Thread 0x0000025929b00d20 Thread added: 0x0000025946b85e60
Event: 0.335 Thread 0x0000025929b00d20 Thread added: 0x000002594b039db0
Event: 0.340 Thread 0x0000025929b00d20 Thread added: 0x000002594b03c9d0
Event: 1.092 Thread 0x0000025929b00d20 Thread added: 0x000002594b2fd9b0
Event: 8.898 Thread 0x000002594b2fd9b0 Thread exited: 0x000002594b2fd9b0


Dynamic libraries:
0x00007ff765270000 - 0x00007ff76527e000 	C:\Program Files\Apache NetBeans\jdk\bin\java.exe
0x00007ff948050000 - 0x00007ff948267000 	C:\WINDOWS\SYSTEM32\ntdll.dll
0x00007ff9128c0000 - 0x00007ff9128e1000 	C:\Program Files\Norton\Suite\aswhook.dll
0x00007ff946220000 - 0x00007ff9462e4000 	C:\WINDOWS\System32\KERNEL32.DLL
0x00007ff945320000 - 0x00007ff9456da000 	C:\WINDOWS\System32\KERNELBASE.dll
0x00007ff9456e0000 - 0x00007ff9457f1000 	C:\WINDOWS\System32\ucrtbase.dll
0x00007ff91e940000 - 0x00007ff91e956000 	C:\Program Files\Apache NetBeans\jdk\bin\jli.dll
0x00007ff947b00000 - 0x00007ff947cae000 	C:\WINDOWS\System32\USER32.dll
0x00007ff945bb0000 - 0x00007ff945bd6000 	C:\WINDOWS\System32\win32u.dll
0x00007ff946de0000 - 0x00007ff946e09000 	C:\WINDOWS\System32\GDI32.dll
0x00007ff9459e0000 - 0x00007ff945afb000 	C:\WINDOWS\System32\gdi32full.dll
0x00007ff945940000 - 0x00007ff9459da000 	C:\WINDOWS\System32\msvcp_win.dll
0x00007ff9276e0000 - 0x00007ff9276fe000 	C:\Program Files\Apache NetBeans\jdk\bin\VCRUNTIME140.dll
0x00007ff91e3d0000 - 0x00007ff91e662000 	C:\WINDOWS\WinSxS\amd64_microsoft.windows.common-controls_6595b64144ccf1df_6.0.22621.4541_none_2710d1c57384c085\COMCTL32.dll
0x00007ff945d50000 - 0x00007ff945df7000 	C:\WINDOWS\System32\msvcrt.dll
0x00007ff946e30000 - 0x00007ff946e61000 	C:\WINDOWS\System32\IMM32.DLL
0x00007ff93fb50000 - 0x00007ff93fb5c000 	C:\Program Files\Apache NetBeans\jdk\bin\vcruntime140_1.dll
0x00007ff90b9f0000 - 0x00007ff90ba7d000 	C:\Program Files\Apache NetBeans\jdk\bin\msvcp140.dll
0x00007ff8a1cb0000 - 0x00007ff8a2bd6000 	C:\Program Files\Apache NetBeans\jdk\bin\server\jvm.dll
0x00007ff946f20000 - 0x00007ff946fd2000 	C:\WINDOWS\System32\ADVAPI32.dll
0x00007ff9460b0000 - 0x00007ff946157000 	C:\WINDOWS\System32\sechost.dll
0x00007ff945b00000 - 0x00007ff945b28000 	C:\WINDOWS\System32\bcrypt.dll
0x00007ff947ef0000 - 0x00007ff948004000 	C:\WINDOWS\System32\RPCRT4.dll
0x00007ff947a30000 - 0x00007ff947aa1000 	C:\WINDOWS\System32\WS2_32.dll
0x00007ff9451f0000 - 0x00007ff94523d000 	C:\WINDOWS\SYSTEM32\POWRPROF.dll
0x00007ff93f590000 - 0x00007ff93f5c4000 	C:\WINDOWS\SYSTEM32\WINMM.dll
0x00007ff93ce80000 - 0x00007ff93ce8a000 	C:\WINDOWS\SYSTEM32\VERSION.dll
0x00007ff945120000 - 0x00007ff945133000 	C:\WINDOWS\SYSTEM32\UMPDC.dll
0x00007ff944320000 - 0x00007ff944338000 	C:\WINDOWS\SYSTEM32\kernel.appcore.dll
0x00007ff934de0000 - 0x00007ff934dea000 	C:\Program Files\Apache NetBeans\jdk\bin\jimage.dll
0x00007ff942c20000 - 0x00007ff942e52000 	C:\WINDOWS\SYSTEM32\DBGHELP.DLL
0x00007ff946a50000 - 0x00007ff946ddf000 	C:\WINDOWS\System32\combase.dll
0x00007ff9463f0000 - 0x00007ff9464c7000 	C:\WINDOWS\System32\OLEAUT32.dll
0x00007ff93b8d0000 - 0x00007ff93b902000 	C:\WINDOWS\SYSTEM32\dbgcore.DLL
0x00007ff945b30000 - 0x00007ff945bab000 	C:\WINDOWS\System32\bcryptPrimitives.dll
0x00007ff91eb20000 - 0x00007ff91eb3e000 	C:\Program Files\Apache NetBeans\jdk\bin\java.dll
0x00007ff946fe0000 - 0x00007ff947185000 	C:\WINDOWS\System32\ole32.dll
0x00007ff9471b0000 - 0x00007ff947a28000 	C:\WINDOWS\System32\SHELL32.dll
0x00007ff9430b0000 - 0x00007ff9439b8000 	C:\WINDOWS\SYSTEM32\windows.storage.dll
0x00007ff942e60000 - 0x00007ff942f9f000 	C:\WINDOWS\SYSTEM32\wintypes.dll
0x00007ff9464d0000 - 0x00007ff9465ca000 	C:\WINDOWS\System32\SHCORE.dll
0x00007ff947cb0000 - 0x00007ff947d0e000 	C:\WINDOWS\System32\shlwapi.dll
0x00007ff945250000 - 0x00007ff94527b000 	C:\WINDOWS\SYSTEM32\profapi.dll
0x00007ff91c240000 - 0x00007ff91c251000 	C:\Program Files\Apache NetBeans\jdk\bin\net.dll
0x00007ff944790000 - 0x00007ff9447f9000 	C:\WINDOWS\system32\mswsock.dll
0x00007ff91c0c0000 - 0x00007ff91c0d6000 	C:\Program Files\Apache NetBeans\jdk\bin\nio.dll
0x00007ff91e710000 - 0x00007ff91e727000 	C:\Program Files\Apache NetBeans\jdk\bin\zip.dll
0x00007ff927710000 - 0x00007ff927734000 	C:\Program Files\Apache NetBeans\java\maven\lib\jansi-native\Windows\x86_64\jansi.dll
0x00007ff9276d0000 - 0x00007ff9276e0000 	C:\Program Files\Apache NetBeans\jdk\bin\verify.dll

JVMTI agents: none

dbghelp: loaded successfully - version: 4.0.5 - missing functions: none
symbol engine: initialized successfully - sym options: 0x614 - pdb path: .;C:\Program Files\Apache NetBeans\jdk\bin;C:\WINDOWS\SYSTEM32;C:\Program Files\Norton\Suite;C:\WINDOWS\WinSxS\amd64_microsoft.windows.common-controls_6595b64144ccf1df_6.0.22621.4541_none_2710d1c57384c085;C:\Program Files\Apache NetBeans\jdk\bin\server;C:\Program Files\Apache NetBeans\java\maven\lib\jansi-native\Windows\x86_64

VM Arguments:
jvm_args: --enable-native-access=ALL-UNNAMED -Dclassworlds.conf=C:\Program Files\Apache NetBeans\java\maven\bin\m2.conf -Dmaven.home=C:\Program Files\Apache NetBeans\java\maven -Dlibrary.jansi.path=C:\Program Files\Apache NetBeans\java\maven\lib\jansi-native -Dmaven.multiModuleProjectDirectory=C:\Users\ndhla\Desktop\MLUNGISI ROSEBANK\prog5121part1 
java_command: org.codehaus.plexus.classworlds.launcher.Launcher -Dexec.vmArgs= -Dexec.args=${exec.vmArgs} -classpath %classpath ${exec.mainClass} ${exec.appArgs} -Dexec.appArgs= -Dexec.mainClass=com.mycompany.prog5121part1.Prog5121part1 -Dexec.executable=C:\Program Files\Apache NetBeans\jdk\bin\java.exe -Dmaven.ext.class.path=C:\Program Files\Apache NetBeans\java\maven-nblib\netbeans-eventspy.jar --no-transfer-progress process-classes org.codehaus.mojo:exec-maven-plugin:3.5.1:exec
java_class_path (initial): C:\Program Files\Apache NetBeans\java\maven\boot\plexus-classworlds-2.9.0.jar
Launcher Type: SUN_STANDARD

[Global flags]
     intx CICompilerCount                          = 2                                         {product} {ergonomic}
     uint ConcGCThreads                            = 1                                         {product} {ergonomic}
     uint G1ConcRefinementThreads                  = 2                                         {product} {ergonomic}
   size_t G1HeapRegionSize                         = 1048576                                   {product} {ergonomic}
   size_t InitialHeapSize                          = 65011712                                  {product} {ergonomic}
   size_t MarkStackSize                            = 4194304                                   {product} {ergonomic}
   size_t MarkStackSizeMax                         = 536870912                                 {product} {ergonomic}
   size_t MaxHeapSize                              = 1023410176                                {product} {ergonomic}
   size_t MaxNewSize                               = 613416960                                 {product} {ergonomic}
   size_t MinHeapDeltaBytes                        = 1048576                                   {product} {ergonomic}
   size_t MinHeapSize                              = 8388608                                   {product} {ergonomic}
    uintx NonNMethodCodeHeapSize                   = 5767168                                {pd product} {ergonomic}
    uintx NonProfiledCodeHeapSize                  = 123011072                              {pd product} {ergonomic}
    uintx ProfiledCodeHeapSize                     = 122880000                              {pd product} {ergonomic}
    uintx ReservedCodeCacheSize                    = 251658240                              {pd product} {ergonomic}
     bool SegmentedCodeCache                       = true                                      {product} {ergonomic}
   size_t SoftMaxHeapSize                          = 1023410176                             {manageable} {ergonomic}
     bool UseCompressedOops                        = true                           {product lp64_product} {ergonomic}
     bool UseG1GC                                  = true                                      {product} {ergonomic}
     bool UseLargePagesIndividualAllocation        = false                                  {pd product} {ergonomic}

Logging:
Log output configuration:
 #0: stdout all=warning uptime,level,tags foldmultilines=false
 #1: stderr all=off uptime,level,tags foldmultilines=false

Release file:
IMPLEMENTOR="Eclipse Adoptium" 
IMPLEMENTOR_VERSION="Temurin-25.0.2+10" 
JAVA_RUNTIME_VERSION="25.0.2+10-LTS" 
JAVA_VERSION="25.0.2" 
JAVA_VERSION_DATE="2026-01-20" 
LIBC="default" 
MODULES="java.base java.compiler java.datatransfer java.xml java.prefs java.desktop java.instrument java.logging java.management java.security.sasl java.naming java.rmi java.management.rmi java.net.http java.scripting java.security.jgss java.transaction.xa java.sql java.sql.rowset java.xml.crypto java.se java.smartcardio jdk.accessibility jdk.internal.jvmstat jdk.attach jdk.charsets jdk.internal.opt jdk.zipfs jdk.compiler jdk.crypto.cryptoki jdk.crypto.ec jdk.crypto.mscapi jdk.dynalink jdk.internal.ed jdk.editpad jdk.internal.vm.ci jdk.graal.compiler jdk.graal.compiler.management jdk.hotspot.agent jdk.httpserver jdk.incubator.vector jdk.internal.le jdk.internal.md jdk.jartool jdk.javadoc jdk.jcmd jdk.management jdk.management.agent jdk.jconsole jdk.jdeps jdk.jdwp.agent jdk.jdi jdk.jfr jdk.jlink jdk.jpackage jdk.jshell jdk.jsobject jdk.jstatd jdk.localedata jdk.management.jfr jdk.naming.dns jdk.naming.rmi jdk.net jdk.nio.mapmode jdk.sctp jdk.security.auth jdk.security.jgss jdk.unsupported jdk.unsupported.desktop jdk.xml.dom" 
OS_ARCH="x86_64" 
OS_NAME="Windows" 
SOURCE=".:git:9e3c947043a4" 
BUILD_SOURCE="git:458965074606f027bd5afce2cfd5c1055dea0438"
BUILD_SOURCE_REPO="https://github.com/adoptium/temurin-build.git"
SOURCE_REPO="https://github.com/adoptium/jdk25u.git"
FULL_VERSION="25.0.2+10-LTS"
SEMANTIC_VERSION="25.0.2+10"
BUILD_INFO="OS: Windows Server 2022 Version: 10.0"
JVM_VARIANT="Hotspot"
JVM_VERSION="25.0.2+10-LTS"
IMAGE_TYPE="JDK"

Environment Variables:
JAVA_HOME=C:\Program Files\Apache NetBeans\jdk
PATH=C:\Program Files\Common Files\Oracle\Java\javapath;C:\WINDOWS\system32;C:\WINDOWS;C:\WINDOWS\System32\Wbem;C:\WINDOWS\System32\WindowsPowerShell\v1.0\;C:\WINDOWS\System32\OpenSSH\;C:\Users\ndhla\AppData\Local\Microsoft\WindowsApps;;C:\Program Files\Apache NetBeans\bin\
USERNAME=ndhla
OS=Windows_NT
PROCESSOR_IDENTIFIER=Intel64 Family 6 Model 122 Stepping 8, GenuineIntel
TMP=C:\Users\ndhla\AppData\Local\Temp
TEMP=C:\Users\ndhla\AppData\Local\Temp




Compilation memory statistics disabled.

Periodic native trim disabled

---------------  S Y S T E M  ---------------

OS:
 Windows 11 , 64 bit Build 22621 (10.0.22621.4391)
OS uptime: 2 days 22:09 hours
Hyper-V role detected

CPU: total 2 (initial active 2) (2 cores per cpu, 1 threads per core) family 6 model 122 stepping 8 microcode 0x18, cx8, cmov, fxsr, mmx, 3dnowpref, sse, sse2, sse3, ssse3, sse4.1, sse4.2, popcnt, tsc, tscinvbit, aes, erms, clmul, sha, clflush, clflushopt, hv, rdtscp, rdpid
Processor Information for the first 2 processors :
  Max Mhz: 1101, Current Mhz: 1101, Mhz Limit: 1101

Memory: 4k page, system-wide physical 3902M (483M free)
TotalPageFile size 15678M (AvailPageFile size 6M)
current process WorkingSet (physical memory assigned to process): 100M, peak: 100M
current process commit charge ("private bytes"): 160M, peak: 161M

vm_info: OpenJDK 64-Bit Server VM (25.0.2+10-LTS) for windows-amd64 JRE (25.0.2+10-LTS), built on 2026-01-20T00:00:00Z with MS VC++ 17.12 (VS2022)

END.
