#
# There is insufficient memory for the Java Runtime Environment to continue.
# Native memory allocation (malloc) failed to allocate 7711832 bytes. Error detail: Chunk::new
# Possible reasons:
#   The system is out of physical RAM or swap space
#   This process is running with CompressedOops enabled, and the Java Heap may be blocking the growth of the native heap
# Possible solutions:
#   Reduce memory load on the system
#   Increase physical memory or swap space
#   Check if swap backing store is full
#   Decrease Java heap size (-Xmx/-Xms)
#   Decrease number of Java threads
#   Decrease Java thread stack sizes (-Xss)
#   Set larger code cache with -XX:ReservedCodeCacheSize=
#   JVM is running with Unscaled Compressed Oops mode in which the Java heap is
#     placed in the first 4GB address space. The Java Heap base address is the
#     maximum limit for the native heap growth. Please use -XX:HeapBaseMinAddress
#     to set the Java Heap base and to place the Java Heap above 4GB virtual address.
# This output file may be truncated or incomplete.
#
#  Out of Memory Error (arena.cpp:186), pid=6344, tid=2364
#
# JRE version: OpenJDK Runtime Environment Temurin-25.0.2+10 (25.0.2+10) (build 25.0.2+10-LTS)
# Java VM: OpenJDK 64-Bit Server VM Temurin-25.0.2+10 (25.0.2+10-LTS, mixed mode, sharing, tiered, compressed oops, compressed class ptrs, g1 gc, windows-amd64)
# No core dump will be written. Minidumps are not enabled by default on client versions of Windows
#

---------------  S U M M A R Y ------------

Command Line: --enable-native-access=ALL-UNNAMED -Dclassworlds.conf=C:\Program Files\Apache NetBeans\java\maven\bin\m2.conf -Dmaven.home=C:\Program Files\Apache NetBeans\java\maven -Dlibrary.jansi.path=C:\Program Files\Apache NetBeans\java\maven\lib\jansi-native -Dmaven.multiModuleProjectDirectory=C:\Users\ndhla\Desktop\MLUNGISI ROSEBANK\prog5121part1 org.codehaus.plexus.classworlds.launcher.Launcher -Dexec.vmArgs= -Dexec.args=${exec.vmArgs} -classpath %classpath ${exec.mainClass} ${exec.appArgs} -Dexec.appArgs= -Dexec.mainClass=com.mycompany.prog5121part1.Prog5121part1 -Dexec.executable=C:\Program Files\Apache NetBeans\jdk\bin\java.exe -Dmaven.ext.class.path=C:\Program Files\Apache NetBeans\java\maven-nblib\netbeans-eventspy.jar --no-transfer-progress process-classes org.codehaus.mojo:exec-maven-plugin:3.5.1:exec

Host: Intel(R) Celeron(R) N4020 CPU @ 1.10GHz, 2 cores, 3G,  Windows 11 , 64 bit Build 22621 (10.0.22621.4391)
Time: Sun Apr 12 20:02:12 2026 South Africa Standard Time elapsed time: 5.552293 seconds (0d 0h 0m 5s)

---------------  T H R E A D  ---------------

Current thread (0x000002970659d5e0):  JavaThread "C2 CompilerThread0" daemon [_thread_in_native, id=2364, stack(0x000000c418d00000,0x000000c418e00000) (1024K)]


Current CompileTask:
C2:5552 2969       4       sun.util.locale.BaseLocale::getInstance (160 bytes)

Stack: [0x000000c418d00000,0x000000c418e00000]
Native frames: (J=compiled Java code, j=interpreted, Vv=VM code, C=native code)
V  [jvm.dll+0x7a8bc9]  (no source info available)
V  [jvm.dll+0x77310d]  (no source info available)
V  [jvm.dll+0x9f55f3]  (no source info available)
V  [jvm.dll+0x9f7be1]  (no source info available)
V  [jvm.dll+0x9f82f3]  (no source info available)
V  [jvm.dll+0x2fce26]  (no source info available)
V  [jvm.dll+0x111076]  (no source info available)
V  [jvm.dll+0x11139e]  (no source info available)
V  [jvm.dll+0x19fff2]  (no source info available)
V  [jvm.dll+0x3b5f62]  (no source info available)
V  [jvm.dll+0x7ae53c]  (no source info available)
V  [jvm.dll+0x2c0407]  (no source info available)
V  [jvm.dll+0x2bf3cf]  (no source info available)
V  [jvm.dll+0x237140]  (no source info available)
V  [jvm.dll+0x2cf4c6]  (no source info available)
V  [jvm.dll+0x2cd74a]  (no source info available)
V  [jvm.dll+0x48fbee]  (no source info available)
V  [jvm.dll+0x996b0d]  (no source info available)
V  [jvm.dll+0x7a71a5]  (no source info available)
C  [ucrtbase.dll+0x29333]  (no source info available)
C  [KERNEL32.DLL+0x1259d]  (no source info available)
C  [ntdll.dll+0x5af38]  (no source info available)

Lock stack of current Java thread (top to bottom):


---------------  P R O C E S S  ---------------

Threads class SMR info:
_java_thread_list=0x000002972610cab0, length=11, elements={
0x00000297064f3b90, 0x0000029706586bf0, 0x000002970658b7d0, 0x00000297065914a0,
0x0000029706592930, 0x0000029706593770, 0x0000029706596ac0, 0x000002970659d5e0,
0x00000297065a5ad0, 0x000002972138ffb0, 0x000002972139cc00
}

Java Threads: ( => current thread )
  0x00000297064f3b90 JavaThread "main"                              [_thread_in_native, id=5844, stack(0x000000c417f00000,0x000000c418000000) (1024K)]
  0x0000029706586bf0 JavaThread "Reference Handler"          daemon [_thread_blocked, id=9416, stack(0x000000c418700000,0x000000c418800000) (1024K)]
  0x000002970658b7d0 JavaThread "Finalizer"                  daemon [_thread_blocked, id=11184, stack(0x000000c418800000,0x000000c418900000) (1024K)]
  0x00000297065914a0 JavaThread "Signal Dispatcher"          daemon [_thread_blocked, id=8892, stack(0x000000c418900000,0x000000c418a00000) (1024K)]
  0x0000029706592930 JavaThread "Attach Listener"            daemon [_thread_blocked, id=16424, stack(0x000000c418a00000,0x000000c418b00000) (1024K)]
  0x0000029706593770 JavaThread "Service Thread"             daemon [_thread_blocked, id=1560, stack(0x000000c418b00000,0x000000c418c00000) (1024K)]
  0x0000029706596ac0 JavaThread "Monitor Deflation Thread"   daemon [_thread_blocked, id=15788, stack(0x000000c418c00000,0x000000c418d00000) (1024K)]
=>0x000002970659d5e0 JavaThread "C2 CompilerThread0"         daemon [_thread_in_native, id=2364, stack(0x000000c418d00000,0x000000c418e00000) (1024K)]
  0x00000297065a5ad0 JavaThread "C1 CompilerThread0"         daemon [_thread_blocked, id=10080, stack(0x000000c418e00000,0x000000c418f00000) (1024K)]
  0x000002972138ffb0 JavaThread "Notification Thread"        daemon [_thread_blocked, id=19268, stack(0x000000c418f00000,0x000000c419000000) (1024K)]
  0x000002972139cc00 JavaThread "Common-Cleaner"             daemon [_thread_blocked, id=16340, stack(0x000000c419000000,0x000000c419100000) (1024K)]
Total: 11

Other Threads:
  0x000002970657c090 VMThread "VM Thread"                           [id=11596, stack(0x000000c418600000,0x000000c418700000) (1024K)]
  0x000002972125da20 WatcherThread "VM Periodic Task Thread"        [id=11004, stack(0x000000c418500000,0x000000c418600000) (1024K)]
  0x0000029706532f50 WorkerThread "GC Thread#0"                     [id=4732, stack(0x000000c418000000,0x000000c418100000) (1024K)]
  0x00000297266ead60 WorkerThread "GC Thread#1"                     [id=8456, stack(0x000000c419100000,0x000000c419200000) (1024K)]
  0x000002970653f8a0 ConcurrentGCThread "G1 Main Marker"            [id=12228, stack(0x000000c418100000,0x000000c418200000) (1024K)]
  0x0000029706540cb0 WorkerThread "G1 Conc#0"                       [id=11284, stack(0x000000c418200000,0x000000c418300000) (1024K)]
  0x000002970655dfd0 ConcurrentGCThread "G1 Refine#0"               [id=1192, stack(0x000000c418300000,0x000000c418400000) (1024K)]
  0x000002970655fbf0 ConcurrentGCThread "G1 Service"                [id=6508, stack(0x000000c418400000,0x000000c418500000) (1024K)]
Total: 8

Threads with active compile tasks:
C2 CompilerThread0  5821 2969       4       sun.util.locale.BaseLocale::getInstance (160 bytes)
Total: 1

VM state: not at safepoint (normal execution)

VM Mutex/Monitor currently owned by a thread: None

Heap address: 0x00000000c3000000, size: 976 MB, Compressed Oops mode: 32-bit

CDS archive(s) mapped at: [0x0000000013000000-0x0000000013dd0000-0x0000000013dd0000), size 14483456, SharedBaseAddress: 0x0000000013000000, ArchiveRelocationMode: 1.
Compressed class space mapped at: 0x0000000014000000-0x0000000054000000, reserved size: 1073741824
UseCompressedClassPointers 1, UseCompactObjectHeaders 0
Narrow klass pointer bits 32, Max shift 3
Narrow klass base: 0x0000000013000000, Narrow klass shift: 0
Encoding Range: [0x0000000013000000 - 0x0000000113000000), (4294967296 bytes)
Klass Range:    [0x0000000013010000 - 0x0000000054000000), (1090453504 bytes)
Klass ID Range:  [65536 - 1090519033) (1090453497)
Protection zone: [0x0000000013000000 - 0x0000000013010000), (65536 bytes)

GC Precious Log:
 CardTable entry size: 512
 Card Set container configuration: InlinePtr #cards 5 size 8 Array Of Cards #cards 10 size 36 Howl #buckets 4 coarsen threshold 1843 Howl Bitmap #cards 512 size 80 coarsen threshold 460 Card regions per heap region 1 cards per card region 2048
 CPUs: 2 total, 2 available
 Memory: 3902M
 Large Page Support: Disabled
 NUMA Support: Disabled
 Compressed Oops: Enabled (32-bit)
 Heap Region Size: 1M
 Heap Min Capacity: 8M
 Heap Initial Capacity: 62M
 Heap Max Capacity: 976M
 Pre-touch: Disabled
 Parallel Workers: 2
 Concurrent Workers: 1
 Concurrent Refinement Workers: 2
 Periodic GC: Disabled

Heap:
 garbage-first heap   total reserved 999424K, committed 65536K, used 35905K [0x00000000c3000000, 0x0000000100000000)
  region size 1024K, 35 young (35840K), 4 survivors (4096K)

Heap Regions: E=young(eden), S=young(survivor), O=old, HS=humongous(starts), HC=humongous(continues), CS=collection set, F=free, TAMS=top-at-mark-start, PB=parsable bottom
|   0|0x00000000c3000000, 0x00000000c309b7a0, 0x00000000c3100000| 60%| O|  |TAMS 0x00000000c3000000| PB 0x00000000c3000000| Untracked |  0
|   1|0x00000000c3100000, 0x00000000c3100000, 0x00000000c3200000|  0%| F|  |TAMS 0x00000000c3100000| PB 0x00000000c3100000| Untracked |  0
|   2|0x00000000c3200000, 0x00000000c3200000, 0x00000000c3300000|  0%| F|  |TAMS 0x00000000c3200000| PB 0x00000000c3200000| Untracked |  0
|   3|0x00000000c3300000, 0x00000000c3300000, 0x00000000c3400000|  0%| F|  |TAMS 0x00000000c3300000| PB 0x00000000c3300000| Untracked |  0
|   4|0x00000000c3400000, 0x00000000c3400000, 0x00000000c3500000|  0%| F|  |TAMS 0x00000000c3400000| PB 0x00000000c3400000| Untracked |  0
|   5|0x00000000c3500000, 0x00000000c3500000, 0x00000000c3600000|  0%| F|  |TAMS 0x00000000c3500000| PB 0x00000000c3500000| Untracked |  0
|   6|0x00000000c3600000, 0x00000000c3600000, 0x00000000c3700000|  0%| F|  |TAMS 0x00000000c3600000| PB 0x00000000c3600000| Untracked |  0
|   7|0x00000000c3700000, 0x00000000c3700000, 0x00000000c3800000|  0%| F|  |TAMS 0x00000000c3700000| PB 0x00000000c3700000| Untracked |  0
|   8|0x00000000c3800000, 0x00000000c3800000, 0x00000000c3900000|  0%| F|  |TAMS 0x00000000c3800000| PB 0x00000000c3800000| Untracked |  0
|   9|0x00000000c3900000, 0x00000000c3900000, 0x00000000c3a00000|  0%| F|  |TAMS 0x00000000c3900000| PB 0x00000000c3900000| Untracked |  0
|  10|0x00000000c3a00000, 0x00000000c3a00000, 0x00000000c3b00000|  0%| F|  |TAMS 0x00000000c3a00000| PB 0x00000000c3a00000| Untracked |  0
|  11|0x00000000c3b00000, 0x00000000c3b00000, 0x00000000c3c00000|  0%| F|  |TAMS 0x00000000c3b00000| PB 0x00000000c3b00000| Untracked |  0
|  12|0x00000000c3c00000, 0x00000000c3c00000, 0x00000000c3d00000|  0%| F|  |TAMS 0x00000000c3c00000| PB 0x00000000c3c00000| Untracked |  0
|  13|0x00000000c3d00000, 0x00000000c3d00000, 0x00000000c3e00000|  0%| F|  |TAMS 0x00000000c3d00000| PB 0x00000000c3d00000| Untracked |  0
|  14|0x00000000c3e00000, 0x00000000c3e00000, 0x00000000c3f00000|  0%| F|  |TAMS 0x00000000c3e00000| PB 0x00000000c3e00000| Untracked |  0
|  15|0x00000000c3f00000, 0x00000000c3f00000, 0x00000000c4000000|  0%| F|  |TAMS 0x00000000c3f00000| PB 0x00000000c3f00000| Untracked |  0
|  16|0x00000000c4000000, 0x00000000c4000000, 0x00000000c4100000|  0%| F|  |TAMS 0x00000000c4000000| PB 0x00000000c4000000| Untracked |  0
|  17|0x00000000c4100000, 0x00000000c4100000, 0x00000000c4200000|  0%| F|  |TAMS 0x00000000c4100000| PB 0x00000000c4100000| Untracked |  0
|  18|0x00000000c4200000, 0x00000000c4200000, 0x00000000c4300000|  0%| F|  |TAMS 0x00000000c4200000| PB 0x00000000c4200000| Untracked |  0
|  19|0x00000000c4300000, 0x00000000c4300000, 0x00000000c4400000|  0%| F|  |TAMS 0x00000000c4300000| PB 0x00000000c4300000| Untracked |  0
|  20|0x00000000c4400000, 0x00000000c4400000, 0x00000000c4500000|  0%| F|  |TAMS 0x00000000c4400000| PB 0x00000000c4400000| Untracked |  0
|  21|0x00000000c4500000, 0x00000000c4500000, 0x00000000c4600000|  0%| F|  |TAMS 0x00000000c4500000| PB 0x00000000c4500000| Untracked |  0
|  22|0x00000000c4600000, 0x00000000c4600000, 0x00000000c4700000|  0%| F|  |TAMS 0x00000000c4600000| PB 0x00000000c4600000| Untracked |  0
|  23|0x00000000c4700000, 0x00000000c4700000, 0x00000000c4800000|  0%| F|  |TAMS 0x00000000c4700000| PB 0x00000000c4700000| Untracked |  0
|  24|0x00000000c4800000, 0x00000000c4800000, 0x00000000c4900000|  0%| F|  |TAMS 0x00000000c4800000| PB 0x00000000c4800000| Untracked |  0
|  25|0x00000000c4900000, 0x00000000c4900000, 0x00000000c4a00000|  0%| F|  |TAMS 0x00000000c4900000| PB 0x00000000c4900000| Untracked |  0
|  26|0x00000000c4a00000, 0x00000000c4a00000, 0x00000000c4b00000|  0%| F|  |TAMS 0x00000000c4a00000| PB 0x00000000c4a00000| Untracked |  0
|  27|0x00000000c4b00000, 0x00000000c4b77740, 0x00000000c4c00000| 46%| E|  |TAMS 0x00000000c4b00000| PB 0x00000000c4b00000| Complete |  0
|  28|0x00000000c4c00000, 0x00000000c4d00000, 0x00000000c4d00000|100%| E|CS|TAMS 0x00000000c4c00000| PB 0x00000000c4c00000| Complete |  0
|  29|0x00000000c4d00000, 0x00000000c4e00000, 0x00000000c4e00000|100%| E|CS|TAMS 0x00000000c4d00000| PB 0x00000000c4d00000| Complete |  0
|  30|0x00000000c4e00000, 0x00000000c4f00000, 0x00000000c4f00000|100%| E|CS|TAMS 0x00000000c4e00000| PB 0x00000000c4e00000| Complete |  0
|  31|0x00000000c4f00000, 0x00000000c4f4ff90, 0x00000000c5000000| 31%| S|CS|TAMS 0x00000000c4f00000| PB 0x00000000c4f00000| Complete |  0
|  32|0x00000000c5000000, 0x00000000c5100000, 0x00000000c5100000|100%| S|CS|TAMS 0x00000000c5000000| PB 0x00000000c5000000| Complete |  0
|  33|0x00000000c5100000, 0x00000000c5200000, 0x00000000c5200000|100%| S|CS|TAMS 0x00000000c5100000| PB 0x00000000c5100000| Complete |  0
|  34|0x00000000c5200000, 0x00000000c5300000, 0x00000000c5300000|100%| S|CS|TAMS 0x00000000c5200000| PB 0x00000000c5200000| Complete |  0
|  35|0x00000000c5300000, 0x00000000c5400000, 0x00000000c5400000|100%| E|CS|TAMS 0x00000000c5300000| PB 0x00000000c5300000| Complete |  0
|  36|0x00000000c5400000, 0x00000000c5500000, 0x00000000c5500000|100%| E|CS|TAMS 0x00000000c5400000| PB 0x00000000c5400000| Complete |  0
|  37|0x00000000c5500000, 0x00000000c5600000, 0x00000000c5600000|100%| E|CS|TAMS 0x00000000c5500000| PB 0x00000000c5500000| Complete |  0
|  38|0x00000000c5600000, 0x00000000c5700000, 0x00000000c5700000|100%| E|CS|TAMS 0x00000000c5600000| PB 0x00000000c5600000| Complete |  0
|  39|0x00000000c5700000, 0x00000000c5800000, 0x00000000c5800000|100%| E|CS|TAMS 0x00000000c5700000| PB 0x00000000c5700000| Complete |  0
|  40|0x00000000c5800000, 0x00000000c5900000, 0x00000000c5900000|100%| E|CS|TAMS 0x00000000c5800000| PB 0x00000000c5800000| Complete |  0
|  41|0x00000000c5900000, 0x00000000c5a00000, 0x00000000c5a00000|100%| E|CS|TAMS 0x00000000c5900000| PB 0x00000000c5900000| Complete |  0
|  42|0x00000000c5a00000, 0x00000000c5b00000, 0x00000000c5b00000|100%| E|CS|TAMS 0x00000000c5a00000| PB 0x00000000c5a00000| Complete |  0
|  43|0x00000000c5b00000, 0x00000000c5c00000, 0x00000000c5c00000|100%| E|CS|TAMS 0x00000000c5b00000| PB 0x00000000c5b00000| Complete |  0
|  44|0x00000000c5c00000, 0x00000000c5d00000, 0x00000000c5d00000|100%| E|CS|TAMS 0x00000000c5c00000| PB 0x00000000c5c00000| Complete |  0
|  45|0x00000000c5d00000, 0x00000000c5e00000, 0x00000000c5e00000|100%| E|CS|TAMS 0x00000000c5d00000| PB 0x00000000c5d00000| Complete |  0
|  46|0x00000000c5e00000, 0x00000000c5f00000, 0x00000000c5f00000|100%| E|CS|TAMS 0x00000000c5e00000| PB 0x00000000c5e00000| Complete |  0
|  47|0x00000000c5f00000, 0x00000000c6000000, 0x00000000c6000000|100%| E|CS|TAMS 0x00000000c5f00000| PB 0x00000000c5f00000| Complete |  0
|  48|0x00000000c6000000, 0x00000000c6100000, 0x00000000c6100000|100%| E|CS|TAMS 0x00000000c6000000| PB 0x00000000c6000000| Complete |  0
|  49|0x00000000c6100000, 0x00000000c6200000, 0x00000000c6200000|100%| E|CS|TAMS 0x00000000c6100000| PB 0x00000000c6100000| Complete |  0
|  50|0x00000000c6200000, 0x00000000c6300000, 0x00000000c6300000|100%| E|CS|TAMS 0x00000000c6200000| PB 0x00000000c6200000| Complete |  0
|  51|0x00000000c6300000, 0x00000000c6400000, 0x00000000c6400000|100%| E|CS|TAMS 0x00000000c6300000| PB 0x00000000c6300000| Complete |  0
|  52|0x00000000c6400000, 0x00000000c6500000, 0x00000000c6500000|100%| E|CS|TAMS 0x00000000c6400000| PB 0x00000000c6400000| Complete |  0
|  53|0x00000000c6500000, 0x00000000c6600000, 0x00000000c6600000|100%| E|CS|TAMS 0x00000000c6500000| PB 0x00000000c6500000| Complete |  0
|  54|0x00000000c6600000, 0x00000000c6700000, 0x00000000c6700000|100%| E|CS|TAMS 0x00000000c6600000| PB 0x00000000c6600000| Complete |  0
|  55|0x00000000c6700000, 0x00000000c6800000, 0x00000000c6800000|100%| E|CS|TAMS 0x00000000c6700000| PB 0x00000000c6700000| Complete |  0
|  56|0x00000000c6800000, 0x00000000c6900000, 0x00000000c6900000|100%| E|CS|TAMS 0x00000000c6800000| PB 0x00000000c6800000| Complete |  0
|  57|0x00000000c6900000, 0x00000000c6a00000, 0x00000000c6a00000|100%| E|CS|TAMS 0x00000000c6900000| PB 0x00000000c6900000| Complete |  0
|  58|0x00000000c6a00000, 0x00000000c6b00000, 0x00000000c6b00000|100%| E|CS|TAMS 0x00000000c6a00000| PB 0x00000000c6a00000| Complete |  0
|  59|0x00000000c6b00000, 0x00000000c6c00000, 0x00000000c6c00000|100%| E|CS|TAMS 0x00000000c6b00000| PB 0x00000000c6b00000| Complete |  0
|  60|0x00000000c6c00000, 0x00000000c6d00000, 0x00000000c6d00000|100%| E|CS|TAMS 0x00000000c6c00000| PB 0x00000000c6c00000| Complete |  0
|  61|0x00000000c6d00000, 0x00000000c6e00000, 0x00000000c6e00000|100%| E|CS|TAMS 0x00000000c6d00000| PB 0x00000000c6d00000| Complete |  0
| 974|0x00000000ffe00000, 0x00000000fff00000, 0x00000000fff00000|100%| O|  |TAMS 0x00000000ffe00000| PB 0x00000000ffe00000| Untracked |  0
| 975|0x00000000fff00000, 0x00000000fff24ea8, 0x0000000100000000| 14%| O|  |TAMS 0x00000000fff00000| PB 0x00000000fff00000| Untracked |  0

Card table byte_map: [0x00000297062a0000,0x0000029706490000] _byte_map_base: 0x0000029705c88000

Marking Bits: (CMBitMap*) 0x00000297065336e0
 Bits: [0x000002971dfe0000, 0x000002971ef20000)

Polling page: 0x0000029704240000

Metaspace:
Metaspace        used 14145K, committed 14400K, reserved 1114112K
 class space     used 1781K, committed 1920K, reserved 1048576K

Usage:
  Non-class:     12.07 MB used.
      Class:      1.74 MB used.
       Both:     13.81 MB used.

Virtual space:
  Non-class space:       64.00 MB reserved,      12.19 MB ( 19%) committed,  1 nodes.
      Class space:        1.00 GB reserved,       1.88 MB ( <1%) committed,  1 nodes.
             Both:        1.06 GB reserved,      14.06 MB (  1%) committed. 

Chunk freelists:
   Non-Class:  3.02 MB
       Class:  13.97 MB
        Both:  16.99 MB

MaxMetaspaceSize: unlimited
CompressedClassSpaceSize: 1.00 GB
Initial GC threshold: 21.00 MB
Current GC threshold: 21.00 MB
CDS: on
 - commit_granule_bytes: 65536.
 - commit_granule_words: 8192.
 - virtual_space_node_default_size: 8388608.
 - enlarge_chunks_in_place: 1.
UseCompressedClassPointers 1, UseCompactObjectHeaders 0
Narrow klass pointer bits 32, Max shift 3
Narrow klass base: 0x0000000013000000, Narrow klass shift: 0
Encoding Range: [0x0000000013000000 - 0x0000000113000000), (4294967296 bytes)
Klass Range:    [0x0000000013010000 - 0x0000000054000000), (1090453504 bytes)
Klass ID Range:  [65536 - 1090519033) (1090453497)
Protection zone: [0x0000000013000000 - 0x0000000013010000), (65536 bytes)


Internal statistics:

num_allocs_failed_limit: 0.
num_arena_births: 120.
num_arena_deaths: 0.
num_vsnodes_births: 2.
num_vsnodes_deaths: 0.
num_space_committed: 225.
num_space_uncommitted: 0.
num_chunks_returned_to_freelist: 0.
num_chunks_taken_from_freelist: 624.
num_chunk_merges: 0.
num_chunk_splits: 414.
num_chunks_enlarged: 331.
num_inconsistent_stats: 0.

CodeHeap 'non-profiled nmethods': size=120128Kb used=817Kb max_used=817Kb free=119310Kb
 bounds [0x0000029716a90000, 0x0000029716d00000, 0x000002971dfe0000]
CodeHeap 'profiled nmethods': size=120000Kb used=4689Kb max_used=4689Kb free=115310Kb
 bounds [0x000002970efe0000, 0x000002970f480000, 0x0000029716510000]
CodeHeap 'non-nmethods': size=5632Kb used=1381Kb max_used=1434Kb free=4250Kb
 bounds [0x0000029716510000, 0x0000029716780000, 0x0000029716a90000]
CodeCache: size=245760Kb, used=6887Kb, max_used=6940Kb, free=238870Kb
 total_blobs=3515, nmethods=3010, adapters=407, full_count=0
Compilation: enabled, stopped_count=0, restarted_count=0

Compilation events (20 events):
Event: 5.456 Thread 0x00000297065a5ad0 2983       3       java.nio.Buffer::limit (65 bytes)
Event: 5.456 Thread 0x00000297065a5ad0 nmethod 2983 0x000002970f468808 code [0x000002970f468900, 0x000002970f468b78]
Event: 5.468 Thread 0x00000297065a5ad0 2984       3       com.google.inject.internal.InternalContext::getConstructionContext (36 bytes)
Event: 5.469 Thread 0x00000297065a5ad0 nmethod 2984 0x000002970f468b88 code [0x000002970f468c80, 0x000002970f469070]
Event: 5.469 Thread 0x00000297065a5ad0 2985       3       org.eclipse.sisu.bean.BeanPropertyField::getAnnotation (9 bytes)
Event: 5.470 Thread 0x00000297065a5ad0 nmethod 2985 0x000002970f469088 code [0x000002970f469180, 0x000002970f4699b8]
Event: 5.470 Thread 0x00000297065a5ad0 2986       3       com.google.inject.internal.aop.ClassBuilding::visitFastMethods (65 bytes)
Event: 5.471 Thread 0x00000297065a5ad0 nmethod 2986 0x000002970f469a08 code [0x000002970f469b00, 0x000002970f46a018]
Event: 5.472 Thread 0x00000297065a5ad0 2987       3       com.google.inject.internal.ConstructionContext::startConstruction (6 bytes)
Event: 5.472 Thread 0x00000297065a5ad0 nmethod 2987 0x000002970f46a088 code [0x000002970f46a180, 0x000002970f46a290]
Event: 5.485 Thread 0x00000297065a5ad0 2989       3       jdk.internal.classfile.impl.DirectClassBuilder::withMethod (54 bytes)
Event: 5.485 Thread 0x00000297065a5ad0 nmethod 2989 0x000002970f46a388 code [0x000002970f46a480, 0x000002970f46a9e0]
Event: 5.486 Thread 0x00000297065a5ad0 2990       3       jdk.internal.classfile.impl.AbstractPoolEntry$Utf8EntryImpl::equalsString (215 bytes)
Event: 5.488 Thread 0x00000297065a5ad0 nmethod 2990 0x000002970f46aa08 code [0x000002970f46ab00, 0x000002970f46c638]
Event: 5.489 Thread 0x00000297065a5ad0 2991       3       java.lang.invoke.InvokerBytecodeGenerator::emitPushArgument (145 bytes)
Event: 5.491 Thread 0x00000297065a5ad0 nmethod 2991 0x000002970f46c688 code [0x000002970f46c780, 0x000002970f46dd38]
Event: 5.496 Thread 0x00000297065a5ad0 2992       1       jdk.internal.classfile.impl.AnnotationImpl::elements (5 bytes)
Event: 5.497 Thread 0x00000297065a5ad0 nmethod 2992 0x0000029716b5ab88 code [0x0000029716b5ac80, 0x0000029716b5ad48]
Event: 5.497 Thread 0x00000297065a5ad0 2993       1       jdk.internal.classfile.impl.AnnotationImpl::className (5 bytes)
Event: 5.497 Thread 0x00000297065a5ad0 nmethod 2993 0x0000029716b5ae88 code [0x0000029716b5af80, 0x0000029716b5b048]

GC Heap Usage History (4 events):
Event: 1.247 {heap Before GC invocations=0 (full 0):
 garbage-first heap   total reserved 999424K, committed 65536K, used 14483K [0x00000000c3000000, 0x0000000100000000)
  region size 1024K, 14 young (14336K), 0 survivors (0K)
}
Event: 1.255 {heap After GC invocations=1 (full 0):
 garbage-first heap   total reserved 999424K, committed 65536K, used 3841K [0x00000000c3000000, 0x0000000100000000)
  region size 1024K, 2 young (2048K), 2 survivors (2048K)
}
Event: 2.672 {heap Before GC invocations=1 (full 0):
 garbage-first heap   total reserved 999424K, committed 65536K, used 28417K [0x00000000c3000000, 0x0000000100000000)
  region size 1024K, 27 young (27648K), 2 survivors (2048K)
}
Event: 2.682 {heap After GC invocations=2 (full 0):
 garbage-first heap   total reserved 999424K, committed 65536K, used 5185K [0x00000000c3000000, 0x0000000100000000)
  region size 1024K, 4 young (4096K), 4 survivors (4096K)
}

Metaspace Usage History (4 events):
Event: 1.247 {metaspace Before GC invocations=0 (full 0):
 Metaspace       used 4338K, committed 4544K, reserved 1114112K
  class space    used 488K, committed 576K, reserved 1048576K
}
Event: 1.255 {metaspace After GC invocations=1 (full 0):
 Metaspace       used 4338K, committed 4544K, reserved 1114112K
  class space    used 488K, committed 576K, reserved 1048576K
}
Event: 2.672 {metaspace Before GC invocations=1 (full 0):
 Metaspace       used 7622K, committed 7808K, reserved 1114112K
  class space    used 919K, committed 1024K, reserved 1048576K
}
Event: 2.682 {metaspace After GC invocations=2 (full 0):
 Metaspace       used 7622K, committed 7808K, reserved 1114112K
  class space    used 919K, committed 1024K, reserved 1048576K
}

Dll operation events (7 events):
Event: 0.018 Loaded shared library C:\Program Files\Apache NetBeans\jdk\bin\java.dll
Event: 0.103 Loaded shared library C:\Program Files\Apache NetBeans\jdk\bin\net.dll
Event: 0.107 Loaded shared library C:\Program Files\Apache NetBeans\jdk\bin\nio.dll
Event: 0.116 Loaded shared library C:\Program Files\Apache NetBeans\jdk\bin\zip.dll
Event: 0.403 Loaded shared library C:\Program Files\Apache NetBeans\java\maven\lib\jansi-native\Windows\x86_64\jansi.dll
Event: 0.411 Loaded shared library C:\Program Files\Apache NetBeans\jdk\bin\jimage.dll
Event: 0.424 Loaded shared library C:\Program Files\Apache NetBeans\jdk\bin\verify.dll

Deoptimization events (20 events):
Event: 5.314 Thread 0x00000297064f3b90 Uncommon trap: trap_request=0xffffffc6 fr.pc=0x0000029716aea8f4 relative=0x0000000000000274
Event: 5.314 Thread 0x00000297064f3b90 Uncommon trap: reason=bimorphic_or_optimized_type_check action=maybe_recompile pc=0x0000029716aea8f4 method=java.nio.Buffer.<init>(IIIILjava/lang/foreign/MemorySegment;)V @ 39 c2
Event: 5.314 Thread 0x00000297064f3b90 DEOPT PACKING pc=0x0000029716aea8f4 sp=0x000000c417ffd1d0
Event: 5.314 Thread 0x00000297064f3b90 DEOPT UNPACKING pc=0x0000029716628bfc sp=0x000000c417ffd158 mode 2
Event: 5.315 Thread 0x00000297064f3b90 Uncommon trap: trap_request=0xffffff45 fr.pc=0x0000029716aea134 relative=0x00000000000000b4
Event: 5.315 Thread 0x00000297064f3b90 Uncommon trap: reason=unstable_if action=reinterpret pc=0x0000029716aea134 method=java.nio.Buffer.limit(I)Ljava/nio/Buffer; @ 42 c2
Event: 5.315 Thread 0x00000297064f3b90 DEOPT PACKING pc=0x0000029716aea134 sp=0x000000c417ffd5d0
Event: 5.316 Thread 0x00000297064f3b90 DEOPT UNPACKING pc=0x0000029716628bfc sp=0x000000c417ffd558 mode 2
Event: 5.316 Thread 0x00000297064f3b90 Uncommon trap: trap_request=0xffffffc6 fr.pc=0x0000029716aea8f4 relative=0x0000000000000274
Event: 5.316 Thread 0x00000297064f3b90 Uncommon trap: reason=bimorphic_or_optimized_type_check action=maybe_recompile pc=0x0000029716aea8f4 method=java.nio.Buffer.<init>(IIIILjava/lang/foreign/MemorySegment;)V @ 39 c2
Event: 5.316 Thread 0x00000297064f3b90 DEOPT PACKING pc=0x0000029716aea8f4 sp=0x000000c417ffd2b0
Event: 5.316 Thread 0x00000297064f3b90 DEOPT UNPACKING pc=0x0000029716628bfc sp=0x000000c417ffd238 mode 2
Event: 5.316 Thread 0x00000297064f3b90 Uncommon trap: trap_request=0xffffffc6 fr.pc=0x0000029716aea8f4 relative=0x0000000000000274
Event: 5.316 Thread 0x00000297064f3b90 Uncommon trap: reason=bimorphic_or_optimized_type_check action=maybe_recompile pc=0x0000029716aea8f4 method=java.nio.Buffer.<init>(IIIILjava/lang/foreign/MemorySegment;)V @ 39 c2
Event: 5.316 Thread 0x00000297064f3b90 DEOPT PACKING pc=0x0000029716aea8f4 sp=0x000000c417ffd380
Event: 5.316 Thread 0x00000297064f3b90 DEOPT UNPACKING pc=0x0000029716628bfc sp=0x000000c417ffd308 mode 2
Event: 5.345 Thread 0x00000297064f3b90 Uncommon trap: trap_request=0xffffff45 fr.pc=0x0000029716b016f0 relative=0x0000000000000670
Event: 5.345 Thread 0x00000297064f3b90 Uncommon trap: reason=unstable_if action=reinterpret pc=0x0000029716b016f0 method=java.lang.String.replace(CC)Ljava/lang/String; @ 2 c2
Event: 5.345 Thread 0x00000297064f3b90 DEOPT PACKING pc=0x0000029716b016f0 sp=0x000000c417ffe120
Event: 5.345 Thread 0x00000297064f3b90 DEOPT UNPACKING pc=0x0000029716628bfc sp=0x000000c417ffe0e0 mode 2

Classes loaded (20 events):
Event: 5.186 Loading class java/util/concurrent/atomic/AtomicReference done
Event: 5.305 Loading class sun/util/resources/LocaleData$CommonResourceBundleProvider
Event: 5.305 Loading class sun/util/resources/LocaleData$LocaleDataResourceBundleProvider
Event: 5.305 Loading class java/util/spi/ResourceBundleProvider
Event: 5.313 Loading class java/util/spi/ResourceBundleProvider done
Event: 5.313 Loading class sun/util/resources/LocaleData$LocaleDataResourceBundleProvider done
Event: 5.313 Loading class sun/util/resources/LocaleData$CommonResourceBundleProvider done
Event: 5.346 Loading class java/util/stream/IntStream
Event: 5.347 Loading class java/util/stream/IntStream done
Event: 5.348 Loading class java/util/Spliterators$EmptySpliterator$OfInt
Event: 5.348 Loading class java/util/Spliterator$OfInt
Event: 5.348 Loading class java/util/Spliterator$OfPrimitive
Event: 5.349 Loading class java/util/Spliterator$OfPrimitive done
Event: 5.349 Loading class java/util/Spliterator$OfInt done
Event: 5.349 Loading class java/util/Spliterators$EmptySpliterator$OfInt done
Event: 5.349 Loading class java/util/stream/IntPipeline$Head
Event: 5.349 Loading class java/util/stream/IntPipeline
Event: 5.350 Loading class java/util/stream/IntPipeline done
Event: 5.350 Loading class java/util/stream/IntPipeline$Head done
Event: 5.498 Loading class sun/invoke/util/ValueConversions$1

Classes unloaded (0 events):
No events

Classes redefined (0 events):
No events

Internal exceptions (20 events):
Event: 0.473 Thread 0x00000297064f3b90 Exception <a 'java/lang/NoSuchMethodError'{0x00000000c6829210}: 'void java.lang.invoke.DirectMethodHandle$Holder.invokeStaticInit(java.lang.Object, java.lang.Object)'> (0x00000000c6829210) 
thrown [s\src\hotspot\share\interpreter\linkResolver.cpp, line 804]
Event: 0.497 Thread 0x00000297064f3b90 Exception <a 'java/lang/NoSuchMethodError'{0x00000000c685c6f8}: 'void java.lang.invoke.DirectMethodHandle$Holder.invokeSpecial(java.lang.Object, java.lang.Object, java.lang.Object, java.lang.Object, java.lang.Object)'> (0x00000000c685c6f8) 
thrown [s\src\hotspot\share\interpreter\linkResolver.cpp, line 804]
Event: 0.518 Thread 0x00000297064f3b90 Exception <a 'java/lang/NoSuchMethodError'{0x00000000c68989c8}: 'void java.lang.invoke.DirectMethodHandle$Holder.invokeStatic(java.lang.Object, java.lang.Object, java.lang.Object)'> (0x00000000c68989c8) 
thrown [s\src\hotspot\share\interpreter\linkResolver.cpp, line 804]
Event: 0.661 Thread 0x00000297064f3b90 Exception <a 'java/lang/NoSuchMethodError'{0x00000000c6611820}: 'java.lang.Object java.lang.invoke.DirectMethodHandle$Holder.invokeSpecialIFC(java.lang.Object, java.lang.Object, java.lang.Object, java.lang.Object)'> (0x00000000c6611820) 
thrown [s\src\hotspot\share\interpreter\linkResolver.cpp, line 804]
Event: 1.117 Thread 0x00000297064f3b90 Exception <a 'java/lang/NoSuchMethodError'{0x00000000c61026d0}: 'void java.lang.invoke.DirectMethodHandle$Holder.invokeSpecial(java.lang.Object, java.lang.Object, java.lang.Object)'> (0x00000000c61026d0) 
thrown [s\src\hotspot\share\interpreter\linkResolver.cpp, line 804]
Event: 1.195 Thread 0x00000297064f3b90 Exception <a 'java/lang/NoSuchMethodError'{0x00000000c601d850}: 'java.lang.Object java.lang.invoke.DirectMethodHandle$Holder.invokeInterface(java.lang.Object, java.lang.Object)'> (0x00000000c601d850) 
thrown [s\src\hotspot\share\interpreter\linkResolver.cpp, line 804]
Event: 1.229 Thread 0x00000297064f3b90 Exception <a 'java/lang/NoSuchMethodError'{0x00000000c60c8850}: 'int java.lang.invoke.DirectMethodHandle$Holder.invokeStatic(java.lang.Object, java.lang.Object, java.lang.Object, java.lang.Object)'> (0x00000000c60c8850) 
thrown [s\src\hotspot\share\interpreter\linkResolver.cpp, line 804]
Event: 1.246 Thread 0x00000297064f3b90 Exception <a 'java/lang/NoSuchMethodError'{0x00000000c60f2678}: 'int java.lang.invoke.DirectMethodHandle$Holder.invokeSpecialIFC(java.lang.Object, java.lang.Object, java.lang.Object, java.lang.Object, java.lang.Object)'> (0x00000000c60f2678) 
thrown [s\src\hotspot\share\interpreter\linkResolver.cpp, line 804]
Event: 1.384 Thread 0x00000297064f3b90 Exception <a 'java/lang/NoSuchMethodError'{0x00000000c6cc0fc8}: 'java.lang.Object java.lang.invoke.DirectMethodHandle$Holder.newInvokeSpecial(java.lang.Object, java.lang.Object, java.lang.Object, java.lang.Object, java.lang.Object)'> (0x00000000c6cc0fc8) 
thrown [s\src\hotspot\share\interpreter\linkResolver.cpp, line 804]
Event: 1.464 Thread 0x00000297064f3b90 Exception <a 'java/lang/NoSuchMethodError'{0x00000000c6bda980}: 'int java.lang.invoke.DirectMethodHandle$Holder.invokeStaticInit(java.lang.Object, java.lang.Object)'> (0x00000000c6bda980) 
thrown [s\src\hotspot\share\interpreter\linkResolver.cpp, line 804]
Event: 1.479 Thread 0x00000297064f3b90 Exception <a 'java/lang/NoClassDefFoundError'{0x00000000c6a14c90}: javax/enterprise/inject/Typed> (0x00000000c6a14c90) 
thrown [s\src\hotspot\share\classfile\systemDictionary.cpp, line 316]
Event: 3.255 Thread 0x00000297064f3b90 Exception <a 'java/lang/NoSuchMethodError'{0x00000000c61387f8}: 'void java.lang.invoke.DirectMethodHandle$Holder.invokeStaticInit(java.lang.Object, java.lang.Object, java.lang.Object)'> (0x00000000c61387f8) 
thrown [s\src\hotspot\share\interpreter\linkResolver.cpp, line 804]
Event: 3.283 Thread 0x00000297064f3b90 Implicit null exception at 0x0000029716aef59d to 0x0000029716aef6d0
Event: 3.290 Thread 0x00000297064f3b90 Exception <a 'java/lang/NoSuchMethodError'{0x00000000c61c2ae0}: 'java.lang.Object java.lang.invoke.Invokers$Holder.invokeExact_MT(java.lang.Object, int, java.lang.Object)'> (0x00000000c61c2ae0) 
thrown [s\src\hotspot\share\interpreter\linkResolver.cpp, line 804]
Event: 3.836 Thread 0x00000297064f3b90 Exception <a 'java/lang/NoSuchMethodError'{0x00000000c59c0ac8}: 'void java.lang.invoke.Invokers$Holder.invokeExact_MT(java.lang.Object, java.lang.Object, java.lang.Object, java.lang.Object)'> (0x00000000c59c0ac8) 
thrown [s\src\hotspot\share\interpreter\linkResolver.cpp, line 804]
Event: 3.885 Thread 0x00000297064f3b90 Exception <a 'java/lang/NoClassDefFoundError'{0x00000000c5840cd8}: com/google/inject/servlet/ServletModuleTargetVisitor> (0x00000000c5840cd8) 
thrown [s\src\hotspot\share\classfile\systemDictionary.cpp, line 316]
Event: 4.953 Thread 0x00000297064f3b90 Exception <a 'java/lang/NoSuchMethodError'{0x00000000c5582b00}: 'java.lang.Object java.lang.invoke.DirectMethodHandle$Holder.invokeStaticInit(java.lang.Object, int, int, int, int)'> (0x00000000c5582b00) 
thrown [s\src\hotspot\share\interpreter\linkResolver.cpp, line 804]
Event: 5.265 Thread 0x00000297064f3b90 Exception <a 'java/lang/NoSuchMethodError'{0x00000000c4d04088}: 'java.lang.Object java.lang.invoke.DirectMethodHandle$Holder.invokeVirtual(java.lang.Object, java.lang.Object, java.lang.Object)'> (0x00000000c4d04088) 
thrown [s\src\hotspot\share\interpreter\linkResolver.cpp, line 804]
Event: 5.271 Thread 0x00000297064f3b90 Exception <a 'java/lang/NoSuchMethodError'{0x00000000c4d2a660}: 'void java.lang.invoke.DirectMethodHandle$Holder.invokeSpecial(java.lang.Object, java.lang.Object, java.lang.Object, java.lang.Object, java.lang.Object, java.lang.Object)'> (0x00000000c4d2a660) 
thrown [s\src\hotspot\share\interpreter\linkResolver.cpp, line 804]
Event: 5.498 Thread 0x00000297064f3b90 Exception <a 'java/lang/NoSuchMethodError'{0x00000000c4cd8520}: 'void java.lang.invoke.DirectMethodHandle$Holder.invokeVirtual(java.lang.Object, java.lang.Object, int)'> (0x00000000c4cd8520) 
thrown [s\src\hotspot\share\interpreter\linkResolver.cpp, line 804]

VM Operations (20 events):
Event: 3.266 Executing non-safepoint VM operation: HandshakeAllThreads (Deoptimize)
Event: 3.266 Executing non-safepoint VM operation: HandshakeAllThreads (Deoptimize) done
Event: 3.367 Executing non-safepoint VM operation: HandshakeAllThreads (Deoptimize)
Event: 3.367 Executing non-safepoint VM operation: HandshakeAllThreads (Deoptimize) done
Event: 3.369 Executing non-safepoint VM operation: HandshakeAllThreads (Deoptimize)
Event: 3.370 Executing non-safepoint VM operation: HandshakeAllThreads (Deoptimize) done
Event: 3.496 Executing non-safepoint VM operation: HandshakeAllThreads (Deoptimize)
Event: 3.496 Executing non-safepoint VM operation: HandshakeAllThreads (Deoptimize) done
Event: 3.822 Executing non-safepoint VM operation: HandshakeAllThreads (Deoptimize)
Event: 3.822 Executing non-safepoint VM operation: HandshakeAllThreads (Deoptimize) done
Event: 4.565 Executing non-safepoint VM operation: HandshakeAllThreads (Deoptimize)
Event: 4.565 Executing non-safepoint VM operation: HandshakeAllThreads (Deoptimize) done
Event: 4.899 Executing non-safepoint VM operation: HandshakeAllThreads (Deoptimize)
Event: 4.900 Executing non-safepoint VM operation: HandshakeAllThreads (Deoptimize) done
Event: 4.998 Executing non-safepoint VM operation: HandshakeAllThreads (Deoptimize)
Event: 4.998 Executing non-safepoint VM operation: HandshakeAllThreads (Deoptimize) done
Event: 5.155 Executing non-safepoint VM operation: HandshakeAllThreads (Deoptimize)
Event: 5.155 Executing non-safepoint VM operation: HandshakeAllThreads (Deoptimize) done
Event: 5.159 Executing non-safepoint VM operation: HandshakeAllThreads (Deoptimize)
Event: 5.159 Executing non-safepoint VM operation: HandshakeAllThreads (Deoptimize) done

Memory protections (0 events):
No events

Nmethod flushes (0 events):
No events

Events (13 events):
Event: 0.044 Thread 0x00000297064f3b90 Thread added: 0x00000297064f3b90
Event: 0.066 Thread 0x00000297064f3b90 Thread added: 0x0000029706586bf0
Event: 0.066 Thread 0x00000297064f3b90 Thread added: 0x000002970658b7d0
Event: 0.067 Thread 0x00000297064f3b90 Thread added: 0x00000297065914a0
Event: 0.067 Thread 0x00000297064f3b90 Thread added: 0x0000029706592930
Event: 0.067 Thread 0x00000297064f3b90 Thread added: 0x0000029706593770
Event: 0.068 Thread 0x00000297064f3b90 Thread added: 0x0000029706596ac0
Event: 0.068 Thread 0x00000297064f3b90 Thread added: 0x000002970659d5e0
Event: 0.068 Thread 0x00000297064f3b90 Thread added: 0x00000297065a5ad0
Event: 0.091 Thread 0x00000297064f3b90 Thread added: 0x000002972138ffb0
Event: 0.098 Thread 0x00000297064f3b90 Thread added: 0x000002972139cc00
Event: 0.395 Thread 0x00000297064f3b90 Thread added: 0x000002972170b020
Event: 0.506 Thread 0x000002972170b020 Thread exited: 0x000002972170b020


Dynamic libraries:
0x00007ff62c310000 - 0x00007ff62c31e000 	C:\Program Files\Apache NetBeans\jdk\bin\java.exe
0x00007ffea5cb0000 - 0x00007ffea5ec7000 	C:\WINDOWS\SYSTEM32\ntdll.dll
0x00007ffe7d820000 - 0x00007ffe7d841000 	C:\Program Files\Norton\Suite\aswhook.dll
0x00007ffea4730000 - 0x00007ffea47f4000 	C:\WINDOWS\System32\KERNEL32.DLL
0x00007ffea3570000 - 0x00007ffea392a000 	C:\WINDOWS\System32\KERNELBASE.dll
0x00007ffea3450000 - 0x00007ffea3561000 	C:\WINDOWS\System32\ucrtbase.dll
0x00007ffe9d2d0000 - 0x00007ffe9d2e6000 	C:\Program Files\Apache NetBeans\jdk\bin\jli.dll
0x00007ffea50d0000 - 0x00007ffea527e000 	C:\WINDOWS\System32\USER32.dll
0x00007ffea3170000 - 0x00007ffea3196000 	C:\WINDOWS\System32\win32u.dll
0x00007ffea3b90000 - 0x00007ffea3bb9000 	C:\WINDOWS\System32\GDI32.dll
0x00007ffea31a0000 - 0x00007ffea32bb000 	C:\WINDOWS\System32\gdi32full.dll
0x00007ffea32c0000 - 0x00007ffea335a000 	C:\WINDOWS\System32\msvcp_win.dll
0x00007ffe9d8b0000 - 0x00007ffe9d8ce000 	C:\Program Files\Apache NetBeans\jdk\bin\VCRUNTIME140.dll
0x00007ffe8fc40000 - 0x00007ffe8fed2000 	C:\WINDOWS\WinSxS\amd64_microsoft.windows.common-controls_6595b64144ccf1df_6.0.22621.4541_none_2710d1c57384c085\COMCTL32.dll
0x00007ffea4ac0000 - 0x00007ffea4b67000 	C:\WINDOWS\System32\msvcrt.dll
0x00007ffea4a80000 - 0x00007ffea4ab1000 	C:\WINDOWS\System32\IMM32.DLL
0x00007ffe9dc20000 - 0x00007ffe9dc2c000 	C:\Program Files\Apache NetBeans\jdk\bin\vcruntime140_1.dll
0x00007ffe71620000 - 0x00007ffe716ad000 	C:\Program Files\Apache NetBeans\jdk\bin\msvcp140.dll
0x00007ffe46b10000 - 0x00007ffe47a36000 	C:\Program Files\Apache NetBeans\jdk\bin\server\jvm.dll
0x00007ffea4910000 - 0x00007ffea49c2000 	C:\WINDOWS\System32\ADVAPI32.dll
0x00007ffea3f60000 - 0x00007ffea4007000 	C:\WINDOWS\System32\sechost.dll
0x00007ffea3420000 - 0x00007ffea3448000 	C:\WINDOWS\System32\bcrypt.dll
0x00007ffea4510000 - 0x00007ffea4624000 	C:\WINDOWS\System32\RPCRT4.dll
0x00007ffea4010000 - 0x00007ffea4081000 	C:\WINDOWS\System32\WS2_32.dll
0x00007ffea2ca0000 - 0x00007ffea2ced000 	C:\WINDOWS\SYSTEM32\POWRPROF.dll
0x00007ffe7d790000 - 0x00007ffe7d7c4000 	C:\WINDOWS\SYSTEM32\WINMM.dll
0x00007ffe9a790000 - 0x00007ffe9a79a000 	C:\WINDOWS\SYSTEM32\VERSION.dll
0x00007ffea2bd0000 - 0x00007ffea2be3000 	C:\WINDOWS\SYSTEM32\UMPDC.dll
0x00007ffea1f80000 - 0x00007ffea1f98000 	C:\WINDOWS\SYSTEM32\kernel.appcore.dll
0x00007ffe9dc10000 - 0x00007ffe9dc1a000 	C:\Program Files\Apache NetBeans\jdk\bin\jimage.dll
0x00007ffea0980000 - 0x00007ffea0bb2000 	C:\WINDOWS\SYSTEM32\DBGHELP.DLL
0x00007ffea4090000 - 0x00007ffea441f000 	C:\WINDOWS\System32\combase.dll
0x00007ffea4420000 - 0x00007ffea44f7000 	C:\WINDOWS\System32\OLEAUT32.dll
0x00007ffe986e0000 - 0x00007ffe98712000 	C:\WINDOWS\SYSTEM32\dbgcore.DLL
0x00007ffea30f0000 - 0x00007ffea316b000 	C:\WINDOWS\System32\bcryptPrimitives.dll
0x00007ffe9d580000 - 0x00007ffe9d59e000 	C:\Program Files\Apache NetBeans\jdk\bin\java.dll
0x00007ffea3db0000 - 0x00007ffea3f55000 	C:\WINDOWS\System32\ole32.dll
0x00007ffea5280000 - 0x00007ffea5af8000 	C:\WINDOWS\System32\SHELL32.dll
0x00007ffea0e70000 - 0x00007ffea1778000 	C:\WINDOWS\SYSTEM32\windows.storage.dll
0x00007ffea0d30000 - 0x00007ffea0e6f000 	C:\WINDOWS\SYSTEM32\wintypes.dll
0x00007ffea4630000 - 0x00007ffea472a000 	C:\WINDOWS\System32\SHCORE.dll
0x00007ffea3d50000 - 0x00007ffea3dae000 	C:\WINDOWS\System32\shlwapi.dll
0x00007ffea2eb0000 - 0x00007ffea2edb000 	C:\WINDOWS\SYSTEM32\profapi.dll
0x00007ffe98100000 - 0x00007ffe98111000 	C:\Program Files\Apache NetBeans\jdk\bin\net.dll
0x00007ffea23f0000 - 0x00007ffea2459000 	C:\WINDOWS\system32\mswsock.dll
0x00007ffe98030000 - 0x00007ffe98046000 	C:\Program Files\Apache NetBeans\jdk\bin\nio.dll
0x00007ffe9b680000 - 0x00007ffe9b697000 	C:\Program Files\Apache NetBeans\jdk\bin\zip.dll
0x00007ffe8ef30000 - 0x00007ffe8ef54000 	C:\Program Files\Apache NetBeans\java\maven\lib\jansi-native\Windows\x86_64\jansi.dll
0x00007ffe9d5d0000 - 0x00007ffe9d5e0000 	C:\Program Files\Apache NetBeans\jdk\bin\verify.dll

JVMTI agents: none

dbghelp: loaded successfully - version: 4.0.5 - missing functions: none
symbol engine: initialized successfully - sym options: 0x614 - pdb path: .;C:\Program Files\Apache NetBeans\jdk\bin;C:\WINDOWS\SYSTEM32;C:\Program Files\Norton\Suite;C:\WINDOWS\WinSxS\amd64_microsoft.windows.common-controls_6595b64144ccf1df_6.0.22621.4541_none_2710d1c57384c085;C:\Program Files\Apache NetBeans\jdk\bin\server;C:\Program Files\Apache NetBeans\java\maven\lib\jansi-native\Windows\x86_64

VM Arguments:
jvm_args: --enable-native-access=ALL-UNNAMED -Dclassworlds.conf=C:\Program Files\Apache NetBeans\java\maven\bin\m2.conf -Dmaven.home=C:\Program Files\Apache NetBeans\java\maven -Dlibrary.jansi.path=C:\Program Files\Apache NetBeans\java\maven\lib\jansi-native -Dmaven.multiModuleProjectDirectory=C:\Users\ndhla\Desktop\MLUNGISI ROSEBANK\prog5121part1 
java_command: org.codehaus.plexus.classworlds.launcher.Launcher -Dexec.vmArgs= -Dexec.args=${exec.vmArgs} -classpath %classpath ${exec.mainClass} ${exec.appArgs} -Dexec.appArgs= -Dexec.mainClass=com.mycompany.prog5121part1.Prog5121part1 -Dexec.executable=C:\Program Files\Apache NetBeans\jdk\bin\java.exe -Dmaven.ext.class.path=C:\Program Files\Apache NetBeans\java\maven-nblib\netbeans-eventspy.jar --no-transfer-progress process-classes org.codehaus.mojo:exec-maven-plugin:3.5.1:exec
java_class_path (initial): C:\Program Files\Apache NetBeans\java\maven\boot\plexus-classworlds-2.9.0.jar
Launcher Type: SUN_STANDARD

[Global flags]
     intx CICompilerCount                          = 2                                         {product} {ergonomic}
     uint ConcGCThreads                            = 1                                         {product} {ergonomic}
     uint G1ConcRefinementThreads                  = 2                                         {product} {ergonomic}
   size_t G1HeapRegionSize                         = 1048576                                   {product} {ergonomic}
   size_t InitialHeapSize                          = 65011712                                  {product} {ergonomic}
   size_t MarkStackSize                            = 4194304                                   {product} {ergonomic}
   size_t MarkStackSizeMax                         = 536870912                                 {product} {ergonomic}
   size_t MaxHeapSize                              = 1023410176                                {product} {ergonomic}
   size_t MaxNewSize                               = 613416960                                 {product} {ergonomic}
   size_t MinHeapDeltaBytes                        = 1048576                                   {product} {ergonomic}
   size_t MinHeapSize                              = 8388608                                   {product} {ergonomic}
    uintx NonNMethodCodeHeapSize                   = 5767168                                {pd product} {ergonomic}
    uintx NonProfiledCodeHeapSize                  = 123011072                              {pd product} {ergonomic}
    uintx ProfiledCodeHeapSize                     = 122880000                              {pd product} {ergonomic}
    uintx ReservedCodeCacheSize                    = 251658240                              {pd product} {ergonomic}
     bool SegmentedCodeCache                       = true                                      {product} {ergonomic}
   size_t SoftMaxHeapSize                          = 1023410176                             {manageable} {ergonomic}
     bool UseCompressedOops                        = true                           {product lp64_product} {ergonomic}
     bool UseG1GC                                  = true                                      {product} {ergonomic}
     bool UseLargePagesIndividualAllocation        = false                                  {pd product} {ergonomic}

Logging:
Log output configuration:
 #0: stdout all=warning uptime,level,tags foldmultilines=false
 #1: stderr all=off uptime,level,tags foldmultilines=false

Release file:
IMPLEMENTOR="Eclipse Adoptium" 
IMPLEMENTOR_VERSION="Temurin-25.0.2+10" 
JAVA_RUNTIME_VERSION="25.0.2+10-LTS" 
JAVA_VERSION="25.0.2" 
JAVA_VERSION_DATE="2026-01-20" 
LIBC="default" 
MODULES="java.base java.compiler java.datatransfer java.xml java.prefs java.desktop java.instrument java.logging java.management java.security.sasl java.naming java.rmi java.management.rmi java.net.http java.scripting java.security.jgss java.transaction.xa java.sql java.sql.rowset java.xml.crypto java.se java.smartcardio jdk.accessibility jdk.internal.jvmstat jdk.attach jdk.charsets jdk.internal.opt jdk.zipfs jdk.compiler jdk.crypto.cryptoki jdk.crypto.ec jdk.crypto.mscapi jdk.dynalink jdk.internal.ed jdk.editpad jdk.internal.vm.ci jdk.graal.compiler jdk.graal.compiler.management jdk.hotspot.agent jdk.httpserver jdk.incubator.vector jdk.internal.le jdk.internal.md jdk.jartool jdk.javadoc jdk.jcmd jdk.management jdk.management.agent jdk.jconsole jdk.jdeps jdk.jdwp.agent jdk.jdi jdk.jfr jdk.jlink jdk.jpackage jdk.jshell jdk.jsobject jdk.jstatd jdk.localedata jdk.management.jfr jdk.naming.dns jdk.naming.rmi jdk.net jdk.nio.mapmode jdk.sctp jdk.security.auth jdk.security.jgss jdk.unsupported jdk.unsupported.desktop jdk.xml.dom" 
OS_ARCH="x86_64" 
OS_NAME="Windows" 
SOURCE=".:git:9e3c947043a4" 
BUILD_SOURCE="git:458965074606f027bd5afce2cfd5c1055dea0438"
BUILD_SOURCE_REPO="https://github.com/adoptium/temurin-build.git"
SOURCE_REPO="https://github.com/adoptium/jdk25u.git"
FULL_VERSION="25.0.2+10-LTS"
SEMANTIC_VERSION="25.0.2+10"
BUILD_INFO="OS: Windows Server 2022 Version: 10.0"
JVM_VARIANT="Hotspot"
JVM_VERSION="25.0.2+10-LTS"
IMAGE_TYPE="JDK"

Environment Variables:
JAVA_HOME=C:\Program Files\Apache NetBeans\jdk
PATH=C:\Program Files\Common Files\Oracle\Java\javapath;C:\WINDOWS\system32;C:\WINDOWS;C:\WINDOWS\System32\Wbem;C:\WINDOWS\System32\WindowsPowerShell\v1.0\;C:\WINDOWS\System32\OpenSSH\;C:\Users\ndhla\AppData\Local\Microsoft\WindowsApps;;C:\Program Files\Apache NetBeans\bin\
USERNAME=ndhla
OS=Windows_NT
PROCESSOR_IDENTIFIER=Intel64 Family 6 Model 122 Stepping 8, GenuineIntel
TMP=C:\Users\ndhla\AppData\Local\Temp
TEMP=C:\Users\ndhla\AppData\Local\Temp




Compilation memory statistics disabled.

Periodic native trim disabled

---------------  S Y S T E M  ---------------

OS:
 Windows 11 , 64 bit Build 22621 (10.0.22621.4391)
OS uptime: 4 days 1:29 hours
Hyper-V role detected

CPU: total 2 (initial active 2) (2 cores per cpu, 1 threads per core) family 6 model 122 stepping 8 microcode 0x18, cx8, cmov, fxsr, mmx, 3dnowpref, sse, sse2, sse3, ssse3, sse4.1, sse4.2, popcnt, tsc, tscinvbit, aes, erms, clmul, sha, clflush, clflushopt, hv, rdtscp, rdpid
Processor Information for the first 2 processors :
  Max Mhz: 1101, Current Mhz: 1101, Mhz Limit: 1101

Memory: 4k page, system-wide physical 3902M (288M free)
TotalPageFile size 9845M (AvailPageFile size 35M)
current process WorkingSet (physical memory assigned to process): 111M, peak: 111M
current process commit charge ("private bytes"): 167M, peak: 174M

vm_info: OpenJDK 64-Bit Server VM (25.0.2+10-LTS) for windows-amd64 JRE (25.0.2+10-LTS), built on 2026-01-20T00:00:00Z with MS VC++ 17.12 (VS2022)

END.
