#
# There is insufficient memory for the Java Runtime Environment to continue.
# Native memory allocation (malloc) failed to allocate 16384 bytes. Error detail: AllocateHeap
# Possible reasons:
#   The system is out of physical RAM or swap space
#   This process is running with CompressedOops enabled, and the Java Heap may be blocking the growth of the native heap
# Possible solutions:
#   Reduce memory load on the system
#   Increase physical memory or swap space
#   Check if swap backing store is full
#   Decrease Java heap size (-Xmx/-Xms)
#   Decrease number of Java threads
#   Decrease Java thread stack sizes (-Xss)
#   Set larger code cache with -XX:ReservedCodeCacheSize=
#   JVM is running with Unscaled Compressed Oops mode in which the Java heap is
#     placed in the first 4GB address space. The Java Heap base address is the
#     maximum limit for the native heap growth. Please use -XX:HeapBaseMinAddress
#     to set the Java Heap base and to place the Java Heap above 4GB virtual address.
# This output file may be truncated or incomplete.
#
#  Out of Memory Error (allocation.cpp:42), pid=19364, tid=13012
#
# JRE version:  (25.0.2+10) (build )
# Java VM: OpenJDK 64-Bit Server VM (25.0.2+10-LTS, mixed mode, sharing, tiered, compressed oops, compressed class ptrs, g1 gc, windows-amd64)
# No core dump will be written. Minidumps are not enabled by default on client versions of Windows
#

---------------  S U M M A R Y ------------

Command Line: com.mycompany.prog5121part1.Prog5121part1

Host: Intel(R) Celeron(R) N4020 CPU @ 1.10GHz, 2 cores, 3G,  Windows 11 , 64 bit Build 22621 (10.0.22621.4391)
Time: Fri May  1 17:57:02 2026 South Africa Standard Time elapsed time: 0.493266 seconds (0d 0h 0m 0s)

---------------  T H R E A D  ---------------

Current thread (0x000001bedbc93900):  JavaThread "Unknown thread" [_thread_in_vm, id=13012, stack(0x0000008baca00000,0x0000008bacb00000) (1024K)]

Stack: [0x0000008baca00000,0x0000008bacb00000]
Native frames: (J=compiled Java code, j=interpreted, Vv=VM code, C=native code)
V  [jvm.dll+0x7a8bc9]  (no source info available)
V  [jvm.dll+0x77310d]  (no source info available)
V  [jvm.dll+0x9f55f3]  (no source info available)
V  [jvm.dll+0x9f7be1]  (no source info available)
V  [jvm.dll+0x9f82f3]  (no source info available)
V  [jvm.dll+0x2fce26]  (no source info available)
V  [jvm.dll+0xf6137]  (no source info available)
V  [jvm.dll+0x3a4560]  (no source info available)
V  [jvm.dll+0x3a5055]  (no source info available)
V  [jvm.dll+0x459e29]  (no source info available)
V  [jvm.dll+0x9a02a2]  (no source info available)
V  [jvm.dll+0x4fa5c1]  (no source info available)
V  [jvm.dll+0x4fbeb1]  (no source info available)
C  [jli.dll+0x53fa]  (no source info available)
C  [ucrtbase.dll+0x29333]  (no source info available)
C  [KERNEL32.DLL+0x1259d]  (no source info available)
C  [ntdll.dll+0x5af38]  (no source info available)

Lock stack of current Java thread (top to bottom):


---------------  P R O C E S S  ---------------

Threads class SMR info:
_java_thread_list=0x00007ff8a2a5e008, length=0, elements={
}

Java Threads: ( => current thread )
Total: 0

Other Threads:

=>0x000001bedbc93900 (exited) JavaThread "Unknown thread"    [_thread_in_vm, id=13012, stack(0x0000008baca00000,0x0000008bacb00000) (1024K)]
Total: 1

Threads with active compile tasks:
Total: 0

VM state: not at safepoint (not fully initialized)

VM Mutex/Monitor currently owned by a thread: None

Heap address: 0x0000000000000000, size: 0 MB, Compressed Oops mode: 32-bit

CDS archive(s) mapped at: [0x0000000000000000-0x0000000000000000-0x0000000000000000), size 0, SharedBaseAddress: 0x0000000800000000, ArchiveRelocationMode: 1.
UseCompressedClassPointers 1, UseCompactObjectHeaders 0
Narrow klass pointer bits 32, Max shift 3
Narrow klass base: 0xffffffffffffffff, Narrow klass shift: -1
Encoding Range: [0xffffffffffffffff - 0x000000007fffffff), (2147483648 bytes)
Klass Range:    [0x0000000000000000 - 0x0000000000000000), (0 bytes)
Klass ID Range:  [4294967295 - 0) (1)
No protection zone.

GC Precious Log:
<Not initialized>

Dll operation events (0 events):
No events

Deoptimization events (0 events):
No events

Classes loaded (0 events):
No events

Classes unloaded (0 events):
No events

Classes redefined (0 events):
No events

Internal exceptions (0 events):
No events

VM Operations (0 events):
No events

Memory protections (0 events):
No events

Nmethod flushes (0 events):
No events

Events (0 events):
No events


Dynamic libraries:
0x00007ff765270000 - 0x00007ff76527e000 	C:\Program Files\Apache NetBeans\jdk\bin\java.exe
0x00007ff948050000 - 0x00007ff948267000 	C:\WINDOWS\SYSTEM32\ntdll.dll
0x00007ff9128c0000 - 0x00007ff9128e1000 	C:\Program Files\Norton\Suite\aswhook.dll
0x00007ff946220000 - 0x00007ff9462e4000 	C:\WINDOWS\System32\KERNEL32.DLL
0x00007ff945320000 - 0x00007ff9456da000 	C:\WINDOWS\System32\KERNELBASE.dll
0x00007ff9456e0000 - 0x00007ff9457f1000 	C:\WINDOWS\System32\ucrtbase.dll
0x00007ff91e940000 - 0x00007ff91e956000 	C:\Program Files\Apache NetBeans\jdk\bin\jli.dll
0x00007ff947b00000 - 0x00007ff947cae000 	C:\WINDOWS\System32\USER32.dll
0x00007ff945bb0000 - 0x00007ff945bd6000 	C:\WINDOWS\System32\win32u.dll
0x00007ff946de0000 - 0x00007ff946e09000 	C:\WINDOWS\System32\GDI32.dll
0x00007ff9459e0000 - 0x00007ff945afb000 	C:\WINDOWS\System32\gdi32full.dll
0x00007ff945940000 - 0x00007ff9459da000 	C:\WINDOWS\System32\msvcp_win.dll
0x00007ff9276e0000 - 0x00007ff9276fe000 	C:\Program Files\Apache NetBeans\jdk\bin\VCRUNTIME140.dll
0x00007ff91e3d0000 - 0x00007ff91e662000 	C:\WINDOWS\WinSxS\amd64_microsoft.windows.common-controls_6595b64144ccf1df_6.0.22621.4541_none_2710d1c57384c085\COMCTL32.dll
0x00007ff945d50000 - 0x00007ff945df7000 	C:\WINDOWS\System32\msvcrt.dll
0x00007ff946e30000 - 0x00007ff946e61000 	C:\WINDOWS\System32\IMM32.DLL
0x00007ff93fb50000 - 0x00007ff93fb5c000 	C:\Program Files\Apache NetBeans\jdk\bin\vcruntime140_1.dll
0x00007ff90b9f0000 - 0x00007ff90ba7d000 	C:\Program Files\Apache NetBeans\jdk\bin\msvcp140.dll
0x00007ff8a1cb0000 - 0x00007ff8a2bd6000 	C:\Program Files\Apache NetBeans\jdk\bin\server\jvm.dll
0x00007ff946f20000 - 0x00007ff946fd2000 	C:\WINDOWS\System32\ADVAPI32.dll
0x00007ff9460b0000 - 0x00007ff946157000 	C:\WINDOWS\System32\sechost.dll
0x00007ff945b00000 - 0x00007ff945b28000 	C:\WINDOWS\System32\bcrypt.dll
0x00007ff947ef0000 - 0x00007ff948004000 	C:\WINDOWS\System32\RPCRT4.dll
0x00007ff947a30000 - 0x00007ff947aa1000 	C:\WINDOWS\System32\WS2_32.dll
0x00007ff9451f0000 - 0x00007ff94523d000 	C:\WINDOWS\SYSTEM32\POWRPROF.dll
0x00007ff93f590000 - 0x00007ff93f5c4000 	C:\WINDOWS\SYSTEM32\WINMM.dll
0x00007ff93ce80000 - 0x00007ff93ce8a000 	C:\WINDOWS\SYSTEM32\VERSION.dll
0x00007ff945120000 - 0x00007ff945133000 	C:\WINDOWS\SYSTEM32\UMPDC.dll
0x00007ff944320000 - 0x00007ff944338000 	C:\WINDOWS\SYSTEM32\kernel.appcore.dll
0x00007ff934de0000 - 0x00007ff934dea000 	C:\Program Files\Apache NetBeans\jdk\bin\jimage.dll
0x00007ff942c20000 - 0x00007ff942e52000 	C:\WINDOWS\SYSTEM32\DBGHELP.DLL
0x00007ff946a50000 - 0x00007ff946ddf000 	C:\WINDOWS\System32\combase.dll
0x00007ff9463f0000 - 0x00007ff9464c7000 	C:\WINDOWS\System32\OLEAUT32.dll
0x00007ff93b8d0000 - 0x00007ff93b902000 	C:\WINDOWS\SYSTEM32\dbgcore.DLL
0x00007ff945b30000 - 0x00007ff945bab000 	C:\WINDOWS\System32\bcryptPrimitives.dll

JVMTI agents: none

dbghelp: loaded successfully - version: 4.0.5 - missing functions: none
symbol engine: initialized successfully - sym options: 0x614 - pdb path: .;C:\Program Files\Apache NetBeans\jdk\bin;C:\WINDOWS\SYSTEM32;C:\Program Files\Norton\Suite;C:\WINDOWS\WinSxS\amd64_microsoft.windows.common-controls_6595b64144ccf1df_6.0.22621.4541_none_2710d1c57384c085;C:\Program Files\Apache NetBeans\jdk\bin\server

VM Arguments:
java_command: com.mycompany.prog5121part1.Prog5121part1
java_class_path (initial): C:\Users\ndhla\Desktop\MLUNGISI ROSEBANK\prog5121part1\target\classes
Launcher Type: SUN_STANDARD

[Global flags]
     uint ConcGCThreads                            = 1                                         {product} {ergonomic}
     uint G1ConcRefinementThreads                  = 2                                         {product} {ergonomic}
   size_t InitialHeapSize                          = 63941312                                  {product} {ergonomic}
   size_t MarkStackSize                            = 4194304                                   {product} {ergonomic}
   size_t MaxHeapSize                              = 1023060992                                {product} {ergonomic}
   size_t MinHeapSize                              = 6815736                                   {product} {ergonomic}
    uintx ReservedCodeCacheSize                    = 251658240                              {pd product} {ergonomic}
     bool SegmentedCodeCache                       = true                                      {product} {ergonomic}
     bool UseCompressedOops                        = true                           {product lp64_product} {ergonomic}
     bool UseG1GC                                  = true                                      {product} {ergonomic}
     bool UseLargePagesIndividualAllocation        = false                                  {pd product} {ergonomic}

Logging:
Log output configuration:
 #0: stdout all=warning uptime,level,tags foldmultilines=false
 #1: stderr all=off uptime,level,tags foldmultilines=false

Release file:
<release file has not been read>
Environment Variables:
JAVA_HOME=C:\Program Files\Apache NetBeans\jdk
PATH=C:\Program Files\Common Files\Oracle\Java\javapath;C:\WINDOWS\system32;C:\WINDOWS;C:\WINDOWS\System32\Wbem;C:\WINDOWS\System32\WindowsPowerShell\v1.0\;C:\WINDOWS\System32\OpenSSH\;C:\Users\ndhla\AppData\Local\Microsoft\WindowsApps;;C:\Program Files\Apache NetBeans\bin\
USERNAME=ndhla
OS=Windows_NT
PROCESSOR_IDENTIFIER=Intel64 Family 6 Model 122 Stepping 8, GenuineIntel
TMP=C:\Users\ndhla\AppData\Local\Temp
TEMP=C:\Users\ndhla\AppData\Local\Temp




Compilation memory statistics disabled.

Periodic native trim disabled

---------------  S Y S T E M  ---------------

OS:
 Windows 11 , 64 bit Build 22621 (10.0.22621.4391)
OS uptime: 2 days 22:24 hours

CPU: total 2 (initial active 2) 
Processor Information for the first 2 processors :
  Max Mhz: 1101, Current Mhz: 1101, Mhz Limit: 1101

Memory: 4k page, system-wide physical 3902M (180M free)
TotalPageFile size 15678M (AvailPageFile size 66M)
current process WorkingSet (physical memory assigned to process): 9M, peak: 9M
current process commit charge ("private bytes"): 3M, peak: 3M

vm_info: OpenJDK 64-Bit Server VM (25.0.2+10-LTS) for windows-amd64 JRE (25.0.2+10-LTS), built on 2026-01-20T00:00:00Z with MS VC++ 17.12 (VS2022)

END.
