#
# There is insufficient memory for the Java Runtime Environment to continue.
# Native memory allocation (malloc) failed to allocate 2130776 bytes. Error detail: Chunk::new
# Possible reasons:
#   The system is out of physical RAM or swap space
#   This process is running with CompressedOops enabled, and the Java Heap may be blocking the growth of the native heap
# Possible solutions:
#   Reduce memory load on the system
#   Increase physical memory or swap space
#   Check if swap backing store is full
#   Decrease Java heap size (-Xmx/-Xms)
#   Decrease number of Java threads
#   Decrease Java thread stack sizes (-Xss)
#   Set larger code cache with -XX:ReservedCodeCacheSize=
#   JVM is running with Unscaled Compressed Oops mode in which the Java heap is
#     placed in the first 4GB address space. The Java Heap base address is the
#     maximum limit for the native heap growth. Please use -XX:HeapBaseMinAddress
#     to set the Java Heap base and to place the Java Heap above 4GB virtual address.
# This output file may be truncated or incomplete.
#
#  Out of Memory Error (arena.cpp:186), pid=14288, tid=14824
#
# JRE version: OpenJDK Runtime Environment Temurin-25.0.2+10 (25.0.2+10) (build 25.0.2+10-LTS)
# Java VM: OpenJDK 64-Bit Server VM Temurin-25.0.2+10 (25.0.2+10-LTS, mixed mode, sharing, tiered, compressed oops, compressed class ptrs, g1 gc, windows-amd64)
# No core dump will be written. Minidumps are not enabled by default on client versions of Windows
#

---------------  S U M M A R Y ------------

Command Line: --enable-native-access=ALL-UNNAMED -Dclassworlds.conf=C:\Program Files\Apache NetBeans\java\maven\bin\m2.conf -Dmaven.home=C:\Program Files\Apache NetBeans\java\maven -Dlibrary.jansi.path=C:\Program Files\Apache NetBeans\java\maven\lib\jansi-native -Dmaven.multiModuleProjectDirectory=C:\Users\ndhla\Desktop\MLUNGISI ROSEBANK\prog5121part1 org.codehaus.plexus.classworlds.launcher.Launcher -Dexec.vmArgs= -Dexec.args=${exec.vmArgs} -classpath %classpath ${exec.mainClass} ${exec.appArgs} -Dexec.appArgs= -Dexec.mainClass=com.mycompany.prog5121part1.Prog5121part1 -Dexec.executable=C:\Program Files\Apache NetBeans\jdk\bin\java.exe -Dmaven.ext.class.path=C:\Program Files\Apache NetBeans\java\maven-nblib\netbeans-eventspy.jar --no-transfer-progress process-classes org.codehaus.mojo:exec-maven-plugin:3.5.1:exec

Host: Intel(R) Celeron(R) N4020 CPU @ 1.10GHz, 2 cores, 3G,  Windows 11 , 64 bit Build 22621 (10.0.22621.4391)
Time: Fri May  1 17:42:04 2026 South Africa Standard Time elapsed time: 1.216383 seconds (0d 0h 0m 1s)

---------------  T H R E A D  ---------------

Current thread (0x000002627e93fcf0):  JavaThread "C2 CompilerThread0" daemon [_thread_in_native, id=14824, stack(0x0000007864a00000,0x0000007864b00000) (1024K)]


Current CompileTask:
C2:1216  787       4       java.util.jar.JarFile::getEntry (35 bytes)

Stack: [0x0000007864a00000,0x0000007864b00000]
Native frames: (J=compiled Java code, j=interpreted, Vv=VM code, C=native code)
V  [jvm.dll+0x7a8bc9]  (no source info available)
V  [jvm.dll+0x77310d]  (no source info available)
V  [jvm.dll+0x9f55f3]  (no source info available)
V  [jvm.dll+0x9f7be1]  (no source info available)
V  [jvm.dll+0x9f82f3]  (no source info available)
V  [jvm.dll+0x2fce26]  (no source info available)
V  [jvm.dll+0x111076]  (no source info available)
V  [jvm.dll+0x11139e]  (no source info available)
V  [jvm.dll+0x19fff2]  (no source info available)
V  [jvm.dll+0x3b5f62]  (no source info available)
V  [jvm.dll+0x7ae53c]  (no source info available)
V  [jvm.dll+0x2c0407]  (no source info available)
V  [jvm.dll+0x2bf3cf]  (no source info available)
V  [jvm.dll+0x237140]  (no source info available)
V  [jvm.dll+0x2cf4c6]  (no source info available)
V  [jvm.dll+0x2cd74a]  (no source info available)
V  [jvm.dll+0x48fbee]  (no source info available)
V  [jvm.dll+0x996b0d]  (no source info available)
V  [jvm.dll+0x7a71a5]  (no source info available)
C  [ucrtbase.dll+0x29333]  (no source info available)
C  [KERNEL32.DLL+0x1259d]  (no source info available)
C  [ntdll.dll+0x5af38]  (no source info available)

Lock stack of current Java thread (top to bottom):


---------------  P R O C E S S  ---------------

Threads class SMR info:
_java_thread_list=0x000002627f5a6b30, length=11, elements={
0x0000026272903c70, 0x000002627e934f10, 0x000002627e937d80, 0x000002627e939aa0,
0x000002627e93a660, 0x000002627e93b220, 0x000002627e93ddf0, 0x000002627e93fcf0,
0x000002627e96c410, 0x000002627ea9f270, 0x000002627eaaa2b0
}

Java Threads: ( => current thread )
  0x0000026272903c70 JavaThread "main"                              [_thread_in_vm, id=8152, stack(0x0000007863c00000,0x0000007863d00000) (1024K)]
  0x000002627e934f10 JavaThread "Reference Handler"          daemon [_thread_blocked, id=19752, stack(0x0000007864400000,0x0000007864500000) (1024K)]
  0x000002627e937d80 JavaThread "Finalizer"                  daemon [_thread_blocked, id=10912, stack(0x0000007864500000,0x0000007864600000) (1024K)]
  0x000002627e939aa0 JavaThread "Signal Dispatcher"          daemon [_thread_blocked, id=11560, stack(0x0000007864600000,0x0000007864700000) (1024K)]
  0x000002627e93a660 JavaThread "Attach Listener"            daemon [_thread_blocked, id=6356, stack(0x0000007864700000,0x0000007864800000) (1024K)]
  0x000002627e93b220 JavaThread "Service Thread"             daemon [_thread_blocked, id=7616, stack(0x0000007864800000,0x0000007864900000) (1024K)]
  0x000002627e93ddf0 JavaThread "Monitor Deflation Thread"   daemon [_thread_blocked, id=1212, stack(0x0000007864900000,0x0000007864a00000) (1024K)]
=>0x000002627e93fcf0 JavaThread "C2 CompilerThread0"         daemon [_thread_in_native, id=14824, stack(0x0000007864a00000,0x0000007864b00000) (1024K)]
  0x000002627e96c410 JavaThread "C1 CompilerThread0"         daemon [_thread_in_vm, id=2148, stack(0x0000007864b00000,0x0000007864c00000) (1024K)]
  0x000002627ea9f270 JavaThread "Notification Thread"        daemon [_thread_blocked, id=16424, stack(0x0000007864c00000,0x0000007864d00000) (1024K)]
  0x000002627eaaa2b0 JavaThread "Common-Cleaner"             daemon [_thread_blocked, id=12408, stack(0x0000007864d00000,0x0000007864e00000) (1024K)]
Total: 11

Other Threads:
  0x000002627e926400 VMThread "VM Thread"                           [id=4936, stack(0x0000007864300000,0x0000007864400000) (1024K)]
  0x000002627e91ca00 WatcherThread "VM Periodic Task Thread"        [id=5132, stack(0x0000007864200000,0x0000007864300000) (1024K)]
  0x0000026274b4e8b0 WorkerThread "GC Thread#0"                     [id=15172, stack(0x0000007863d00000,0x0000007863e00000) (1024K)]
  0x0000026274b5b080 ConcurrentGCThread "G1 Main Marker"            [id=2460, stack(0x0000007863e00000,0x0000007863f00000) (1024K)]
  0x0000026274b5be70 WorkerThread "G1 Conc#0"                       [id=19608, stack(0x0000007863f00000,0x0000007864000000) (1024K)]
  0x0000026274b785f0 ConcurrentGCThread "G1 Refine#0"               [id=8168, stack(0x0000007864000000,0x0000007864100000) (1024K)]
  0x0000026274b7a210 ConcurrentGCThread "G1 Service"                [id=18516, stack(0x0000007864100000,0x0000007864200000) (1024K)]
Total: 7

Threads with active compile tasks:
C2 CompilerThread0  1400  787       4       java.util.jar.JarFile::getEntry (35 bytes)
C1 CompilerThread0  1400  844       3       java.lang.ClassLoader::postDefineClass (39 bytes)
Total: 2

VM state: not at safepoint (normal execution)

VM Mutex/Monitor currently owned by a thread:  ([mutex/lock_event])
[0x00007ff8a2ae4348] Service_lock - owner thread: 0x000002627ec5a460

Heap address: 0x00000000c3000000, size: 976 MB, Compressed Oops mode: 32-bit

CDS archive(s) mapped at: [0x0000000004000000-0x0000000004dd0000-0x0000000004dd0000), size 14483456, SharedBaseAddress: 0x0000000004000000, ArchiveRelocationMode: 1.
Compressed class space mapped at: 0x0000000005000000-0x0000000045000000, reserved size: 1073741824
UseCompressedClassPointers 1, UseCompactObjectHeaders 0
Narrow klass pointer bits 32, Max shift 3
Narrow klass base: 0x0000000004000000, Narrow klass shift: 0
Encoding Range: [0x0000000004000000 - 0x0000000104000000), (4294967296 bytes)
Klass Range:    [0x0000000004010000 - 0x0000000045000000), (1090453504 bytes)
Klass ID Range:  [65536 - 1090519033) (1090453497)
Protection zone: [0x0000000004000000 - 0x0000000004010000), (65536 bytes)

GC Precious Log:
 CardTable entry size: 512
 Card Set container configuration: InlinePtr #cards 5 size 8 Array Of Cards #cards 10 size 36 Howl #buckets 4 coarsen threshold 1843 Howl Bitmap #cards 512 size 80 coarsen threshold 460 Card regions per heap region 1 cards per card region 2048
 CPUs: 2 total, 2 available
 Memory: 3902M
 Large Page Support: Disabled
 NUMA Support: Disabled
 Compressed Oops: Enabled (32-bit)
 Heap Region Size: 1M
 Heap Min Capacity: 8M
 Heap Initial Capacity: 62M
 Heap Max Capacity: 976M
 Pre-touch: Disabled
 Parallel Workers: 2
 Concurrent Workers: 1
 Concurrent Refinement Workers: 2
 Periodic GC: Disabled

Heap:
 garbage-first heap   total reserved 999424K, committed 65536K, used 9363K [0x00000000c3000000, 0x0000000100000000)
  region size 1024K, 10 young (10240K), 0 survivors (0K)

Heap Regions: E=young(eden), S=young(survivor), O=old, HS=humongous(starts), HC=humongous(continues), CS=collection set, F=free, TAMS=top-at-mark-start, PB=parsable bottom
|   0|0x00000000c3000000, 0x00000000c3000000, 0x00000000c3100000|  0%| F|  |TAMS 0x00000000c3000000| PB 0x00000000c3000000| Untracked |  0
|   1|0x00000000c3100000, 0x00000000c3100000, 0x00000000c3200000|  0%| F|  |TAMS 0x00000000c3100000| PB 0x00000000c3100000| Untracked |  0
|   2|0x00000000c3200000, 0x00000000c3200000, 0x00000000c3300000|  0%| F|  |TAMS 0x00000000c3200000| PB 0x00000000c3200000| Untracked |  0
|   3|0x00000000c3300000, 0x00000000c3300000, 0x00000000c3400000|  0%| F|  |TAMS 0x00000000c3300000| PB 0x00000000c3300000| Untracked |  0
|   4|0x00000000c3400000, 0x00000000c3400000, 0x00000000c3500000|  0%| F|  |TAMS 0x00000000c3400000| PB 0x00000000c3400000| Untracked |  0
|   5|0x00000000c3500000, 0x00000000c3500000, 0x00000000c3600000|  0%| F|  |TAMS 0x00000000c3500000| PB 0x00000000c3500000| Untracked |  0
|   6|0x00000000c3600000, 0x00000000c3600000, 0x00000000c3700000|  0%| F|  |TAMS 0x00000000c3600000| PB 0x00000000c3600000| Untracked |  0
|   7|0x00000000c3700000, 0x00000000c3700000, 0x00000000c3800000|  0%| F|  |TAMS 0x00000000c3700000| PB 0x00000000c3700000| Untracked |  0
|   8|0x00000000c3800000, 0x00000000c3800000, 0x00000000c3900000|  0%| F|  |TAMS 0x00000000c3800000| PB 0x00000000c3800000| Untracked |  0
|   9|0x00000000c3900000, 0x00000000c3900000, 0x00000000c3a00000|  0%| F|  |TAMS 0x00000000c3900000| PB 0x00000000c3900000| Untracked |  0
|  10|0x00000000c3a00000, 0x00000000c3a00000, 0x00000000c3b00000|  0%| F|  |TAMS 0x00000000c3a00000| PB 0x00000000c3a00000| Untracked |  0
|  11|0x00000000c3b00000, 0x00000000c3b00000, 0x00000000c3c00000|  0%| F|  |TAMS 0x00000000c3b00000| PB 0x00000000c3b00000| Untracked |  0
|  12|0x00000000c3c00000, 0x00000000c3c00000, 0x00000000c3d00000|  0%| F|  |TAMS 0x00000000c3c00000| PB 0x00000000c3c00000| Untracked |  0
|  13|0x00000000c3d00000, 0x00000000c3d00000, 0x00000000c3e00000|  0%| F|  |TAMS 0x00000000c3d00000| PB 0x00000000c3d00000| Untracked |  0
|  14|0x00000000c3e00000, 0x00000000c3e00000, 0x00000000c3f00000|  0%| F|  |TAMS 0x00000000c3e00000| PB 0x00000000c3e00000| Untracked |  0
|  15|0x00000000c3f00000, 0x00000000c3f00000, 0x00000000c4000000|  0%| F|  |TAMS 0x00000000c3f00000| PB 0x00000000c3f00000| Untracked |  0
|  16|0x00000000c4000000, 0x00000000c4000000, 0x00000000c4100000|  0%| F|  |TAMS 0x00000000c4000000| PB 0x00000000c4000000| Untracked |  0
|  17|0x00000000c4100000, 0x00000000c4100000, 0x00000000c4200000|  0%| F|  |TAMS 0x00000000c4100000| PB 0x00000000c4100000| Untracked |  0
|  18|0x00000000c4200000, 0x00000000c4200000, 0x00000000c4300000|  0%| F|  |TAMS 0x00000000c4200000| PB 0x00000000c4200000| Untracked |  0
|  19|0x00000000c4300000, 0x00000000c4300000, 0x00000000c4400000|  0%| F|  |TAMS 0x00000000c4300000| PB 0x00000000c4300000| Untracked |  0
|  20|0x00000000c4400000, 0x00000000c4400000, 0x00000000c4500000|  0%| F|  |TAMS 0x00000000c4400000| PB 0x00000000c4400000| Untracked |  0
|  21|0x00000000c4500000, 0x00000000c4500000, 0x00000000c4600000|  0%| F|  |TAMS 0x00000000c4500000| PB 0x00000000c4500000| Untracked |  0
|  22|0x00000000c4600000, 0x00000000c4600000, 0x00000000c4700000|  0%| F|  |TAMS 0x00000000c4600000| PB 0x00000000c4600000| Untracked |  0
|  23|0x00000000c4700000, 0x00000000c4700000, 0x00000000c4800000|  0%| F|  |TAMS 0x00000000c4700000| PB 0x00000000c4700000| Untracked |  0
|  24|0x00000000c4800000, 0x00000000c4800000, 0x00000000c4900000|  0%| F|  |TAMS 0x00000000c4800000| PB 0x00000000c4800000| Untracked |  0
|  25|0x00000000c4900000, 0x00000000c4900000, 0x00000000c4a00000|  0%| F|  |TAMS 0x00000000c4900000| PB 0x00000000c4900000| Untracked |  0
|  26|0x00000000c4a00000, 0x00000000c4a00000, 0x00000000c4b00000|  0%| F|  |TAMS 0x00000000c4a00000| PB 0x00000000c4a00000| Untracked |  0
|  27|0x00000000c4b00000, 0x00000000c4b00000, 0x00000000c4c00000|  0%| F|  |TAMS 0x00000000c4b00000| PB 0x00000000c4b00000| Untracked |  0
|  28|0x00000000c4c00000, 0x00000000c4c00000, 0x00000000c4d00000|  0%| F|  |TAMS 0x00000000c4c00000| PB 0x00000000c4c00000| Untracked |  0
|  29|0x00000000c4d00000, 0x00000000c4d00000, 0x00000000c4e00000|  0%| F|  |TAMS 0x00000000c4d00000| PB 0x00000000c4d00000| Untracked |  0
|  30|0x00000000c4e00000, 0x00000000c4e00000, 0x00000000c4f00000|  0%| F|  |TAMS 0x00000000c4e00000| PB 0x00000000c4e00000| Untracked |  0
|  31|0x00000000c4f00000, 0x00000000c4f00000, 0x00000000c5000000|  0%| F|  |TAMS 0x00000000c4f00000| PB 0x00000000c4f00000| Untracked |  0
|  32|0x00000000c5000000, 0x00000000c5000000, 0x00000000c5100000|  0%| F|  |TAMS 0x00000000c5000000| PB 0x00000000c5000000| Untracked |  0
|  33|0x00000000c5100000, 0x00000000c5100000, 0x00000000c5200000|  0%| F|  |TAMS 0x00000000c5100000| PB 0x00000000c5100000| Untracked |  0
|  34|0x00000000c5200000, 0x00000000c5200000, 0x00000000c5300000|  0%| F|  |TAMS 0x00000000c5200000| PB 0x00000000c5200000| Untracked |  0
|  35|0x00000000c5300000, 0x00000000c5300000, 0x00000000c5400000|  0%| F|  |TAMS 0x00000000c5300000| PB 0x00000000c5300000| Untracked |  0
|  36|0x00000000c5400000, 0x00000000c5400000, 0x00000000c5500000|  0%| F|  |TAMS 0x00000000c5400000| PB 0x00000000c5400000| Untracked |  0
|  37|0x00000000c5500000, 0x00000000c5500000, 0x00000000c5600000|  0%| F|  |TAMS 0x00000000c5500000| PB 0x00000000c5500000| Untracked |  0
|  38|0x00000000c5600000, 0x00000000c5600000, 0x00000000c5700000|  0%| F|  |TAMS 0x00000000c5600000| PB 0x00000000c5600000| Untracked |  0
|  39|0x00000000c5700000, 0x00000000c5700000, 0x00000000c5800000|  0%| F|  |TAMS 0x00000000c5700000| PB 0x00000000c5700000| Untracked |  0
|  40|0x00000000c5800000, 0x00000000c5800000, 0x00000000c5900000|  0%| F|  |TAMS 0x00000000c5800000| PB 0x00000000c5800000| Untracked |  0
|  41|0x00000000c5900000, 0x00000000c5900000, 0x00000000c5a00000|  0%| F|  |TAMS 0x00000000c5900000| PB 0x00000000c5900000| Untracked |  0
|  42|0x00000000c5a00000, 0x00000000c5a00000, 0x00000000c5b00000|  0%| F|  |TAMS 0x00000000c5a00000| PB 0x00000000c5a00000| Untracked |  0
|  43|0x00000000c5b00000, 0x00000000c5b00000, 0x00000000c5c00000|  0%| F|  |TAMS 0x00000000c5b00000| PB 0x00000000c5b00000| Untracked |  0
|  44|0x00000000c5c00000, 0x00000000c5c00000, 0x00000000c5d00000|  0%| F|  |TAMS 0x00000000c5c00000| PB 0x00000000c5c00000| Untracked |  0
|  45|0x00000000c5d00000, 0x00000000c5d00000, 0x00000000c5e00000|  0%| F|  |TAMS 0x00000000c5d00000| PB 0x00000000c5d00000| Untracked |  0
|  46|0x00000000c5e00000, 0x00000000c5e00000, 0x00000000c5f00000|  0%| F|  |TAMS 0x00000000c5e00000| PB 0x00000000c5e00000| Untracked |  0
|  47|0x00000000c5f00000, 0x00000000c5f00000, 0x00000000c6000000|  0%| F|  |TAMS 0x00000000c5f00000| PB 0x00000000c5f00000| Untracked |  0
|  48|0x00000000c6000000, 0x00000000c6000000, 0x00000000c6100000|  0%| F|  |TAMS 0x00000000c6000000| PB 0x00000000c6000000| Untracked |  0
|  49|0x00000000c6100000, 0x00000000c6100000, 0x00000000c6200000|  0%| F|  |TAMS 0x00000000c6100000| PB 0x00000000c6100000| Untracked |  0
|  50|0x00000000c6200000, 0x00000000c6200000, 0x00000000c6300000|  0%| F|  |TAMS 0x00000000c6200000| PB 0x00000000c6200000| Untracked |  0
|  51|0x00000000c6300000, 0x00000000c6300000, 0x00000000c6400000|  0%| F|  |TAMS 0x00000000c6300000| PB 0x00000000c6300000| Untracked |  0
|  52|0x00000000c6400000, 0x00000000c6500000, 0x00000000c6500000|100%| E|  |TAMS 0x00000000c6400000| PB 0x00000000c6400000| Complete |  0
|  53|0x00000000c6500000, 0x00000000c6600000, 0x00000000c6600000|100%| E|CS|TAMS 0x00000000c6500000| PB 0x00000000c6500000| Complete |  0
|  54|0x00000000c6600000, 0x00000000c6700000, 0x00000000c6700000|100%| E|CS|TAMS 0x00000000c6600000| PB 0x00000000c6600000| Complete |  0
|  55|0x00000000c6700000, 0x00000000c6800000, 0x00000000c6800000|100%| E|  |TAMS 0x00000000c6700000| PB 0x00000000c6700000| Complete |  0
|  56|0x00000000c6800000, 0x00000000c6900000, 0x00000000c6900000|100%| E|CS|TAMS 0x00000000c6800000| PB 0x00000000c6800000| Complete |  0
|  57|0x00000000c6900000, 0x00000000c6a00000, 0x00000000c6a00000|100%| E|CS|TAMS 0x00000000c6900000| PB 0x00000000c6900000| Complete |  0
|  58|0x00000000c6a00000, 0x00000000c6b00000, 0x00000000c6b00000|100%| E|CS|TAMS 0x00000000c6a00000| PB 0x00000000c6a00000| Complete |  0
|  59|0x00000000c6b00000, 0x00000000c6c00000, 0x00000000c6c00000|100%| E|CS|TAMS 0x00000000c6b00000| PB 0x00000000c6b00000| Complete |  0
|  60|0x00000000c6c00000, 0x00000000c6d00000, 0x00000000c6d00000|100%| E|CS|TAMS 0x00000000c6c00000| PB 0x00000000c6c00000| Complete |  0
|  61|0x00000000c6d00000, 0x00000000c6e00000, 0x00000000c6e00000|100%| E|CS|TAMS 0x00000000c6d00000| PB 0x00000000c6d00000| Complete |  0
| 974|0x00000000ffe00000, 0x00000000fff00000, 0x00000000fff00000|100%| O|  |TAMS 0x00000000ffe00000| PB 0x00000000ffe00000| Untracked |  0
| 975|0x00000000fff00000, 0x00000000fff24ea8, 0x0000000100000000| 14%| O|  |TAMS 0x00000000fff00000| PB 0x00000000fff00000| Untracked |  0

Card table byte_map: [0x000002627d600000,0x000002627d7f0000] _byte_map_base: 0x000002627cfe8000

Marking Bits: (CMBitMap*) 0x0000026274b4f040
 Bits: [0x000002627d7f0000, 0x000002627e730000)

Polling page: 0x00000262742e0000

Metaspace:
Metaspace        used 2844K, committed 2944K, reserved 1114112K
 class space     used 285K, committed 320K, reserved 1048576K

Usage:
  Non-class:      2.50 MB used.
      Class:    285.18 KB used.
       Both:      2.78 MB used.

Virtual space:
  Non-class space:       64.00 MB reserved,       2.56 MB (  4%) committed,  1 nodes.
      Class space:        1.00 GB reserved,     320.00 KB ( <1%) committed,  1 nodes.
             Both:        1.06 GB reserved,       2.88 MB ( <1%) committed. 

Chunk freelists:
   Non-Class:  10.81 MB
       Class:  15.56 MB
        Both:  26.38 MB

MaxMetaspaceSize: unlimited
CompressedClassSpaceSize: 1.00 GB
Initial GC threshold: 21.00 MB
Current GC threshold: 21.00 MB
CDS: on
 - commit_granule_bytes: 65536.
 - commit_granule_words: 8192.
 - virtual_space_node_default_size: 8388608.
 - enlarge_chunks_in_place: 1.
UseCompressedClassPointers 1, UseCompactObjectHeaders 0
Narrow klass pointer bits 32, Max shift 3
Narrow klass base: 0x0000000004000000, Narrow klass shift: 0
Encoding Range: [0x0000000004000000 - 0x0000000104000000), (4294967296 bytes)
Klass Range:    [0x0000000004010000 - 0x0000000045000000), (1090453504 bytes)
Klass ID Range:  [65536 - 1090519033) (1090453497)
Protection zone: [0x0000000004000000 - 0x0000000004010000), (65536 bytes)


Internal statistics:

num_allocs_failed_limit: 0.
num_arena_births: 38.
num_arena_deaths: 0.
num_vsnodes_births: 2.
num_vsnodes_deaths: 0.
num_space_committed: 46.
num_space_uncommitted: 0.
num_chunks_returned_to_freelist: 0.
num_chunks_taken_from_freelist: 111.
num_chunk_merges: 0.
num_chunk_splits: 68.
num_chunks_enlarged: 54.
num_inconsistent_stats: 0.

CodeHeap 'non-profiled nmethods': size=120128Kb used=213Kb max_used=213Kb free=119915Kb
 bounds [0x0000026207ab0000, 0x0000026207d20000, 0x000002620f000000]
CodeHeap 'profiled nmethods': size=120000Kb used=1148Kb max_used=1148Kb free=118851Kb
 bounds [0x0000026200000000, 0x0000026200270000, 0x0000026207530000]
CodeHeap 'non-nmethods': size=5632Kb used=1326Kb max_used=1326Kb free=4305Kb
 bounds [0x0000026207530000, 0x00000262077a0000, 0x0000026207ab0000]
CodeCache: size=245760Kb, used=2687Kb, max_used=2687Kb, free=243071Kb
 total_blobs=1302, nmethods=851, adapters=355, full_count=0
Compilation: enabled, stopped_count=0, restarted_count=0

Compilation events (20 events):
Event: 1.148 Thread 0x000002627e93fcf0 nmethod 780 0x0000026207ae4c88 code [0x0000026207ae4d80, 0x0000026207ae4ef0]
Event: 1.150 Thread 0x000002627e93fcf0  781       4       java.lang.String::startsWith (123 bytes)
Event: 1.157 Thread 0x000002627e93fcf0 nmethod 781 0x0000026207ae4f88 code [0x0000026207ae5080, 0x0000026207ae53d0]
Event: 1.160 Thread 0x000002627e96c410  783       2       java.lang.StringUTF16::getChar (60 bytes)
Event: 1.160 Thread 0x000002627e96c410 nmethod 783 0x00000262000fba08 code [0x00000262000fbb00, 0x00000262000fbc58]
Event: 1.160 Thread 0x000002627e96c410  782       3       java.util.Arrays::copyOf (40 bytes)
Event: 1.160 Thread 0x000002627e96c410 nmethod 782 0x00000262000fbd08 code [0x00000262000fbe00, 0x00000262000fc418]
Event: 1.160 Thread 0x000002627e96c410  784       3       org.fusesource.jansi.internal.JansiLoader$1::accept (26 bytes)
Event: 1.161 Thread 0x000002627e96c410 nmethod 784 0x00000262000fc488 code [0x00000262000fc580, 0x00000262000fce10]
Event: 1.161 Thread 0x000002627e96c410  785       3       java.lang.AbstractStringBuilder::append (102 bytes)
Event: 1.161 Thread 0x000002627e96c410 nmethod 785 0x00000262000fce88 code [0x00000262000fcf80, 0x00000262000fd3f0]
Event: 1.161 Thread 0x000002627e96c410  786       3       java.lang.StringBuilder::append (8 bytes)
Event: 1.161 Thread 0x000002627e96c410 nmethod 786 0x00000262000fd408 code [0x00000262000fd500, 0x00000262000fd650]
Event: 1.162 Thread 0x000002627e93fcf0  787       4       java.util.jar.JarFile::getEntry (35 bytes)
Event: 1.163 Thread 0x000002627e96c410  789       3       jdk.internal.ref.PhantomCleanable::clean (20 bytes)
Event: 1.163 Thread 0x000002627e96c410 nmethod 789 0x00000262000fd708 code [0x00000262000fd800, 0x00000262000fdc38]
Event: 1.163 Thread 0x000002627e96c410  790       3       jdk.internal.ref.CleanerImpl$PhantomCleanableRef::performCleanup (10 bytes)
Event: 1.163 Thread 0x000002627e96c410 nmethod 790 0x00000262000fdc88 code [0x00000262000fdd80, 0x00000262000fdf50]
Event: 1.166 Thread 0x000002627e96c410  791   !   3       java.util.zip.ZipFile::getInputStream (286 bytes)
Event: 1.167 Thread 0x000002627e96c410 nmethod 791 0x00000262000fdf88 code [0x00000262000fe080, 0x00000262000ff190]

GC Heap Usage History (0 events):
No events

Metaspace Usage History (0 events):
No events

Dll operation events (7 events):
Event: 0.025 Loaded shared library C:\Program Files\Apache NetBeans\jdk\bin\java.dll
Event: 0.141 Loaded shared library C:\Program Files\Apache NetBeans\jdk\bin\net.dll
Event: 0.147 Loaded shared library C:\Program Files\Apache NetBeans\jdk\bin\nio.dll
Event: 0.159 Loaded shared library C:\Program Files\Apache NetBeans\jdk\bin\zip.dll
Event: 0.716 Loaded shared library C:\Program Files\Apache NetBeans\java\maven\lib\jansi-native\Windows\x86_64\jansi.dll
Event: 0.738 Loaded shared library C:\Program Files\Apache NetBeans\jdk\bin\verify.dll
Event: 0.824 Loaded shared library C:\Program Files\Apache NetBeans\jdk\bin\jimage.dll

Deoptimization events (20 events):
Event: 1.068 Thread 0x0000026272903c70 Uncommon trap: trap_request=0xffffff45 fr.pc=0x0000026207abee74 relative=0x0000000000000074
Event: 1.068 Thread 0x0000026272903c70 Uncommon trap: reason=unstable_if action=reinterpret pc=0x0000026207abee74 method=jdk.internal.misc.Unsafe.convEndian(ZI)I @ 4 c2
Event: 1.068 Thread 0x0000026272903c70 DEOPT PACKING pc=0x0000026207abee74 sp=0x0000007863cfdca0
Event: 1.068 Thread 0x0000026272903c70 DEOPT UNPACKING pc=0x00000262075b857c sp=0x0000007863cfdbd0 mode 2
Event: 1.148 Thread 0x0000026272903c70 Uncommon trap: trap_request=0xffffff45 fr.pc=0x0000026207ae4764 relative=0x0000000000000364
Event: 1.148 Thread 0x0000026272903c70 Uncommon trap: reason=unstable_if action=reinterpret pc=0x0000026207ae4764 method=sun.util.locale.BaseLocale.hashCode()I @ 159 c2
Event: 1.148 Thread 0x0000026272903c70 DEOPT PACKING pc=0x0000026207ae4764 sp=0x0000007863cfd780
Event: 1.148 Thread 0x0000026272903c70 DEOPT UNPACKING pc=0x00000262075b857c sp=0x0000007863cfd710 mode 2
Event: 1.157 Thread 0x0000026272903c70 Uncommon trap: trap_request=0xffffff45 fr.pc=0x0000026207ac05a8 relative=0x00000000000001a8
Event: 1.157 Thread 0x0000026272903c70 Uncommon trap: reason=unstable_if action=reinterpret pc=0x0000026207ac05a8 method=java.lang.AbstractStringBuilder.needsNewBuffer([BBIB)Z @ 8 c2
Event: 1.157 Thread 0x0000026272903c70 DEOPT PACKING pc=0x0000026207ac05a8 sp=0x0000007863cfe260
Event: 1.157 Thread 0x0000026272903c70 DEOPT UNPACKING pc=0x00000262075b857c sp=0x0000007863cfe108 mode 2
Event: 1.157 Thread 0x0000026272903c70 Uncommon trap: trap_request=0xffffff45 fr.pc=0x0000026207abdf54 relative=0x00000000000001d4
Event: 1.157 Thread 0x0000026272903c70 Uncommon trap: reason=unstable_if action=reinterpret pc=0x0000026207abdf54 method=java.lang.AbstractStringBuilder.isLatin1(B)Z @ 7 c2
Event: 1.157 Thread 0x0000026272903c70 DEOPT PACKING pc=0x0000026207abdf54 sp=0x0000007863cfe270
Event: 1.157 Thread 0x0000026272903c70 DEOPT UNPACKING pc=0x00000262075b857c sp=0x0000007863cfe1b0 mode 2
Event: 1.161 Thread 0x0000026272903c70 Uncommon trap: trap_request=0xffffff45 fr.pc=0x0000026207abbee4 relative=0x0000000000000064
Event: 1.161 Thread 0x0000026272903c70 Uncommon trap: reason=unstable_if action=reinterpret pc=0x0000026207abbee4 method=java.lang.AbstractStringBuilder.needsNewBuffer([BBIB)Z @ 8 c2
Event: 1.161 Thread 0x0000026272903c70 DEOPT PACKING pc=0x0000026207abbee4 sp=0x0000007863cfe180
Event: 1.161 Thread 0x0000026272903c70 DEOPT UNPACKING pc=0x00000262075b857c sp=0x0000007863cfe108 mode 2

Classes loaded (20 events):
Event: 1.039 Loading class java/util/concurrent/locks/ReentrantReadWriteLock$Sync done
Event: 1.039 Loading class java/util/concurrent/locks/ReentrantReadWriteLock$NonfairSync done
Event: 1.039 Loading class java/util/concurrent/locks/ReentrantReadWriteLock$Sync$ThreadLocalHoldCounter
Event: 1.039 Loading class java/util/concurrent/locks/ReentrantReadWriteLock$Sync$ThreadLocalHoldCounter done
Event: 1.040 Loading class java/util/concurrent/locks/ReentrantReadWriteLock$ReadLock
Event: 1.040 Loading class java/util/concurrent/locks/ReentrantReadWriteLock$ReadLock done
Event: 1.040 Loading class java/util/concurrent/locks/ReentrantReadWriteLock$WriteLock
Event: 1.040 Loading class java/util/concurrent/locks/ReentrantReadWriteLock$WriteLock done
Event: 1.050 Loading class java/text/ParseException
Event: 1.050 Loading class java/text/ParseException done
Event: 1.068 Loading class sun/util/calendar/ZoneInfoFile$Checksum
Event: 1.069 Loading class sun/util/calendar/ZoneInfoFile$Checksum done
Event: 1.073 Loading class jdk/internal/module/ModulePatcher$PatchedModuleReader
Event: 1.073 Loading class jdk/internal/module/ModulePatcher$PatchedModuleReader done
Event: 1.073 Loading class sun/net/www/protocol/jrt/Handler
Event: 1.074 Loading class sun/net/www/protocol/jrt/Handler done
Event: 1.152 Loading class sun/text/resources/cldr/FormatData_en
Event: 1.153 Loading class sun/text/resources/cldr/FormatData_en done
Event: 1.153 Loading class sun/text/resources/cldr/FormatData_en_US
Event: 1.153 Loading class sun/text/resources/cldr/FormatData_en_US done

Classes unloaded (0 events):
No events

Classes redefined (0 events):
No events

Internal exceptions (20 events):
Event: 0.719 Thread 0x0000026272903c70 Exception <a 'java/lang/NullPointerException'{0x00000000c69452e0}> (0x00000000c69452e0) 
thrown [s\src\hotspot\share\interpreter\linkResolver.cpp, line 1416]
Event: 0.719 Thread 0x0000026272903c70 Exception <a 'java/lang/NullPointerException'{0x00000000c69455c0}> (0x00000000c69455c0) 
thrown [s\src\hotspot\share\interpreter\linkResolver.cpp, line 1416]
Event: 0.719 Thread 0x0000026272903c70 Exception <a 'java/lang/NullPointerException'{0x00000000c69458a0}> (0x00000000c69458a0) 
thrown [s\src\hotspot\share\interpreter\linkResolver.cpp, line 1416]
Event: 0.722 Thread 0x0000026272903c70 Exception <a 'java/lang/NullPointerException'{0x00000000c694a1f8}> (0x00000000c694a1f8) 
thrown [s\src\hotspot\share\interpreter\linkResolver.cpp, line 1416]
Event: 0.725 Thread 0x0000026272903c70 Exception <a 'java/lang/NullPointerException'{0x00000000c695c430}> (0x00000000c695c430) 
thrown [s\src\hotspot\share\interpreter\linkResolver.cpp, line 1416]
Event: 0.725 Thread 0x0000026272903c70 Exception <a 'java/lang/NullPointerException'{0x00000000c695c710}> (0x00000000c695c710) 
thrown [s\src\hotspot\share\interpreter\linkResolver.cpp, line 1416]
Event: 0.725 Thread 0x0000026272903c70 Exception <a 'java/lang/NullPointerException'{0x00000000c695c9f0}> (0x00000000c695c9f0) 
thrown [s\src\hotspot\share\interpreter\linkResolver.cpp, line 1416]
Event: 0.725 Thread 0x0000026272903c70 Exception <a 'java/lang/NullPointerException'{0x00000000c695ccd0}> (0x00000000c695ccd0) 
thrown [s\src\hotspot\share\interpreter\linkResolver.cpp, line 1416]
Event: 0.735 Thread 0x0000026272903c70 Exception <a 'sun/nio/fs/WindowsException'{0x00000000c697e268}> (0x00000000c697e268) 
thrown [s\src\hotspot\share\prims\jni.cpp, line 516]
Event: 0.735 Thread 0x0000026272903c70 Exception <a 'sun/nio/fs/WindowsException'{0x00000000c697e898}> (0x00000000c697e898) 
thrown [s\src\hotspot\share\prims\jni.cpp, line 516]
Event: 0.735 Thread 0x0000026272903c70 Exception <a 'sun/nio/fs/WindowsException'{0x00000000c697edf8}> (0x00000000c697edf8) 
thrown [s\src\hotspot\share\prims\jni.cpp, line 516]
Event: 0.735 Thread 0x0000026272903c70 Exception <a 'sun/nio/fs/WindowsException'{0x00000000c697f338}> (0x00000000c697f338) 
thrown [s\src\hotspot\share\prims\jni.cpp, line 516]
Event: 0.735 Thread 0x0000026272903c70 Exception <a 'sun/nio/fs/WindowsException'{0x00000000c697f828}> (0x00000000c697f828) 
thrown [s\src\hotspot\share\prims\jni.cpp, line 516]
Event: 0.736 Thread 0x0000026272903c70 Exception <a 'sun/nio/fs/WindowsException'{0x00000000c697fcd0}> (0x00000000c697fcd0) 
thrown [s\src\hotspot\share\prims\jni.cpp, line 516]
Event: 0.760 Thread 0x0000026272903c70 Exception <a 'java/lang/NoSuchMethodError'{0x00000000c69b8540}: 'void java.lang.invoke.DirectMethodHandle$Holder.invokeVirtual(java.lang.Object, java.lang.Object)'> (0x00000000c69b8540) 
thrown [s\src\hotspot\share\interpreter\linkResolver.cpp, line 804]
Event: 0.767 Thread 0x0000026272903c70 Exception <a 'java/lang/NoSuchMethodError'{0x00000000c69d9838}: 'void java.lang.invoke.DirectMethodHandle$Holder.invokeStatic(java.lang.Object, java.lang.Object)'> (0x00000000c69d9838) 
thrown [s\src\hotspot\share\interpreter\linkResolver.cpp, line 804]
Event: 0.768 Thread 0x0000026272903c70 Exception <a 'java/lang/NoSuchMethodError'{0x00000000c69dd5d0}: 'void java.lang.invoke.DirectMethodHandle$Holder.invokeStaticInit(java.lang.Object, java.lang.Object)'> (0x00000000c69dd5d0) 
thrown [s\src\hotspot\share\interpreter\linkResolver.cpp, line 804]
Event: 0.786 Thread 0x0000026272903c70 Exception <a 'java/lang/NoSuchMethodError'{0x00000000c681da28}: 'void java.lang.invoke.DirectMethodHandle$Holder.invokeSpecial(java.lang.Object, java.lang.Object, java.lang.Object, java.lang.Object, java.lang.Object)'> (0x00000000c681da28) 
thrown [s\src\hotspot\share\interpreter\linkResolver.cpp, line 804]
Event: 0.816 Thread 0x0000026272903c70 Exception <a 'java/lang/NoSuchMethodError'{0x00000000c6859db8}: 'void java.lang.invoke.DirectMethodHandle$Holder.invokeStatic(java.lang.Object, java.lang.Object, java.lang.Object)'> (0x00000000c6859db8) 
thrown [s\src\hotspot\share\interpreter\linkResolver.cpp, line 804]
Event: 0.978 Thread 0x0000026272903c70 Exception <a 'java/lang/NoSuchMethodError'{0x00000000c6620f88}: 'java.lang.Object java.lang.invoke.DirectMethodHandle$Holder.invokeSpecialIFC(java.lang.Object, java.lang.Object, java.lang.Object, java.lang.Object)'> (0x00000000c6620f88) 
thrown [s\src\hotspot\share\interpreter\linkResolver.cpp, line 804]

VM Operations (6 events):
Event: 0.186 Executing non-safepoint VM operation: HandshakeAllThreads (Deoptimize)
Event: 0.186 Executing non-safepoint VM operation: HandshakeAllThreads (Deoptimize) done
Event: 0.699 Executing non-safepoint VM operation: HandshakeAllThreads (Deoptimize)
Event: 0.699 Executing non-safepoint VM operation: HandshakeAllThreads (Deoptimize) done
Event: 0.830 Executing non-safepoint VM operation: HandshakeAllThreads (Deoptimize)
Event: 0.834 Executing non-safepoint VM operation: HandshakeAllThreads (Deoptimize) done

Memory protections (0 events):
No events

Nmethod flushes (0 events):
No events

Events (13 events):
Event: 0.058 Thread 0x0000026272903c70 Thread added: 0x0000026272903c70
Event: 0.087 Thread 0x0000026272903c70 Thread added: 0x000002627e934f10
Event: 0.088 Thread 0x0000026272903c70 Thread added: 0x000002627e937d80
Event: 0.089 Thread 0x0000026272903c70 Thread added: 0x000002627e939aa0
Event: 0.089 Thread 0x0000026272903c70 Thread added: 0x000002627e93a660
Event: 0.089 Thread 0x0000026272903c70 Thread added: 0x000002627e93b220
Event: 0.089 Thread 0x0000026272903c70 Thread added: 0x000002627e93ddf0
Event: 0.089 Thread 0x0000026272903c70 Thread added: 0x000002627e93fcf0
Event: 0.091 Thread 0x0000026272903c70 Thread added: 0x000002627e96c410
Event: 0.126 Thread 0x0000026272903c70 Thread added: 0x000002627ea9f270
Event: 0.131 Thread 0x0000026272903c70 Thread added: 0x000002627eaaa2b0
Event: 0.710 Thread 0x0000026272903c70 Thread added: 0x000002627ec5a460
Event: 1.162 Thread 0x000002627ec5a460 Thread exited: 0x000002627ec5a460


Dynamic libraries:
0x00007ff765270000 - 0x00007ff76527e000 	C:\Program Files\Apache NetBeans\jdk\bin\java.exe
0x00007ff948050000 - 0x00007ff948267000 	C:\WINDOWS\SYSTEM32\ntdll.dll
0x00007ff9128c0000 - 0x00007ff9128e1000 	C:\Program Files\Norton\Suite\aswhook.dll
0x00007ff946220000 - 0x00007ff9462e4000 	C:\WINDOWS\System32\KERNEL32.DLL
0x00007ff945320000 - 0x00007ff9456da000 	C:\WINDOWS\System32\KERNELBASE.dll
0x00007ff9456e0000 - 0x00007ff9457f1000 	C:\WINDOWS\System32\ucrtbase.dll
0x00007ff91e940000 - 0x00007ff91e956000 	C:\Program Files\Apache NetBeans\jdk\bin\jli.dll
0x00007ff947b00000 - 0x00007ff947cae000 	C:\WINDOWS\System32\USER32.dll
0x00007ff945bb0000 - 0x00007ff945bd6000 	C:\WINDOWS\System32\win32u.dll
0x00007ff946de0000 - 0x00007ff946e09000 	C:\WINDOWS\System32\GDI32.dll
0x00007ff9459e0000 - 0x00007ff945afb000 	C:\WINDOWS\System32\gdi32full.dll
0x00007ff945940000 - 0x00007ff9459da000 	C:\WINDOWS\System32\msvcp_win.dll
0x00007ff9276e0000 - 0x00007ff9276fe000 	C:\Program Files\Apache NetBeans\jdk\bin\VCRUNTIME140.dll
0x00007ff91e3d0000 - 0x00007ff91e662000 	C:\WINDOWS\WinSxS\amd64_microsoft.windows.common-controls_6595b64144ccf1df_6.0.22621.4541_none_2710d1c57384c085\COMCTL32.dll
0x00007ff945d50000 - 0x00007ff945df7000 	C:\WINDOWS\System32\msvcrt.dll
0x00007ff946e30000 - 0x00007ff946e61000 	C:\WINDOWS\System32\IMM32.DLL
0x00007ff93fb50000 - 0x00007ff93fb5c000 	C:\Program Files\Apache NetBeans\jdk\bin\vcruntime140_1.dll
0x00007ff90b9f0000 - 0x00007ff90ba7d000 	C:\Program Files\Apache NetBeans\jdk\bin\msvcp140.dll
0x00007ff8a1cb0000 - 0x00007ff8a2bd6000 	C:\Program Files\Apache NetBeans\jdk\bin\server\jvm.dll
0x00007ff946f20000 - 0x00007ff946fd2000 	C:\WINDOWS\System32\ADVAPI32.dll
0x00007ff9460b0000 - 0x00007ff946157000 	C:\WINDOWS\System32\sechost.dll
0x00007ff945b00000 - 0x00007ff945b28000 	C:\WINDOWS\System32\bcrypt.dll
0x00007ff947ef0000 - 0x00007ff948004000 	C:\WINDOWS\System32\RPCRT4.dll
0x00007ff947a30000 - 0x00007ff947aa1000 	C:\WINDOWS\System32\WS2_32.dll
0x00007ff9451f0000 - 0x00007ff94523d000 	C:\WINDOWS\SYSTEM32\POWRPROF.dll
0x00007ff93f590000 - 0x00007ff93f5c4000 	C:\WINDOWS\SYSTEM32\WINMM.dll
0x00007ff93ce80000 - 0x00007ff93ce8a000 	C:\WINDOWS\SYSTEM32\VERSION.dll
0x00007ff945120000 - 0x00007ff945133000 	C:\WINDOWS\SYSTEM32\UMPDC.dll
0x00007ff944320000 - 0x00007ff944338000 	C:\WINDOWS\SYSTEM32\kernel.appcore.dll
0x00007ff934de0000 - 0x00007ff934dea000 	C:\Program Files\Apache NetBeans\jdk\bin\jimage.dll
0x00007ff942c20000 - 0x00007ff942e52000 	C:\WINDOWS\SYSTEM32\DBGHELP.DLL
0x00007ff946a50000 - 0x00007ff946ddf000 	C:\WINDOWS\System32\combase.dll
0x00007ff9463f0000 - 0x00007ff9464c7000 	C:\WINDOWS\System32\OLEAUT32.dll
0x00007ff93b8d0000 - 0x00007ff93b902000 	C:\WINDOWS\SYSTEM32\dbgcore.DLL
0x00007ff945b30000 - 0x00007ff945bab000 	C:\WINDOWS\System32\bcryptPrimitives.dll
0x00007ff91eb20000 - 0x00007ff91eb3e000 	C:\Program Files\Apache NetBeans\jdk\bin\java.dll
0x00007ff946fe0000 - 0x00007ff947185000 	C:\WINDOWS\System32\ole32.dll
0x00007ff9471b0000 - 0x00007ff947a28000 	C:\WINDOWS\System32\SHELL32.dll
0x00007ff9430b0000 - 0x00007ff9439b8000 	C:\WINDOWS\SYSTEM32\windows.storage.dll
0x00007ff942e60000 - 0x00007ff942f9f000 	C:\WINDOWS\SYSTEM32\wintypes.dll
0x00007ff9464d0000 - 0x00007ff9465ca000 	C:\WINDOWS\System32\SHCORE.dll
0x00007ff947cb0000 - 0x00007ff947d0e000 	C:\WINDOWS\System32\shlwapi.dll
0x00007ff945250000 - 0x00007ff94527b000 	C:\WINDOWS\SYSTEM32\profapi.dll
0x00007ff91c240000 - 0x00007ff91c251000 	C:\Program Files\Apache NetBeans\jdk\bin\net.dll
0x00007ff944790000 - 0x00007ff9447f9000 	C:\WINDOWS\system32\mswsock.dll
0x00007ff91c0c0000 - 0x00007ff91c0d6000 	C:\Program Files\Apache NetBeans\jdk\bin\nio.dll
0x00007ff91e710000 - 0x00007ff91e727000 	C:\Program Files\Apache NetBeans\jdk\bin\zip.dll
0x00007ff927710000 - 0x00007ff927734000 	C:\Program Files\Apache NetBeans\java\maven\lib\jansi-native\Windows\x86_64\jansi.dll
0x00007ff9276d0000 - 0x00007ff9276e0000 	C:\Program Files\Apache NetBeans\jdk\bin\verify.dll

JVMTI agents: none

dbghelp: loaded successfully - version: 4.0.5 - missing functions: none
symbol engine: initialized successfully - sym options: 0x614 - pdb path: .;C:\Program Files\Apache NetBeans\jdk\bin;C:\WINDOWS\SYSTEM32;C:\Program Files\Norton\Suite;C:\WINDOWS\WinSxS\amd64_microsoft.windows.common-controls_6595b64144ccf1df_6.0.22621.4541_none_2710d1c57384c085;C:\Program Files\Apache NetBeans\jdk\bin\server;C:\Program Files\Apache NetBeans\java\maven\lib\jansi-native\Windows\x86_64

VM Arguments:
jvm_args: --enable-native-access=ALL-UNNAMED -Dclassworlds.conf=C:\Program Files\Apache NetBeans\java\maven\bin\m2.conf -Dmaven.home=C:\Program Files\Apache NetBeans\java\maven -Dlibrary.jansi.path=C:\Program Files\Apache NetBeans\java\maven\lib\jansi-native -Dmaven.multiModuleProjectDirectory=C:\Users\ndhla\Desktop\MLUNGISI ROSEBANK\prog5121part1 
java_command: org.codehaus.plexus.classworlds.launcher.Launcher -Dexec.vmArgs= -Dexec.args=${exec.vmArgs} -classpath %classpath ${exec.mainClass} ${exec.appArgs} -Dexec.appArgs= -Dexec.mainClass=com.mycompany.prog5121part1.Prog5121part1 -Dexec.executable=C:\Program Files\Apache NetBeans\jdk\bin\java.exe -Dmaven.ext.class.path=C:\Program Files\Apache NetBeans\java\maven-nblib\netbeans-eventspy.jar --no-transfer-progress process-classes org.codehaus.mojo:exec-maven-plugin:3.5.1:exec
java_class_path (initial): C:\Program Files\Apache NetBeans\java\maven\boot\plexus-classworlds-2.9.0.jar
Launcher Type: SUN_STANDARD

[Global flags]
     intx CICompilerCount                          = 2                                         {product} {ergonomic}
     uint ConcGCThreads                            = 1                                         {product} {ergonomic}
     uint G1ConcRefinementThreads                  = 2                                         {product} {ergonomic}
   size_t G1HeapRegionSize                         = 1048576                                   {product} {ergonomic}
   size_t InitialHeapSize                          = 65011712                                  {product} {ergonomic}
   size_t MarkStackSize                            = 4194304                                   {product} {ergonomic}
   size_t MarkStackSizeMax                         = 536870912                                 {product} {ergonomic}
   size_t MaxHeapSize                              = 1023410176                                {product} {ergonomic}
   size_t MaxNewSize                               = 613416960                                 {product} {ergonomic}
   size_t MinHeapDeltaBytes                        = 1048576                                   {product} {ergonomic}
   size_t MinHeapSize                              = 8388608                                   {product} {ergonomic}
    uintx NonNMethodCodeHeapSize                   = 5767168                                {pd product} {ergonomic}
    uintx NonProfiledCodeHeapSize                  = 123011072                              {pd product} {ergonomic}
    uintx ProfiledCodeHeapSize                     = 122880000                              {pd product} {ergonomic}
    uintx ReservedCodeCacheSize                    = 251658240                              {pd product} {ergonomic}
     bool SegmentedCodeCache                       = true                                      {product} {ergonomic}
   size_t SoftMaxHeapSize                          = 1023410176                             {manageable} {ergonomic}
     bool UseCompressedOops                        = true                           {product lp64_product} {ergonomic}
     bool UseG1GC                                  = true                                      {product} {ergonomic}
     bool UseLargePagesIndividualAllocation        = false                                  {pd product} {ergonomic}

Logging:
Log output configuration:
 #0: stdout all=warning uptime,level,tags foldmultilines=false
 #1: stderr all=off uptime,level,tags foldmultilines=false

Release file:
IMPLEMENTOR="Eclipse Adoptium" 
IMPLEMENTOR_VERSION="Temurin-25.0.2+10" 
JAVA_RUNTIME_VERSION="25.0.2+10-LTS" 
JAVA_VERSION="25.0.2" 
JAVA_VERSION_DATE="2026-01-20" 
LIBC="default" 
MODULES="java.base java.compiler java.datatransfer java.xml java.prefs java.desktop java.instrument java.logging java.management java.security.sasl java.naming java.rmi java.management.rmi java.net.http java.scripting java.security.jgss java.transaction.xa java.sql java.sql.rowset java.xml.crypto java.se java.smartcardio jdk.accessibility jdk.internal.jvmstat jdk.attach jdk.charsets jdk.internal.opt jdk.zipfs jdk.compiler jdk.crypto.cryptoki jdk.crypto.ec jdk.crypto.mscapi jdk.dynalink jdk.internal.ed jdk.editpad jdk.internal.vm.ci jdk.graal.compiler jdk.graal.compiler.management jdk.hotspot.agent jdk.httpserver jdk.incubator.vector jdk.internal.le jdk.internal.md jdk.jartool jdk.javadoc jdk.jcmd jdk.management jdk.management.agent jdk.jconsole jdk.jdeps jdk.jdwp.agent jdk.jdi jdk.jfr jdk.jlink jdk.jpackage jdk.jshell jdk.jsobject jdk.jstatd jdk.localedata jdk.management.jfr jdk.naming.dns jdk.naming.rmi jdk.net jdk.nio.mapmode jdk.sctp jdk.security.auth jdk.security.jgss jdk.unsupported jdk.unsupported.desktop jdk.xml.dom" 
OS_ARCH="x86_64" 
OS_NAME="Windows" 
SOURCE=".:git:9e3c947043a4" 
BUILD_SOURCE="git:458965074606f027bd5afce2cfd5c1055dea0438"
BUILD_SOURCE_REPO="https://github.com/adoptium/temurin-build.git"
SOURCE_REPO="https://github.com/adoptium/jdk25u.git"
FULL_VERSION="25.0.2+10-LTS"
SEMANTIC_VERSION="25.0.2+10"
BUILD_INFO="OS: Windows Server 2022 Version: 10.0"
JVM_VARIANT="Hotspot"
JVM_VERSION="25.0.2+10-LTS"
IMAGE_TYPE="JDK"

Environment Variables:
JAVA_HOME=C:\Program Files\Apache NetBeans\jdk
PATH=C:\Program Files\Common Files\Oracle\Java\javapath;C:\WINDOWS\system32;C:\WINDOWS;C:\WINDOWS\System32\Wbem;C:\WINDOWS\System32\WindowsPowerShell\v1.0\;C:\WINDOWS\System32\OpenSSH\;C:\Users\ndhla\AppData\Local\Microsoft\WindowsApps;;C:\Program Files\Apache NetBeans\bin\
USERNAME=ndhla
OS=Windows_NT
PROCESSOR_IDENTIFIER=Intel64 Family 6 Model 122 Stepping 8, GenuineIntel
TMP=C:\Users\ndhla\AppData\Local\Temp
TEMP=C:\Users\ndhla\AppData\Local\Temp




Compilation memory statistics disabled.

Periodic native trim disabled

---------------  S Y S T E M  ---------------

OS:
 Windows 11 , 64 bit Build 22621 (10.0.22621.4391)
OS uptime: 2 days 22:09 hours
Hyper-V role detected

CPU: total 2 (initial active 2) (2 cores per cpu, 1 threads per core) family 6 model 122 stepping 8 microcode 0x18, cx8, cmov, fxsr, mmx, 3dnowpref, sse, sse2, sse3, ssse3, sse4.1, sse4.2, popcnt, tsc, tscinvbit, aes, erms, clmul, sha, clflush, clflushopt, hv, rdtscp, rdpid
Processor Information for the first 2 processors :
  Max Mhz: 1101, Current Mhz: 1101, Mhz Limit: 1101

Memory: 4k page, system-wide physical 3902M (277M free)
TotalPageFile size 15678M (AvailPageFile size 5M)
current process WorkingSet (physical memory assigned to process): 62M, peak: 62M
current process commit charge ("private bytes"): 145M, peak: 147M

vm_info: OpenJDK 64-Bit Server VM (25.0.2+10-LTS) for windows-amd64 JRE (25.0.2+10-LTS), built on 2026-01-20T00:00:00Z with MS VC++ 17.12 (VS2022)

END.
