#
# There is insufficient memory for the Java Runtime Environment to continue.
# Native memory allocation (malloc) failed to allocate 2130776 bytes. Error detail: Chunk::new
# Possible reasons:
#   The system is out of physical RAM or swap space
#   This process is running with CompressedOops enabled, and the Java Heap may be blocking the growth of the native heap
# Possible solutions:
#   Reduce memory load on the system
#   Increase physical memory or swap space
#   Check if swap backing store is full
#   Decrease Java heap size (-Xmx/-Xms)
#   Decrease number of Java threads
#   Decrease Java thread stack sizes (-Xss)
#   Set larger code cache with -XX:ReservedCodeCacheSize=
#   JVM is running with Unscaled Compressed Oops mode in which the Java heap is
#     placed in the first 4GB address space. The Java Heap base address is the
#     maximum limit for the native heap growth. Please use -XX:HeapBaseMinAddress
#     to set the Java Heap base and to place the Java Heap above 4GB virtual address.
# This output file may be truncated or incomplete.
#
#  Out of Memory Error (arena.cpp:186), pid=15484, tid=12748
#
# JRE version: OpenJDK Runtime Environment Temurin-25.0.2+10 (25.0.2+10) (build 25.0.2+10-LTS)
# Java VM: OpenJDK 64-Bit Server VM Temurin-25.0.2+10 (25.0.2+10-LTS, mixed mode, sharing, tiered, compressed oops, compressed class ptrs, g1 gc, windows-amd64)
# No core dump will be written. Minidumps are not enabled by default on client versions of Windows
#

---------------  S U M M A R Y ------------

Command Line: --enable-native-access=ALL-UNNAMED -Dclassworlds.conf=C:\Program Files\Apache NetBeans\java\maven\bin\m2.conf -Dmaven.home=C:\Program Files\Apache NetBeans\java\maven -Dlibrary.jansi.path=C:\Program Files\Apache NetBeans\java\maven\lib\jansi-native -Dmaven.multiModuleProjectDirectory=C:\Users\ndhla\Desktop\MLUNGISI ROSEBANK\prog5121part1 org.codehaus.plexus.classworlds.launcher.Launcher -Dexec.vmArgs= -Dexec.args=${exec.vmArgs} -classpath %classpath ${exec.mainClass} ${exec.appArgs} -Dexec.appArgs= -Dexec.mainClass=com.mycompany.prog5121part1.Prog5121part1 -Dexec.executable=C:\Program Files\Apache NetBeans\jdk\bin\java.exe -Dmaven.ext.class.path=C:\Program Files\Apache NetBeans\java\maven-nblib\netbeans-eventspy.jar --no-transfer-progress process-classes org.codehaus.mojo:exec-maven-plugin:3.5.1:exec

Host: Intel(R) Celeron(R) N4020 CPU @ 1.10GHz, 2 cores, 3G,  Windows 11 , 64 bit Build 22621 (10.0.22621.4391)
Time: Fri May  1 17:42:58 2026 South Africa Standard Time elapsed time: 1.269434 seconds (0d 0h 0m 1s)

---------------  T H R E A D  ---------------

Current thread (0x000001aec1003b10):  JavaThread "C2 CompilerThread0" daemon [_thread_in_native, id=12748, stack(0x0000001ad4e00000,0x0000001ad4f00000) (1024K)]


Current CompileTask:
C2:1269  815       4       java.util.jar.JarFile::getEntry (35 bytes)

Stack: [0x0000001ad4e00000,0x0000001ad4f00000]
Native frames: (J=compiled Java code, j=interpreted, Vv=VM code, C=native code)
V  [jvm.dll+0x7a8bc9]  (no source info available)
V  [jvm.dll+0x77310d]  (no source info available)
V  [jvm.dll+0x9f55f3]  (no source info available)
V  [jvm.dll+0x9f7be1]  (no source info available)
V  [jvm.dll+0x9f82f3]  (no source info available)
V  [jvm.dll+0x2fce26]  (no source info available)
V  [jvm.dll+0x111076]  (no source info available)
V  [jvm.dll+0x11139e]  (no source info available)
V  [jvm.dll+0x19fff2]  (no source info available)
V  [jvm.dll+0x3b5f62]  (no source info available)
V  [jvm.dll+0x7ae53c]  (no source info available)
V  [jvm.dll+0x2c0407]  (no source info available)
V  [jvm.dll+0x2bf3cf]  (no source info available)
V  [jvm.dll+0x237140]  (no source info available)
V  [jvm.dll+0x2cf4c6]  (no source info available)
V  [jvm.dll+0x2cd74a]  (no source info available)
V  [jvm.dll+0x48fbee]  (no source info available)
V  [jvm.dll+0x996b0d]  (no source info available)
V  [jvm.dll+0x7a71a5]  (no source info available)
C  [ucrtbase.dll+0x29333]  (no source info available)
C  [KERNEL32.DLL+0x1259d]  (no source info available)
C  [ntdll.dll+0x5af38]  (no source info available)

Lock stack of current Java thread (top to bottom):


---------------  P R O C E S S  ---------------

Threads class SMR info:
_java_thread_list=0x000001aec13dc740, length=12, elements={
0x000001aea3fb0c90, 0x000001aec0ff3770, 0x000001aec0ff86c0, 0x000001aec0ffab80,
0x000001aec0ffe0d0, 0x000001aec0fff040, 0x000001aec0fffc00, 0x000001aec1003b10,
0x000001aec100d150, 0x000001aec1145320, 0x000001aec114ff60, 0x000001aec13d7d30
}

Java Threads: ( => current thread )
  0x000001aea3fb0c90 JavaThread "main"                              [_thread_in_native, id=5404, stack(0x0000001ad4000000,0x0000001ad4100000) (1024K)]
  0x000001aec0ff3770 JavaThread "Reference Handler"          daemon [_thread_blocked, id=20324, stack(0x0000001ad4800000,0x0000001ad4900000) (1024K)]
  0x000001aec0ff86c0 JavaThread "Finalizer"                  daemon [_thread_blocked, id=5576, stack(0x0000001ad4900000,0x0000001ad4a00000) (1024K)]
  0x000001aec0ffab80 JavaThread "Signal Dispatcher"          daemon [_thread_blocked, id=2520, stack(0x0000001ad4a00000,0x0000001ad4b00000) (1024K)]
  0x000001aec0ffe0d0 JavaThread "Attach Listener"            daemon [_thread_blocked, id=14216, stack(0x0000001ad4b00000,0x0000001ad4c00000) (1024K)]
  0x000001aec0fff040 JavaThread "Service Thread"             daemon [_thread_blocked, id=19660, stack(0x0000001ad4c00000,0x0000001ad4d00000) (1024K)]
  0x000001aec0fffc00 JavaThread "Monitor Deflation Thread"   daemon [_thread_blocked, id=19852, stack(0x0000001ad4d00000,0x0000001ad4e00000) (1024K)]
=>0x000001aec1003b10 JavaThread "C2 CompilerThread0"         daemon [_thread_in_native, id=12748, stack(0x0000001ad4e00000,0x0000001ad4f00000) (1024K)]
  0x000001aec100d150 JavaThread "C1 CompilerThread0"         daemon [_thread_blocked, id=16360, stack(0x0000001ad4f00000,0x0000001ad5000000) (1024K)]
  0x000001aec1145320 JavaThread "Notification Thread"        daemon [_thread_blocked, id=17200, stack(0x0000001ad5000000,0x0000001ad5100000) (1024K)]
  0x000001aec114ff60 JavaThread "Common-Cleaner"             daemon [_thread_blocked, id=1452, stack(0x0000001ad5100000,0x0000001ad5200000) (1024K)]
  0x000001aec13d7d30 JavaThread "cleanup"                    daemon [_thread_blocked, id=8272, stack(0x0000001ad5200000,0x0000001ad5300000) (1024K)]
Total: 12

Other Threads:
  0x000001aec0fe4ee0 VMThread "VM Thread"                           [id=16548, stack(0x0000001ad4700000,0x0000001ad4800000) (1024K)]
  0x000001aec0fdc090 WatcherThread "VM Periodic Task Thread"        [id=9880, stack(0x0000001ad4600000,0x0000001ad4700000) (1024K)]
  0x000001aea62aef80 WorkerThread "GC Thread#0"                     [id=4136, stack(0x0000001ad4100000,0x0000001ad4200000) (1024K)]
  0x000001aea62bb750 ConcurrentGCThread "G1 Main Marker"            [id=17476, stack(0x0000001ad4200000,0x0000001ad4300000) (1024K)]
  0x000001aea62bc540 WorkerThread "G1 Conc#0"                       [id=3980, stack(0x0000001ad4300000,0x0000001ad4400000) (1024K)]
  0x000001aea62d6210 ConcurrentGCThread "G1 Refine#0"               [id=2700, stack(0x0000001ad4400000,0x0000001ad4500000) (1024K)]
  0x000001aea62d9780 ConcurrentGCThread "G1 Service"                [id=4044, stack(0x0000001ad4500000,0x0000001ad4600000) (1024K)]
Total: 7

Threads with active compile tasks:
C2 CompilerThread0  1449  815       4       java.util.jar.JarFile::getEntry (35 bytes)
Total: 1

VM state: not at safepoint (normal execution)

VM Mutex/Monitor currently owned by a thread: None

Heap address: 0x00000000c3000000, size: 976 MB, Compressed Oops mode: 32-bit

CDS archive(s) mapped at: [0x0000000016000000-0x0000000016dd0000-0x0000000016dd0000), size 14483456, SharedBaseAddress: 0x0000000016000000, ArchiveRelocationMode: 1.
Compressed class space mapped at: 0x0000000017000000-0x0000000057000000, reserved size: 1073741824
UseCompressedClassPointers 1, UseCompactObjectHeaders 0
Narrow klass pointer bits 32, Max shift 3
Narrow klass base: 0x0000000016000000, Narrow klass shift: 0
Encoding Range: [0x0000000016000000 - 0x0000000116000000), (4294967296 bytes)
Klass Range:    [0x0000000016010000 - 0x0000000057000000), (1090453504 bytes)
Klass ID Range:  [65536 - 1090519033) (1090453497)
Protection zone: [0x0000000016000000 - 0x0000000016010000), (65536 bytes)

GC Precious Log:
 CardTable entry size: 512
 Card Set container configuration: InlinePtr #cards 5 size 8 Array Of Cards #cards 10 size 36 Howl #buckets 4 coarsen threshold 1843 Howl Bitmap #cards 512 size 80 coarsen threshold 460 Card regions per heap region 1 cards per card region 2048
 CPUs: 2 total, 2 available
 Memory: 3902M
 Large Page Support: Disabled
 NUMA Support: Disabled
 Compressed Oops: Enabled (32-bit)
 Heap Region Size: 1M
 Heap Min Capacity: 8M
 Heap Initial Capacity: 62M
 Heap Max Capacity: 976M
 Pre-touch: Disabled
 Parallel Workers: 2
 Concurrent Workers: 1
 Concurrent Refinement Workers: 2
 Periodic GC: Disabled

Heap:
 garbage-first heap   total reserved 999424K, committed 65536K, used 9363K [0x00000000c3000000, 0x0000000100000000)
  region size 1024K, 10 young (10240K), 0 survivors (0K)

Heap Regions: E=young(eden), S=young(survivor), O=old, HS=humongous(starts), HC=humongous(continues), CS=collection set, F=free, TAMS=top-at-mark-start, PB=parsable bottom
|   0|0x00000000c3000000, 0x00000000c3000000, 0x00000000c3100000|  0%| F|  |TAMS 0x00000000c3000000| PB 0x00000000c3000000| Untracked |  0
|   1|0x00000000c3100000, 0x00000000c3100000, 0x00000000c3200000|  0%| F|  |TAMS 0x00000000c3100000| PB 0x00000000c3100000| Untracked |  0
|   2|0x00000000c3200000, 0x00000000c3200000, 0x00000000c3300000|  0%| F|  |TAMS 0x00000000c3200000| PB 0x00000000c3200000| Untracked |  0
|   3|0x00000000c3300000, 0x00000000c3300000, 0x00000000c3400000|  0%| F|  |TAMS 0x00000000c3300000| PB 0x00000000c3300000| Untracked |  0
|   4|0x00000000c3400000, 0x00000000c3400000, 0x00000000c3500000|  0%| F|  |TAMS 0x00000000c3400000| PB 0x00000000c3400000| Untracked |  0
|   5|0x00000000c3500000, 0x00000000c3500000, 0x00000000c3600000|  0%| F|  |TAMS 0x00000000c3500000| PB 0x00000000c3500000| Untracked |  0
|   6|0x00000000c3600000, 0x00000000c3600000, 0x00000000c3700000|  0%| F|  |TAMS 0x00000000c3600000| PB 0x00000000c3600000| Untracked |  0
|   7|0x00000000c3700000, 0x00000000c3700000, 0x00000000c3800000|  0%| F|  |TAMS 0x00000000c3700000| PB 0x00000000c3700000| Untracked |  0
|   8|0x00000000c3800000, 0x00000000c3800000, 0x00000000c3900000|  0%| F|  |TAMS 0x00000000c3800000| PB 0x00000000c3800000| Untracked |  0
|   9|0x00000000c3900000, 0x00000000c3900000, 0x00000000c3a00000|  0%| F|  |TAMS 0x00000000c3900000| PB 0x00000000c3900000| Untracked |  0
|  10|0x00000000c3a00000, 0x00000000c3a00000, 0x00000000c3b00000|  0%| F|  |TAMS 0x00000000c3a00000| PB 0x00000000c3a00000| Untracked |  0
|  11|0x00000000c3b00000, 0x00000000c3b00000, 0x00000000c3c00000|  0%| F|  |TAMS 0x00000000c3b00000| PB 0x00000000c3b00000| Untracked |  0
|  12|0x00000000c3c00000, 0x00000000c3c00000, 0x00000000c3d00000|  0%| F|  |TAMS 0x00000000c3c00000| PB 0x00000000c3c00000| Untracked |  0
|  13|0x00000000c3d00000, 0x00000000c3d00000, 0x00000000c3e00000|  0%| F|  |TAMS 0x00000000c3d00000| PB 0x00000000c3d00000| Untracked |  0
|  14|0x00000000c3e00000, 0x00000000c3e00000, 0x00000000c3f00000|  0%| F|  |TAMS 0x00000000c3e00000| PB 0x00000000c3e00000| Untracked |  0
|  15|0x00000000c3f00000, 0x00000000c3f00000, 0x00000000c4000000|  0%| F|  |TAMS 0x00000000c3f00000| PB 0x00000000c3f00000| Untracked |  0
|  16|0x00000000c4000000, 0x00000000c4000000, 0x00000000c4100000|  0%| F|  |TAMS 0x00000000c4000000| PB 0x00000000c4000000| Untracked |  0
|  17|0x00000000c4100000, 0x00000000c4100000, 0x00000000c4200000|  0%| F|  |TAMS 0x00000000c4100000| PB 0x00000000c4100000| Untracked |  0
|  18|0x00000000c4200000, 0x00000000c4200000, 0x00000000c4300000|  0%| F|  |TAMS 0x00000000c4200000| PB 0x00000000c4200000| Untracked |  0
|  19|0x00000000c4300000, 0x00000000c4300000, 0x00000000c4400000|  0%| F|  |TAMS 0x00000000c4300000| PB 0x00000000c4300000| Untracked |  0
|  20|0x00000000c4400000, 0x00000000c4400000, 0x00000000c4500000|  0%| F|  |TAMS 0x00000000c4400000| PB 0x00000000c4400000| Untracked |  0
|  21|0x00000000c4500000, 0x00000000c4500000, 0x00000000c4600000|  0%| F|  |TAMS 0x00000000c4500000| PB 0x00000000c4500000| Untracked |  0
|  22|0x00000000c4600000, 0x00000000c4600000, 0x00000000c4700000|  0%| F|  |TAMS 0x00000000c4600000| PB 0x00000000c4600000| Untracked |  0
|  23|0x00000000c4700000, 0x00000000c4700000, 0x00000000c4800000|  0%| F|  |TAMS 0x00000000c4700000| PB 0x00000000c4700000| Untracked |  0
|  24|0x00000000c4800000, 0x00000000c4800000, 0x00000000c4900000|  0%| F|  |TAMS 0x00000000c4800000| PB 0x00000000c4800000| Untracked |  0
|  25|0x00000000c4900000, 0x00000000c4900000, 0x00000000c4a00000|  0%| F|  |TAMS 0x00000000c4900000| PB 0x00000000c4900000| Untracked |  0
|  26|0x00000000c4a00000, 0x00000000c4a00000, 0x00000000c4b00000|  0%| F|  |TAMS 0x00000000c4a00000| PB 0x00000000c4a00000| Untracked |  0
|  27|0x00000000c4b00000, 0x00000000c4b00000, 0x00000000c4c00000|  0%| F|  |TAMS 0x00000000c4b00000| PB 0x00000000c4b00000| Untracked |  0
|  28|0x00000000c4c00000, 0x00000000c4c00000, 0x00000000c4d00000|  0%| F|  |TAMS 0x00000000c4c00000| PB 0x00000000c4c00000| Untracked |  0
|  29|0x00000000c4d00000, 0x00000000c4d00000, 0x00000000c4e00000|  0%| F|  |TAMS 0x00000000c4d00000| PB 0x00000000c4d00000| Untracked |  0
|  30|0x00000000c4e00000, 0x00000000c4e00000, 0x00000000c4f00000|  0%| F|  |TAMS 0x00000000c4e00000| PB 0x00000000c4e00000| Untracked |  0
|  31|0x00000000c4f00000, 0x00000000c4f00000, 0x00000000c5000000|  0%| F|  |TAMS 0x00000000c4f00000| PB 0x00000000c4f00000| Untracked |  0
|  32|0x00000000c5000000, 0x00000000c5000000, 0x00000000c5100000|  0%| F|  |TAMS 0x00000000c5000000| PB 0x00000000c5000000| Untracked |  0
|  33|0x00000000c5100000, 0x00000000c5100000, 0x00000000c5200000|  0%| F|  |TAMS 0x00000000c5100000| PB 0x00000000c5100000| Untracked |  0
|  34|0x00000000c5200000, 0x00000000c5200000, 0x00000000c5300000|  0%| F|  |TAMS 0x00000000c5200000| PB 0x00000000c5200000| Untracked |  0
|  35|0x00000000c5300000, 0x00000000c5300000, 0x00000000c5400000|  0%| F|  |TAMS 0x00000000c5300000| PB 0x00000000c5300000| Untracked |  0
|  36|0x00000000c5400000, 0x00000000c5400000, 0x00000000c5500000|  0%| F|  |TAMS 0x00000000c5400000| PB 0x00000000c5400000| Untracked |  0
|  37|0x00000000c5500000, 0x00000000c5500000, 0x00000000c5600000|  0%| F|  |TAMS 0x00000000c5500000| PB 0x00000000c5500000| Untracked |  0
|  38|0x00000000c5600000, 0x00000000c5600000, 0x00000000c5700000|  0%| F|  |TAMS 0x00000000c5600000| PB 0x00000000c5600000| Untracked |  0
|  39|0x00000000c5700000, 0x00000000c5700000, 0x00000000c5800000|  0%| F|  |TAMS 0x00000000c5700000| PB 0x00000000c5700000| Untracked |  0
|  40|0x00000000c5800000, 0x00000000c5800000, 0x00000000c5900000|  0%| F|  |TAMS 0x00000000c5800000| PB 0x00000000c5800000| Untracked |  0
|  41|0x00000000c5900000, 0x00000000c5900000, 0x00000000c5a00000|  0%| F|  |TAMS 0x00000000c5900000| PB 0x00000000c5900000| Untracked |  0
|  42|0x00000000c5a00000, 0x00000000c5a00000, 0x00000000c5b00000|  0%| F|  |TAMS 0x00000000c5a00000| PB 0x00000000c5a00000| Untracked |  0
|  43|0x00000000c5b00000, 0x00000000c5b00000, 0x00000000c5c00000|  0%| F|  |TAMS 0x00000000c5b00000| PB 0x00000000c5b00000| Untracked |  0
|  44|0x00000000c5c00000, 0x00000000c5c00000, 0x00000000c5d00000|  0%| F|  |TAMS 0x00000000c5c00000| PB 0x00000000c5c00000| Untracked |  0
|  45|0x00000000c5d00000, 0x00000000c5d00000, 0x00000000c5e00000|  0%| F|  |TAMS 0x00000000c5d00000| PB 0x00000000c5d00000| Untracked |  0
|  46|0x00000000c5e00000, 0x00000000c5e00000, 0x00000000c5f00000|  0%| F|  |TAMS 0x00000000c5e00000| PB 0x00000000c5e00000| Untracked |  0
|  47|0x00000000c5f00000, 0x00000000c5f00000, 0x00000000c6000000|  0%| F|  |TAMS 0x00000000c5f00000| PB 0x00000000c5f00000| Untracked |  0
|  48|0x00000000c6000000, 0x00000000c6000000, 0x00000000c6100000|  0%| F|  |TAMS 0x00000000c6000000| PB 0x00000000c6000000| Untracked |  0
|  49|0x00000000c6100000, 0x00000000c6100000, 0x00000000c6200000|  0%| F|  |TAMS 0x00000000c6100000| PB 0x00000000c6100000| Untracked |  0
|  50|0x00000000c6200000, 0x00000000c6200000, 0x00000000c6300000|  0%| F|  |TAMS 0x00000000c6200000| PB 0x00000000c6200000| Untracked |  0
|  51|0x00000000c6300000, 0x00000000c6300000, 0x00000000c6400000|  0%| F|  |TAMS 0x00000000c6300000| PB 0x00000000c6300000| Untracked |  0
|  52|0x00000000c6400000, 0x00000000c64911f0, 0x00000000c6500000| 56%| E|  |TAMS 0x00000000c6400000| PB 0x00000000c6400000| Complete |  0
|  53|0x00000000c6500000, 0x00000000c6600000, 0x00000000c6600000|100%| E|CS|TAMS 0x00000000c6500000| PB 0x00000000c6500000| Complete |  0
|  54|0x00000000c6600000, 0x00000000c6700000, 0x00000000c6700000|100%| E|CS|TAMS 0x00000000c6600000| PB 0x00000000c6600000| Complete |  0
|  55|0x00000000c6700000, 0x00000000c6800000, 0x00000000c6800000|100%| E|CS|TAMS 0x00000000c6700000| PB 0x00000000c6700000| Complete |  0
|  56|0x00000000c6800000, 0x00000000c6900000, 0x00000000c6900000|100%| E|CS|TAMS 0x00000000c6800000| PB 0x00000000c6800000| Complete |  0
|  57|0x00000000c6900000, 0x00000000c6a00000, 0x00000000c6a00000|100%| E|CS|TAMS 0x00000000c6900000| PB 0x00000000c6900000| Complete |  0
|  58|0x00000000c6a00000, 0x00000000c6b00000, 0x00000000c6b00000|100%| E|CS|TAMS 0x00000000c6a00000| PB 0x00000000c6a00000| Complete |  0
|  59|0x00000000c6b00000, 0x00000000c6c00000, 0x00000000c6c00000|100%| E|CS|TAMS 0x00000000c6b00000| PB 0x00000000c6b00000| Complete |  0
|  60|0x00000000c6c00000, 0x00000000c6d00000, 0x00000000c6d00000|100%| E|  |TAMS 0x00000000c6c00000| PB 0x00000000c6c00000| Complete |  0
|  61|0x00000000c6d00000, 0x00000000c6e00000, 0x00000000c6e00000|100%| E|CS|TAMS 0x00000000c6d00000| PB 0x00000000c6d00000| Complete |  0
| 974|0x00000000ffe00000, 0x00000000fff00000, 0x00000000fff00000|100%| O|  |TAMS 0x00000000ffe00000| PB 0x00000000ffe00000| Untracked |  0
| 975|0x00000000fff00000, 0x00000000fff24ea8, 0x0000000100000000| 14%| O|  |TAMS 0x00000000fff00000| PB 0x00000000fff00000| Untracked |  0

Card table byte_map: [0x000001aea6020000,0x000001aea6210000] _byte_map_base: 0x000001aea5a08000

Marking Bits: (CMBitMap*) 0x000001aea62af710
 Bits: [0x000001aebdd60000, 0x000001aebeca0000)

Polling page: 0x000001aea3f70000

Metaspace:
Metaspace        used 2688K, committed 2880K, reserved 1114112K
 class space     used 255K, committed 320K, reserved 1048576K

Usage:
  Non-class:      2.38 MB used.
      Class:    255.58 KB used.
       Both:      2.63 MB used.

Virtual space:
  Non-class space:       64.00 MB reserved,       2.50 MB (  4%) committed,  1 nodes.
      Class space:        1.00 GB reserved,     320.00 KB ( <1%) committed,  1 nodes.
             Both:        1.06 GB reserved,       2.81 MB ( <1%) committed. 

Chunk freelists:
   Non-Class:  10.92 MB
       Class:  15.58 MB
        Both:  26.50 MB

MaxMetaspaceSize: unlimited
CompressedClassSpaceSize: 1.00 GB
Initial GC threshold: 21.00 MB
Current GC threshold: 21.00 MB
CDS: on
 - commit_granule_bytes: 65536.
 - commit_granule_words: 8192.
 - virtual_space_node_default_size: 8388608.
 - enlarge_chunks_in_place: 1.
UseCompressedClassPointers 1, UseCompactObjectHeaders 0
Narrow klass pointer bits 32, Max shift 3
Narrow klass base: 0x0000000016000000, Narrow klass shift: 0
Encoding Range: [0x0000000016000000 - 0x0000000116000000), (4294967296 bytes)
Klass Range:    [0x0000000016010000 - 0x0000000057000000), (1090453504 bytes)
Klass ID Range:  [65536 - 1090519033) (1090453497)
Protection zone: [0x0000000016000000 - 0x0000000016010000), (65536 bytes)


Internal statistics:

num_allocs_failed_limit: 0.
num_arena_births: 40.
num_arena_deaths: 0.
num_vsnodes_births: 2.
num_vsnodes_deaths: 0.
num_space_committed: 45.
num_space_uncommitted: 0.
num_chunks_returned_to_freelist: 0.
num_chunks_taken_from_freelist: 108.
num_chunk_merges: 0.
num_chunk_splits: 66.
num_chunks_enlarged: 50.
num_inconsistent_stats: 0.

CodeHeap 'non-profiled nmethods': size=120128Kb used=220Kb max_used=220Kb free=119907Kb
 bounds [0x000001aeb6810000, 0x000001aeb6a80000, 0x000001aebdd60000]
CodeHeap 'profiled nmethods': size=120000Kb used=1119Kb max_used=1119Kb free=118880Kb
 bounds [0x000001aeaed60000, 0x000001aeaefd0000, 0x000001aeb6290000]
CodeHeap 'non-nmethods': size=5632Kb used=1324Kb max_used=1324Kb free=4307Kb
 bounds [0x000001aeb6290000, 0x000001aeb6500000, 0x000001aeb6810000]
CodeCache: size=245760Kb, used=2663Kb, max_used=2663Kb, free=243094Kb
 total_blobs=1289, nmethods=838, adapters=355, full_count=0
Compilation: enabled, stopped_count=0, restarted_count=0

Compilation events (20 events):
Event: 1.249 Thread 0x000001aec100d150  818   !   3       java.util.zip.ZipFile$CleanableResource::getInflater (47 bytes)
Event: 1.249 Thread 0x000001aec100d150 nmethod 818 0x000001aeaee6cb08 code [0x000001aeaee6cc00, 0x000001aeaee6d190]
Event: 1.249 Thread 0x000001aec100d150  819       3       java.util.ArrayDeque::poll (5 bytes)
Event: 1.249 Thread 0x000001aec100d150 nmethod 819 0x000001aeaee6d208 code [0x000001aeaee6d300, 0x000001aeaee6d450]
Event: 1.250 Thread 0x000001aec100d150  820       3       java.util.zip.ZipFile$ZipFileInflaterInputStream::<init> (46 bytes)
Event: 1.250 Thread 0x000001aec100d150 nmethod 820 0x000001aeaee6d508 code [0x000001aeaee6d600, 0x000001aeaee6dc88]
Event: 1.250 Thread 0x000001aec100d150  821       3       java.util.zip.ZipFile$ZipFileInflaterInputStream::fill (80 bytes)
Event: 1.250 Thread 0x000001aec100d150 nmethod 821 0x000001aeaee6dd08 code [0x000001aeaee6de00, 0x000001aeaee6e1d8]
Event: 1.251 Thread 0x000001aec100d150  822   !   3       java.util.zip.ZipFile$ZipFileInputStream::read (135 bytes)
Event: 1.251 Thread 0x000001aec100d150 nmethod 822 0x000001aeaee6e208 code [0x000001aeaee6e300, 0x000001aeaee6ea50]
Event: 1.262 Thread 0x000001aec100d150  823       3       java.util.zip.ZipUtils::LOCNAM (7 bytes)
Event: 1.263 Thread 0x000001aec100d150 nmethod 823 0x000001aeaee6ea88 code [0x000001aeaee6eb80, 0x000001aeaee6ec98]
Event: 1.263 Thread 0x000001aec100d150  824       3       java.util.zip.ZipUtils::LOCEXT (7 bytes)
Event: 1.263 Thread 0x000001aec100d150 nmethod 824 0x000001aeaee6ed88 code [0x000001aeaee6ee80, 0x000001aeaee6ef98]
Event: 1.263 Thread 0x000001aec100d150  825   !   3       java.util.zip.ZipFile$ZipFileInflaterInputStream::close (67 bytes)
Event: 1.264 Thread 0x000001aec100d150 nmethod 825 0x000001aeaee6f088 code [0x000001aeaee6f180, 0x000001aeaee6fb40]
Event: 1.265 Thread 0x000001aec100d150  826       3       jdk.internal.ref.CleanerImpl$PhantomCleanableRef::performCleanup (10 bytes)
Event: 1.266 Thread 0x000001aec100d150 nmethod 826 0x000001aeaee6fb88 code [0x000001aeaee6fc80, 0x000001aeaee6fe50]
Event: 1.266 Thread 0x000001aec100d150  827       3       java.util.ArrayDeque::add (7 bytes)
Event: 1.266 Thread 0x000001aec100d150 nmethod 827 0x000001aeaee6fe88 code [0x000001aeaee6ff80, 0x000001aeaee700d8]

GC Heap Usage History (0 events):
No events

Metaspace Usage History (0 events):
No events

Dll operation events (7 events):
Event: 0.020 Loaded shared library C:\Program Files\Apache NetBeans\jdk\bin\java.dll
Event: 0.116 Loaded shared library C:\Program Files\Apache NetBeans\jdk\bin\net.dll
Event: 0.119 Loaded shared library C:\Program Files\Apache NetBeans\jdk\bin\nio.dll
Event: 0.129 Loaded shared library C:\Program Files\Apache NetBeans\jdk\bin\zip.dll
Event: 0.450 Loaded shared library C:\Program Files\Apache NetBeans\java\maven\lib\jansi-native\Windows\x86_64\jansi.dll
Event: 0.472 Loaded shared library C:\Program Files\Apache NetBeans\jdk\bin\verify.dll
Event: 0.554 Loaded shared library C:\Program Files\Apache NetBeans\jdk\bin\jimage.dll

Deoptimization events (20 events):
Event: 1.014 Thread 0x000001aea3fb0c90 Uncommon trap: trap_request=0xffffff45 fr.pc=0x000001aeb681e578 relative=0x0000000000000078
Event: 1.014 Thread 0x000001aea3fb0c90 Uncommon trap: reason=unstable_if action=reinterpret pc=0x000001aeb681e578 method=jdk.internal.misc.Unsafe.convEndian(ZS)S @ 4 c2
Event: 1.014 Thread 0x000001aea3fb0c90 DEOPT PACKING pc=0x000001aeb681e578 sp=0x0000001ad40fd750
Event: 1.015 Thread 0x000001aea3fb0c90 DEOPT UNPACKING pc=0x000001aeb63acc7c sp=0x0000001ad40fd680 mode 2
Event: 1.037 Thread 0x000001aea3fb0c90 Uncommon trap: trap_request=0xffffff45 fr.pc=0x000001aeb681f274 relative=0x0000000000000074
Event: 1.037 Thread 0x000001aea3fb0c90 Uncommon trap: reason=unstable_if action=reinterpret pc=0x000001aeb681f274 method=jdk.internal.misc.Unsafe.convEndian(ZI)I @ 4 c2
Event: 1.037 Thread 0x000001aea3fb0c90 DEOPT PACKING pc=0x000001aeb681f274 sp=0x0000001ad40fe150
Event: 1.037 Thread 0x000001aea3fb0c90 DEOPT UNPACKING pc=0x000001aeb63acc7c sp=0x0000001ad40fe080 mode 2
Event: 1.196 Thread 0x000001aea3fb0c90 Uncommon trap: trap_request=0xffffff45 fr.pc=0x000001aeb681dc28 relative=0x00000000000001a8
Event: 1.196 Thread 0x000001aea3fb0c90 Uncommon trap: reason=unstable_if action=reinterpret pc=0x000001aeb681dc28 method=java.lang.AbstractStringBuilder.needsNewBuffer([BBIB)Z @ 8 c2
Event: 1.196 Thread 0x000001aea3fb0c90 DEOPT PACKING pc=0x000001aeb681dc28 sp=0x0000001ad40fe710
Event: 1.196 Thread 0x000001aea3fb0c90 DEOPT UNPACKING pc=0x000001aeb63acc7c sp=0x0000001ad40fe5b8 mode 2
Event: 1.196 Thread 0x000001aea3fb0c90 Uncommon trap: trap_request=0xffffff45 fr.pc=0x000001aeb6837ad4 relative=0x00000000000001d4
Event: 1.196 Thread 0x000001aea3fb0c90 Uncommon trap: reason=unstable_if action=reinterpret pc=0x000001aeb6837ad4 method=java.lang.AbstractStringBuilder.isLatin1(B)Z @ 7 c2
Event: 1.196 Thread 0x000001aea3fb0c90 DEOPT PACKING pc=0x000001aeb6837ad4 sp=0x0000001ad40fe720
Event: 1.196 Thread 0x000001aea3fb0c90 DEOPT UNPACKING pc=0x000001aeb63acc7c sp=0x0000001ad40fe660 mode 2
Event: 1.215 Thread 0x000001aea3fb0c90 Uncommon trap: trap_request=0xffffff45 fr.pc=0x000001aeb681bbe4 relative=0x0000000000000064
Event: 1.215 Thread 0x000001aea3fb0c90 Uncommon trap: reason=unstable_if action=reinterpret pc=0x000001aeb681bbe4 method=java.lang.AbstractStringBuilder.needsNewBuffer([BBIB)Z @ 8 c2
Event: 1.215 Thread 0x000001aea3fb0c90 DEOPT PACKING pc=0x000001aeb681bbe4 sp=0x0000001ad40fe630
Event: 1.215 Thread 0x000001aea3fb0c90 DEOPT UNPACKING pc=0x000001aeb63acc7c sp=0x0000001ad40fe5b8 mode 2

Classes loaded (20 events):
Event: 0.943 Loading class java/util/concurrent/locks/ReentrantReadWriteLock$Sync done
Event: 0.943 Loading class java/util/concurrent/locks/ReentrantReadWriteLock$NonfairSync done
Event: 0.944 Loading class java/util/concurrent/locks/ReentrantReadWriteLock$Sync$ThreadLocalHoldCounter
Event: 0.944 Loading class java/util/concurrent/locks/ReentrantReadWriteLock$Sync$ThreadLocalHoldCounter done
Event: 0.944 Loading class java/util/concurrent/locks/ReentrantReadWriteLock$ReadLock
Event: 0.944 Loading class java/util/concurrent/locks/ReentrantReadWriteLock$ReadLock done
Event: 0.944 Loading class java/util/concurrent/locks/ReentrantReadWriteLock$WriteLock
Event: 0.944 Loading class java/util/concurrent/locks/ReentrantReadWriteLock$WriteLock done
Event: 0.998 Loading class java/text/ParseException
Event: 0.998 Loading class java/text/ParseException done
Event: 1.037 Loading class sun/util/calendar/ZoneInfoFile$Checksum
Event: 1.037 Loading class sun/util/calendar/ZoneInfoFile$Checksum done
Event: 1.043 Loading class jdk/internal/module/ModulePatcher$PatchedModuleReader
Event: 1.044 Loading class jdk/internal/module/ModulePatcher$PatchedModuleReader done
Event: 1.044 Loading class sun/net/www/protocol/jrt/Handler
Event: 1.045 Loading class sun/net/www/protocol/jrt/Handler done
Event: 1.192 Loading class sun/text/resources/cldr/FormatData_en
Event: 1.192 Loading class sun/text/resources/cldr/FormatData_en done
Event: 1.193 Loading class sun/text/resources/cldr/FormatData_en_US
Event: 1.193 Loading class sun/text/resources/cldr/FormatData_en_US done

Classes unloaded (0 events):
No events

Classes redefined (0 events):
No events

Internal exceptions (20 events):
Event: 0.453 Thread 0x000001aea3fb0c90 Exception <a 'java/lang/NullPointerException'{0x00000000c6945300}> (0x00000000c6945300) 
thrown [s\src\hotspot\share\interpreter\linkResolver.cpp, line 1416]
Event: 0.453 Thread 0x000001aea3fb0c90 Exception <a 'java/lang/NullPointerException'{0x00000000c69455e0}> (0x00000000c69455e0) 
thrown [s\src\hotspot\share\interpreter\linkResolver.cpp, line 1416]
Event: 0.453 Thread 0x000001aea3fb0c90 Exception <a 'java/lang/NullPointerException'{0x00000000c69458c0}> (0x00000000c69458c0) 
thrown [s\src\hotspot\share\interpreter\linkResolver.cpp, line 1416]
Event: 0.455 Thread 0x000001aea3fb0c90 Exception <a 'java/lang/NullPointerException'{0x00000000c694a218}> (0x00000000c694a218) 
thrown [s\src\hotspot\share\interpreter\linkResolver.cpp, line 1416]
Event: 0.459 Thread 0x000001aea3fb0c90 Exception <a 'java/lang/NullPointerException'{0x00000000c69a3960}> (0x00000000c69a3960) 
thrown [s\src\hotspot\share\interpreter\linkResolver.cpp, line 1416]
Event: 0.459 Thread 0x000001aea3fb0c90 Exception <a 'java/lang/NullPointerException'{0x00000000c69a3c40}> (0x00000000c69a3c40) 
thrown [s\src\hotspot\share\interpreter\linkResolver.cpp, line 1416]
Event: 0.459 Thread 0x000001aea3fb0c90 Exception <a 'java/lang/NullPointerException'{0x00000000c69a3f20}> (0x00000000c69a3f20) 
thrown [s\src\hotspot\share\interpreter\linkResolver.cpp, line 1416]
Event: 0.459 Thread 0x000001aea3fb0c90 Exception <a 'java/lang/NullPointerException'{0x00000000c69a4200}> (0x00000000c69a4200) 
thrown [s\src\hotspot\share\interpreter\linkResolver.cpp, line 1416]
Event: 0.469 Thread 0x000001aea3fb0c90 Exception <a 'sun/nio/fs/WindowsException'{0x00000000c69c5798}> (0x00000000c69c5798) 
thrown [s\src\hotspot\share\prims\jni.cpp, line 516]
Event: 0.469 Thread 0x000001aea3fb0c90 Exception <a 'sun/nio/fs/WindowsException'{0x00000000c69c5dc8}> (0x00000000c69c5dc8) 
thrown [s\src\hotspot\share\prims\jni.cpp, line 516]
Event: 0.469 Thread 0x000001aea3fb0c90 Exception <a 'sun/nio/fs/WindowsException'{0x00000000c69c6328}> (0x00000000c69c6328) 
thrown [s\src\hotspot\share\prims\jni.cpp, line 516]
Event: 0.469 Thread 0x000001aea3fb0c90 Exception <a 'sun/nio/fs/WindowsException'{0x00000000c69c6868}> (0x00000000c69c6868) 
thrown [s\src\hotspot\share\prims\jni.cpp, line 516]
Event: 0.469 Thread 0x000001aea3fb0c90 Exception <a 'sun/nio/fs/WindowsException'{0x00000000c69c6d58}> (0x00000000c69c6d58) 
thrown [s\src\hotspot\share\prims\jni.cpp, line 516]
Event: 0.470 Thread 0x000001aea3fb0c90 Exception <a 'sun/nio/fs/WindowsException'{0x00000000c69c7200}> (0x00000000c69c7200) 
thrown [s\src\hotspot\share\prims\jni.cpp, line 516]
Event: 0.493 Thread 0x000001aea3fb0c90 Exception <a 'java/lang/NoSuchMethodError'{0x00000000c6800170}: 'void java.lang.invoke.DirectMethodHandle$Holder.invokeVirtual(java.lang.Object, java.lang.Object)'> (0x00000000c6800170) 
thrown [s\src\hotspot\share\interpreter\linkResolver.cpp, line 804]
Event: 0.498 Thread 0x000001aea3fb0c90 Exception <a 'java/lang/NoSuchMethodError'{0x00000000c6821468}: 'void java.lang.invoke.DirectMethodHandle$Holder.invokeStatic(java.lang.Object, java.lang.Object)'> (0x00000000c6821468) 
thrown [s\src\hotspot\share\interpreter\linkResolver.cpp, line 804]
Event: 0.499 Thread 0x000001aea3fb0c90 Exception <a 'java/lang/NoSuchMethodError'{0x00000000c6829210}: 'void java.lang.invoke.DirectMethodHandle$Holder.invokeStaticInit(java.lang.Object, java.lang.Object)'> (0x00000000c6829210) 
thrown [s\src\hotspot\share\interpreter\linkResolver.cpp, line 804]
Event: 0.520 Thread 0x000001aea3fb0c90 Exception <a 'java/lang/NoSuchMethodError'{0x00000000c6864b18}: 'void java.lang.invoke.DirectMethodHandle$Holder.invokeSpecial(java.lang.Object, java.lang.Object, java.lang.Object, java.lang.Object, java.lang.Object)'> (0x00000000c6864b18) 
thrown [s\src\hotspot\share\interpreter\linkResolver.cpp, line 804]
Event: 0.547 Thread 0x000001aea3fb0c90 Exception <a 'java/lang/NoSuchMethodError'{0x00000000c68a0df8}: 'void java.lang.invoke.DirectMethodHandle$Holder.invokeStatic(java.lang.Object, java.lang.Object, java.lang.Object)'> (0x00000000c68a0df8) 
thrown [s\src\hotspot\share\interpreter\linkResolver.cpp, line 804]
Event: 0.839 Thread 0x000001aea3fb0c90 Exception <a 'java/lang/NoSuchMethodError'{0x00000000c661def0}: 'java.lang.Object java.lang.invoke.DirectMethodHandle$Holder.invokeSpecialIFC(java.lang.Object, java.lang.Object, java.lang.Object, java.lang.Object)'> (0x00000000c661def0) 
thrown [s\src\hotspot\share\interpreter\linkResolver.cpp, line 804]

VM Operations (6 events):
Event: 0.131 Executing non-safepoint VM operation: HandshakeAllThreads (Deoptimize)
Event: 0.131 Executing non-safepoint VM operation: HandshakeAllThreads (Deoptimize) done
Event: 0.432 Executing non-safepoint VM operation: HandshakeAllThreads (Deoptimize)
Event: 0.432 Executing non-safepoint VM operation: HandshakeAllThreads (Deoptimize) done
Event: 0.565 Executing non-safepoint VM operation: HandshakeAllThreads (Deoptimize)
Event: 0.568 Executing non-safepoint VM operation: HandshakeAllThreads (Deoptimize) done

Memory protections (0 events):
No events

Nmethod flushes (0 events):
No events

Events (12 events):
Event: 0.051 Thread 0x000001aea3fb0c90 Thread added: 0x000001aea3fb0c90
Event: 0.077 Thread 0x000001aea3fb0c90 Thread added: 0x000001aec0ff3770
Event: 0.077 Thread 0x000001aea3fb0c90 Thread added: 0x000001aec0ff86c0
Event: 0.078 Thread 0x000001aea3fb0c90 Thread added: 0x000001aec0ffab80
Event: 0.078 Thread 0x000001aea3fb0c90 Thread added: 0x000001aec0ffe0d0
Event: 0.078 Thread 0x000001aea3fb0c90 Thread added: 0x000001aec0fff040
Event: 0.078 Thread 0x000001aea3fb0c90 Thread added: 0x000001aec0fffc00
Event: 0.078 Thread 0x000001aea3fb0c90 Thread added: 0x000001aec1003b10
Event: 0.079 Thread 0x000001aea3fb0c90 Thread added: 0x000001aec100d150
Event: 0.105 Thread 0x000001aea3fb0c90 Thread added: 0x000001aec1145320
Event: 0.110 Thread 0x000001aea3fb0c90 Thread added: 0x000001aec114ff60
Event: 0.443 Thread 0x000001aea3fb0c90 Thread added: 0x000001aec13d7d30


Dynamic libraries:
0x00007ff765270000 - 0x00007ff76527e000 	C:\Program Files\Apache NetBeans\jdk\bin\java.exe
0x00007ff948050000 - 0x00007ff948267000 	C:\WINDOWS\SYSTEM32\ntdll.dll
0x00007ff9128c0000 - 0x00007ff9128e1000 	C:\Program Files\Norton\Suite\aswhook.dll
0x00007ff946220000 - 0x00007ff9462e4000 	C:\WINDOWS\System32\KERNEL32.DLL
0x00007ff945320000 - 0x00007ff9456da000 	C:\WINDOWS\System32\KERNELBASE.dll
0x00007ff9456e0000 - 0x00007ff9457f1000 	C:\WINDOWS\System32\ucrtbase.dll
0x00007ff91e940000 - 0x00007ff91e956000 	C:\Program Files\Apache NetBeans\jdk\bin\jli.dll
0x00007ff9276e0000 - 0x00007ff9276fe000 	C:\Program Files\Apache NetBeans\jdk\bin\VCRUNTIME140.dll
0x00007ff947b00000 - 0x00007ff947cae000 	C:\WINDOWS\System32\USER32.dll
0x00007ff945bb0000 - 0x00007ff945bd6000 	C:\WINDOWS\System32\win32u.dll
0x00007ff91e3d0000 - 0x00007ff91e662000 	C:\WINDOWS\WinSxS\amd64_microsoft.windows.common-controls_6595b64144ccf1df_6.0.22621.4541_none_2710d1c57384c085\COMCTL32.dll
0x00007ff946de0000 - 0x00007ff946e09000 	C:\WINDOWS\System32\GDI32.dll
0x00007ff945d50000 - 0x00007ff945df7000 	C:\WINDOWS\System32\msvcrt.dll
0x00007ff9459e0000 - 0x00007ff945afb000 	C:\WINDOWS\System32\gdi32full.dll
0x00007ff945940000 - 0x00007ff9459da000 	C:\WINDOWS\System32\msvcp_win.dll
0x00007ff946e30000 - 0x00007ff946e61000 	C:\WINDOWS\System32\IMM32.DLL
0x00007ff93fb50000 - 0x00007ff93fb5c000 	C:\Program Files\Apache NetBeans\jdk\bin\vcruntime140_1.dll
0x00007ff90b9f0000 - 0x00007ff90ba7d000 	C:\Program Files\Apache NetBeans\jdk\bin\msvcp140.dll
0x00007ff8a1cb0000 - 0x00007ff8a2bd6000 	C:\Program Files\Apache NetBeans\jdk\bin\server\jvm.dll
0x00007ff946f20000 - 0x00007ff946fd2000 	C:\WINDOWS\System32\ADVAPI32.dll
0x00007ff9460b0000 - 0x00007ff946157000 	C:\WINDOWS\System32\sechost.dll
0x00007ff945b00000 - 0x00007ff945b28000 	C:\WINDOWS\System32\bcrypt.dll
0x00007ff947ef0000 - 0x00007ff948004000 	C:\WINDOWS\System32\RPCRT4.dll
0x00007ff947a30000 - 0x00007ff947aa1000 	C:\WINDOWS\System32\WS2_32.dll
0x00007ff9451f0000 - 0x00007ff94523d000 	C:\WINDOWS\SYSTEM32\POWRPROF.dll
0x00007ff93f590000 - 0x00007ff93f5c4000 	C:\WINDOWS\SYSTEM32\WINMM.dll
0x00007ff93ce80000 - 0x00007ff93ce8a000 	C:\WINDOWS\SYSTEM32\VERSION.dll
0x00007ff945120000 - 0x00007ff945133000 	C:\WINDOWS\SYSTEM32\UMPDC.dll
0x00007ff944320000 - 0x00007ff944338000 	C:\WINDOWS\SYSTEM32\kernel.appcore.dll
0x00007ff934de0000 - 0x00007ff934dea000 	C:\Program Files\Apache NetBeans\jdk\bin\jimage.dll
0x00007ff942c20000 - 0x00007ff942e52000 	C:\WINDOWS\SYSTEM32\DBGHELP.DLL
0x00007ff946a50000 - 0x00007ff946ddf000 	C:\WINDOWS\System32\combase.dll
0x00007ff9463f0000 - 0x00007ff9464c7000 	C:\WINDOWS\System32\OLEAUT32.dll
0x00007ff93b8d0000 - 0x00007ff93b902000 	C:\WINDOWS\SYSTEM32\dbgcore.DLL
0x00007ff945b30000 - 0x00007ff945bab000 	C:\WINDOWS\System32\bcryptPrimitives.dll
0x00007ff91eb20000 - 0x00007ff91eb3e000 	C:\Program Files\Apache NetBeans\jdk\bin\java.dll
0x00007ff946fe0000 - 0x00007ff947185000 	C:\WINDOWS\System32\ole32.dll
0x00007ff9471b0000 - 0x00007ff947a28000 	C:\WINDOWS\System32\SHELL32.dll
0x00007ff9430b0000 - 0x00007ff9439b8000 	C:\WINDOWS\SYSTEM32\windows.storage.dll
0x00007ff942e60000 - 0x00007ff942f9f000 	C:\WINDOWS\SYSTEM32\wintypes.dll
0x00007ff9464d0000 - 0x00007ff9465ca000 	C:\WINDOWS\System32\SHCORE.dll
0x00007ff947cb0000 - 0x00007ff947d0e000 	C:\WINDOWS\System32\shlwapi.dll
0x00007ff945250000 - 0x00007ff94527b000 	C:\WINDOWS\SYSTEM32\profapi.dll
0x00007ff91c240000 - 0x00007ff91c251000 	C:\Program Files\Apache NetBeans\jdk\bin\net.dll
0x00007ff944790000 - 0x00007ff9447f9000 	C:\WINDOWS\system32\mswsock.dll
0x00007ff91c0c0000 - 0x00007ff91c0d6000 	C:\Program Files\Apache NetBeans\jdk\bin\nio.dll
0x00007ff91e710000 - 0x00007ff91e727000 	C:\Program Files\Apache NetBeans\jdk\bin\zip.dll
0x00007ff927710000 - 0x00007ff927734000 	C:\Program Files\Apache NetBeans\java\maven\lib\jansi-native\Windows\x86_64\jansi.dll
0x00007ff9276d0000 - 0x00007ff9276e0000 	C:\Program Files\Apache NetBeans\jdk\bin\verify.dll

JVMTI agents: none

dbghelp: loaded successfully - version: 4.0.5 - missing functions: none
symbol engine: initialized successfully - sym options: 0x614 - pdb path: .;C:\Program Files\Apache NetBeans\jdk\bin;C:\WINDOWS\SYSTEM32;C:\Program Files\Norton\Suite;C:\WINDOWS\WinSxS\amd64_microsoft.windows.common-controls_6595b64144ccf1df_6.0.22621.4541_none_2710d1c57384c085;C:\Program Files\Apache NetBeans\jdk\bin\server;C:\Program Files\Apache NetBeans\java\maven\lib\jansi-native\Windows\x86_64

VM Arguments:
jvm_args: --enable-native-access=ALL-UNNAMED -Dclassworlds.conf=C:\Program Files\Apache NetBeans\java\maven\bin\m2.conf -Dmaven.home=C:\Program Files\Apache NetBeans\java\maven -Dlibrary.jansi.path=C:\Program Files\Apache NetBeans\java\maven\lib\jansi-native -Dmaven.multiModuleProjectDirectory=C:\Users\ndhla\Desktop\MLUNGISI ROSEBANK\prog5121part1 
java_command: org.codehaus.plexus.classworlds.launcher.Launcher -Dexec.vmArgs= -Dexec.args=${exec.vmArgs} -classpath %classpath ${exec.mainClass} ${exec.appArgs} -Dexec.appArgs= -Dexec.mainClass=com.mycompany.prog5121part1.Prog5121part1 -Dexec.executable=C:\Program Files\Apache NetBeans\jdk\bin\java.exe -Dmaven.ext.class.path=C:\Program Files\Apache NetBeans\java\maven-nblib\netbeans-eventspy.jar --no-transfer-progress process-classes org.codehaus.mojo:exec-maven-plugin:3.5.1:exec
java_class_path (initial): C:\Program Files\Apache NetBeans\java\maven\boot\plexus-classworlds-2.9.0.jar
Launcher Type: SUN_STANDARD

[Global flags]
     intx CICompilerCount                          = 2                                         {product} {ergonomic}
     uint ConcGCThreads                            = 1                                         {product} {ergonomic}
     uint G1ConcRefinementThreads                  = 2                                         {product} {ergonomic}
   size_t G1HeapRegionSize                         = 1048576                                   {product} {ergonomic}
   size_t InitialHeapSize                          = 65011712                                  {product} {ergonomic}
   size_t MarkStackSize                            = 4194304                                   {product} {ergonomic}
   size_t MarkStackSizeMax                         = 536870912                                 {product} {ergonomic}
   size_t MaxHeapSize                              = 1023410176                                {product} {ergonomic}
   size_t MaxNewSize                               = 613416960                                 {product} {ergonomic}
   size_t MinHeapDeltaBytes                        = 1048576                                   {product} {ergonomic}
   size_t MinHeapSize                              = 8388608                                   {product} {ergonomic}
    uintx NonNMethodCodeHeapSize                   = 5767168                                {pd product} {ergonomic}
    uintx NonProfiledCodeHeapSize                  = 123011072                              {pd product} {ergonomic}
    uintx ProfiledCodeHeapSize                     = 122880000                              {pd product} {ergonomic}
    uintx ReservedCodeCacheSize                    = 251658240                              {pd product} {ergonomic}
     bool SegmentedCodeCache                       = true                                      {product} {ergonomic}
   size_t SoftMaxHeapSize                          = 1023410176                             {manageable} {ergonomic}
     bool UseCompressedOops                        = true                           {product lp64_product} {ergonomic}
     bool UseG1GC                                  = true                                      {product} {ergonomic}
     bool UseLargePagesIndividualAllocation        = false                                  {pd product} {ergonomic}

Logging:
Log output configuration:
 #0: stdout all=warning uptime,level,tags foldmultilines=false
 #1: stderr all=off uptime,level,tags foldmultilines=false

Release file:
IMPLEMENTOR="Eclipse Adoptium" 
IMPLEMENTOR_VERSION="Temurin-25.0.2+10" 
JAVA_RUNTIME_VERSION="25.0.2+10-LTS" 
JAVA_VERSION="25.0.2" 
JAVA_VERSION_DATE="2026-01-20" 
LIBC="default" 
MODULES="java.base java.compiler java.datatransfer java.xml java.prefs java.desktop java.instrument java.logging java.management java.security.sasl java.naming java.rmi java.management.rmi java.net.http java.scripting java.security.jgss java.transaction.xa java.sql java.sql.rowset java.xml.crypto java.se java.smartcardio jdk.accessibility jdk.internal.jvmstat jdk.attach jdk.charsets jdk.internal.opt jdk.zipfs jdk.compiler jdk.crypto.cryptoki jdk.crypto.ec jdk.crypto.mscapi jdk.dynalink jdk.internal.ed jdk.editpad jdk.internal.vm.ci jdk.graal.compiler jdk.graal.compiler.management jdk.hotspot.agent jdk.httpserver jdk.incubator.vector jdk.internal.le jdk.internal.md jdk.jartool jdk.javadoc jdk.jcmd jdk.management jdk.management.agent jdk.jconsole jdk.jdeps jdk.jdwp.agent jdk.jdi jdk.jfr jdk.jlink jdk.jpackage jdk.jshell jdk.jsobject jdk.jstatd jdk.localedata jdk.management.jfr jdk.naming.dns jdk.naming.rmi jdk.net jdk.nio.mapmode jdk.sctp jdk.security.auth jdk.security.jgss jdk.unsupported jdk.unsupported.desktop jdk.xml.dom" 
OS_ARCH="x86_64" 
OS_NAME="Windows" 
SOURCE=".:git:9e3c947043a4" 
BUILD_SOURCE="git:458965074606f027bd5afce2cfd5c1055dea0438"
BUILD_SOURCE_REPO="https://github.com/adoptium/temurin-build.git"
SOURCE_REPO="https://github.com/adoptium/jdk25u.git"
FULL_VERSION="25.0.2+10-LTS"
SEMANTIC_VERSION="25.0.2+10"
BUILD_INFO="OS: Windows Server 2022 Version: 10.0"
JVM_VARIANT="Hotspot"
JVM_VERSION="25.0.2+10-LTS"
IMAGE_TYPE="JDK"

Environment Variables:
JAVA_HOME=C:\Program Files\Apache NetBeans\jdk
PATH=C:\Program Files\Common Files\Oracle\Java\javapath;C:\WINDOWS\system32;C:\WINDOWS;C:\WINDOWS\System32\Wbem;C:\WINDOWS\System32\WindowsPowerShell\v1.0\;C:\WINDOWS\System32\OpenSSH\;C:\Users\ndhla\AppData\Local\Microsoft\WindowsApps;;C:\Program Files\Apache NetBeans\bin\
USERNAME=ndhla
OS=Windows_NT
PROCESSOR_IDENTIFIER=Intel64 Family 6 Model 122 Stepping 8, GenuineIntel
TMP=C:\Users\ndhla\AppData\Local\Temp
TEMP=C:\Users\ndhla\AppData\Local\Temp




Compilation memory statistics disabled.

Periodic native trim disabled

---------------  S Y S T E M  ---------------

OS:
 Windows 11 , 64 bit Build 22621 (10.0.22621.4391)
OS uptime: 2 days 22:10 hours
Hyper-V role detected

CPU: total 2 (initial active 2) (2 cores per cpu, 1 threads per core) family 6 model 122 stepping 8 microcode 0x18, cx8, cmov, fxsr, mmx, 3dnowpref, sse, sse2, sse3, ssse3, sse4.1, sse4.2, popcnt, tsc, tscinvbit, aes, erms, clmul, sha, clflush, clflushopt, hv, rdtscp, rdpid
Processor Information for the first 2 processors :
  Max Mhz: 1101, Current Mhz: 1101, Mhz Limit: 1101

Memory: 4k page, system-wide physical 3902M (240M free)
TotalPageFile size 15678M (AvailPageFile size 5M)
current process WorkingSet (physical memory assigned to process): 61M, peak: 61M
current process commit charge ("private bytes"): 145M, peak: 147M

vm_info: OpenJDK 64-Bit Server VM (25.0.2+10-LTS) for windows-amd64 JRE (25.0.2+10-LTS), built on 2026-01-20T00:00:00Z with MS VC++ 17.12 (VS2022)

END.
