#
# There is insufficient memory for the Java Runtime Environment to continue.
# Native memory allocation (malloc) failed to allocate 1135704 bytes. Error detail: Chunk::new
# Possible reasons:
#   The system is out of physical RAM or swap space
#   This process is running with CompressedOops enabled, and the Java Heap may be blocking the growth of the native heap
# Possible solutions:
#   Reduce memory load on the system
#   Increase physical memory or swap space
#   Check if swap backing store is full
#   Decrease Java heap size (-Xmx/-Xms)
#   Decrease number of Java threads
#   Decrease Java thread stack sizes (-Xss)
#   Set larger code cache with -XX:ReservedCodeCacheSize=
#   JVM is running with Unscaled Compressed Oops mode in which the Java heap is
#     placed in the first 4GB address space. The Java Heap base address is the
#     maximum limit for the native heap growth. Please use -XX:HeapBaseMinAddress
#     to set the Java Heap base and to place the Java Heap above 4GB virtual address.
# This output file may be truncated or incomplete.
#
#  Out of Memory Error (arena.cpp:186), pid=15496, tid=3532
#
# JRE version: OpenJDK Runtime Environment Temurin-25.0.2+10 (25.0.2+10) (build 25.0.2+10-LTS)
# Java VM: OpenJDK 64-Bit Server VM Temurin-25.0.2+10 (25.0.2+10-LTS, mixed mode, sharing, tiered, compressed oops, compressed class ptrs, g1 gc, windows-amd64)
# No core dump will be written. Minidumps are not enabled by default on client versions of Windows
#

---------------  S U M M A R Y ------------

Command Line: --enable-native-access=ALL-UNNAMED -Dclassworlds.conf=C:\Program Files\Apache NetBeans\java\maven\bin\m2.conf -Dmaven.home=C:\Program Files\Apache NetBeans\java\maven -Dlibrary.jansi.path=C:\Program Files\Apache NetBeans\java\maven\lib\jansi-native -Dmaven.multiModuleProjectDirectory=C:\Users\ndhla\Desktop\MLUNGISI ROSEBANK\prog5121part1 org.codehaus.plexus.classworlds.launcher.Launcher -Dexec.vmArgs= -Dexec.args=${exec.vmArgs} -classpath %classpath ${exec.mainClass} ${exec.appArgs} -Dexec.appArgs= -Dexec.mainClass=com.mycompany.prog5121part1.Prog5121part1 -Dexec.executable=C:\Program Files\Apache NetBeans\jdk\bin\java.exe -Dmaven.ext.class.path=C:\Program Files\Apache NetBeans\java\maven-nblib\netbeans-eventspy.jar --no-transfer-progress process-classes org.codehaus.mojo:exec-maven-plugin:3.5.1:exec

Host: Intel(R) Celeron(R) N4020 CPU @ 1.10GHz, 2 cores, 3G,  Windows 11 , 64 bit Build 22621 (10.0.22621.4391)
Time: Sun Apr 12 20:00:31 2026 South Africa Standard Time elapsed time: 6.494374 seconds (0d 0h 0m 6s)

---------------  T H R E A D  ---------------

Current thread (0x00000235f9cdc7b0):  JavaThread "C2 CompilerThread0" daemon [_thread_in_native, id=3532, stack(0x000000f034800000,0x000000f034900000) (1024K)]


Current CompileTask:
C2:6494 4136       4       jdk.internal.util.ArraysSupport::vectorizedHashCode (158 bytes)

Stack: [0x000000f034800000,0x000000f034900000]
Native frames: (J=compiled Java code, j=interpreted, Vv=VM code, C=native code)
V  [jvm.dll+0x7a8bc9]  (no source info available)
V  [jvm.dll+0x77310d]  (no source info available)
V  [jvm.dll+0x9f55f3]  (no source info available)
V  [jvm.dll+0x9f7be1]  (no source info available)
V  [jvm.dll+0x9f82f3]  (no source info available)
V  [jvm.dll+0x2fce26]  (no source info available)
V  [jvm.dll+0x111076]  (no source info available)
V  [jvm.dll+0x11139e]  (no source info available)
V  [jvm.dll+0x19fff2]  (no source info available)
V  [jvm.dll+0x3b5f62]  (no source info available)
V  [jvm.dll+0x7ae53c]  (no source info available)
V  [jvm.dll+0x2c0407]  (no source info available)
V  [jvm.dll+0x2bf3cf]  (no source info available)
V  [jvm.dll+0x237140]  (no source info available)
V  [jvm.dll+0x2cf4c6]  (no source info available)
V  [jvm.dll+0x2cd74a]  (no source info available)
V  [jvm.dll+0x48fbee]  (no source info available)
V  [jvm.dll+0x996b0d]  (no source info available)
V  [jvm.dll+0x7a71a5]  (no source info available)
C  [ucrtbase.dll+0x29333]  (no source info available)
C  [KERNEL32.DLL+0x1259d]  (no source info available)
C  [ntdll.dll+0x5af38]  (no source info available)

Lock stack of current Java thread (top to bottom):


---------------  P R O C E S S  ---------------

Threads class SMR info:
_java_thread_list=0x00000235fe3b85c0, length=11, elements={
0x00000235edf8b640, 0x00000235f9cca8b0, 0x00000235f9ccd720, 0x00000235f9cd1570,
0x00000235f9cd2130, 0x00000235f9cd2cf0, 0x00000235f9cd38b0, 0x00000235f9cdc7b0,
0x00000235f9ce48a0, 0x00000235fe04d850, 0x00000235fe0584a0
}

Java Threads: ( => current thread )
  0x00000235edf8b640 JavaThread "main"                              [_thread_in_vm, id=14592, stack(0x000000f033a00000,0x000000f033b00000) (1024K)]
  0x00000235f9cca8b0 JavaThread "Reference Handler"          daemon [_thread_blocked, id=8332, stack(0x000000f034200000,0x000000f034300000) (1024K)]
  0x00000235f9ccd720 JavaThread "Finalizer"                  daemon [_thread_blocked, id=4232, stack(0x000000f034300000,0x000000f034400000) (1024K)]
  0x00000235f9cd1570 JavaThread "Signal Dispatcher"          daemon [_thread_blocked, id=16308, stack(0x000000f034400000,0x000000f034500000) (1024K)]
  0x00000235f9cd2130 JavaThread "Attach Listener"            daemon [_thread_blocked, id=16844, stack(0x000000f034500000,0x000000f034600000) (1024K)]
  0x00000235f9cd2cf0 JavaThread "Service Thread"             daemon [_thread_blocked, id=10752, stack(0x000000f034600000,0x000000f034700000) (1024K)]
  0x00000235f9cd38b0 JavaThread "Monitor Deflation Thread"   daemon [_thread_blocked, id=7236, stack(0x000000f034700000,0x000000f034800000) (1024K)]
=>0x00000235f9cdc7b0 JavaThread "C2 CompilerThread0"         daemon [_thread_in_native, id=3532, stack(0x000000f034800000,0x000000f034900000) (1024K)]
  0x00000235f9ce48a0 JavaThread "C1 CompilerThread0"         daemon [_thread_in_native, id=6480, stack(0x000000f034900000,0x000000f034a00000) (1024K)]
  0x00000235fe04d850 JavaThread "Notification Thread"        daemon [_thread_blocked, id=10296, stack(0x000000f034a00000,0x000000f034b00000) (1024K)]
  0x00000235fe0584a0 JavaThread "Common-Cleaner"             daemon [_thread_blocked, id=8836, stack(0x000000f034b00000,0x000000f034c00000) (1024K)]
Total: 11

Other Threads:
  0x00000235f9cbadf0 VMThread "VM Thread"                           [id=16588, stack(0x000000f034100000,0x000000f034200000) (1024K)]
  0x00000235f9caca10 WatcherThread "VM Periodic Task Thread"        [id=5840, stack(0x000000f034000000,0x000000f034100000) (1024K)]
  0x00000235edfbe600 WorkerThread "GC Thread#0"                     [id=14260, stack(0x000000f033b00000,0x000000f033c00000) (1024K)]
  0x00000235fea6a500 WorkerThread "GC Thread#1"                     [id=11524, stack(0x000000f034c00000,0x000000f034d00000) (1024K)]
  0x00000235edfcaf50 ConcurrentGCThread "G1 Main Marker"            [id=17524, stack(0x000000f033c00000,0x000000f033d00000) (1024K)]
  0x00000235edfcc360 WorkerThread "G1 Conc#0"                       [id=9092, stack(0x000000f033d00000,0x000000f033e00000) (1024K)]
  0x00000235edfef160 ConcurrentGCThread "G1 Refine#0"               [id=17672, stack(0x000000f033e00000,0x000000f033f00000) (1024K)]
  0x00000235edfefd70 ConcurrentGCThread "G1 Service"                [id=7600, stack(0x000000f033f00000,0x000000f034000000) (1024K)]
Total: 8

Threads with active compile tasks:
C2 CompilerThread0  6660 4136       4       jdk.internal.util.ArraysSupport::vectorizedHashCode (158 bytes)
Total: 1

VM state: not at safepoint (normal execution)

VM Mutex/Monitor currently owned by a thread:  ([mutex/lock_event])
[0x00007ffe47944d48] MethodCompileQueue_lock - owner thread: 0x00000235edf8b640

Heap address: 0x00000000c3000000, size: 976 MB, Compressed Oops mode: 32-bit

CDS archive(s) mapped at: [0x0000000009000000-0x0000000009dd0000-0x0000000009dd0000), size 14483456, SharedBaseAddress: 0x0000000009000000, ArchiveRelocationMode: 1.
Compressed class space mapped at: 0x000000000a000000-0x000000004a000000, reserved size: 1073741824
UseCompressedClassPointers 1, UseCompactObjectHeaders 0
Narrow klass pointer bits 32, Max shift 3
Narrow klass base: 0x0000000009000000, Narrow klass shift: 0
Encoding Range: [0x0000000009000000 - 0x0000000109000000), (4294967296 bytes)
Klass Range:    [0x0000000009010000 - 0x000000004a000000), (1090453504 bytes)
Klass ID Range:  [65536 - 1090519033) (1090453497)
Protection zone: [0x0000000009000000 - 0x0000000009010000), (65536 bytes)

GC Precious Log:
 CardTable entry size: 512
 Card Set container configuration: InlinePtr #cards 5 size 8 Array Of Cards #cards 10 size 36 Howl #buckets 4 coarsen threshold 1843 Howl Bitmap #cards 512 size 80 coarsen threshold 460 Card regions per heap region 1 cards per card region 2048
 CPUs: 2 total, 2 available
 Memory: 3902M
 Large Page Support: Disabled
 NUMA Support: Disabled
 Compressed Oops: Enabled (32-bit)
 Heap Region Size: 1M
 Heap Min Capacity: 8M
 Heap Initial Capacity: 62M
 Heap Max Capacity: 976M
 Pre-touch: Disabled
 Parallel Workers: 2
 Concurrent Workers: 1
 Concurrent Refinement Workers: 2
 Periodic GC: Disabled

Heap:
 garbage-first heap   total reserved 999424K, committed 65536K, used 28969K [0x00000000c3000000, 0x0000000100000000)
  region size 1024K, 17 young (17408K), 3 survivors (3072K)

Heap Regions: E=young(eden), S=young(survivor), O=old, HS=humongous(starts), HC=humongous(continues), CS=collection set, F=free, TAMS=top-at-mark-start, PB=parsable bottom
|   0|0x00000000c3000000, 0x00000000c3100000, 0x00000000c3100000|100%| O|  |TAMS 0x00000000c3000000| PB 0x00000000c3000000| Untracked |  0
|   1|0x00000000c3100000, 0x00000000c3200000, 0x00000000c3200000|100%| O|  |TAMS 0x00000000c3100000| PB 0x00000000c3100000| Untracked |  0
|   2|0x00000000c3200000, 0x00000000c3300000, 0x00000000c3300000|100%| O|  |TAMS 0x00000000c3200000| PB 0x00000000c3200000| Untracked |  0
|   3|0x00000000c3300000, 0x00000000c3400000, 0x00000000c3400000|100%| O|  |TAMS 0x00000000c3300000| PB 0x00000000c3300000| Untracked |  0
|   4|0x00000000c3400000, 0x00000000c3500000, 0x00000000c3500000|100%| O|  |TAMS 0x00000000c3400000| PB 0x00000000c3400000| Untracked |  0
|   5|0x00000000c3500000, 0x00000000c3600000, 0x00000000c3600000|100%| O|  |TAMS 0x00000000c3500000| PB 0x00000000c3500000| Untracked |  0
|   6|0x00000000c3600000, 0x00000000c3700000, 0x00000000c3700000|100%| O|  |TAMS 0x00000000c3600000| PB 0x00000000c3600000| Untracked |  0
|   7|0x00000000c3700000, 0x00000000c3762520, 0x00000000c3800000| 38%| O|  |TAMS 0x00000000c3700000| PB 0x00000000c3700000| Untracked |  0
|   8|0x00000000c3800000, 0x00000000c3900000, 0x00000000c3900000|100%|HS|  |TAMS 0x00000000c3800000| PB 0x00000000c3800000| Complete |  0
|   9|0x00000000c3900000, 0x00000000c3a00000, 0x00000000c3a00000|100%|HC|  |TAMS 0x00000000c3900000| PB 0x00000000c3900000| Complete |  0
|  10|0x00000000c3a00000, 0x00000000c3b00000, 0x00000000c3b00000|100%|HS|  |TAMS 0x00000000c3a00000| PB 0x00000000c3a00000| Complete |  0
|  11|0x00000000c3b00000, 0x00000000c3c00000, 0x00000000c3c00000|100%|HC|  |TAMS 0x00000000c3b00000| PB 0x00000000c3b00000| Complete |  0
|  12|0x00000000c3c00000, 0x00000000c3c00000, 0x00000000c3d00000|  0%| F|  |TAMS 0x00000000c3c00000| PB 0x00000000c3c00000| Untracked |  0
|  13|0x00000000c3d00000, 0x00000000c3d00000, 0x00000000c3e00000|  0%| F|  |TAMS 0x00000000c3d00000| PB 0x00000000c3d00000| Untracked |  0
|  14|0x00000000c3e00000, 0x00000000c3e00000, 0x00000000c3f00000|  0%| F|  |TAMS 0x00000000c3e00000| PB 0x00000000c3e00000| Untracked |  0
|  15|0x00000000c3f00000, 0x00000000c3f00000, 0x00000000c4000000|  0%| F|  |TAMS 0x00000000c3f00000| PB 0x00000000c3f00000| Untracked |  0
|  16|0x00000000c4000000, 0x00000000c4000000, 0x00000000c4100000|  0%| F|  |TAMS 0x00000000c4000000| PB 0x00000000c4000000| Untracked |  0
|  17|0x00000000c4100000, 0x00000000c4100000, 0x00000000c4200000|  0%| F|  |TAMS 0x00000000c4100000| PB 0x00000000c4100000| Untracked |  0
|  18|0x00000000c4200000, 0x00000000c4200000, 0x00000000c4300000|  0%| F|  |TAMS 0x00000000c4200000| PB 0x00000000c4200000| Untracked |  0
|  19|0x00000000c4300000, 0x00000000c4300000, 0x00000000c4400000|  0%| F|  |TAMS 0x00000000c4300000| PB 0x00000000c4300000| Untracked |  0
|  20|0x00000000c4400000, 0x00000000c4400000, 0x00000000c4500000|  0%| F|  |TAMS 0x00000000c4400000| PB 0x00000000c4400000| Untracked |  0
|  21|0x00000000c4500000, 0x00000000c4500000, 0x00000000c4600000|  0%| F|  |TAMS 0x00000000c4500000| PB 0x00000000c4500000| Untracked |  0
|  22|0x00000000c4600000, 0x00000000c4600000, 0x00000000c4700000|  0%| F|  |TAMS 0x00000000c4600000| PB 0x00000000c4600000| Untracked |  0
|  23|0x00000000c4700000, 0x00000000c4700000, 0x00000000c4800000|  0%| F|  |TAMS 0x00000000c4700000| PB 0x00000000c4700000| Untracked |  0
|  24|0x00000000c4800000, 0x00000000c4800000, 0x00000000c4900000|  0%| F|  |TAMS 0x00000000c4800000| PB 0x00000000c4800000| Untracked |  0
|  25|0x00000000c4900000, 0x00000000c4900000, 0x00000000c4a00000|  0%| F|  |TAMS 0x00000000c4900000| PB 0x00000000c4900000| Untracked |  0
|  26|0x00000000c4a00000, 0x00000000c4a00000, 0x00000000c4b00000|  0%| F|  |TAMS 0x00000000c4a00000| PB 0x00000000c4a00000| Untracked |  0
|  27|0x00000000c4b00000, 0x00000000c4bc33a0, 0x00000000c4c00000| 76%| S|CS|TAMS 0x00000000c4b00000| PB 0x00000000c4b00000| Complete |  0
|  28|0x00000000c4c00000, 0x00000000c4d00000, 0x00000000c4d00000|100%| S|CS|TAMS 0x00000000c4c00000| PB 0x00000000c4c00000| Complete |  0
|  29|0x00000000c4d00000, 0x00000000c4e00000, 0x00000000c4e00000|100%| S|CS|TAMS 0x00000000c4d00000| PB 0x00000000c4d00000| Complete |  0
|  30|0x00000000c4e00000, 0x00000000c4e00000, 0x00000000c4f00000|  0%| F|  |TAMS 0x00000000c4e00000| PB 0x00000000c4e00000| Untracked |  0
|  31|0x00000000c4f00000, 0x00000000c4f00000, 0x00000000c5000000|  0%| F|  |TAMS 0x00000000c4f00000| PB 0x00000000c4f00000| Untracked |  0
|  32|0x00000000c5000000, 0x00000000c5000000, 0x00000000c5100000|  0%| F|  |TAMS 0x00000000c5000000| PB 0x00000000c5000000| Untracked |  0
|  33|0x00000000c5100000, 0x00000000c5100000, 0x00000000c5200000|  0%| F|  |TAMS 0x00000000c5100000| PB 0x00000000c5100000| Untracked |  0
|  34|0x00000000c5200000, 0x00000000c5200000, 0x00000000c5300000|  0%| F|  |TAMS 0x00000000c5200000| PB 0x00000000c5200000| Untracked |  0
|  35|0x00000000c5300000, 0x00000000c5300000, 0x00000000c5400000|  0%| F|  |TAMS 0x00000000c5300000| PB 0x00000000c5300000| Untracked |  0
|  36|0x00000000c5400000, 0x00000000c5400000, 0x00000000c5500000|  0%| F|  |TAMS 0x00000000c5400000| PB 0x00000000c5400000| Untracked |  0
|  37|0x00000000c5500000, 0x00000000c5500000, 0x00000000c5600000|  0%| F|  |TAMS 0x00000000c5500000| PB 0x00000000c5500000| Untracked |  0
|  38|0x00000000c5600000, 0x00000000c5600000, 0x00000000c5700000|  0%| F|  |TAMS 0x00000000c5600000| PB 0x00000000c5600000| Untracked |  0
|  39|0x00000000c5700000, 0x00000000c5700000, 0x00000000c5800000|  0%| F|  |TAMS 0x00000000c5700000| PB 0x00000000c5700000| Untracked |  0
|  40|0x00000000c5800000, 0x00000000c5800000, 0x00000000c5900000|  0%| F|  |TAMS 0x00000000c5800000| PB 0x00000000c5800000| Untracked |  0
|  41|0x00000000c5900000, 0x00000000c5900000, 0x00000000c5a00000|  0%| F|  |TAMS 0x00000000c5900000| PB 0x00000000c5900000| Untracked |  0
|  42|0x00000000c5a00000, 0x00000000c5a00000, 0x00000000c5b00000|  0%| F|  |TAMS 0x00000000c5a00000| PB 0x00000000c5a00000| Untracked |  0
|  43|0x00000000c5b00000, 0x00000000c5b00000, 0x00000000c5c00000|  0%| F|  |TAMS 0x00000000c5b00000| PB 0x00000000c5b00000| Untracked |  0
|  44|0x00000000c5c00000, 0x00000000c5c00000, 0x00000000c5d00000|  0%| F|  |TAMS 0x00000000c5c00000| PB 0x00000000c5c00000| Untracked |  0
|  45|0x00000000c5d00000, 0x00000000c5d00000, 0x00000000c5e00000|  0%| F|  |TAMS 0x00000000c5d00000| PB 0x00000000c5d00000| Untracked |  0
|  46|0x00000000c5e00000, 0x00000000c5e00000, 0x00000000c5f00000|  0%| F|  |TAMS 0x00000000c5e00000| PB 0x00000000c5e00000| Untracked |  0
|  47|0x00000000c5f00000, 0x00000000c5f00000, 0x00000000c6000000|  0%| F|  |TAMS 0x00000000c5f00000| PB 0x00000000c5f00000| Untracked |  0
|  48|0x00000000c6000000, 0x00000000c6080000, 0x00000000c6100000| 50%| E|  |TAMS 0x00000000c6000000| PB 0x00000000c6000000| Complete |  0
|  49|0x00000000c6100000, 0x00000000c6200000, 0x00000000c6200000|100%| E|CS|TAMS 0x00000000c6100000| PB 0x00000000c6100000| Complete |  0
|  50|0x00000000c6200000, 0x00000000c6300000, 0x00000000c6300000|100%| E|CS|TAMS 0x00000000c6200000| PB 0x00000000c6200000| Complete |  0
|  51|0x00000000c6300000, 0x00000000c6400000, 0x00000000c6400000|100%| E|CS|TAMS 0x00000000c6300000| PB 0x00000000c6300000| Complete |  0
|  52|0x00000000c6400000, 0x00000000c6500000, 0x00000000c6500000|100%| E|CS|TAMS 0x00000000c6400000| PB 0x00000000c6400000| Complete |  0
|  53|0x00000000c6500000, 0x00000000c6600000, 0x00000000c6600000|100%| E|CS|TAMS 0x00000000c6500000| PB 0x00000000c6500000| Complete |  0
|  54|0x00000000c6600000, 0x00000000c6700000, 0x00000000c6700000|100%| E|CS|TAMS 0x00000000c6600000| PB 0x00000000c6600000| Complete |  0
|  55|0x00000000c6700000, 0x00000000c6800000, 0x00000000c6800000|100%| E|CS|TAMS 0x00000000c6700000| PB 0x00000000c6700000| Complete |  0
|  56|0x00000000c6800000, 0x00000000c6900000, 0x00000000c6900000|100%| E|CS|TAMS 0x00000000c6800000| PB 0x00000000c6800000| Complete |  0
|  57|0x00000000c6900000, 0x00000000c6a00000, 0x00000000c6a00000|100%| E|CS|TAMS 0x00000000c6900000| PB 0x00000000c6900000| Complete |  0
|  58|0x00000000c6a00000, 0x00000000c6b00000, 0x00000000c6b00000|100%| E|CS|TAMS 0x00000000c6a00000| PB 0x00000000c6a00000| Complete |  0
|  59|0x00000000c6b00000, 0x00000000c6c00000, 0x00000000c6c00000|100%| E|CS|TAMS 0x00000000c6b00000| PB 0x00000000c6b00000| Complete |  0
|  60|0x00000000c6c00000, 0x00000000c6d00000, 0x00000000c6d00000|100%| E|CS|TAMS 0x00000000c6c00000| PB 0x00000000c6c00000| Complete |  0
|  61|0x00000000c6d00000, 0x00000000c6e00000, 0x00000000c6e00000|100%| E|CS|TAMS 0x00000000c6d00000| PB 0x00000000c6d00000| Complete |  0
| 974|0x00000000ffe00000, 0x00000000fff00000, 0x00000000fff00000|100%| O|  |TAMS 0x00000000ffe00000| PB 0x00000000ffe00000| Untracked |  0
| 975|0x00000000fff00000, 0x00000000fff24ea8, 0x0000000100000000| 14%| O|  |TAMS 0x00000000fff00000| PB 0x00000000fff00000| Untracked |  0

Card table byte_map: [0x00000235edd30000,0x00000235edf20000] _byte_map_base: 0x00000235ed718000

Marking Bits: (CMBitMap*) 0x00000235edfbed90
 Bits: [0x00000235f6a70000, 0x00000235f79b0000)

Polling page: 0x00000235ebdc0000

Metaspace:
Metaspace        used 19051K, committed 19264K, reserved 1114112K
 class space     used 2344K, committed 2432K, reserved 1048576K

Usage:
  Non-class:     16.32 MB used.
      Class:      2.29 MB used.
       Both:     18.61 MB used.

Virtual space:
  Non-class space:       64.00 MB reserved,      16.44 MB ( 26%) committed,  1 nodes.
      Class space:        1.00 GB reserved,       2.38 MB ( <1%) committed,  1 nodes.
             Both:        1.06 GB reserved,      18.81 MB (  2%) committed. 

Chunk freelists:
   Non-Class:  15.50 MB
       Class:  13.50 MB
        Both:  29.00 MB

MaxMetaspaceSize: unlimited
CompressedClassSpaceSize: 1.00 GB
Initial GC threshold: 21.00 MB
Current GC threshold: 21.00 MB
CDS: on
 - commit_granule_bytes: 65536.
 - commit_granule_words: 8192.
 - virtual_space_node_default_size: 8388608.
 - enlarge_chunks_in_place: 1.
UseCompressedClassPointers 1, UseCompactObjectHeaders 0
Narrow klass pointer bits 32, Max shift 3
Narrow klass base: 0x0000000009000000, Narrow klass shift: 0
Encoding Range: [0x0000000009000000 - 0x0000000109000000), (4294967296 bytes)
Klass Range:    [0x0000000009010000 - 0x000000004a000000), (1090453504 bytes)
Klass ID Range:  [65536 - 1090519033) (1090453497)
Protection zone: [0x0000000009000000 - 0x0000000009010000), (65536 bytes)


Internal statistics:

num_allocs_failed_limit: 0.
num_arena_births: 154.
num_arena_deaths: 0.
num_vsnodes_births: 2.
num_vsnodes_deaths: 0.
num_space_committed: 301.
num_space_uncommitted: 0.
num_chunks_returned_to_freelist: 0.
num_chunks_taken_from_freelist: 851.
num_chunk_merges: 0.
num_chunk_splits: 571.
num_chunks_enlarged: 455.
num_inconsistent_stats: 0.

CodeHeap 'non-profiled nmethods': size=120128Kb used=1276Kb max_used=1276Kb free=118851Kb
 bounds [0x0000023587ab0000, 0x0000023587d20000, 0x000002358f000000]
CodeHeap 'profiled nmethods': size=120000Kb used=6640Kb max_used=6640Kb free=113359Kb
 bounds [0x0000023580000000, 0x0000023580680000, 0x0000023587530000]
CodeHeap 'non-nmethods': size=5632Kb used=1419Kb max_used=1442Kb free=4212Kb
 bounds [0x0000023587530000, 0x00000235877a0000, 0x0000023587ab0000]
CodeCache: size=245760Kb, used=9335Kb, max_used=9358Kb, free=236422Kb
 total_blobs=4774, nmethods=4232, adapters=444, full_count=0
Compilation: enabled, stopped_count=0, restarted_count=0

Compilation events (20 events):
Event: 6.463 Thread 0x00000235f9ce48a0 nmethod 4124 0x0000023580663688 code [0x0000023580663780, 0x0000023580663bc0]
Event: 6.463 Thread 0x00000235f9ce48a0 4125       3       jdk.nio.zipfs.ZipConstants::CENDSK (9 bytes)
Event: 6.463 Thread 0x00000235f9ce48a0 nmethod 4125 0x0000023580663c08 code [0x0000023580663d00, 0x0000023580663f60]
Event: 6.463 Thread 0x00000235f9ce48a0 4128       3       jdk.nio.zipfs.ZipFileSystem$IndexNode::<init> (113 bytes)
Event: 6.463 Thread 0x00000235f9cdc7b0 4130       4       jdk.internal.util.ArraysSupport::hashCode (33 bytes)
Event: 6.464 Thread 0x00000235f9ce48a0 nmethod 4128 0x0000023580663f88 code [0x0000023580664080, 0x00000235806647e0]
Event: 6.464 Thread 0x00000235f9ce48a0 4127       3       jdk.internal.util.ArraysSupport::hashCode (53 bytes)
Event: 6.464 Thread 0x00000235f9ce48a0 nmethod 4127 0x0000023580664808 code [0x0000023580664900, 0x0000023580664b18]
Event: 6.464 Thread 0x00000235f9ce48a0 4129       3       jdk.nio.zipfs.ZipCoder::isUTF8 (16 bytes)
Event: 6.464 Thread 0x00000235f9ce48a0 nmethod 4129 0x0000023580664b88 code [0x0000023580664c80, 0x0000023580664de8]
Event: 6.467 Thread 0x00000235f9cdc7b0 nmethod 4130 0x0000023587bec208 code [0x0000023587bec300, 0x0000023587bec4a8]
Event: 6.467 Thread 0x00000235f9cdc7b0 4131       4       jdk.nio.zipfs.ZipFileSystem$IndexNode::normalize (79 bytes)
Event: 6.471 Thread 0x00000235f9cdc7b0 nmethod 4131 0x0000023587bec508 code [0x0000023587bec600, 0x0000023587bec860]
Event: 6.471 Thread 0x00000235f9cdc7b0 4132       4       jdk.nio.zipfs.ZipFileSystem$IndexNode::pathHasDotOrDotDot (123 bytes)
Event: 6.473 Thread 0x00000235f9ce48a0 4134       3       jdk.nio.zipfs.ZipFileSystem$IndexNode::normalize (79 bytes)
Event: 6.474 Thread 0x00000235f9ce48a0 nmethod 4134 0x0000023580664e88 code [0x0000023580664f80, 0x00000235806652f8]
Event: 6.476 Thread 0x00000235f9cdc7b0 nmethod 4132 0x0000023587bec888 code [0x0000023587bec980, 0x0000023587becbe0]
Event: 6.476 Thread 0x00000235f9cdc7b0 4135       4       jdk.nio.zipfs.ZipFileSystem$IndexNode::normalize (79 bytes)
Event: 6.481 Thread 0x00000235f9cdc7b0 nmethod 4135 0x0000023587becc08 code [0x0000023587becd00, 0x0000023587becf78]
Event: 6.481 Thread 0x00000235f9cdc7b0 4136       4       jdk.internal.util.ArraysSupport::vectorizedHashCode (158 bytes)

GC Heap Usage History (8 events):
Event: 1.304 {heap Before GC invocations=0 (full 0):
 garbage-first heap   total reserved 999424K, committed 65536K, used 14483K [0x00000000c3000000, 0x0000000100000000)
  region size 1024K, 14 young (14336K), 0 survivors (0K)
}
Event: 1.314 {heap After GC invocations=1 (full 0):
 garbage-first heap   total reserved 999424K, committed 65536K, used 3849K [0x00000000c3000000, 0x0000000100000000)
  region size 1024K, 2 young (2048K), 2 survivors (2048K)
}
Event: 2.589 {heap Before GC invocations=1 (full 0):
 garbage-first heap   total reserved 999424K, committed 65536K, used 28425K [0x00000000c3000000, 0x0000000100000000)
  region size 1024K, 27 young (27648K), 2 survivors (2048K)
}
Event: 2.599 {heap After GC invocations=2 (full 0):
 garbage-first heap   total reserved 999424K, committed 65536K, used 5351K [0x00000000c3000000, 0x0000000100000000)
  region size 1024K, 4 young (4096K), 4 survivors (4096K)
}
Event: 4.915 {heap Before GC invocations=2 (full 0):
 garbage-first heap   total reserved 999424K, committed 65536K, used 38119K [0x00000000c3000000, 0x0000000100000000)
  region size 1024K, 37 young (37888K), 4 survivors (4096K)
}
Event: 4.938 {heap After GC invocations=3 (full 0):
 garbage-first heap   total reserved 999424K, committed 65536K, used 8483K [0x00000000c3000000, 0x0000000100000000)
  region size 1024K, 5 young (5120K), 5 survivors (5120K)
}
Event: 6.230 {heap Before GC invocations=3 (full 0):
 garbage-first heap   total reserved 999424K, committed 65536K, used 41251K [0x00000000c3000000, 0x0000000100000000)
  region size 1024K, 37 young (37888K), 5 survivors (5120K)
}
Event: 6.247 {heap After GC invocations=4 (full 0):
 garbage-first heap   total reserved 999424K, committed 65536K, used 11561K [0x00000000c3000000, 0x0000000100000000)
  region size 1024K, 3 young (3072K), 3 survivors (3072K)
}

Metaspace Usage History (8 events):
Event: 1.304 {metaspace Before GC invocations=0 (full 0):
 Metaspace       used 4339K, committed 4544K, reserved 1114112K
  class space    used 488K, committed 576K, reserved 1048576K
}
Event: 1.314 {metaspace After GC invocations=1 (full 0):
 Metaspace       used 4339K, committed 4544K, reserved 1114112K
  class space    used 488K, committed 576K, reserved 1048576K
}
Event: 2.589 {metaspace Before GC invocations=1 (full 0):
 Metaspace       used 7741K, committed 7936K, reserved 1114112K
  class space    used 928K, committed 1024K, reserved 1048576K
}
Event: 2.599 {metaspace After GC invocations=2 (full 0):
 Metaspace       used 7741K, committed 7936K, reserved 1114112K
  class space    used 928K, committed 1024K, reserved 1048576K
}
Event: 4.915 {metaspace Before GC invocations=2 (full 0):
 Metaspace       used 14646K, committed 14912K, reserved 1114112K
  class space    used 1841K, committed 1984K, reserved 1048576K
}
Event: 4.938 {metaspace After GC invocations=3 (full 0):
 Metaspace       used 14646K, committed 14912K, reserved 1114112K
  class space    used 1841K, committed 1984K, reserved 1048576K
}
Event: 6.230 {metaspace Before GC invocations=3 (full 0):
 Metaspace       used 16569K, committed 16768K, reserved 1114112K
  class space    used 2044K, committed 2112K, reserved 1048576K
}
Event: 6.247 {metaspace After GC invocations=4 (full 0):
 Metaspace       used 16569K, committed 16768K, reserved 1114112K
  class space    used 2044K, committed 2112K, reserved 1048576K
}

Dll operation events (7 events):
Event: 0.018 Loaded shared library C:\Program Files\Apache NetBeans\jdk\bin\java.dll
Event: 0.111 Loaded shared library C:\Program Files\Apache NetBeans\jdk\bin\net.dll
Event: 0.115 Loaded shared library C:\Program Files\Apache NetBeans\jdk\bin\nio.dll
Event: 0.122 Loaded shared library C:\Program Files\Apache NetBeans\jdk\bin\zip.dll
Event: 0.402 Loaded shared library C:\Program Files\Apache NetBeans\java\maven\lib\jansi-native\Windows\x86_64\jansi.dll
Event: 0.416 Loaded shared library C:\Program Files\Apache NetBeans\jdk\bin\jimage.dll
Event: 0.422 Loaded shared library C:\Program Files\Apache NetBeans\jdk\bin\verify.dll

Deoptimization events (20 events):
Event: 6.198 Thread 0x00000235edf8b640 Uncommon trap: trap_request=0xffffffc6 fr.pc=0x0000023587b0ae74 relative=0x0000000000000274
Event: 6.198 Thread 0x00000235edf8b640 Uncommon trap: reason=bimorphic_or_optimized_type_check action=maybe_recompile pc=0x0000023587b0ae74 method=java.nio.Buffer.<init>(IIIILjava/lang/foreign/MemorySegment;)V @ 39 c2
Event: 6.198 Thread 0x00000235edf8b640 DEOPT PACKING pc=0x0000023587b0ae74 sp=0x000000f033af89f0
Event: 6.199 Thread 0x00000235edf8b640 DEOPT UNPACKING pc=0x00000235875b857c sp=0x000000f033af8978 mode 2
Event: 6.441 Thread 0x00000235edf8b640 Uncommon trap: trap_request=0xffffff45 fr.pc=0x0000023587b254c8 relative=0x0000000000001348
Event: 6.441 Thread 0x00000235edf8b640 Uncommon trap: reason=unstable_if action=reinterpret pc=0x0000023587b254c8 method=jdk.internal.jimage.ImageLocation.verifyName(Ljava/lang/String;Ljava/lang/String;IIIIIILjdk/internal/jimage/ImageStrings;)Z @ 45 c2
Event: 6.441 Thread 0x00000235edf8b640 DEOPT PACKING pc=0x0000023587b254c8 sp=0x000000f033afc720
Event: 6.441 Thread 0x00000235edf8b640 DEOPT UNPACKING pc=0x00000235875b857c sp=0x000000f033afc5f8 mode 2
Event: 6.441 Thread 0x00000235edf8b640 Uncommon trap: trap_request=0xffffff45 fr.pc=0x0000023587b27d08 relative=0x0000000000000a88
Event: 6.441 Thread 0x00000235edf8b640 Uncommon trap: reason=unstable_if action=reinterpret pc=0x0000023587b27d08 method=jdk.internal.module.SystemModuleFinders$SystemModuleReader.find(Ljava/lang/String;)Ljava/util/Optional; @ 5 c2
Event: 6.441 Thread 0x00000235edf8b640 DEOPT PACKING pc=0x0000023587b27d08 sp=0x000000f033afc7a0
Event: 6.441 Thread 0x00000235edf8b640 DEOPT UNPACKING pc=0x00000235875b857c sp=0x000000f033afc778 mode 2
Event: 6.457 Thread 0x00000235edf8b640 Uncommon trap: trap_request=0xffffff45 fr.pc=0x0000023587ac1508 relative=0x0000000000000188
Event: 6.457 Thread 0x00000235edf8b640 Uncommon trap: reason=unstable_if action=reinterpret pc=0x0000023587ac1508 method=jdk.internal.util.ArraysSupport.vectorizedHashCode(Ljava/lang/Object;IIII)I @ 2 c2
Event: 6.457 Thread 0x00000235edf8b640 DEOPT PACKING pc=0x0000023587ac1508 sp=0x000000f033afc950
Event: 6.457 Thread 0x00000235edf8b640 DEOPT UNPACKING pc=0x00000235875b857c sp=0x000000f033afc900 mode 2
Event: 6.473 Thread 0x00000235edf8b640 Uncommon trap: trap_request=0xffffff45 fr.pc=0x0000023587bec804 relative=0x0000000000000204
Event: 6.473 Thread 0x00000235edf8b640 Uncommon trap: reason=unstable_if action=reinterpret pc=0x0000023587bec804 method=jdk.nio.zipfs.ZipFileSystem$IndexNode.normalize([B)[B @ 66 c2
Event: 6.473 Thread 0x00000235edf8b640 DEOPT PACKING pc=0x0000023587bec804 sp=0x000000f033afca90
Event: 6.473 Thread 0x00000235edf8b640 DEOPT UNPACKING pc=0x00000235875b857c sp=0x000000f033afc9f8 mode 2

Classes loaded (20 events):
Event: 6.443 Loading class jdk/internal/jimage/ImageBufferCache$1
Event: 6.443 Loading class jdk/internal/jimage/ImageBufferCache$1 done
Event: 6.443 Loading class jdk/internal/jimage/ImageBufferCache$2
Event: 6.443 Loading class jdk/internal/jimage/ImageBufferCache$2 done
Event: 6.443 Loading class java/util/AbstractMap$SimpleEntry
Event: 6.443 Loading class java/util/AbstractMap$SimpleEntry done
Event: 6.447 Loading class java/nio/file/attribute/PosixFileAttributes
Event: 6.447 Loading class java/nio/file/attribute/PosixFileAttributes done
Event: 6.447 Loading class java/nio/file/ClosedFileSystemException
Event: 6.447 Loading class java/nio/file/ClosedFileSystemException done
Event: 6.447 Loading class java/nio/file/FileAlreadyExistsException
Event: 6.447 Loading class java/nio/file/FileAlreadyExistsException done
Event: 6.449 Loading class java/util/zip/DeflaterOutputStream
Event: 6.449 Loading class java/util/zip/DeflaterOutputStream done
Event: 6.449 Loading class java/nio/file/NotDirectoryException
Event: 6.449 Loading class java/nio/file/NotDirectoryException done
Event: 6.449 Loading class java/nio/file/DirectoryNotEmptyException
Event: 6.449 Loading class java/nio/file/DirectoryNotEmptyException done
Event: 6.450 Loading class java/nio/file/ReadOnlyFileSystemException
Event: 6.450 Loading class java/nio/file/ReadOnlyFileSystemException done

Classes unloaded (0 events):
No events

Classes redefined (0 events):
No events

Internal exceptions (20 events):
Event: 3.713 Thread 0x00000235edf8b640 Exception <a 'java/lang/NoSuchMethodError'{0x00000000c5956168}: 'void java.lang.invoke.Invokers$Holder.invokeExact_MT(java.lang.Object, java.lang.Object, java.lang.Object, java.lang.Object)'> (0x00000000c5956168) 
thrown [s\src\hotspot\share\interpreter\linkResolver.cpp, line 804]
Event: 3.751 Thread 0x00000235edf8b640 Exception <a 'java/lang/NoClassDefFoundError'{0x00000000c59d5ff0}: com/google/inject/servlet/ServletModuleTargetVisitor> (0x00000000c59d5ff0) 
thrown [s\src\hotspot\share\classfile\systemDictionary.cpp, line 316]
Event: 4.098 Thread 0x00000235edf8b640 Exception <a 'java/lang/NoSuchMethodError'{0x00000000c5518f20}: 'java.lang.Object java.lang.invoke.DirectMethodHandle$Holder.invokeStaticInit(java.lang.Object, int, int, int, int)'> (0x00000000c5518f20) 
thrown [s\src\hotspot\share\interpreter\linkResolver.cpp, line 804]
Event: 4.322 Thread 0x00000235edf8b640 Exception <a 'java/lang/NoSuchMethodError'{0x00000000c4e9c7f0}: 'java.lang.Object java.lang.invoke.DirectMethodHandle$Holder.invokeVirtual(java.lang.Object, java.lang.Object, java.lang.Object)'> (0x00000000c4e9c7f0) 
thrown [s\src\hotspot\share\interpreter\linkResolver.cpp, line 804]
Event: 4.330 Thread 0x00000235edf8b640 Exception <a 'java/lang/NoSuchMethodError'{0x00000000c4ec2dc8}: 'void java.lang.invoke.DirectMethodHandle$Holder.invokeSpecial(java.lang.Object, java.lang.Object, java.lang.Object, java.lang.Object, java.lang.Object, java.lang.Object)'> (0x00000000c4ec2dc8) 
thrown [s\src\hotspot\share\interpreter\linkResolver.cpp, line 804]
Event: 4.435 Thread 0x00000235edf8b640 Exception <a 'java/lang/NoSuchMethodError'{0x00000000c4c71278}: 'void java.lang.invoke.DirectMethodHandle$Holder.invokeVirtual(java.lang.Object, java.lang.Object, int)'> (0x00000000c4c71278) 
thrown [s\src\hotspot\share\interpreter\linkResolver.cpp, line 804]
Event: 4.446 Thread 0x00000235edf8b640 Exception <a 'java/lang/NoSuchMethodError'{0x00000000c4c8add0}: 'java.lang.Object java.lang.invoke.DirectMethodHandle$Holder.invokeStatic(java.lang.Object, java.lang.Object, java.lang.Object, java.lang.Object, int)'> (0x00000000c4c8add0) 
thrown [s\src\hotspot\share\interpreter\linkResolver.cpp, line 804]
Event: 4.448 Thread 0x00000235edf8b640 Exception <a 'java/lang/NoSuchMethodError'{0x00000000c4c9c500}: 'void java.lang.invoke.DirectMethodHandle$Holder.invokeSpecial(java.lang.Object, java.lang.Object, java.lang.Object, int)'> (0x00000000c4c9c500) 
thrown [s\src\hotspot\share\interpreter\linkResolver.cpp, line 804]
Event: 4.450 Thread 0x00000235edf8b640 Exception <a 'java/lang/NoSuchMethodError'{0x00000000c4ca4898}: 'void java.lang.invoke.DelegatingMethodHandle$Holder.reinvoke_L(java.lang.Object, java.lang.Object, int)'> (0x00000000c4ca4898) 
thrown [s\src\hotspot\share\interpreter\linkResolver.cpp, line 804]
Event: 5.258 Thread 0x00000235edf8b640 Implicit null exception at 0x0000023587b406c8 to 0x0000023587b408a4
Event: 5.258 Thread 0x00000235edf8b640 Implicit null exception at 0x0000023587b91045 to 0x0000023587b91bf8
Event: 5.259 Thread 0x00000235edf8b640 Implicit null exception at 0x0000023587b40dc8 to 0x0000023587b40fa0
Event: 5.259 Thread 0x00000235edf8b640 Implicit null exception at 0x0000023587b88939 to 0x0000023587b88f90
Event: 5.261 Thread 0x00000235edf8b640 Exception <a 'java/lang/NoSuchMethodError'{0x00000000c6760b08}: 'void java.lang.invoke.DirectMethodHandle$Holder.invokeStatic(java.lang.Object, java.lang.Object, java.lang.Object, java.lang.Object)'> (0x00000000c6760b08) 
thrown [s\src\hotspot\share\interpreter\linkResolver.cpp, line 804]
Event: 5.370 Thread 0x00000235edf8b640 Exception <a 'java/lang/NoSuchMethodError'{0x00000000c65feea0}: 'java.lang.Object java.lang.invoke.DirectMethodHandle$Holder.newInvokeSpecial(java.lang.Object, java.lang.Object, java.lang.Object, java.lang.Object, java.lang.Object, java.lang.Object, java.lang.Object)'> (0x00000000c65feea0) 
thrown [s\src\hotspot\share\interpreter\linkResolver.cpp, line 804]
Event: 5.721 Thread 0x00000235edf8b640 Exception <a 'java/lang/NoSuchMethodError'{0x00000000c5be9208}: 'int java.lang.invoke.DirectMethodHandle$Holder.invokeVirtual(java.lang.Object, java.lang.Object)'> (0x00000000c5be9208) 
thrown [s\src\hotspot\share\interpreter\linkResolver.cpp, line 804]
Event: 6.313 Thread 0x00000235edf8b640 Exception <a 'java/lang/IncompatibleClassChangeError'{0x00000000c6c8e910}: Found class java.lang.Object, but interface was expected> (0x00000000c6c8e910) 
thrown [s\src\hotspot\share\interpreter\linkResolver.cpp, line 871]
Event: 6.315 Thread 0x00000235edf8b640 Exception <a 'java/lang/NoSuchMethodError'{0x00000000c6c9dea8}: 'void java.lang.invoke.DirectMethodHandle$Holder.invokeInterface(java.lang.Object, java.lang.Object, java.lang.Object)'> (0x00000000c6c9dea8) 
thrown [s\src\hotspot\share\interpreter\linkResolver.cpp, line 804]
Event: 6.422 Thread 0x00000235edf8b640 Exception <a 'java/lang/NoSuchMethodError'{0x00000000c6a2b558}: 'int java.lang.invoke.DirectMethodHandle$Holder.invokeInterface(java.lang.Object, java.lang.Object)'> (0x00000000c6a2b558) 
thrown [s\src\hotspot\share\interpreter\linkResolver.cpp, line 804]
Event: 6.433 Thread 0x00000235edf8b640 Exception <a 'java/lang/NoSuchMethodError'{0x00000000c6a81a50}: 'int java.lang.invoke.DirectMethodHandle$Holder.invokeVirtual(java.lang.Object, java.lang.Object, java.lang.Object)'> (0x00000000c6a81a50) 
thrown [s\src\hotspot\share\interpreter\linkResolver.cpp, line 804]

VM Operations (20 events):
Event: 4.073 Executing non-safepoint VM operation: HandshakeAllThreads (Deoptimize)
Event: 4.073 Executing non-safepoint VM operation: HandshakeAllThreads (Deoptimize) done
Event: 4.128 Executing non-safepoint VM operation: HandshakeAllThreads (Deoptimize)
Event: 4.128 Executing non-safepoint VM operation: HandshakeAllThreads (Deoptimize) done
Event: 4.215 Executing non-safepoint VM operation: HandshakeAllThreads (Deoptimize)
Event: 4.215 Executing non-safepoint VM operation: HandshakeAllThreads (Deoptimize) done
Event: 4.217 Executing non-safepoint VM operation: HandshakeAllThreads (Deoptimize)
Event: 4.217 Executing non-safepoint VM operation: HandshakeAllThreads (Deoptimize) done
Event: 4.915 Executing safepoint VM operation: G1CollectForAllocation (G1 Evacuation Pause)
Event: 4.938 Executing safepoint VM operation: G1CollectForAllocation (G1 Evacuation Pause) done
Event: 5.760 Executing non-safepoint VM operation: HandshakeAllThreads (Deoptimize)
Event: 5.760 Executing non-safepoint VM operation: HandshakeAllThreads (Deoptimize) done
Event: 6.230 Executing safepoint VM operation: G1CollectForAllocation (G1 Evacuation Pause)
Event: 6.247 Executing safepoint VM operation: G1CollectForAllocation (G1 Evacuation Pause) done
Event: 6.361 Executing non-safepoint VM operation: HandshakeAllThreads (Deoptimize)
Event: 6.361 Executing non-safepoint VM operation: HandshakeAllThreads (Deoptimize) done
Event: 6.419 Executing non-safepoint VM operation: HandshakeAllThreads (Deoptimize)
Event: 6.419 Executing non-safepoint VM operation: HandshakeAllThreads (Deoptimize) done
Event: 6.446 Executing non-safepoint VM operation: HandshakeAllThreads (Deoptimize)
Event: 6.446 Executing non-safepoint VM operation: HandshakeAllThreads (Deoptimize) done

Memory protections (0 events):
No events

Nmethod flushes (0 events):
No events

Events (13 events):
Event: 0.051 Thread 0x00000235edf8b640 Thread added: 0x00000235edf8b640
Event: 0.073 Thread 0x00000235edf8b640 Thread added: 0x00000235f9cca8b0
Event: 0.074 Thread 0x00000235edf8b640 Thread added: 0x00000235f9ccd720
Event: 0.074 Thread 0x00000235edf8b640 Thread added: 0x00000235f9cd1570
Event: 0.074 Thread 0x00000235edf8b640 Thread added: 0x00000235f9cd2130
Event: 0.075 Thread 0x00000235edf8b640 Thread added: 0x00000235f9cd2cf0
Event: 0.075 Thread 0x00000235edf8b640 Thread added: 0x00000235f9cd38b0
Event: 0.075 Thread 0x00000235edf8b640 Thread added: 0x00000235f9cdc7b0
Event: 0.078 Thread 0x00000235edf8b640 Thread added: 0x00000235f9ce48a0
Event: 0.101 Thread 0x00000235edf8b640 Thread added: 0x00000235fe04d850
Event: 0.105 Thread 0x00000235edf8b640 Thread added: 0x00000235fe0584a0
Event: 0.397 Thread 0x00000235edf8b640 Thread added: 0x00000235fe27e320
Event: 0.487 Thread 0x00000235fe27e320 Thread exited: 0x00000235fe27e320


Dynamic libraries:
0x00007ff62c310000 - 0x00007ff62c31e000 	C:\Program Files\Apache NetBeans\jdk\bin\java.exe
0x00007ffea5cb0000 - 0x00007ffea5ec7000 	C:\WINDOWS\SYSTEM32\ntdll.dll
0x00007ffe7d820000 - 0x00007ffe7d841000 	C:\Program Files\Norton\Suite\aswhook.dll
0x00007ffea4730000 - 0x00007ffea47f4000 	C:\WINDOWS\System32\KERNEL32.DLL
0x00007ffea3570000 - 0x00007ffea392a000 	C:\WINDOWS\System32\KERNELBASE.dll
0x00007ffea3450000 - 0x00007ffea3561000 	C:\WINDOWS\System32\ucrtbase.dll
0x00007ffe9d8b0000 - 0x00007ffe9d8ce000 	C:\Program Files\Apache NetBeans\jdk\bin\VCRUNTIME140.dll
0x00007ffe9d2d0000 - 0x00007ffe9d2e6000 	C:\Program Files\Apache NetBeans\jdk\bin\jli.dll
0x00007ffea50d0000 - 0x00007ffea527e000 	C:\WINDOWS\System32\USER32.dll
0x00007ffe8fc40000 - 0x00007ffe8fed2000 	C:\WINDOWS\WinSxS\amd64_microsoft.windows.common-controls_6595b64144ccf1df_6.0.22621.4541_none_2710d1c57384c085\COMCTL32.dll
0x00007ffea3170000 - 0x00007ffea3196000 	C:\WINDOWS\System32\win32u.dll
0x00007ffea3b90000 - 0x00007ffea3bb9000 	C:\WINDOWS\System32\GDI32.dll
0x00007ffea4ac0000 - 0x00007ffea4b67000 	C:\WINDOWS\System32\msvcrt.dll
0x00007ffea31a0000 - 0x00007ffea32bb000 	C:\WINDOWS\System32\gdi32full.dll
0x00007ffea32c0000 - 0x00007ffea335a000 	C:\WINDOWS\System32\msvcp_win.dll
0x00007ffea4a80000 - 0x00007ffea4ab1000 	C:\WINDOWS\System32\IMM32.DLL
0x00007ffe9dc20000 - 0x00007ffe9dc2c000 	C:\Program Files\Apache NetBeans\jdk\bin\vcruntime140_1.dll
0x00007ffe71620000 - 0x00007ffe716ad000 	C:\Program Files\Apache NetBeans\jdk\bin\msvcp140.dll
0x00007ffe46b10000 - 0x00007ffe47a36000 	C:\Program Files\Apache NetBeans\jdk\bin\server\jvm.dll
0x00007ffea4910000 - 0x00007ffea49c2000 	C:\WINDOWS\System32\ADVAPI32.dll
0x00007ffea3f60000 - 0x00007ffea4007000 	C:\WINDOWS\System32\sechost.dll
0x00007ffea3420000 - 0x00007ffea3448000 	C:\WINDOWS\System32\bcrypt.dll
0x00007ffea4510000 - 0x00007ffea4624000 	C:\WINDOWS\System32\RPCRT4.dll
0x00007ffea4010000 - 0x00007ffea4081000 	C:\WINDOWS\System32\WS2_32.dll
0x00007ffea2ca0000 - 0x00007ffea2ced000 	C:\WINDOWS\SYSTEM32\POWRPROF.dll
0x00007ffe7d790000 - 0x00007ffe7d7c4000 	C:\WINDOWS\SYSTEM32\WINMM.dll
0x00007ffe9a790000 - 0x00007ffe9a79a000 	C:\WINDOWS\SYSTEM32\VERSION.dll
0x00007ffea2bd0000 - 0x00007ffea2be3000 	C:\WINDOWS\SYSTEM32\UMPDC.dll
0x00007ffea1f80000 - 0x00007ffea1f98000 	C:\WINDOWS\SYSTEM32\kernel.appcore.dll
0x00007ffe9dc10000 - 0x00007ffe9dc1a000 	C:\Program Files\Apache NetBeans\jdk\bin\jimage.dll
0x00007ffea0980000 - 0x00007ffea0bb2000 	C:\WINDOWS\SYSTEM32\DBGHELP.DLL
0x00007ffea4090000 - 0x00007ffea441f000 	C:\WINDOWS\System32\combase.dll
0x00007ffea4420000 - 0x00007ffea44f7000 	C:\WINDOWS\System32\OLEAUT32.dll
0x00007ffe986e0000 - 0x00007ffe98712000 	C:\WINDOWS\SYSTEM32\dbgcore.DLL
0x00007ffea30f0000 - 0x00007ffea316b000 	C:\WINDOWS\System32\bcryptPrimitives.dll
0x00007ffe9d580000 - 0x00007ffe9d59e000 	C:\Program Files\Apache NetBeans\jdk\bin\java.dll
0x00007ffea3db0000 - 0x00007ffea3f55000 	C:\WINDOWS\System32\ole32.dll
0x00007ffea5280000 - 0x00007ffea5af8000 	C:\WINDOWS\System32\SHELL32.dll
0x00007ffea0e70000 - 0x00007ffea1778000 	C:\WINDOWS\SYSTEM32\windows.storage.dll
0x00007ffea0d30000 - 0x00007ffea0e6f000 	C:\WINDOWS\SYSTEM32\wintypes.dll
0x00007ffea4630000 - 0x00007ffea472a000 	C:\WINDOWS\System32\SHCORE.dll
0x00007ffea3d50000 - 0x00007ffea3dae000 	C:\WINDOWS\System32\shlwapi.dll
0x00007ffea2eb0000 - 0x00007ffea2edb000 	C:\WINDOWS\SYSTEM32\profapi.dll
0x00007ffe98100000 - 0x00007ffe98111000 	C:\Program Files\Apache NetBeans\jdk\bin\net.dll
0x00007ffea23f0000 - 0x00007ffea2459000 	C:\WINDOWS\system32\mswsock.dll
0x00007ffe98030000 - 0x00007ffe98046000 	C:\Program Files\Apache NetBeans\jdk\bin\nio.dll
0x00007ffe9b680000 - 0x00007ffe9b697000 	C:\Program Files\Apache NetBeans\jdk\bin\zip.dll
0x00007ffe8ef30000 - 0x00007ffe8ef54000 	C:\Program Files\Apache NetBeans\java\maven\lib\jansi-native\Windows\x86_64\jansi.dll
0x00007ffe9d5d0000 - 0x00007ffe9d5e0000 	C:\Program Files\Apache NetBeans\jdk\bin\verify.dll

JVMTI agents: none

dbghelp: loaded successfully - version: 4.0.5 - missing functions: none
symbol engine: initialized successfully - sym options: 0x614 - pdb path: .;C:\Program Files\Apache NetBeans\jdk\bin;C:\WINDOWS\SYSTEM32;C:\Program Files\Norton\Suite;C:\WINDOWS\WinSxS\amd64_microsoft.windows.common-controls_6595b64144ccf1df_6.0.22621.4541_none_2710d1c57384c085;C:\Program Files\Apache NetBeans\jdk\bin\server;C:\Program Files\Apache NetBeans\java\maven\lib\jansi-native\Windows\x86_64

VM Arguments:
jvm_args: --enable-native-access=ALL-UNNAMED -Dclassworlds.conf=C:\Program Files\Apache NetBeans\java\maven\bin\m2.conf -Dmaven.home=C:\Program Files\Apache NetBeans\java\maven -Dlibrary.jansi.path=C:\Program Files\Apache NetBeans\java\maven\lib\jansi-native -Dmaven.multiModuleProjectDirectory=C:\Users\ndhla\Desktop\MLUNGISI ROSEBANK\prog5121part1 
java_command: org.codehaus.plexus.classworlds.launcher.Launcher -Dexec.vmArgs= -Dexec.args=${exec.vmArgs} -classpath %classpath ${exec.mainClass} ${exec.appArgs} -Dexec.appArgs= -Dexec.mainClass=com.mycompany.prog5121part1.Prog5121part1 -Dexec.executable=C:\Program Files\Apache NetBeans\jdk\bin\java.exe -Dmaven.ext.class.path=C:\Program Files\Apache NetBeans\java\maven-nblib\netbeans-eventspy.jar --no-transfer-progress process-classes org.codehaus.mojo:exec-maven-plugin:3.5.1:exec
java_class_path (initial): C:\Program Files\Apache NetBeans\java\maven\boot\plexus-classworlds-2.9.0.jar
Launcher Type: SUN_STANDARD

[Global flags]
     intx CICompilerCount                          = 2                                         {product} {ergonomic}
     uint ConcGCThreads                            = 1                                         {product} {ergonomic}
     uint G1ConcRefinementThreads                  = 2                                         {product} {ergonomic}
   size_t G1HeapRegionSize                         = 1048576                                   {product} {ergonomic}
   size_t InitialHeapSize                          = 65011712                                  {product} {ergonomic}
   size_t MarkStackSize                            = 4194304                                   {product} {ergonomic}
   size_t MarkStackSizeMax                         = 536870912                                 {product} {ergonomic}
   size_t MaxHeapSize                              = 1023410176                                {product} {ergonomic}
   size_t MaxNewSize                               = 613416960                                 {product} {ergonomic}
   size_t MinHeapDeltaBytes                        = 1048576                                   {product} {ergonomic}
   size_t MinHeapSize                              = 8388608                                   {product} {ergonomic}
    uintx NonNMethodCodeHeapSize                   = 5767168                                {pd product} {ergonomic}
    uintx NonProfiledCodeHeapSize                  = 123011072                              {pd product} {ergonomic}
    uintx ProfiledCodeHeapSize                     = 122880000                              {pd product} {ergonomic}
    uintx ReservedCodeCacheSize                    = 251658240                              {pd product} {ergonomic}
     bool SegmentedCodeCache                       = true                                      {product} {ergonomic}
   size_t SoftMaxHeapSize                          = 1023410176                             {manageable} {ergonomic}
     bool UseCompressedOops                        = true                           {product lp64_product} {ergonomic}
     bool UseG1GC                                  = true                                      {product} {ergonomic}
     bool UseLargePagesIndividualAllocation        = false                                  {pd product} {ergonomic}

Logging:
Log output configuration:
 #0: stdout all=warning uptime,level,tags foldmultilines=false
 #1: stderr all=off uptime,level,tags foldmultilines=false

Release file:
IMPLEMENTOR="Eclipse Adoptium" 
IMPLEMENTOR_VERSION="Temurin-25.0.2+10" 
JAVA_RUNTIME_VERSION="25.0.2+10-LTS" 
JAVA_VERSION="25.0.2" 
JAVA_VERSION_DATE="2026-01-20" 
LIBC="default" 
MODULES="java.base java.compiler java.datatransfer java.xml java.prefs java.desktop java.instrument java.logging java.management java.security.sasl java.naming java.rmi java.management.rmi java.net.http java.scripting java.security.jgss java.transaction.xa java.sql java.sql.rowset java.xml.crypto java.se java.smartcardio jdk.accessibility jdk.internal.jvmstat jdk.attach jdk.charsets jdk.internal.opt jdk.zipfs jdk.compiler jdk.crypto.cryptoki jdk.crypto.ec jdk.crypto.mscapi jdk.dynalink jdk.internal.ed jdk.editpad jdk.internal.vm.ci jdk.graal.compiler jdk.graal.compiler.management jdk.hotspot.agent jdk.httpserver jdk.incubator.vector jdk.internal.le jdk.internal.md jdk.jartool jdk.javadoc jdk.jcmd jdk.management jdk.management.agent jdk.jconsole jdk.jdeps jdk.jdwp.agent jdk.jdi jdk.jfr jdk.jlink jdk.jpackage jdk.jshell jdk.jsobject jdk.jstatd jdk.localedata jdk.management.jfr jdk.naming.dns jdk.naming.rmi jdk.net jdk.nio.mapmode jdk.sctp jdk.security.auth jdk.security.jgss jdk.unsupported jdk.unsupported.desktop jdk.xml.dom" 
OS_ARCH="x86_64" 
OS_NAME="Windows" 
SOURCE=".:git:9e3c947043a4" 
BUILD_SOURCE="git:458965074606f027bd5afce2cfd5c1055dea0438"
BUILD_SOURCE_REPO="https://github.com/adoptium/temurin-build.git"
SOURCE_REPO="https://github.com/adoptium/jdk25u.git"
FULL_VERSION="25.0.2+10-LTS"
SEMANTIC_VERSION="25.0.2+10"
BUILD_INFO="OS: Windows Server 2022 Version: 10.0"
JVM_VARIANT="Hotspot"
JVM_VERSION="25.0.2+10-LTS"
IMAGE_TYPE="JDK"

Environment Variables:
JAVA_HOME=C:\Program Files\Apache NetBeans\jdk
PATH=C:\Program Files\Common Files\Oracle\Java\javapath;C:\WINDOWS\system32;C:\WINDOWS;C:\WINDOWS\System32\Wbem;C:\WINDOWS\System32\WindowsPowerShell\v1.0\;C:\WINDOWS\System32\OpenSSH\;C:\Users\ndhla\AppData\Local\Microsoft\WindowsApps;;C:\Program Files\Apache NetBeans\bin\
USERNAME=ndhla
OS=Windows_NT
PROCESSOR_IDENTIFIER=Intel64 Family 6 Model 122 Stepping 8, GenuineIntel
TMP=C:\Users\ndhla\AppData\Local\Temp
TEMP=C:\Users\ndhla\AppData\Local\Temp




Compilation memory statistics disabled.

Periodic native trim disabled

---------------  S Y S T E M  ---------------

OS:
 Windows 11 , 64 bit Build 22621 (10.0.22621.4391)
OS uptime: 4 days 1:28 hours
Hyper-V role detected

CPU: total 2 (initial active 2) (2 cores per cpu, 1 threads per core) family 6 model 122 stepping 8 microcode 0x18, cx8, cmov, fxsr, mmx, 3dnowpref, sse, sse2, sse3, ssse3, sse4.1, sse4.2, popcnt, tsc, tscinvbit, aes, erms, clmul, sha, clflush, clflushopt, hv, rdtscp, rdpid
Processor Information for the first 2 processors :
  Max Mhz: 1101, Current Mhz: 1101, Mhz Limit: 1101

Memory: 4k page, system-wide physical 3902M (239M free)
TotalPageFile size 9845M (AvailPageFile size 6M)
current process WorkingSet (physical memory assigned to process): 138M, peak: 138M
current process commit charge ("private bytes"): 175M, peak: 176M

vm_info: OpenJDK 64-Bit Server VM (25.0.2+10-LTS) for windows-amd64 JRE (25.0.2+10-LTS), built on 2026-01-20T00:00:00Z with MS VC++ 17.12 (VS2022)

END.
