#
# There is insufficient memory for the Java Runtime Environment to continue.
# Native memory allocation (mmap) failed to map 65011712 bytes. Error detail: G1 virtual space
# Possible reasons:
#   The system is out of physical RAM or swap space
#   This process is running with CompressedOops enabled, and the Java Heap may be blocking the growth of the native heap
# Possible solutions:
#   Reduce memory load on the system
#   Increase physical memory or swap space
#   Check if swap backing store is full
#   Decrease Java heap size (-Xmx/-Xms)
#   Decrease number of Java threads
#   Decrease Java thread stack sizes (-Xss)
#   Set larger code cache with -XX:ReservedCodeCacheSize=
#   JVM is running with Unscaled Compressed Oops mode in which the Java heap is
#     placed in the first 4GB address space. The Java Heap base address is the
#     maximum limit for the native heap growth. Please use -XX:HeapBaseMinAddress
#     to set the Java Heap base and to place the Java Heap above 4GB virtual address.
# This output file may be truncated or incomplete.
#
#  Out of Memory Error (os_windows.cpp:3554), pid=6192, tid=12596
#
# JRE version:  (25.0.2+10) (build )
# Java VM: OpenJDK 64-Bit Server VM (25.0.2+10-LTS, mixed mode, sharing, tiered, compressed oops, compressed class ptrs, g1 gc, windows-amd64)
# No core dump will be written. Minidumps are not enabled by default on client versions of Windows
#

---------------  S U M M A R Y ------------

Command Line: com.mycompany.prog5121part1.Prog5121part1

Host: Intel(R) Celeron(R) N4020 CPU @ 1.10GHz, 2 cores, 3G,  Windows 11 , 64 bit Build 22621 (10.0.22621.4391)
Time: Sun Apr 12 20:29:00 2026 South Africa Standard Time elapsed time: 0.031800 seconds (0d 0h 0m 0s)

---------------  T H R E A D  ---------------

Current thread (0x00000206b5572b80):  JavaThread "Unknown thread" [_thread_in_vm, id=12596, stack(0x000000abeaa00000,0x000000abeab00000) (1024K)]

Stack: [0x000000abeaa00000,0x000000abeab00000]
Native frames: (J=compiled Java code, j=interpreted, Vv=VM code, C=native code)
V  [jvm.dll+0x7a8bc9]  (no source info available)
V  [jvm.dll+0x77310d]  (no source info available)
V  [jvm.dll+0x9f55f3]  (no source info available)
V  [jvm.dll+0x9f7be1]  (no source info available)
V  [jvm.dll+0x9f82f3]  (no source info available)
V  [jvm.dll+0x2fce26]  (no source info available)
V  [jvm.dll+0x7a4df5]  (no source info available)
V  [jvm.dll+0x798257]  (no source info available)
V  [jvm.dll+0x3f5248]  (no source info available)
V  [jvm.dll+0x3fd1b6]  (no source info available)
V  [jvm.dll+0x3e991e]  (no source info available)
V  [jvm.dll+0x3e9bd8]  (no source info available)
V  [jvm.dll+0x3c0c05]  (no source info available)
V  [jvm.dll+0x3c188e]  (no source info available)
V  [jvm.dll+0x9bc474]  (no source info available)
V  [jvm.dll+0x459e72]  (no source info available)
V  [jvm.dll+0x9a02a2]  (no source info available)
V  [jvm.dll+0x4fa5c1]  (no source info available)
V  [jvm.dll+0x4fbeb1]  (no source info available)
C  [jli.dll+0x53fa]  (no source info available)
C  [ucrtbase.dll+0x29333]  (no source info available)
C  [KERNEL32.DLL+0x1259d]  (no source info available)
C  [ntdll.dll+0x5af38]  (no source info available)

Lock stack of current Java thread (top to bottom):


---------------  P R O C E S S  ---------------

Threads class SMR info:
_java_thread_list=0x00007ffe478be008, length=0, elements={
}

Java Threads: ( => current thread )
Total: 0

Other Threads:
  0x00000206b783ada0 WorkerThread "GC Thread#0"                     [id=8892, stack(0x000000abeab00000,0x000000abeac00000) (1024K)]
  0x00000206b7847570 ConcurrentGCThread "G1 Main Marker"            [id=1868, stack(0x000000abeac00000,0x000000abead00000) (1024K)]
  0x00000206b7848120 WorkerThread "G1 Conc#0"                       [id=2776, stack(0x000000abead00000,0x000000abeae00000) (1024K)]

[error occurred during error reporting (printing all threads), id 0xc0000005, EXCEPTION_ACCESS_VIOLATION (0xc0000005) at pc=0x00007ffe46ee591a]
VM state: not at safepoint (not fully initialized)

VM Mutex/Monitor currently owned by a thread:  ([mutex/lock_event])
[0x00007ffe47946548] Heap_lock - owner thread: 0x00000206b5572b80

Heap address: 0x00000000c3000000, size: 976 MB, Compressed Oops mode: 32-bit

CDS archive(s) mapped at: [0x0000000000000000-0x0000000000000000-0x0000000000000000), size 0, SharedBaseAddress: 0x0000000800000000, ArchiveRelocationMode: 1.
UseCompressedClassPointers 1, UseCompactObjectHeaders 0
Narrow klass pointer bits 32, Max shift 3
Narrow klass base: 0xffffffffffffffff, Narrow klass shift: -1
Encoding Range: [0xffffffffffffffff - 0x000000007fffffff), (2147483648 bytes)
Klass Range:    [0x0000000000000000 - 0x0000000000000000), (0 bytes)
Klass ID Range:  [4294967295 - 0) (1)
No protection zone.

GC Precious Log:
 CardTable entry size: 512
 Card Set container configuration: InlinePtr #cards 5 size 8 Array Of Cards #cards 10 size 36 Howl #buckets 4 coarsen threshold 1843 Howl Bitmap #cards 512 size 80 coarsen threshold 460 Card regions per heap region 1 cards per card region 2048

Heap:
 garbage-first heap   total reserved 999424K, committed 0K, used 0K [0x00000000c3000000, 0x0000000100000000)
  region size 1024K, 0 young (0K), 0 survivors (0K)

Heap Regions: E=young(eden), S=young(survivor), O=old, HS=humongous(starts), HC=humongous(continues), CS=collection set, F=free, TAMS=top-at-mark-start, PB=parsable bottom

Card table byte_map: [0x00000206b75b0000,0x00000206b77a0000] _byte_map_base: 0x00000206b6f98000

Marking Bits: (CMBitMap*) 0x00000206b783b530
 Bits: [0x00000206cf2f0000, 0x00000206d0230000)

GC Heap Usage History (0 events):
No events

Metaspace Usage History (0 events):
No events

Dll operation events (1 events):
Event: 0.020 Loaded shared library C:\Program Files\Apache NetBeans\jdk\bin\java.dll

Deoptimization events (0 events):
No events

Classes loaded (0 events):
No events

Classes unloaded (0 events):
No events

Classes redefined (0 events):
No events

Internal exceptions (0 events):
No events

VM Operations (0 events):
No events

Memory protections (0 events):
No events

Nmethod flushes (0 events):
No events

Events (0 events):
No events


Dynamic libraries:
0x00007ff62c310000 - 0x00007ff62c31e000 	C:\Program Files\Apache NetBeans\jdk\bin\java.exe
0x00007ffea5cb0000 - 0x00007ffea5ec7000 	C:\WINDOWS\SYSTEM32\ntdll.dll
0x00007ffe7d820000 - 0x00007ffe7d841000 	C:\Program Files\Norton\Suite\aswhook.dll
0x00007ffea4730000 - 0x00007ffea47f4000 	C:\WINDOWS\System32\KERNEL32.DLL
0x00007ffea3570000 - 0x00007ffea392a000 	C:\WINDOWS\System32\KERNELBASE.dll
0x00007ffea3450000 - 0x00007ffea3561000 	C:\WINDOWS\System32\ucrtbase.dll
0x00007ffe9d2d0000 - 0x00007ffe9d2e6000 	C:\Program Files\Apache NetBeans\jdk\bin\jli.dll
0x00007ffe9d8b0000 - 0x00007ffe9d8ce000 	C:\Program Files\Apache NetBeans\jdk\bin\VCRUNTIME140.dll
0x00007ffea50d0000 - 0x00007ffea527e000 	C:\WINDOWS\System32\USER32.dll
0x00007ffea3170000 - 0x00007ffea3196000 	C:\WINDOWS\System32\win32u.dll
0x00007ffe8fc40000 - 0x00007ffe8fed2000 	C:\WINDOWS\WinSxS\amd64_microsoft.windows.common-controls_6595b64144ccf1df_6.0.22621.4541_none_2710d1c57384c085\COMCTL32.dll
0x00007ffea3b90000 - 0x00007ffea3bb9000 	C:\WINDOWS\System32\GDI32.dll
0x00007ffea4ac0000 - 0x00007ffea4b67000 	C:\WINDOWS\System32\msvcrt.dll
0x00007ffea31a0000 - 0x00007ffea32bb000 	C:\WINDOWS\System32\gdi32full.dll
0x00007ffea32c0000 - 0x00007ffea335a000 	C:\WINDOWS\System32\msvcp_win.dll
0x00007ffea4a80000 - 0x00007ffea4ab1000 	C:\WINDOWS\System32\IMM32.DLL
0x00007ffe9dc20000 - 0x00007ffe9dc2c000 	C:\Program Files\Apache NetBeans\jdk\bin\vcruntime140_1.dll
0x00007ffe71620000 - 0x00007ffe716ad000 	C:\Program Files\Apache NetBeans\jdk\bin\msvcp140.dll
0x00007ffe46b10000 - 0x00007ffe47a36000 	C:\Program Files\Apache NetBeans\jdk\bin\server\jvm.dll
0x00007ffea4910000 - 0x00007ffea49c2000 	C:\WINDOWS\System32\ADVAPI32.dll
0x00007ffea3f60000 - 0x00007ffea4007000 	C:\WINDOWS\System32\sechost.dll
0x00007ffea3420000 - 0x00007ffea3448000 	C:\WINDOWS\System32\bcrypt.dll
0x00007ffea4510000 - 0x00007ffea4624000 	C:\WINDOWS\System32\RPCRT4.dll
0x00007ffea4010000 - 0x00007ffea4081000 	C:\WINDOWS\System32\WS2_32.dll
0x00007ffea2ca0000 - 0x00007ffea2ced000 	C:\WINDOWS\SYSTEM32\POWRPROF.dll
0x00007ffe9a790000 - 0x00007ffe9a79a000 	C:\WINDOWS\SYSTEM32\VERSION.dll
0x00007ffe7d790000 - 0x00007ffe7d7c4000 	C:\WINDOWS\SYSTEM32\WINMM.dll
0x00007ffea2bd0000 - 0x00007ffea2be3000 	C:\WINDOWS\SYSTEM32\UMPDC.dll
0x00007ffea1f80000 - 0x00007ffea1f98000 	C:\WINDOWS\SYSTEM32\kernel.appcore.dll
0x00007ffe9dc10000 - 0x00007ffe9dc1a000 	C:\Program Files\Apache NetBeans\jdk\bin\jimage.dll
0x00007ffea0980000 - 0x00007ffea0bb2000 	C:\WINDOWS\SYSTEM32\DBGHELP.DLL
0x00007ffea4090000 - 0x00007ffea441f000 	C:\WINDOWS\System32\combase.dll
0x00007ffea4420000 - 0x00007ffea44f7000 	C:\WINDOWS\System32\OLEAUT32.dll
0x00007ffe986e0000 - 0x00007ffe98712000 	C:\WINDOWS\SYSTEM32\dbgcore.DLL
0x00007ffea30f0000 - 0x00007ffea316b000 	C:\WINDOWS\System32\bcryptPrimitives.dll
0x00007ffe9d580000 - 0x00007ffe9d59e000 	C:\Program Files\Apache NetBeans\jdk\bin\java.dll
0x00007ffea3db0000 - 0x00007ffea3f55000 	C:\WINDOWS\System32\ole32.dll
0x00007ffea5280000 - 0x00007ffea5af8000 	C:\WINDOWS\System32\SHELL32.dll

JVMTI agents: none

dbghelp: loaded successfully - version: 4.0.5 - missing functions: none
symbol engine: initialized successfully - sym options: 0x614 - pdb path: .;C:\Program Files\Apache NetBeans\jdk\bin;C:\WINDOWS\SYSTEM32;C:\Program Files\Norton\Suite;C:\WINDOWS\WinSxS\amd64_microsoft.windows.common-controls_6595b64144ccf1df_6.0.22621.4541_none_2710d1c57384c085;C:\Program Files\Apache NetBeans\jdk\bin\server

VM Arguments:
java_command: com.mycompany.prog5121part1.Prog5121part1
java_class_path (initial): C:\Users\ndhla\Desktop\MLUNGISI ROSEBANK\prog5121part1\target\classes
Launcher Type: SUN_STANDARD

[Global flags]
     intx CICompilerCount                          = 2                                         {product} {ergonomic}
     uint ConcGCThreads                            = 1                                         {product} {ergonomic}
     uint G1ConcRefinementThreads                  = 2                                         {product} {ergonomic}
   size_t G1HeapRegionSize                         = 1048576                                   {product} {ergonomic}
   size_t InitialHeapSize                          = 65011712                                  {product} {ergonomic}
   size_t MarkStackSize                            = 4194304                                   {product} {ergonomic}
   size_t MarkStackSizeMax                         = 536870912                                 {product} {ergonomic}
   size_t MaxHeapSize                              = 1023410176                                {product} {ergonomic}
   size_t MinHeapDeltaBytes                        = 1048576                                   {product} {ergonomic}
   size_t MinHeapSize                              = 8388608                                   {product} {ergonomic}
    uintx NonNMethodCodeHeapSize                   = 5767168                                {pd product} {ergonomic}
    uintx NonProfiledCodeHeapSize                  = 123011072                              {pd product} {ergonomic}
    uintx ProfiledCodeHeapSize                     = 122880000                              {pd product} {ergonomic}
    uintx ReservedCodeCacheSize                    = 251658240                              {pd product} {ergonomic}
     bool SegmentedCodeCache                       = true                                      {product} {ergonomic}
   size_t SoftMaxHeapSize                          = 1023410176                             {manageable} {ergonomic}
     bool UseCompressedOops                        = true                           {product lp64_product} {ergonomic}
     bool UseG1GC                                  = true                                      {product} {ergonomic}
     bool UseLargePagesIndividualAllocation        = false                                  {pd product} {ergonomic}

Logging:
Log output configuration:
 #0: stdout all=warning uptime,level,tags foldmultilines=false
 #1: stderr all=off uptime,level,tags foldmultilines=false

Release file:
<release file has not been read>
Environment Variables:
JAVA_HOME=C:\Program Files\Apache NetBeans\jdk
PATH=C:\Program Files\Common Files\Oracle\Java\javapath;C:\WINDOWS\system32;C:\WINDOWS;C:\WINDOWS\System32\Wbem;C:\WINDOWS\System32\WindowsPowerShell\v1.0\;C:\WINDOWS\System32\OpenSSH\;C:\Users\ndhla\AppData\Local\Microsoft\WindowsApps;;C:\Program Files\Apache NetBeans\bin\
USERNAME=ndhla
OS=Windows_NT
PROCESSOR_IDENTIFIER=Intel64 Family 6 Model 122 Stepping 8, GenuineIntel
TMP=C:\Users\ndhla\AppData\Local\Temp
TEMP=C:\Users\ndhla\AppData\Local\Temp




Compilation memory statistics disabled.

Periodic native trim disabled

---------------  S Y S T E M  ---------------

OS:
 Windows 11 , 64 bit Build 22621 (10.0.22621.4391)
OS uptime: 4 days 1:56 hours
Hyper-V role detected

CPU: total 2 (initial active 2) (2 cores per cpu, 1 threads per core) family 6 model 122 stepping 8 microcode 0x18, cx8, cmov, fxsr, mmx, 3dnowpref, sse, sse2, sse3, ssse3, sse4.1, sse4.2, popcnt, tsc, tscinvbit, aes, erms, clmul, sha, clflush, clflushopt, hv, rdtscp, rdpid
Processor Information for the first 2 processors :
  Max Mhz: 1101, Current Mhz: 1101, Mhz Limit: 1101

Memory: 4k page, system-wide physical 3902M (280M free)
TotalPageFile size 9845M (AvailPageFile size 63M)
current process WorkingSet (physical memory assigned to process): 12M, peak: 12M
current process commit charge ("private bytes"): 48M, peak: 110M

vm_info: OpenJDK 64-Bit Server VM (25.0.2+10-LTS) for windows-amd64 JRE (25.0.2+10-LTS), built on 2026-01-20T00:00:00Z with MS VC++ 17.12 (VS2022)

END.
